mode: set
github.com/comdex-official/comdex/x/cdp/types/pricefeed.go:12.42,13.13 1 0
github.com/comdex-official/comdex/x/cdp/types/pricefeed.go:17.2,17.54 1 0
github.com/comdex-official/comdex/x/cdp/types/pricefeed.go:14.25,15.13 1 0
github.com/comdex-official/comdex/x/cdp/types/query.pb.gw.go:36.211,48.9 5 0
github.com/comdex-official/comdex/x/cdp/types/query.pb.gw.go:52.2,54.16 2 0
github.com/comdex-official/comdex/x/cdp/types/query.pb.gw.go:58.2,59.9 2 0
github.com/comdex-official/comdex/x/cdp/types/query.pb.gw.go:63.2,65.16 2 0
github.com/comdex-official/comdex/x/cdp/types/query.pb.gw.go:69.2,70.27 2 0
github.com/comdex-official/comdex/x/cdp/types/query.pb.gw.go:48.9,50.3 1 0
github.com/comdex-official/comdex/x/cdp/types/query.pb.gw.go:54.16,56.3 1 0
github.com/comdex-official/comdex/x/cdp/types/query.pb.gw.go:59.9,61.3 1 0
github.com/comdex-official/comdex/x/cdp/types/query.pb.gw.go:65.16,67.3 1 0
github.com/comdex-official/comdex/x/cdp/types/query.pb.gw.go:74.217,86.9 5 0
github.com/comdex-official/comdex/x/cdp/types/query.pb.gw.go:90.2,92.16 2 0
github.com/comdex-official/comdex/x/cdp/types/query.pb.gw.go:96.2,97.9 2 0
github.com/comdex-official/comdex/x/cdp/types/query.pb.gw.go:101.2,103.16 2 0
github.com/comdex-official/comdex/x/cdp/types/query.pb.gw.go:107.2,108.27 2 0
github.com/comdex-official/comdex/x/cdp/types/query.pb.gw.go:86.9,88.3 1 0
github.com/comdex-official/comdex/x/cdp/types/query.pb.gw.go:92.16,94.3 1 0
github.com/comdex-official/comdex/x/cdp/types/query.pb.gw.go:97.9,99.3 1 0
github.com/comdex-official/comdex/x/cdp/types/query.pb.gw.go:103.16,105.3 1 0
github.com/comdex-official/comdex/x/cdp/types/query.pb.gw.go:112.212,124.9 5 0
github.com/comdex-official/comdex/x/cdp/types/query.pb.gw.go:128.2,130.16 2 0
github.com/comdex-official/comdex/x/cdp/types/query.pb.gw.go:134.2,135.27 2 0
github.com/comdex-official/comdex/x/cdp/types/query.pb.gw.go:124.9,126.3 1 0
github.com/comdex-official/comdex/x/cdp/types/query.pb.gw.go:130.16,132.3 1 0
github.com/comdex-official/comdex/x/cdp/types/query.pb.gw.go:139.218,151.9 5 0
github.com/comdex-official/comdex/x/cdp/types/query.pb.gw.go:155.2,157.16 2 0
github.com/comdex-official/comdex/x/cdp/types/query.pb.gw.go:161.2,162.27 2 0
github.com/comdex-official/comdex/x/cdp/types/query.pb.gw.go:151.9,153.3 1 0
github.com/comdex-official/comdex/x/cdp/types/query.pb.gw.go:157.16,159.3 1 0
github.com/comdex-official/comdex/x/cdp/types/query.pb.gw.go:166.215,178.9 5 0
github.com/comdex-official/comdex/x/cdp/types/query.pb.gw.go:182.2,184.16 2 0
github.com/comdex-official/comdex/x/cdp/types/query.pb.gw.go:188.2,189.27 2 0
github.com/comdex-official/comdex/x/cdp/types/query.pb.gw.go:178.9,180.3 1 0
github.com/comdex-official/comdex/x/cdp/types/query.pb.gw.go:184.16,186.3 1 0
github.com/comdex-official/comdex/x/cdp/types/query.pb.gw.go:193.221,205.9 5 0
github.com/comdex-official/comdex/x/cdp/types/query.pb.gw.go:209.2,211.16 2 0
github.com/comdex-official/comdex/x/cdp/types/query.pb.gw.go:215.2,216.27 2 0
github.com/comdex-official/comdex/x/cdp/types/query.pb.gw.go:205.9,207.3 1 0
github.com/comdex-official/comdex/x/cdp/types/query.pb.gw.go:211.16,213.3 1 0
github.com/comdex-official/comdex/x/cdp/types/query.pb.gw.go:220.214,227.2 4 0
github.com/comdex-official/comdex/x/cdp/types/query.pb.gw.go:229.220,236.2 4 0
github.com/comdex-official/comdex/x/cdp/types/query.pb.gw.go:242.117,244.130 1 0
github.com/comdex-official/comdex/x/cdp/types/query.pb.gw.go:267.2,267.131 1 0
github.com/comdex-official/comdex/x/cdp/types/query.pb.gw.go:290.2,290.134 1 0
github.com/comdex-official/comdex/x/cdp/types/query.pb.gw.go:313.2,313.133 1 0
github.com/comdex-official/comdex/x/cdp/types/query.pb.gw.go:336.2,336.12 1 0
github.com/comdex-official/comdex/x/cdp/types/query.pb.gw.go:244.130,251.17 7 0
github.com/comdex-official/comdex/x/cdp/types/query.pb.gw.go:255.3,258.17 4 0
github.com/comdex-official/comdex/x/cdp/types/query.pb.gw.go:263.3,263.113 1 0
github.com/comdex-official/comdex/x/cdp/types/query.pb.gw.go:251.17,254.4 2 0
github.com/comdex-official/comdex/x/cdp/types/query.pb.gw.go:258.17,261.4 2 0
github.com/comdex-official/comdex/x/cdp/types/query.pb.gw.go:267.131,274.17 7 0
github.com/comdex-official/comdex/x/cdp/types/query.pb.gw.go:278.3,281.17 4 0
github.com/comdex-official/comdex/x/cdp/types/query.pb.gw.go:286.3,286.114 1 0
github.com/comdex-official/comdex/x/cdp/types/query.pb.gw.go:274.17,277.4 2 0
github.com/comdex-official/comdex/x/cdp/types/query.pb.gw.go:281.17,284.4 2 0
github.com/comdex-official/comdex/x/cdp/types/query.pb.gw.go:290.134,297.17 7 0
github.com/comdex-official/comdex/x/cdp/types/query.pb.gw.go:301.3,304.17 4 0
github.com/comdex-official/comdex/x/cdp/types/query.pb.gw.go:309.3,309.117 1 0
github.com/comdex-official/comdex/x/cdp/types/query.pb.gw.go:297.17,300.4 2 0
github.com/comdex-official/comdex/x/cdp/types/query.pb.gw.go:304.17,307.4 2 0
github.com/comdex-official/comdex/x/cdp/types/query.pb.gw.go:313.133,320.17 7 0
github.com/comdex-official/comdex/x/cdp/types/query.pb.gw.go:324.3,327.17 4 0
github.com/comdex-official/comdex/x/cdp/types/query.pb.gw.go:332.3,332.116 1 0
github.com/comdex-official/comdex/x/cdp/types/query.pb.gw.go:320.17,323.4 2 0
github.com/comdex-official/comdex/x/cdp/types/query.pb.gw.go:327.17,330.4 2 0
github.com/comdex-official/comdex/x/cdp/types/query.pb.gw.go:341.143,343.16 2 0
github.com/comdex-official/comdex/x/cdp/types/query.pb.gw.go:346.2,346.15 1 0
github.com/comdex-official/comdex/x/cdp/types/query.pb.gw.go:361.2,361.52 1 0
github.com/comdex-official/comdex/x/cdp/types/query.pb.gw.go:343.16,345.3 1 0
github.com/comdex-official/comdex/x/cdp/types/query.pb.gw.go:346.15,347.17 1 0
github.com/comdex-official/comdex/x/cdp/types/query.pb.gw.go:353.3,353.13 1 0
github.com/comdex-official/comdex/x/cdp/types/query.pb.gw.go:347.17,348.41 1 0
github.com/comdex-official/comdex/x/cdp/types/query.pb.gw.go:351.4,351.10 1 0
github.com/comdex-official/comdex/x/cdp/types/query.pb.gw.go:348.41,350.5 1 0
github.com/comdex-official/comdex/x/cdp/types/query.pb.gw.go:353.13,355.41 2 0
github.com/comdex-official/comdex/x/cdp/types/query.pb.gw.go:355.41,357.5 1 0
github.com/comdex-official/comdex/x/cdp/types/query.pb.gw.go:366.107,368.2 1 0
github.com/comdex-official/comdex/x/cdp/types/query.pb.gw.go:375.117,377.130 1 0
github.com/comdex-official/comdex/x/cdp/types/query.pb.gw.go:397.2,397.131 1 0
github.com/comdex-official/comdex/x/cdp/types/query.pb.gw.go:417.2,417.134 1 0
github.com/comdex-official/comdex/x/cdp/types/query.pb.gw.go:437.2,437.133 1 0
github.com/comdex-official/comdex/x/cdp/types/query.pb.gw.go:457.2,457.12 1 0
github.com/comdex-official/comdex/x/cdp/types/query.pb.gw.go:377.130,382.17 5 0
github.com/comdex-official/comdex/x/cdp/types/query.pb.gw.go:386.3,388.17 3 0
github.com/comdex-official/comdex/x/cdp/types/query.pb.gw.go:393.3,393.113 1 0
github.com/comdex-official/comdex/x/cdp/types/query.pb.gw.go:382.17,385.4 2 0
github.com/comdex-official/comdex/x/cdp/types/query.pb.gw.go:388.17,391.4 2 0
github.com/comdex-official/comdex/x/cdp/types/query.pb.gw.go:397.131,402.17 5 0
github.com/comdex-official/comdex/x/cdp/types/query.pb.gw.go:406.3,408.17 3 0
github.com/comdex-official/comdex/x/cdp/types/query.pb.gw.go:413.3,413.114 1 0
github.com/comdex-official/comdex/x/cdp/types/query.pb.gw.go:402.17,405.4 2 0
github.com/comdex-official/comdex/x/cdp/types/query.pb.gw.go:408.17,411.4 2 0
github.com/comdex-official/comdex/x/cdp/types/query.pb.gw.go:417.134,422.17 5 0
github.com/comdex-official/comdex/x/cdp/types/query.pb.gw.go:426.3,428.17 3 0
github.com/comdex-official/comdex/x/cdp/types/query.pb.gw.go:433.3,433.117 1 0
github.com/comdex-official/comdex/x/cdp/types/query.pb.gw.go:422.17,425.4 2 0
github.com/comdex-official/comdex/x/cdp/types/query.pb.gw.go:428.17,431.4 2 0
github.com/comdex-official/comdex/x/cdp/types/query.pb.gw.go:437.133,442.17 5 0
github.com/comdex-official/comdex/x/cdp/types/query.pb.gw.go:446.3,448.17 3 0
github.com/comdex-official/comdex/x/cdp/types/query.pb.gw.go:453.3,453.116 1 0
github.com/comdex-official/comdex/x/cdp/types/query.pb.gw.go:442.17,445.4 2 0
github.com/comdex-official/comdex/x/cdp/types/query.pb.gw.go:448.17,451.4 2 0
github.com/comdex-official/comdex/x/cdp/types/cdp.pb.go:36.31,36.45 1 0
github.com/comdex-official/comdex/x/cdp/types/cdp.pb.go:37.31,37.68 1 0
github.com/comdex-official/comdex/x/cdp/types/cdp.pb.go:38.32,38.33 0 0
github.com/comdex-official/comdex/x/cdp/types/cdp.pb.go:39.42,41.2 1 0
github.com/comdex-official/comdex/x/cdp/types/cdp.pb.go:42.45,44.2 1 0
github.com/comdex-official/comdex/x/cdp/types/cdp.pb.go:45.73,46.19 1 0
github.com/comdex-official/comdex/x/cdp/types/cdp.pb.go:46.19,48.3 1 0
github.com/comdex-official/comdex/x/cdp/types/cdp.pb.go:48.8,51.17 3 0
github.com/comdex-official/comdex/x/cdp/types/cdp.pb.go:54.3,54.20 1 0
github.com/comdex-official/comdex/x/cdp/types/cdp.pb.go:51.17,53.4 1 0
github.com/comdex-official/comdex/x/cdp/types/cdp.pb.go:57.44,59.2 1 0
github.com/comdex-official/comdex/x/cdp/types/cdp.pb.go:60.30,62.2 1 0
github.com/comdex-official/comdex/x/cdp/types/cdp.pb.go:63.36,65.2 1 0
github.com/comdex-official/comdex/x/cdp/types/cdp.pb.go:69.30,70.14 1 0
github.com/comdex-official/comdex/x/cdp/types/cdp.pb.go:73.2,73.10 1 0
github.com/comdex-official/comdex/x/cdp/types/cdp.pb.go:70.14,72.3 1 0
github.com/comdex-official/comdex/x/cdp/types/cdp.pb.go:76.33,77.14 1 0
github.com/comdex-official/comdex/x/cdp/types/cdp.pb.go:80.2,80.11 1 0
github.com/comdex-official/comdex/x/cdp/types/cdp.pb.go:77.14,79.3 1 0
github.com/comdex-official/comdex/x/cdp/types/cdp.pb.go:83.32,84.14 1 0
github.com/comdex-official/comdex/x/cdp/types/cdp.pb.go:87.2,87.11 1 0
github.com/comdex-official/comdex/x/cdp/types/cdp.pb.go:84.14,86.3 1 0
github.com/comdex-official/comdex/x/cdp/types/cdp.pb.go:90.42,91.14 1 0
github.com/comdex-official/comdex/x/cdp/types/cdp.pb.go:94.2,94.21 1 0
github.com/comdex-official/comdex/x/cdp/types/cdp.pb.go:91.14,93.3 1 0
github.com/comdex-official/comdex/x/cdp/types/cdp.pb.go:97.36,98.14 1 0
github.com/comdex-official/comdex/x/cdp/types/cdp.pb.go:101.2,101.21 1 0
github.com/comdex-official/comdex/x/cdp/types/cdp.pb.go:98.14,100.3 1 0
github.com/comdex-official/comdex/x/cdp/types/cdp.pb.go:108.40,108.63 1 0
github.com/comdex-official/comdex/x/cdp/types/cdp.pb.go:109.40,109.77 1 0
github.com/comdex-official/comdex/x/cdp/types/cdp.pb.go:110.41,110.42 0 0
github.com/comdex-official/comdex/x/cdp/types/cdp.pb.go:111.51,113.2 1 0
github.com/comdex-official/comdex/x/cdp/types/cdp.pb.go:114.54,116.2 1 0
github.com/comdex-official/comdex/x/cdp/types/cdp.pb.go:117.82,118.19 1 0
github.com/comdex-official/comdex/x/cdp/types/cdp.pb.go:118.19,120.3 1 0
github.com/comdex-official/comdex/x/cdp/types/cdp.pb.go:120.8,123.17 3 0
github.com/comdex-official/comdex/x/cdp/types/cdp.pb.go:126.3,126.20 1 0
github.com/comdex-official/comdex/x/cdp/types/cdp.pb.go:123.17,125.4 1 0
github.com/comdex-official/comdex/x/cdp/types/cdp.pb.go:129.53,131.2 1 0
github.com/comdex-official/comdex/x/cdp/types/cdp.pb.go:132.39,134.2 1 0
github.com/comdex-official/comdex/x/cdp/types/cdp.pb.go:135.45,137.2 1 0
github.com/comdex-official/comdex/x/cdp/types/cdp.pb.go:141.50,142.14 1 0
github.com/comdex-official/comdex/x/cdp/types/cdp.pb.go:145.2,145.12 1 0
github.com/comdex-official/comdex/x/cdp/types/cdp.pb.go:142.14,144.3 1 0
github.com/comdex-official/comdex/x/cdp/types/cdp.pb.go:153.36,153.55 1 0
github.com/comdex-official/comdex/x/cdp/types/cdp.pb.go:154.36,154.73 1 0
github.com/comdex-official/comdex/x/cdp/types/cdp.pb.go:155.37,155.38 0 0
github.com/comdex-official/comdex/x/cdp/types/cdp.pb.go:156.47,158.2 1 0
github.com/comdex-official/comdex/x/cdp/types/cdp.pb.go:159.50,161.2 1 0
github.com/comdex-official/comdex/x/cdp/types/cdp.pb.go:162.78,163.19 1 0
github.com/comdex-official/comdex/x/cdp/types/cdp.pb.go:163.19,165.3 1 0
github.com/comdex-official/comdex/x/cdp/types/cdp.pb.go:165.8,168.17 3 0
github.com/comdex-official/comdex/x/cdp/types/cdp.pb.go:171.3,171.20 1 0
github.com/comdex-official/comdex/x/cdp/types/cdp.pb.go:168.17,170.4 1 0
github.com/comdex-official/comdex/x/cdp/types/cdp.pb.go:174.49,176.2 1 0
github.com/comdex-official/comdex/x/cdp/types/cdp.pb.go:177.35,179.2 1 0
github.com/comdex-official/comdex/x/cdp/types/cdp.pb.go:180.41,182.2 1 0
github.com/comdex-official/comdex/x/cdp/types/cdp.pb.go:186.35,187.14 1 0
github.com/comdex-official/comdex/x/cdp/types/cdp.pb.go:190.2,190.10 1 0
github.com/comdex-official/comdex/x/cdp/types/cdp.pb.go:187.14,189.3 1 0
github.com/comdex-official/comdex/x/cdp/types/cdp.pb.go:193.47,194.14 1 0
github.com/comdex-official/comdex/x/cdp/types/cdp.pb.go:197.2,197.11 1 0
github.com/comdex-official/comdex/x/cdp/types/cdp.pb.go:194.14,196.3 1 0
github.com/comdex-official/comdex/x/cdp/types/cdp.pb.go:200.13,204.2 3 1
github.com/comdex-official/comdex/x/cdp/types/cdp.pb.go:206.13,206.101 1 1
github.com/comdex-official/comdex/x/cdp/types/cdp.pb.go:239.50,243.16 4 0
github.com/comdex-official/comdex/x/cdp/types/cdp.pb.go:246.2,246.22 1 0
github.com/comdex-official/comdex/x/cdp/types/cdp.pb.go:243.16,245.3 1 0
github.com/comdex-official/comdex/x/cdp/types/cdp.pb.go:249.51,252.2 2 0
github.com/comdex-official/comdex/x/cdp/types/cdp.pb.go:254.62,259.2 5 0
github.com/comdex-official/comdex/x/cdp/types/cdp.pb.go:267.2,269.2 3 0
github.com/comdex-official/comdex/x/cdp/types/cdp.pb.go:277.2,279.21 3 0
github.com/comdex-official/comdex/x/cdp/types/cdp.pb.go:286.2,286.22 1 0
github.com/comdex-official/comdex/x/cdp/types/cdp.pb.go:293.2,293.15 1 0
github.com/comdex-official/comdex/x/cdp/types/cdp.pb.go:298.2,298.27 1 0
github.com/comdex-official/comdex/x/cdp/types/cdp.pb.go:259.2,261.17 2 0
github.com/comdex-official/comdex/x/cdp/types/cdp.pb.go:264.3,265.45 2 0
github.com/comdex-official/comdex/x/cdp/types/cdp.pb.go:261.17,263.4 1 0
github.com/comdex-official/comdex/x/cdp/types/cdp.pb.go:269.2,271.17 2 0
github.com/comdex-official/comdex/x/cdp/types/cdp.pb.go:274.3,275.45 2 0
github.com/comdex-official/comdex/x/cdp/types/cdp.pb.go:271.17,273.4 1 0
github.com/comdex-official/comdex/x/cdp/types/cdp.pb.go:279.21,285.3 5 0
github.com/comdex-official/comdex/x/cdp/types/cdp.pb.go:286.22,292.3 5 0
github.com/comdex-official/comdex/x/cdp/types/cdp.pb.go:293.15,297.3 3 0
github.com/comdex-official/comdex/x/cdp/types/cdp.pb.go:301.59,305.16 4 0
github.com/comdex-official/comdex/x/cdp/types/cdp.pb.go:308.2,308.22 1 0
github.com/comdex-official/comdex/x/cdp/types/cdp.pb.go:305.16,307.3 1 0
github.com/comdex-official/comdex/x/cdp/types/cdp.pb.go:311.60,314.2 2 0
github.com/comdex-official/comdex/x/cdp/types/cdp.pb.go:316.71,321.26 5 0
github.com/comdex-official/comdex/x/cdp/types/cdp.pb.go:335.2,335.27 1 0
github.com/comdex-official/comdex/x/cdp/types/cdp.pb.go:321.26,322.58 1 0
github.com/comdex-official/comdex/x/cdp/types/cdp.pb.go:322.58,323.4 1 0
github.com/comdex-official/comdex/x/cdp/types/cdp.pb.go:331.4,332.17 2 0
github.com/comdex-official/comdex/x/cdp/types/cdp.pb.go:323.4,325.19 2 0
github.com/comdex-official/comdex/x/cdp/types/cdp.pb.go:328.5,329.47 2 0
github.com/comdex-official/comdex/x/cdp/types/cdp.pb.go:325.19,327.6 1 0
github.com/comdex-official/comdex/x/cdp/types/cdp.pb.go:338.55,342.16 4 0
github.com/comdex-official/comdex/x/cdp/types/cdp.pb.go:345.2,345.22 1 0
github.com/comdex-official/comdex/x/cdp/types/cdp.pb.go:342.16,344.3 1 0
github.com/comdex-official/comdex/x/cdp/types/cdp.pb.go:348.56,351.2 2 0
github.com/comdex-official/comdex/x/cdp/types/cdp.pb.go:353.67,358.31 5 0
github.com/comdex-official/comdex/x/cdp/types/cdp.pb.go:365.2,365.15 1 0
github.com/comdex-official/comdex/x/cdp/types/cdp.pb.go:370.2,370.27 1 0
github.com/comdex-official/comdex/x/cdp/types/cdp.pb.go:358.31,364.3 5 0
github.com/comdex-official/comdex/x/cdp/types/cdp.pb.go:365.15,369.3 3 0
github.com/comdex-official/comdex/x/cdp/types/cdp.pb.go:373.61,376.16 3 0
github.com/comdex-official/comdex/x/cdp/types/cdp.pb.go:381.2,382.13 2 0
github.com/comdex-official/comdex/x/cdp/types/cdp.pb.go:376.16,380.3 3 0
github.com/comdex-official/comdex/x/cdp/types/cdp.pb.go:384.30,385.14 1 0
github.com/comdex-official/comdex/x/cdp/types/cdp.pb.go:388.2,390.15 3 0
github.com/comdex-official/comdex/x/cdp/types/cdp.pb.go:393.2,394.11 2 0
github.com/comdex-official/comdex/x/cdp/types/cdp.pb.go:397.2,398.11 2 0
github.com/comdex-official/comdex/x/cdp/types/cdp.pb.go:401.2,405.10 5 0
github.com/comdex-official/comdex/x/cdp/types/cdp.pb.go:385.14,387.3 1 0
github.com/comdex-official/comdex/x/cdp/types/cdp.pb.go:390.15,392.3 1 0
github.com/comdex-official/comdex/x/cdp/types/cdp.pb.go:394.11,396.3 1 0
github.com/comdex-official/comdex/x/cdp/types/cdp.pb.go:398.11,400.3 1 0
github.com/comdex-official/comdex/x/cdp/types/cdp.pb.go:408.39,409.14 1 0
github.com/comdex-official/comdex/x/cdp/types/cdp.pb.go:412.2,414.26 3 0
github.com/comdex-official/comdex/x/cdp/types/cdp.pb.go:420.2,420.10 1 0
github.com/comdex-official/comdex/x/cdp/types/cdp.pb.go:409.14,411.3 1 0
github.com/comdex-official/comdex/x/cdp/types/cdp.pb.go:414.26,415.33 1 0
github.com/comdex-official/comdex/x/cdp/types/cdp.pb.go:415.33,418.4 2 0
github.com/comdex-official/comdex/x/cdp/types/cdp.pb.go:423.35,424.14 1 0
github.com/comdex-official/comdex/x/cdp/types/cdp.pb.go:427.2,429.15 3 0
github.com/comdex-official/comdex/x/cdp/types/cdp.pb.go:432.2,433.11 2 0
github.com/comdex-official/comdex/x/cdp/types/cdp.pb.go:436.2,436.10 1 0
github.com/comdex-official/comdex/x/cdp/types/cdp.pb.go:424.14,426.3 1 0
github.com/comdex-official/comdex/x/cdp/types/cdp.pb.go:429.15,431.3 1 0
github.com/comdex-official/comdex/x/cdp/types/cdp.pb.go:433.11,435.3 1 0
github.com/comdex-official/comdex/x/cdp/types/cdp.pb.go:439.31,441.2 1 0
github.com/comdex-official/comdex/x/cdp/types/cdp.pb.go:442.31,444.2 1 0
github.com/comdex-official/comdex/x/cdp/types/cdp.pb.go:445.44,448.16 3 0
github.com/comdex-official/comdex/x/cdp/types/cdp.pb.go:639.2,639.15 1 0
github.com/comdex-official/comdex/x/cdp/types/cdp.pb.go:642.2,642.12 1 0
github.com/comdex-official/comdex/x/cdp/types/cdp.pb.go:448.16,451.38 3 0
github.com/comdex-official/comdex/x/cdp/types/cdp.pb.go:465.3,467.20 3 0
github.com/comdex-official/comdex/x/cdp/types/cdp.pb.go:470.3,470.20 1 0
github.com/comdex-official/comdex/x/cdp/types/cdp.pb.go:473.3,473.19 1 0
github.com/comdex-official/comdex/x/cdp/types/cdp.pb.go:451.38,452.19 1 0
github.com/comdex-official/comdex/x/cdp/types/cdp.pb.go:455.4,455.18 1 0
github.com/comdex-official/comdex/x/cdp/types/cdp.pb.go:458.4,461.16 4 0
github.com/comdex-official/comdex/x/cdp/types/cdp.pb.go:452.19,454.5 1 0
github.com/comdex-official/comdex/x/cdp/types/cdp.pb.go:455.18,457.5 1 0
github.com/comdex-official/comdex/x/cdp/types/cdp.pb.go:461.16,462.10 1 0
github.com/comdex-official/comdex/x/cdp/types/cdp.pb.go:467.20,469.4 1 0
github.com/comdex-official/comdex/x/cdp/types/cdp.pb.go:470.20,472.4 1 0
github.com/comdex-official/comdex/x/cdp/types/cdp.pb.go:474.10,475.21 1 0
github.com/comdex-official/comdex/x/cdp/types/cdp.pb.go:478.4,479.39 2 0
github.com/comdex-official/comdex/x/cdp/types/cdp.pb.go:493.10,494.21 1 0
github.com/comdex-official/comdex/x/cdp/types/cdp.pb.go:497.4,498.39 2 0
github.com/comdex-official/comdex/x/cdp/types/cdp.pb.go:512.4,513.24 2 0
github.com/comdex-official/comdex/x/cdp/types/cdp.pb.go:516.4,517.21 2 0
github.com/comdex-official/comdex/x/cdp/types/cdp.pb.go:520.4,520.21 1 0
github.com/comdex-official/comdex/x/cdp/types/cdp.pb.go:523.4,524.21 2 0
github.com/comdex-official/comdex/x/cdp/types/cdp.pb.go:525.10,526.21 1 0
github.com/comdex-official/comdex/x/cdp/types/cdp.pb.go:529.4,530.39 2 0
github.com/comdex-official/comdex/x/cdp/types/cdp.pb.go:544.4,545.24 2 0
github.com/comdex-official/comdex/x/cdp/types/cdp.pb.go:548.4,549.21 2 0
github.com/comdex-official/comdex/x/cdp/types/cdp.pb.go:552.4,552.21 1 0
github.com/comdex-official/comdex/x/cdp/types/cdp.pb.go:555.4,556.21 2 0
github.com/comdex-official/comdex/x/cdp/types/cdp.pb.go:557.10,558.21 1 0
github.com/comdex-official/comdex/x/cdp/types/cdp.pb.go:561.4,562.39 2 0
github.com/comdex-official/comdex/x/cdp/types/cdp.pb.go:576.4,576.18 1 0
github.com/comdex-official/comdex/x/cdp/types/cdp.pb.go:579.4,580.21 2 0
github.com/comdex-official/comdex/x/cdp/types/cdp.pb.go:583.4,583.21 1 0
github.com/comdex-official/comdex/x/cdp/types/cdp.pb.go:586.4,586.72 1 0
github.com/comdex-official/comdex/x/cdp/types/cdp.pb.go:589.4,589.21 1 0
github.com/comdex-official/comdex/x/cdp/types/cdp.pb.go:590.10,591.21 1 0
github.com/comdex-official/comdex/x/cdp/types/cdp.pb.go:594.4,595.39 2 0
github.com/comdex-official/comdex/x/cdp/types/cdp.pb.go:609.4,609.18 1 0
github.com/comdex-official/comdex/x/cdp/types/cdp.pb.go:612.4,613.21 2 0
github.com/comdex-official/comdex/x/cdp/types/cdp.pb.go:616.4,616.21 1 0
github.com/comdex-official/comdex/x/cdp/types/cdp.pb.go:619.4,619.66 1 0
github.com/comdex-official/comdex/x/cdp/types/cdp.pb.go:622.4,622.21 1 0
github.com/comdex-official/comdex/x/cdp/types/cdp.pb.go:623.11,626.18 3 0
github.com/comdex-official/comdex/x/cdp/types/cdp.pb.go:629.4,629.42 1 0
github.com/comdex-official/comdex/x/cdp/types/cdp.pb.go:632.4,632.28 1 0
github.com/comdex-official/comdex/x/cdp/types/cdp.pb.go:635.4,635.19 1 0
github.com/comdex-official/comdex/x/cdp/types/cdp.pb.go:475.21,477.5 1 0
github.com/comdex-official/comdex/x/cdp/types/cdp.pb.go:479.39,480.20 1 0
github.com/comdex-official/comdex/x/cdp/types/cdp.pb.go:483.5,483.19 1 0
github.com/comdex-official/comdex/x/cdp/types/cdp.pb.go:486.5,489.17 4 0
github.com/comdex-official/comdex/x/cdp/types/cdp.pb.go:480.20,482.6 1 0
github.com/comdex-official/comdex/x/cdp/types/cdp.pb.go:483.19,485.6 1 0
github.com/comdex-official/comdex/x/cdp/types/cdp.pb.go:489.17,490.11 1 0
github.com/comdex-official/comdex/x/cdp/types/cdp.pb.go:494.21,496.5 1 0
github.com/comdex-official/comdex/x/cdp/types/cdp.pb.go:498.39,499.20 1 0
github.com/comdex-official/comdex/x/cdp/types/cdp.pb.go:502.5,502.19 1 0
github.com/comdex-official/comdex/x/cdp/types/cdp.pb.go:505.5,508.17 4 0
github.com/comdex-official/comdex/x/cdp/types/cdp.pb.go:499.20,501.6 1 0
github.com/comdex-official/comdex/x/cdp/types/cdp.pb.go:502.19,504.6 1 0
github.com/comdex-official/comdex/x/cdp/types/cdp.pb.go:508.17,509.11 1 0
github.com/comdex-official/comdex/x/cdp/types/cdp.pb.go:513.24,515.5 1 0
github.com/comdex-official/comdex/x/cdp/types/cdp.pb.go:517.21,519.5 1 0
github.com/comdex-official/comdex/x/cdp/types/cdp.pb.go:520.21,522.5 1 0
github.com/comdex-official/comdex/x/cdp/types/cdp.pb.go:526.21,528.5 1 0
github.com/comdex-official/comdex/x/cdp/types/cdp.pb.go:530.39,531.20 1 0
github.com/comdex-official/comdex/x/cdp/types/cdp.pb.go:534.5,534.19 1 0
github.com/comdex-official/comdex/x/cdp/types/cdp.pb.go:537.5,540.17 4 0
github.com/comdex-official/comdex/x/cdp/types/cdp.pb.go:531.20,533.6 1 0
github.com/comdex-official/comdex/x/cdp/types/cdp.pb.go:534.19,536.6 1 0
github.com/comdex-official/comdex/x/cdp/types/cdp.pb.go:540.17,541.11 1 0
github.com/comdex-official/comdex/x/cdp/types/cdp.pb.go:545.24,547.5 1 0
github.com/comdex-official/comdex/x/cdp/types/cdp.pb.go:549.21,551.5 1 0
github.com/comdex-official/comdex/x/cdp/types/cdp.pb.go:552.21,554.5 1 0
github.com/comdex-official/comdex/x/cdp/types/cdp.pb.go:558.21,560.5 1 0
github.com/comdex-official/comdex/x/cdp/types/cdp.pb.go:562.39,563.20 1 0
github.com/comdex-official/comdex/x/cdp/types/cdp.pb.go:566.5,566.19 1 0
github.com/comdex-official/comdex/x/cdp/types/cdp.pb.go:569.5,572.17 4 0
github.com/comdex-official/comdex/x/cdp/types/cdp.pb.go:563.20,565.6 1 0
github.com/comdex-official/comdex/x/cdp/types/cdp.pb.go:566.19,568.6 1 0
github.com/comdex-official/comdex/x/cdp/types/cdp.pb.go:572.17,573.11 1 0
github.com/comdex-official/comdex/x/cdp/types/cdp.pb.go:576.18,578.5 1 0
github.com/comdex-official/comdex/x/cdp/types/cdp.pb.go:580.21,582.5 1 0
github.com/comdex-official/comdex/x/cdp/types/cdp.pb.go:583.21,585.5 1 0
github.com/comdex-official/comdex/x/cdp/types/cdp.pb.go:586.72,588.5 1 0
github.com/comdex-official/comdex/x/cdp/types/cdp.pb.go:591.21,593.5 1 0
github.com/comdex-official/comdex/x/cdp/types/cdp.pb.go:595.39,596.20 1 0
github.com/comdex-official/comdex/x/cdp/types/cdp.pb.go:599.5,599.19 1 0
github.com/comdex-official/comdex/x/cdp/types/cdp.pb.go:602.5,605.17 4 0
github.com/comdex-official/comdex/x/cdp/types/cdp.pb.go:596.20,598.6 1 0
github.com/comdex-official/comdex/x/cdp/types/cdp.pb.go:599.19,601.6 1 0
github.com/comdex-official/comdex/x/cdp/types/cdp.pb.go:605.17,606.11 1 0
github.com/comdex-official/comdex/x/cdp/types/cdp.pb.go:609.18,611.5 1 0
github.com/comdex-official/comdex/x/cdp/types/cdp.pb.go:613.21,615.5 1 0
github.com/comdex-official/comdex/x/cdp/types/cdp.pb.go:616.21,618.5 1 0
github.com/comdex-official/comdex/x/cdp/types/cdp.pb.go:619.66,621.5 1 0
github.com/comdex-official/comdex/x/cdp/types/cdp.pb.go:626.18,628.5 1 0
github.com/comdex-official/comdex/x/cdp/types/cdp.pb.go:629.42,631.5 1 0
github.com/comdex-official/comdex/x/cdp/types/cdp.pb.go:632.28,634.5 1 0
github.com/comdex-official/comdex/x/cdp/types/cdp.pb.go:639.15,641.3 1 0
github.com/comdex-official/comdex/x/cdp/types/cdp.pb.go:644.53,647.16 3 0
github.com/comdex-official/comdex/x/cdp/types/cdp.pb.go:723.2,723.15 1 0
github.com/comdex-official/comdex/x/cdp/types/cdp.pb.go:726.2,726.12 1 0
github.com/comdex-official/comdex/x/cdp/types/cdp.pb.go:647.16,650.38 3 0
github.com/comdex-official/comdex/x/cdp/types/cdp.pb.go:664.3,666.20 3 0
github.com/comdex-official/comdex/x/cdp/types/cdp.pb.go:669.3,669.20 1 0
github.com/comdex-official/comdex/x/cdp/types/cdp.pb.go:672.3,672.19 1 0
github.com/comdex-official/comdex/x/cdp/types/cdp.pb.go:650.38,651.19 1 0
github.com/comdex-official/comdex/x/cdp/types/cdp.pb.go:654.4,654.18 1 0
github.com/comdex-official/comdex/x/cdp/types/cdp.pb.go:657.4,660.16 4 0
github.com/comdex-official/comdex/x/cdp/types/cdp.pb.go:651.19,653.5 1 0
github.com/comdex-official/comdex/x/cdp/types/cdp.pb.go:654.18,656.5 1 0
github.com/comdex-official/comdex/x/cdp/types/cdp.pb.go:660.16,661.10 1 0
github.com/comdex-official/comdex/x/cdp/types/cdp.pb.go:666.20,668.4 1 0
github.com/comdex-official/comdex/x/cdp/types/cdp.pb.go:669.20,671.4 1 0
github.com/comdex-official/comdex/x/cdp/types/cdp.pb.go:673.10,674.21 1 0
github.com/comdex-official/comdex/x/cdp/types/cdp.pb.go:677.4,678.39 2 0
github.com/comdex-official/comdex/x/cdp/types/cdp.pb.go:692.4,692.18 1 0
github.com/comdex-official/comdex/x/cdp/types/cdp.pb.go:695.4,696.21 2 0
github.com/comdex-official/comdex/x/cdp/types/cdp.pb.go:699.4,699.21 1 0
github.com/comdex-official/comdex/x/cdp/types/cdp.pb.go:702.4,703.91 2 0
github.com/comdex-official/comdex/x/cdp/types/cdp.pb.go:706.4,706.21 1 0
github.com/comdex-official/comdex/x/cdp/types/cdp.pb.go:707.11,710.18 3 0
github.com/comdex-official/comdex/x/cdp/types/cdp.pb.go:713.4,713.42 1 0
github.com/comdex-official/comdex/x/cdp/types/cdp.pb.go:716.4,716.28 1 0
github.com/comdex-official/comdex/x/cdp/types/cdp.pb.go:719.4,719.19 1 0
github.com/comdex-official/comdex/x/cdp/types/cdp.pb.go:674.21,676.5 1 0
github.com/comdex-official/comdex/x/cdp/types/cdp.pb.go:678.39,679.20 1 0
github.com/comdex-official/comdex/x/cdp/types/cdp.pb.go:682.5,682.19 1 0
github.com/comdex-official/comdex/x/cdp/types/cdp.pb.go:685.5,688.17 4 0
github.com/comdex-official/comdex/x/cdp/types/cdp.pb.go:679.20,681.6 1 0
github.com/comdex-official/comdex/x/cdp/types/cdp.pb.go:682.19,684.6 1 0
github.com/comdex-official/comdex/x/cdp/types/cdp.pb.go:688.17,689.11 1 0
github.com/comdex-official/comdex/x/cdp/types/cdp.pb.go:692.18,694.5 1 0
github.com/comdex-official/comdex/x/cdp/types/cdp.pb.go:696.21,698.5 1 0
github.com/comdex-official/comdex/x/cdp/types/cdp.pb.go:699.21,701.5 1 0
github.com/comdex-official/comdex/x/cdp/types/cdp.pb.go:703.91,705.5 1 0
github.com/comdex-official/comdex/x/cdp/types/cdp.pb.go:710.18,712.5 1 0
github.com/comdex-official/comdex/x/cdp/types/cdp.pb.go:713.42,715.5 1 0
github.com/comdex-official/comdex/x/cdp/types/cdp.pb.go:716.28,718.5 1 0
github.com/comdex-official/comdex/x/cdp/types/cdp.pb.go:723.15,725.3 1 0
github.com/comdex-official/comdex/x/cdp/types/cdp.pb.go:728.49,731.16 3 0
github.com/comdex-official/comdex/x/cdp/types/cdp.pb.go:824.2,824.15 1 0
github.com/comdex-official/comdex/x/cdp/types/cdp.pb.go:827.2,827.12 1 0
github.com/comdex-official/comdex/x/cdp/types/cdp.pb.go:731.16,734.38 3 0
github.com/comdex-official/comdex/x/cdp/types/cdp.pb.go:748.3,750.20 3 0
github.com/comdex-official/comdex/x/cdp/types/cdp.pb.go:753.3,753.20 1 0
github.com/comdex-official/comdex/x/cdp/types/cdp.pb.go:756.3,756.19 1 0
github.com/comdex-official/comdex/x/cdp/types/cdp.pb.go:734.38,735.19 1 0
github.com/comdex-official/comdex/x/cdp/types/cdp.pb.go:738.4,738.18 1 0
github.com/comdex-official/comdex/x/cdp/types/cdp.pb.go:741.4,744.16 4 0
github.com/comdex-official/comdex/x/cdp/types/cdp.pb.go:735.19,737.5 1 0
github.com/comdex-official/comdex/x/cdp/types/cdp.pb.go:738.18,740.5 1 0
github.com/comdex-official/comdex/x/cdp/types/cdp.pb.go:744.16,745.10 1 0
github.com/comdex-official/comdex/x/cdp/types/cdp.pb.go:750.20,752.4 1 0
github.com/comdex-official/comdex/x/cdp/types/cdp.pb.go:753.20,755.4 1 0
github.com/comdex-official/comdex/x/cdp/types/cdp.pb.go:757.10,758.21 1 0
github.com/comdex-official/comdex/x/cdp/types/cdp.pb.go:761.4,762.39 2 0
github.com/comdex-official/comdex/x/cdp/types/cdp.pb.go:776.10,777.21 1 0
github.com/comdex-official/comdex/x/cdp/types/cdp.pb.go:780.4,781.39 2 0
github.com/comdex-official/comdex/x/cdp/types/cdp.pb.go:795.4,796.24 2 0
github.com/comdex-official/comdex/x/cdp/types/cdp.pb.go:799.4,800.21 2 0
github.com/comdex-official/comdex/x/cdp/types/cdp.pb.go:803.4,803.21 1 0
github.com/comdex-official/comdex/x/cdp/types/cdp.pb.go:806.4,807.21 2 0
github.com/comdex-official/comdex/x/cdp/types/cdp.pb.go:808.11,811.18 3 0
github.com/comdex-official/comdex/x/cdp/types/cdp.pb.go:814.4,814.42 1 0
github.com/comdex-official/comdex/x/cdp/types/cdp.pb.go:817.4,817.28 1 0
github.com/comdex-official/comdex/x/cdp/types/cdp.pb.go:820.4,820.19 1 0
github.com/comdex-official/comdex/x/cdp/types/cdp.pb.go:758.21,760.5 1 0
github.com/comdex-official/comdex/x/cdp/types/cdp.pb.go:762.39,763.20 1 0
github.com/comdex-official/comdex/x/cdp/types/cdp.pb.go:766.5,766.19 1 0
github.com/comdex-official/comdex/x/cdp/types/cdp.pb.go:769.5,772.17 4 0
github.com/comdex-official/comdex/x/cdp/types/cdp.pb.go:763.20,765.6 1 0
github.com/comdex-official/comdex/x/cdp/types/cdp.pb.go:766.19,768.6 1 0
github.com/comdex-official/comdex/x/cdp/types/cdp.pb.go:772.17,773.11 1 0
github.com/comdex-official/comdex/x/cdp/types/cdp.pb.go:777.21,779.5 1 0
github.com/comdex-official/comdex/x/cdp/types/cdp.pb.go:781.39,782.20 1 0
github.com/comdex-official/comdex/x/cdp/types/cdp.pb.go:785.5,785.19 1 0
github.com/comdex-official/comdex/x/cdp/types/cdp.pb.go:788.5,791.17 4 0
github.com/comdex-official/comdex/x/cdp/types/cdp.pb.go:782.20,784.6 1 0
github.com/comdex-official/comdex/x/cdp/types/cdp.pb.go:785.19,787.6 1 0
github.com/comdex-official/comdex/x/cdp/types/cdp.pb.go:791.17,792.11 1 0
github.com/comdex-official/comdex/x/cdp/types/cdp.pb.go:796.24,798.5 1 0
github.com/comdex-official/comdex/x/cdp/types/cdp.pb.go:800.21,802.5 1 0
github.com/comdex-official/comdex/x/cdp/types/cdp.pb.go:803.21,805.5 1 0
github.com/comdex-official/comdex/x/cdp/types/cdp.pb.go:811.18,813.5 1 0
github.com/comdex-official/comdex/x/cdp/types/cdp.pb.go:814.42,816.5 1 0
github.com/comdex-official/comdex/x/cdp/types/cdp.pb.go:817.28,819.5 1 0
github.com/comdex-official/comdex/x/cdp/types/cdp.pb.go:824.15,826.3 1 0
github.com/comdex-official/comdex/x/cdp/types/cdp.pb.go:829.46,833.16 4 0
github.com/comdex-official/comdex/x/cdp/types/cdp.pb.go:905.2,905.31 1 0
github.com/comdex-official/comdex/x/cdp/types/cdp.pb.go:833.16,835.38 2 0
github.com/comdex-official/comdex/x/cdp/types/cdp.pb.go:849.3,850.19 2 0
github.com/comdex-official/comdex/x/cdp/types/cdp.pb.go:898.3,898.16 1 0
github.com/comdex-official/comdex/x/cdp/types/cdp.pb.go:901.3,901.17 1 0
github.com/comdex-official/comdex/x/cdp/types/cdp.pb.go:835.38,836.19 1 0
github.com/comdex-official/comdex/x/cdp/types/cdp.pb.go:839.4,839.18 1 0
github.com/comdex-official/comdex/x/cdp/types/cdp.pb.go:842.4,845.16 4 0
github.com/comdex-official/comdex/x/cdp/types/cdp.pb.go:836.19,838.5 1 0
github.com/comdex-official/comdex/x/cdp/types/cdp.pb.go:839.18,841.5 1 0
github.com/comdex-official/comdex/x/cdp/types/cdp.pb.go:845.16,846.10 1 0
github.com/comdex-official/comdex/x/cdp/types/cdp.pb.go:851.10,852.39 1 0
github.com/comdex-official/comdex/x/cdp/types/cdp.pb.go:864.10,865.14 1 0
github.com/comdex-official/comdex/x/cdp/types/cdp.pb.go:866.10,868.39 2 0
github.com/comdex-official/comdex/x/cdp/types/cdp.pb.go:882.4,882.18 1 0
github.com/comdex-official/comdex/x/cdp/types/cdp.pb.go:885.4,885.19 1 0
github.com/comdex-official/comdex/x/cdp/types/cdp.pb.go:886.10,887.11 1 0
github.com/comdex-official/comdex/x/cdp/types/cdp.pb.go:888.10,889.18 1 0
github.com/comdex-official/comdex/x/cdp/types/cdp.pb.go:892.4,892.11 1 0
github.com/comdex-official/comdex/x/cdp/types/cdp.pb.go:893.10,894.14 1 0
github.com/comdex-official/comdex/x/cdp/types/cdp.pb.go:895.11,896.64 1 0
github.com/comdex-official/comdex/x/cdp/types/cdp.pb.go:852.39,853.20 1 0
github.com/comdex-official/comdex/x/cdp/types/cdp.pb.go:856.5,856.19 1 0
github.com/comdex-official/comdex/x/cdp/types/cdp.pb.go:859.5,860.29 2 0
github.com/comdex-official/comdex/x/cdp/types/cdp.pb.go:853.20,855.6 1 0
github.com/comdex-official/comdex/x/cdp/types/cdp.pb.go:856.19,858.6 1 0
github.com/comdex-official/comdex/x/cdp/types/cdp.pb.go:860.29,861.11 1 0
github.com/comdex-official/comdex/x/cdp/types/cdp.pb.go:868.39,869.20 1 0
github.com/comdex-official/comdex/x/cdp/types/cdp.pb.go:872.5,872.19 1 0
github.com/comdex-official/comdex/x/cdp/types/cdp.pb.go:875.5,878.17 4 0
github.com/comdex-official/comdex/x/cdp/types/cdp.pb.go:869.20,871.6 1 0
github.com/comdex-official/comdex/x/cdp/types/cdp.pb.go:872.19,874.6 1 0
github.com/comdex-official/comdex/x/cdp/types/cdp.pb.go:878.17,879.11 1 0
github.com/comdex-official/comdex/x/cdp/types/cdp.pb.go:882.18,884.5 1 0
github.com/comdex-official/comdex/x/cdp/types/cdp.pb.go:889.18,891.5 1 0
github.com/comdex-official/comdex/x/cdp/types/cdp.pb.go:898.16,900.4 1 0
github.com/comdex-official/comdex/x/cdp/types/cdp.pb.go:901.17,903.4 1 0
github.com/comdex-official/comdex/x/cdp/types/genesis.pb.go:33.40,33.63 1 0
github.com/comdex-official/comdex/x/cdp/types/genesis.pb.go:34.40,34.77 1 0
github.com/comdex-official/comdex/x/cdp/types/genesis.pb.go:35.41,35.42 0 0
github.com/comdex-official/comdex/x/cdp/types/genesis.pb.go:36.51,38.2 1 0
github.com/comdex-official/comdex/x/cdp/types/genesis.pb.go:39.54,41.2 1 0
github.com/comdex-official/comdex/x/cdp/types/genesis.pb.go:42.82,43.19 1 0
github.com/comdex-official/comdex/x/cdp/types/genesis.pb.go:43.19,45.3 1 0
github.com/comdex-official/comdex/x/cdp/types/genesis.pb.go:45.8,48.17 3 0
github.com/comdex-official/comdex/x/cdp/types/genesis.pb.go:51.3,51.20 1 0
github.com/comdex-official/comdex/x/cdp/types/genesis.pb.go:48.17,50.4 1 0
github.com/comdex-official/comdex/x/cdp/types/genesis.pb.go:54.53,56.2 1 0
github.com/comdex-official/comdex/x/cdp/types/genesis.pb.go:57.39,59.2 1 0
github.com/comdex-official/comdex/x/cdp/types/genesis.pb.go:60.45,62.2 1 0
github.com/comdex-official/comdex/x/cdp/types/genesis.pb.go:66.43,67.14 1 0
github.com/comdex-official/comdex/x/cdp/types/genesis.pb.go:70.2,70.17 1 0
github.com/comdex-official/comdex/x/cdp/types/genesis.pb.go:67.14,69.3 1 0
github.com/comdex-official/comdex/x/cdp/types/genesis.pb.go:73.40,74.14 1 0
github.com/comdex-official/comdex/x/cdp/types/genesis.pb.go:77.2,77.12 1 0
github.com/comdex-official/comdex/x/cdp/types/genesis.pb.go:74.14,76.3 1 0
github.com/comdex-official/comdex/x/cdp/types/genesis.pb.go:80.13,82.2 1 1
github.com/comdex-official/comdex/x/cdp/types/genesis.pb.go:84.13,84.105 1 1
github.com/comdex-official/comdex/x/cdp/types/genesis.pb.go:108.59,112.16 4 0
github.com/comdex-official/comdex/x/cdp/types/genesis.pb.go:115.2,115.22 1 0
github.com/comdex-official/comdex/x/cdp/types/genesis.pb.go:112.16,114.3 1 0
github.com/comdex-official/comdex/x/cdp/types/genesis.pb.go:118.60,121.2 2 0
github.com/comdex-official/comdex/x/cdp/types/genesis.pb.go:123.71,128.21 5 0
github.com/comdex-official/comdex/x/cdp/types/genesis.pb.go:150.2,152.27 3 0
github.com/comdex-official/comdex/x/cdp/types/genesis.pb.go:128.21,129.53 1 0
github.com/comdex-official/comdex/x/cdp/types/genesis.pb.go:129.53,130.4 1 0
github.com/comdex-official/comdex/x/cdp/types/genesis.pb.go:138.4,139.18 2 0
github.com/comdex-official/comdex/x/cdp/types/genesis.pb.go:130.4,132.19 2 0
github.com/comdex-official/comdex/x/cdp/types/genesis.pb.go:135.5,136.51 2 0
github.com/comdex-official/comdex/x/cdp/types/genesis.pb.go:132.19,134.6 1 0
github.com/comdex-official/comdex/x/cdp/types/genesis.pb.go:142.2,144.17 2 0
github.com/comdex-official/comdex/x/cdp/types/genesis.pb.go:147.3,148.49 2 0
github.com/comdex-official/comdex/x/cdp/types/genesis.pb.go:144.17,146.4 1 0
github.com/comdex-official/comdex/x/cdp/types/genesis.pb.go:155.65,158.16 3 0
github.com/comdex-official/comdex/x/cdp/types/genesis.pb.go:163.2,164.13 2 0
github.com/comdex-official/comdex/x/cdp/types/genesis.pb.go:158.16,162.3 3 0
github.com/comdex-official/comdex/x/cdp/types/genesis.pb.go:166.39,167.14 1 0
github.com/comdex-official/comdex/x/cdp/types/genesis.pb.go:170.2,174.21 5 0
github.com/comdex-official/comdex/x/cdp/types/genesis.pb.go:180.2,180.10 1 0
github.com/comdex-official/comdex/x/cdp/types/genesis.pb.go:167.14,169.3 1 0
github.com/comdex-official/comdex/x/cdp/types/genesis.pb.go:174.21,175.28 1 0
github.com/comdex-official/comdex/x/cdp/types/genesis.pb.go:175.28,178.4 2 0
github.com/comdex-official/comdex/x/cdp/types/genesis.pb.go:183.35,185.2 1 0
github.com/comdex-official/comdex/x/cdp/types/genesis.pb.go:186.35,188.2 1 0
github.com/comdex-official/comdex/x/cdp/types/genesis.pb.go:189.53,192.16 3 0
github.com/comdex-official/comdex/x/cdp/types/genesis.pb.go:301.2,301.15 1 0
github.com/comdex-official/comdex/x/cdp/types/genesis.pb.go:304.2,304.12 1 0
github.com/comdex-official/comdex/x/cdp/types/genesis.pb.go:192.16,195.38 3 0
github.com/comdex-official/comdex/x/cdp/types/genesis.pb.go:209.3,211.20 3 0
github.com/comdex-official/comdex/x/cdp/types/genesis.pb.go:214.3,214.20 1 0
github.com/comdex-official/comdex/x/cdp/types/genesis.pb.go:217.3,217.19 1 0
github.com/comdex-official/comdex/x/cdp/types/genesis.pb.go:195.38,196.19 1 0
github.com/comdex-official/comdex/x/cdp/types/genesis.pb.go:199.4,199.18 1 0
github.com/comdex-official/comdex/x/cdp/types/genesis.pb.go:202.4,205.16 4 0
github.com/comdex-official/comdex/x/cdp/types/genesis.pb.go:196.19,198.5 1 0
github.com/comdex-official/comdex/x/cdp/types/genesis.pb.go:199.18,201.5 1 0
github.com/comdex-official/comdex/x/cdp/types/genesis.pb.go:205.16,206.10 1 0
github.com/comdex-official/comdex/x/cdp/types/genesis.pb.go:211.20,213.4 1 0
github.com/comdex-official/comdex/x/cdp/types/genesis.pb.go:214.20,216.4 1 0
github.com/comdex-official/comdex/x/cdp/types/genesis.pb.go:218.10,219.21 1 0
github.com/comdex-official/comdex/x/cdp/types/genesis.pb.go:222.4,223.39 2 0
github.com/comdex-official/comdex/x/cdp/types/genesis.pb.go:237.4,237.18 1 0
github.com/comdex-official/comdex/x/cdp/types/genesis.pb.go:240.4,241.21 2 0
github.com/comdex-official/comdex/x/cdp/types/genesis.pb.go:244.4,244.21 1 0
github.com/comdex-official/comdex/x/cdp/types/genesis.pb.go:247.4,247.68 1 0
github.com/comdex-official/comdex/x/cdp/types/genesis.pb.go:250.4,250.21 1 0
github.com/comdex-official/comdex/x/cdp/types/genesis.pb.go:251.10,252.21 1 0
github.com/comdex-official/comdex/x/cdp/types/genesis.pb.go:255.4,256.39 2 0
github.com/comdex-official/comdex/x/cdp/types/genesis.pb.go:270.4,270.18 1 0
github.com/comdex-official/comdex/x/cdp/types/genesis.pb.go:273.4,274.21 2 0
github.com/comdex-official/comdex/x/cdp/types/genesis.pb.go:277.4,277.21 1 0
github.com/comdex-official/comdex/x/cdp/types/genesis.pb.go:280.4,281.81 2 0
github.com/comdex-official/comdex/x/cdp/types/genesis.pb.go:284.4,284.21 1 0
github.com/comdex-official/comdex/x/cdp/types/genesis.pb.go:285.11,288.18 3 0
github.com/comdex-official/comdex/x/cdp/types/genesis.pb.go:291.4,291.42 1 0
github.com/comdex-official/comdex/x/cdp/types/genesis.pb.go:294.4,294.28 1 0
github.com/comdex-official/comdex/x/cdp/types/genesis.pb.go:297.4,297.19 1 0
github.com/comdex-official/comdex/x/cdp/types/genesis.pb.go:219.21,221.5 1 0
github.com/comdex-official/comdex/x/cdp/types/genesis.pb.go:223.39,224.20 1 0
github.com/comdex-official/comdex/x/cdp/types/genesis.pb.go:227.5,227.19 1 0
github.com/comdex-official/comdex/x/cdp/types/genesis.pb.go:230.5,233.17 4 0
github.com/comdex-official/comdex/x/cdp/types/genesis.pb.go:224.20,226.6 1 0
github.com/comdex-official/comdex/x/cdp/types/genesis.pb.go:227.19,229.6 1 0
github.com/comdex-official/comdex/x/cdp/types/genesis.pb.go:233.17,234.11 1 0
github.com/comdex-official/comdex/x/cdp/types/genesis.pb.go:237.18,239.5 1 0
github.com/comdex-official/comdex/x/cdp/types/genesis.pb.go:241.21,243.5 1 0
github.com/comdex-official/comdex/x/cdp/types/genesis.pb.go:244.21,246.5 1 0
github.com/comdex-official/comdex/x/cdp/types/genesis.pb.go:247.68,249.5 1 0
github.com/comdex-official/comdex/x/cdp/types/genesis.pb.go:252.21,254.5 1 0
github.com/comdex-official/comdex/x/cdp/types/genesis.pb.go:256.39,257.20 1 0
github.com/comdex-official/comdex/x/cdp/types/genesis.pb.go:260.5,260.19 1 0
github.com/comdex-official/comdex/x/cdp/types/genesis.pb.go:263.5,266.17 4 0
github.com/comdex-official/comdex/x/cdp/types/genesis.pb.go:257.20,259.6 1 0
github.com/comdex-official/comdex/x/cdp/types/genesis.pb.go:260.19,262.6 1 0
github.com/comdex-official/comdex/x/cdp/types/genesis.pb.go:266.17,267.11 1 0
github.com/comdex-official/comdex/x/cdp/types/genesis.pb.go:270.18,272.5 1 0
github.com/comdex-official/comdex/x/cdp/types/genesis.pb.go:274.21,276.5 1 0
github.com/comdex-official/comdex/x/cdp/types/genesis.pb.go:277.21,279.5 1 0
github.com/comdex-official/comdex/x/cdp/types/genesis.pb.go:281.81,283.5 1 0
github.com/comdex-official/comdex/x/cdp/types/genesis.pb.go:288.18,290.5 1 0
github.com/comdex-official/comdex/x/cdp/types/genesis.pb.go:291.42,293.5 1 0
github.com/comdex-official/comdex/x/cdp/types/genesis.pb.go:294.28,296.5 1 0
github.com/comdex-official/comdex/x/cdp/types/genesis.pb.go:301.15,303.3 1 0
github.com/comdex-official/comdex/x/cdp/types/genesis.pb.go:306.50,310.16 4 0
github.com/comdex-official/comdex/x/cdp/types/genesis.pb.go:382.2,382.31 1 0
github.com/comdex-official/comdex/x/cdp/types/genesis.pb.go:310.16,312.38 2 0
github.com/comdex-official/comdex/x/cdp/types/genesis.pb.go:326.3,327.19 2 0
github.com/comdex-official/comdex/x/cdp/types/genesis.pb.go:375.3,375.16 1 0
github.com/comdex-official/comdex/x/cdp/types/genesis.pb.go:378.3,378.17 1 0
github.com/comdex-official/comdex/x/cdp/types/genesis.pb.go:312.38,313.19 1 0
github.com/comdex-official/comdex/x/cdp/types/genesis.pb.go:316.4,316.18 1 0
github.com/comdex-official/comdex/x/cdp/types/genesis.pb.go:319.4,322.16 4 0
github.com/comdex-official/comdex/x/cdp/types/genesis.pb.go:313.19,315.5 1 0
github.com/comdex-official/comdex/x/cdp/types/genesis.pb.go:316.18,318.5 1 0
github.com/comdex-official/comdex/x/cdp/types/genesis.pb.go:322.16,323.10 1 0
github.com/comdex-official/comdex/x/cdp/types/genesis.pb.go:328.10,329.39 1 0
github.com/comdex-official/comdex/x/cdp/types/genesis.pb.go:341.10,342.14 1 0
github.com/comdex-official/comdex/x/cdp/types/genesis.pb.go:343.10,345.39 2 0
github.com/comdex-official/comdex/x/cdp/types/genesis.pb.go:359.4,359.18 1 0
github.com/comdex-official/comdex/x/cdp/types/genesis.pb.go:362.4,362.19 1 0
github.com/comdex-official/comdex/x/cdp/types/genesis.pb.go:363.10,364.11 1 0
github.com/comdex-official/comdex/x/cdp/types/genesis.pb.go:365.10,366.18 1 0
github.com/comdex-official/comdex/x/cdp/types/genesis.pb.go:369.4,369.11 1 0
github.com/comdex-official/comdex/x/cdp/types/genesis.pb.go:370.10,371.14 1 0
github.com/comdex-official/comdex/x/cdp/types/genesis.pb.go:372.11,373.64 1 0
github.com/comdex-official/comdex/x/cdp/types/genesis.pb.go:329.39,330.20 1 0
github.com/comdex-official/comdex/x/cdp/types/genesis.pb.go:333.5,333.19 1 0
github.com/comdex-official/comdex/x/cdp/types/genesis.pb.go:336.5,337.29 2 0
github.com/comdex-official/comdex/x/cdp/types/genesis.pb.go:330.20,332.6 1 0
github.com/comdex-official/comdex/x/cdp/types/genesis.pb.go:333.19,335.6 1 0
github.com/comdex-official/comdex/x/cdp/types/genesis.pb.go:337.29,338.11 1 0
github.com/comdex-official/comdex/x/cdp/types/genesis.pb.go:345.39,346.20 1 0
github.com/comdex-official/comdex/x/cdp/types/genesis.pb.go:349.5,349.19 1 0
github.com/comdex-official/comdex/x/cdp/types/genesis.pb.go:352.5,355.17 4 0
github.com/comdex-official/comdex/x/cdp/types/genesis.pb.go:346.20,348.6 1 0
github.com/comdex-official/comdex/x/cdp/types/genesis.pb.go:349.19,351.6 1 0
github.com/comdex-official/comdex/x/cdp/types/genesis.pb.go:355.17,356.11 1 0
github.com/comdex-official/comdex/x/cdp/types/genesis.pb.go:359.18,361.5 1 0
github.com/comdex-official/comdex/x/cdp/types/genesis.pb.go:366.18,368.5 1 0
github.com/comdex-official/comdex/x/cdp/types/genesis.pb.go:375.16,377.4 1 0
github.com/comdex-official/comdex/x/cdp/types/genesis.pb.go:378.17,380.4 1 0
github.com/comdex-official/comdex/x/cdp/types/params.go:11.42,13.2 1 1
github.com/comdex-official/comdex/x/cdp/types/params.go:15.59,19.2 1 1
github.com/comdex-official/comdex/x/cdp/types/params.go:21.52,24.2 1 0
github.com/comdex-official/comdex/x/cdp/types/query.pb.go:39.43,39.69 1 0
github.com/comdex-official/comdex/x/cdp/types/query.pb.go:40.43,40.80 1 0
github.com/comdex-official/comdex/x/cdp/types/query.pb.go:41.44,41.45 0 0
github.com/comdex-official/comdex/x/cdp/types/query.pb.go:42.54,44.2 1 0
github.com/comdex-official/comdex/x/cdp/types/query.pb.go:45.57,47.2 1 0
github.com/comdex-official/comdex/x/cdp/types/query.pb.go:48.85,49.19 1 0
github.com/comdex-official/comdex/x/cdp/types/query.pb.go:49.19,51.3 1 0
github.com/comdex-official/comdex/x/cdp/types/query.pb.go:51.8,54.17 3 0
github.com/comdex-official/comdex/x/cdp/types/query.pb.go:57.3,57.20 1 0
github.com/comdex-official/comdex/x/cdp/types/query.pb.go:54.17,56.4 1 0
github.com/comdex-official/comdex/x/cdp/types/query.pb.go:60.56,62.2 1 0
github.com/comdex-official/comdex/x/cdp/types/query.pb.go:63.42,65.2 1 0
github.com/comdex-official/comdex/x/cdp/types/query.pb.go:66.48,68.2 1 0
github.com/comdex-official/comdex/x/cdp/types/query.pb.go:72.54,73.14 1 0
github.com/comdex-official/comdex/x/cdp/types/query.pb.go:76.2,76.11 1 0
github.com/comdex-official/comdex/x/cdp/types/query.pb.go:73.14,75.3 1 0
github.com/comdex-official/comdex/x/cdp/types/query.pb.go:79.45,80.14 1 0
github.com/comdex-official/comdex/x/cdp/types/query.pb.go:83.2,83.11 1 0
github.com/comdex-official/comdex/x/cdp/types/query.pb.go:80.14,82.3 1 0
github.com/comdex-official/comdex/x/cdp/types/query.pb.go:90.44,90.71 1 0
github.com/comdex-official/comdex/x/cdp/types/query.pb.go:91.44,91.81 1 0
github.com/comdex-official/comdex/x/cdp/types/query.pb.go:92.45,92.46 0 0
github.com/comdex-official/comdex/x/cdp/types/query.pb.go:93.55,95.2 1 0
github.com/comdex-official/comdex/x/cdp/types/query.pb.go:96.58,98.2 1 0
github.com/comdex-official/comdex/x/cdp/types/query.pb.go:99.86,100.19 1 0
github.com/comdex-official/comdex/x/cdp/types/query.pb.go:100.19,102.3 1 0
github.com/comdex-official/comdex/x/cdp/types/query.pb.go:102.8,105.17 3 0
github.com/comdex-official/comdex/x/cdp/types/query.pb.go:108.3,108.20 1 0
github.com/comdex-official/comdex/x/cdp/types/query.pb.go:105.17,107.4 1 0
github.com/comdex-official/comdex/x/cdp/types/query.pb.go:111.57,113.2 1 0
github.com/comdex-official/comdex/x/cdp/types/query.pb.go:114.43,116.2 1 0
github.com/comdex-official/comdex/x/cdp/types/query.pb.go:117.49,119.2 1 0
github.com/comdex-official/comdex/x/cdp/types/query.pb.go:123.41,124.14 1 0
github.com/comdex-official/comdex/x/cdp/types/query.pb.go:127.2,127.14 1 0
github.com/comdex-official/comdex/x/cdp/types/query.pb.go:124.14,126.3 1 0
github.com/comdex-official/comdex/x/cdp/types/query.pb.go:134.44,134.71 1 0
github.com/comdex-official/comdex/x/cdp/types/query.pb.go:135.44,135.81 1 0
github.com/comdex-official/comdex/x/cdp/types/query.pb.go:136.45,136.46 0 0
github.com/comdex-official/comdex/x/cdp/types/query.pb.go:137.55,139.2 1 0
github.com/comdex-official/comdex/x/cdp/types/query.pb.go:140.58,142.2 1 0
github.com/comdex-official/comdex/x/cdp/types/query.pb.go:143.86,144.19 1 0
github.com/comdex-official/comdex/x/cdp/types/query.pb.go:144.19,146.3 1 0
github.com/comdex-official/comdex/x/cdp/types/query.pb.go:146.8,149.17 3 0
github.com/comdex-official/comdex/x/cdp/types/query.pb.go:152.3,152.20 1 0
github.com/comdex-official/comdex/x/cdp/types/query.pb.go:149.17,151.4 1 0
github.com/comdex-official/comdex/x/cdp/types/query.pb.go:155.57,157.2 1 0
github.com/comdex-official/comdex/x/cdp/types/query.pb.go:158.43,160.2 1 0
github.com/comdex-official/comdex/x/cdp/types/query.pb.go:161.49,163.2 1 0
github.com/comdex-official/comdex/x/cdp/types/query.pb.go:167.46,168.14 1 0
github.com/comdex-official/comdex/x/cdp/types/query.pb.go:171.2,171.11 1 0
github.com/comdex-official/comdex/x/cdp/types/query.pb.go:168.14,170.3 1 0
github.com/comdex-official/comdex/x/cdp/types/query.pb.go:178.45,178.73 1 0
github.com/comdex-official/comdex/x/cdp/types/query.pb.go:179.45,179.82 1 0
github.com/comdex-official/comdex/x/cdp/types/query.pb.go:180.46,180.47 0 0
github.com/comdex-official/comdex/x/cdp/types/query.pb.go:181.56,183.2 1 0
github.com/comdex-official/comdex/x/cdp/types/query.pb.go:184.59,186.2 1 0
github.com/comdex-official/comdex/x/cdp/types/query.pb.go:187.87,188.19 1 0
github.com/comdex-official/comdex/x/cdp/types/query.pb.go:188.19,190.3 1 0
github.com/comdex-official/comdex/x/cdp/types/query.pb.go:190.8,193.17 3 0
github.com/comdex-official/comdex/x/cdp/types/query.pb.go:196.3,196.20 1 0
github.com/comdex-official/comdex/x/cdp/types/query.pb.go:193.17,195.4 1 0
github.com/comdex-official/comdex/x/cdp/types/query.pb.go:199.58,201.2 1 0
github.com/comdex-official/comdex/x/cdp/types/query.pb.go:202.44,204.2 1 0
github.com/comdex-official/comdex/x/cdp/types/query.pb.go:205.50,207.2 1 0
github.com/comdex-official/comdex/x/cdp/types/query.pb.go:211.45,212.14 1 0
github.com/comdex-official/comdex/x/cdp/types/query.pb.go:215.2,215.12 1 0
github.com/comdex-official/comdex/x/cdp/types/query.pb.go:212.14,214.3 1 0
github.com/comdex-official/comdex/x/cdp/types/query.pb.go:222.47,222.77 1 0
github.com/comdex-official/comdex/x/cdp/types/query.pb.go:223.47,223.84 1 0
github.com/comdex-official/comdex/x/cdp/types/query.pb.go:224.48,224.49 0 0
github.com/comdex-official/comdex/x/cdp/types/query.pb.go:225.58,227.2 1 0
github.com/comdex-official/comdex/x/cdp/types/query.pb.go:228.61,230.2 1 0
github.com/comdex-official/comdex/x/cdp/types/query.pb.go:231.89,232.19 1 0
github.com/comdex-official/comdex/x/cdp/types/query.pb.go:232.19,234.3 1 0
github.com/comdex-official/comdex/x/cdp/types/query.pb.go:234.8,237.17 3 0
github.com/comdex-official/comdex/x/cdp/types/query.pb.go:240.3,240.20 1 0
github.com/comdex-official/comdex/x/cdp/types/query.pb.go:237.17,239.4 1 0
github.com/comdex-official/comdex/x/cdp/types/query.pb.go:243.60,245.2 1 0
github.com/comdex-official/comdex/x/cdp/types/query.pb.go:246.46,248.2 1 0
github.com/comdex-official/comdex/x/cdp/types/query.pb.go:249.52,251.2 1 0
github.com/comdex-official/comdex/x/cdp/types/query.pb.go:255.46,256.14 1 0
github.com/comdex-official/comdex/x/cdp/types/query.pb.go:259.2,259.10 1 0
github.com/comdex-official/comdex/x/cdp/types/query.pb.go:256.14,258.3 1 0
github.com/comdex-official/comdex/x/cdp/types/query.pb.go:266.48,266.79 1 0
github.com/comdex-official/comdex/x/cdp/types/query.pb.go:267.48,267.85 1 0
github.com/comdex-official/comdex/x/cdp/types/query.pb.go:268.49,268.50 0 0
github.com/comdex-official/comdex/x/cdp/types/query.pb.go:269.59,271.2 1 0
github.com/comdex-official/comdex/x/cdp/types/query.pb.go:272.62,274.2 1 0
github.com/comdex-official/comdex/x/cdp/types/query.pb.go:275.90,276.19 1 0
github.com/comdex-official/comdex/x/cdp/types/query.pb.go:276.19,278.3 1 0
github.com/comdex-official/comdex/x/cdp/types/query.pb.go:278.8,281.17 3 0
github.com/comdex-official/comdex/x/cdp/types/query.pb.go:284.3,284.20 1 0
github.com/comdex-official/comdex/x/cdp/types/query.pb.go:281.17,283.4 1 0
github.com/comdex-official/comdex/x/cdp/types/query.pb.go:287.61,289.2 1 0
github.com/comdex-official/comdex/x/cdp/types/query.pb.go:290.47,292.2 1 0
github.com/comdex-official/comdex/x/cdp/types/query.pb.go:293.53,295.2 1 0
github.com/comdex-official/comdex/x/cdp/types/query.pb.go:299.45,300.14 1 0
github.com/comdex-official/comdex/x/cdp/types/query.pb.go:303.2,303.14 1 0
github.com/comdex-official/comdex/x/cdp/types/query.pb.go:300.14,302.3 1 0
github.com/comdex-official/comdex/x/cdp/types/query.pb.go:309.46,309.75 1 0
github.com/comdex-official/comdex/x/cdp/types/query.pb.go:310.46,310.83 1 0
github.com/comdex-official/comdex/x/cdp/types/query.pb.go:311.47,311.48 0 0
github.com/comdex-official/comdex/x/cdp/types/query.pb.go:312.57,314.2 1 0
github.com/comdex-official/comdex/x/cdp/types/query.pb.go:315.60,317.2 1 0
github.com/comdex-official/comdex/x/cdp/types/query.pb.go:318.88,319.19 1 0
github.com/comdex-official/comdex/x/cdp/types/query.pb.go:319.19,321.3 1 0
github.com/comdex-official/comdex/x/cdp/types/query.pb.go:321.8,324.17 3 0
github.com/comdex-official/comdex/x/cdp/types/query.pb.go:327.3,327.20 1 0
github.com/comdex-official/comdex/x/cdp/types/query.pb.go:324.17,326.4 1 0
github.com/comdex-official/comdex/x/cdp/types/query.pb.go:330.59,332.2 1 0
github.com/comdex-official/comdex/x/cdp/types/query.pb.go:333.45,335.2 1 0
github.com/comdex-official/comdex/x/cdp/types/query.pb.go:336.51,338.2 1 0
github.com/comdex-official/comdex/x/cdp/types/query.pb.go:346.47,346.77 1 0
github.com/comdex-official/comdex/x/cdp/types/query.pb.go:347.47,347.84 1 0
github.com/comdex-official/comdex/x/cdp/types/query.pb.go:348.48,348.49 0 0
github.com/comdex-official/comdex/x/cdp/types/query.pb.go:349.58,351.2 1 0
github.com/comdex-official/comdex/x/cdp/types/query.pb.go:352.61,354.2 1 0
github.com/comdex-official/comdex/x/cdp/types/query.pb.go:355.89,356.19 1 0
github.com/comdex-official/comdex/x/cdp/types/query.pb.go:356.19,358.3 1 0
github.com/comdex-official/comdex/x/cdp/types/query.pb.go:358.8,361.17 3 0
github.com/comdex-official/comdex/x/cdp/types/query.pb.go:364.3,364.20 1 0
github.com/comdex-official/comdex/x/cdp/types/query.pb.go:361.17,363.4 1 0
github.com/comdex-official/comdex/x/cdp/types/query.pb.go:367.60,369.2 1 0
github.com/comdex-official/comdex/x/cdp/types/query.pb.go:370.46,372.2 1 0
github.com/comdex-official/comdex/x/cdp/types/query.pb.go:373.52,375.2 1 0
github.com/comdex-official/comdex/x/cdp/types/query.pb.go:379.50,380.14 1 0
github.com/comdex-official/comdex/x/cdp/types/query.pb.go:383.2,383.17 1 0
github.com/comdex-official/comdex/x/cdp/types/query.pb.go:380.14,382.3 1 0
github.com/comdex-official/comdex/x/cdp/types/query.pb.go:386.13,395.2 8 1
github.com/comdex-official/comdex/x/cdp/types/query.pb.go:397.13,397.103 1 1
github.com/comdex-official/comdex/x/cdp/types/query.pb.go:464.68,466.2 1 0
github.com/comdex-official/comdex/x/cdp/types/query.pb.go:468.133,471.16 3 0
github.com/comdex-official/comdex/x/cdp/types/query.pb.go:474.2,474.17 1 0
github.com/comdex-official/comdex/x/cdp/types/query.pb.go:471.16,473.3 1 0
github.com/comdex-official/comdex/x/cdp/types/query.pb.go:477.136,480.16 3 0
github.com/comdex-official/comdex/x/cdp/types/query.pb.go:483.2,483.17 1 0
github.com/comdex-official/comdex/x/cdp/types/query.pb.go:480.16,482.3 1 0
github.com/comdex-official/comdex/x/cdp/types/query.pb.go:486.145,489.16 3 0
github.com/comdex-official/comdex/x/cdp/types/query.pb.go:492.2,492.17 1 0
github.com/comdex-official/comdex/x/cdp/types/query.pb.go:489.16,491.3 1 0
github.com/comdex-official/comdex/x/cdp/types/query.pb.go:495.142,498.16 3 0
github.com/comdex-official/comdex/x/cdp/types/query.pb.go:501.2,501.17 1 0
github.com/comdex-official/comdex/x/cdp/types/query.pb.go:498.16,500.3 1 0
github.com/comdex-official/comdex/x/cdp/types/query.pb.go:516.120,518.2 1 0
github.com/comdex-official/comdex/x/cdp/types/query.pb.go:519.123,521.2 1 0
github.com/comdex-official/comdex/x/cdp/types/query.pb.go:522.132,524.2 1 0
github.com/comdex-official/comdex/x/cdp/types/query.pb.go:525.129,527.2 1 0
github.com/comdex-official/comdex/x/cdp/types/query.pb.go:529.73,531.2 1 0
github.com/comdex-official/comdex/x/cdp/types/query.pb.go:533.166,535.32 2 0
github.com/comdex-official/comdex/x/cdp/types/query.pb.go:538.2,538.24 1 0
github.com/comdex-official/comdex/x/cdp/types/query.pb.go:541.2,545.77 2 0
github.com/comdex-official/comdex/x/cdp/types/query.pb.go:548.2,548.44 1 0
github.com/comdex-official/comdex/x/cdp/types/query.pb.go:535.32,537.3 1 0
github.com/comdex-official/comdex/x/cdp/types/query.pb.go:538.24,540.3 1 0
github.com/comdex-official/comdex/x/cdp/types/query.pb.go:545.77,547.3 1 0
github.com/comdex-official/comdex/x/cdp/types/query.pb.go:551.167,553.32 2 0
github.com/comdex-official/comdex/x/cdp/types/query.pb.go:556.2,556.24 1 0
github.com/comdex-official/comdex/x/cdp/types/query.pb.go:559.2,563.77 2 0
github.com/comdex-official/comdex/x/cdp/types/query.pb.go:566.2,566.44 1 0
github.com/comdex-official/comdex/x/cdp/types/query.pb.go:553.32,555.3 1 0
github.com/comdex-official/comdex/x/cdp/types/query.pb.go:556.24,558.3 1 0
github.com/comdex-official/comdex/x/cdp/types/query.pb.go:563.77,565.3 1 0
github.com/comdex-official/comdex/x/cdp/types/query.pb.go:569.170,571.32 2 0
github.com/comdex-official/comdex/x/cdp/types/query.pb.go:574.2,574.24 1 0
github.com/comdex-official/comdex/x/cdp/types/query.pb.go:577.2,581.77 2 0
github.com/comdex-official/comdex/x/cdp/types/query.pb.go:584.2,584.44 1 0
github.com/comdex-official/comdex/x/cdp/types/query.pb.go:571.32,573.3 1 0
github.com/comdex-official/comdex/x/cdp/types/query.pb.go:574.24,576.3 1 0
github.com/comdex-official/comdex/x/cdp/types/query.pb.go:581.77,583.3 1 0
github.com/comdex-official/comdex/x/cdp/types/query.pb.go:587.169,589.32 2 0
github.com/comdex-official/comdex/x/cdp/types/query.pb.go:592.2,592.24 1 0
github.com/comdex-official/comdex/x/cdp/types/query.pb.go:595.2,599.77 2 0
github.com/comdex-official/comdex/x/cdp/types/query.pb.go:602.2,602.44 1 0
github.com/comdex-official/comdex/x/cdp/types/query.pb.go:589.32,591.3 1 0
github.com/comdex-official/comdex/x/cdp/types/query.pb.go:592.24,594.3 1 0
github.com/comdex-official/comdex/x/cdp/types/query.pb.go:599.77,601.3 1 0
github.com/comdex-official/comdex/x/cdp/types/query.pb.go:630.62,634.16 4 0
github.com/comdex-official/comdex/x/cdp/types/query.pb.go:637.2,637.22 1 0
github.com/comdex-official/comdex/x/cdp/types/query.pb.go:634.16,636.3 1 0
github.com/comdex-official/comdex/x/cdp/types/query.pb.go:640.63,643.2 2 0
github.com/comdex-official/comdex/x/cdp/types/query.pb.go:645.74,650.22 5 0
github.com/comdex-official/comdex/x/cdp/types/query.pb.go:657.2,657.31 1 0
github.com/comdex-official/comdex/x/cdp/types/query.pb.go:664.2,664.27 1 0
github.com/comdex-official/comdex/x/cdp/types/query.pb.go:650.22,656.3 5 0
github.com/comdex-official/comdex/x/cdp/types/query.pb.go:657.31,663.3 5 0
github.com/comdex-official/comdex/x/cdp/types/query.pb.go:667.63,671.16 4 0
github.com/comdex-official/comdex/x/cdp/types/query.pb.go:674.2,674.22 1 0
github.com/comdex-official/comdex/x/cdp/types/query.pb.go:671.16,673.3 1 0
github.com/comdex-official/comdex/x/cdp/types/query.pb.go:677.64,680.2 2 0
github.com/comdex-official/comdex/x/cdp/types/query.pb.go:682.75,687.2 5 0
github.com/comdex-official/comdex/x/cdp/types/query.pb.go:695.2,697.27 3 0
github.com/comdex-official/comdex/x/cdp/types/query.pb.go:687.2,689.17 2 0
github.com/comdex-official/comdex/x/cdp/types/query.pb.go:692.3,693.47 2 0
github.com/comdex-official/comdex/x/cdp/types/query.pb.go:689.17,691.4 1 0
github.com/comdex-official/comdex/x/cdp/types/query.pb.go:700.63,704.16 4 0
github.com/comdex-official/comdex/x/cdp/types/query.pb.go:707.2,707.22 1 0
github.com/comdex-official/comdex/x/cdp/types/query.pb.go:704.16,706.3 1 0
github.com/comdex-official/comdex/x/cdp/types/query.pb.go:710.64,713.2 2 0
github.com/comdex-official/comdex/x/cdp/types/query.pb.go:715.75,720.22 5 0
github.com/comdex-official/comdex/x/cdp/types/query.pb.go:727.2,727.27 1 0
github.com/comdex-official/comdex/x/cdp/types/query.pb.go:720.22,726.3 5 0
github.com/comdex-official/comdex/x/cdp/types/query.pb.go:730.64,734.16 4 0
github.com/comdex-official/comdex/x/cdp/types/query.pb.go:737.2,737.22 1 0
github.com/comdex-official/comdex/x/cdp/types/query.pb.go:734.16,736.3 1 0
github.com/comdex-official/comdex/x/cdp/types/query.pb.go:740.65,743.2 2 0
github.com/comdex-official/comdex/x/cdp/types/query.pb.go:745.76,750.21 5 0
github.com/comdex-official/comdex/x/cdp/types/query.pb.go:764.2,764.27 1 0
github.com/comdex-official/comdex/x/cdp/types/query.pb.go:750.21,751.53 1 0
github.com/comdex-official/comdex/x/cdp/types/query.pb.go:751.53,752.4 1 0
github.com/comdex-official/comdex/x/cdp/types/query.pb.go:760.4,761.17 2 0
github.com/comdex-official/comdex/x/cdp/types/query.pb.go:752.4,754.19 2 0
github.com/comdex-official/comdex/x/cdp/types/query.pb.go:757.5,758.49 2 0
github.com/comdex-official/comdex/x/cdp/types/query.pb.go:754.19,756.6 1 0
github.com/comdex-official/comdex/x/cdp/types/query.pb.go:767.66,771.16 4 0
github.com/comdex-official/comdex/x/cdp/types/query.pb.go:774.2,774.22 1 0
github.com/comdex-official/comdex/x/cdp/types/query.pb.go:771.16,773.3 1 0
github.com/comdex-official/comdex/x/cdp/types/query.pb.go:777.67,780.2 2 0
github.com/comdex-official/comdex/x/cdp/types/query.pb.go:782.78,787.15 5 0
github.com/comdex-official/comdex/x/cdp/types/query.pb.go:792.2,792.27 1 0
github.com/comdex-official/comdex/x/cdp/types/query.pb.go:787.15,791.3 3 0
github.com/comdex-official/comdex/x/cdp/types/query.pb.go:795.67,799.16 4 0
github.com/comdex-official/comdex/x/cdp/types/query.pb.go:802.2,802.22 1 0
github.com/comdex-official/comdex/x/cdp/types/query.pb.go:799.16,801.3 1 0
github.com/comdex-official/comdex/x/cdp/types/query.pb.go:805.68,808.2 2 0
github.com/comdex-official/comdex/x/cdp/types/query.pb.go:810.79,815.2 5 0
github.com/comdex-official/comdex/x/cdp/types/query.pb.go:823.2,825.27 3 0
github.com/comdex-official/comdex/x/cdp/types/query.pb.go:815.2,817.17 2 0
github.com/comdex-official/comdex/x/cdp/types/query.pb.go:820.3,821.47 2 0
github.com/comdex-official/comdex/x/cdp/types/query.pb.go:817.17,819.4 1 0
github.com/comdex-official/comdex/x/cdp/types/query.pb.go:828.65,832.16 4 0
github.com/comdex-official/comdex/x/cdp/types/query.pb.go:835.2,835.22 1 0
github.com/comdex-official/comdex/x/cdp/types/query.pb.go:832.16,834.3 1 0
github.com/comdex-official/comdex/x/cdp/types/query.pb.go:838.66,841.2 2 0
github.com/comdex-official/comdex/x/cdp/types/query.pb.go:843.77,849.2 5 0
github.com/comdex-official/comdex/x/cdp/types/query.pb.go:851.66,855.16 4 0
github.com/comdex-official/comdex/x/cdp/types/query.pb.go:858.2,858.22 1 0
github.com/comdex-official/comdex/x/cdp/types/query.pb.go:855.16,857.3 1 0
github.com/comdex-official/comdex/x/cdp/types/query.pb.go:861.67,864.2 2 0
github.com/comdex-official/comdex/x/cdp/types/query.pb.go:866.78,871.2 5 0
github.com/comdex-official/comdex/x/cdp/types/query.pb.go:879.2,881.27 3 0
github.com/comdex-official/comdex/x/cdp/types/query.pb.go:871.2,873.17 2 0
github.com/comdex-official/comdex/x/cdp/types/query.pb.go:876.3,877.47 2 0
github.com/comdex-official/comdex/x/cdp/types/query.pb.go:873.17,875.4 1 0
github.com/comdex-official/comdex/x/cdp/types/query.pb.go:884.63,887.16 3 0
github.com/comdex-official/comdex/x/cdp/types/query.pb.go:892.2,893.13 2 0
github.com/comdex-official/comdex/x/cdp/types/query.pb.go:887.16,891.3 3 0
github.com/comdex-official/comdex/x/cdp/types/query.pb.go:895.42,896.14 1 0
github.com/comdex-official/comdex/x/cdp/types/query.pb.go:899.2,902.11 4 0
github.com/comdex-official/comdex/x/cdp/types/query.pb.go:905.2,906.11 2 0
github.com/comdex-official/comdex/x/cdp/types/query.pb.go:909.2,909.10 1 0
github.com/comdex-official/comdex/x/cdp/types/query.pb.go:896.14,898.3 1 0
github.com/comdex-official/comdex/x/cdp/types/query.pb.go:902.11,904.3 1 0
github.com/comdex-official/comdex/x/cdp/types/query.pb.go:906.11,908.3 1 0
github.com/comdex-official/comdex/x/cdp/types/query.pb.go:912.43,913.14 1 0
github.com/comdex-official/comdex/x/cdp/types/query.pb.go:916.2,920.10 5 0
github.com/comdex-official/comdex/x/cdp/types/query.pb.go:913.14,915.3 1 0
github.com/comdex-official/comdex/x/cdp/types/query.pb.go:923.43,924.14 1 0
github.com/comdex-official/comdex/x/cdp/types/query.pb.go:927.2,930.11 4 0
github.com/comdex-official/comdex/x/cdp/types/query.pb.go:933.2,933.10 1 0
github.com/comdex-official/comdex/x/cdp/types/query.pb.go:924.14,926.3 1 0
github.com/comdex-official/comdex/x/cdp/types/query.pb.go:930.11,932.3 1 0
github.com/comdex-official/comdex/x/cdp/types/query.pb.go:936.44,937.14 1 0
github.com/comdex-official/comdex/x/cdp/types/query.pb.go:940.2,942.21 3 0
github.com/comdex-official/comdex/x/cdp/types/query.pb.go:948.2,948.10 1 0
github.com/comdex-official/comdex/x/cdp/types/query.pb.go:937.14,939.3 1 0
github.com/comdex-official/comdex/x/cdp/types/query.pb.go:942.21,943.28 1 0
github.com/comdex-official/comdex/x/cdp/types/query.pb.go:943.28,946.4 2 0
github.com/comdex-official/comdex/x/cdp/types/query.pb.go:951.46,952.14 1 0
github.com/comdex-official/comdex/x/cdp/types/query.pb.go:955.2,957.15 3 0
github.com/comdex-official/comdex/x/cdp/types/query.pb.go:960.2,960.10 1 0
github.com/comdex-official/comdex/x/cdp/types/query.pb.go:952.14,954.3 1 0
github.com/comdex-official/comdex/x/cdp/types/query.pb.go:957.15,959.3 1 0
github.com/comdex-official/comdex/x/cdp/types/query.pb.go:963.47,964.14 1 0
github.com/comdex-official/comdex/x/cdp/types/query.pb.go:967.2,971.10 5 0
github.com/comdex-official/comdex/x/cdp/types/query.pb.go:964.14,966.3 1 0
github.com/comdex-official/comdex/x/cdp/types/query.pb.go:974.45,975.14 1 0
github.com/comdex-official/comdex/x/cdp/types/query.pb.go:978.2,980.10 3 0
github.com/comdex-official/comdex/x/cdp/types/query.pb.go:975.14,977.3 1 0
github.com/comdex-official/comdex/x/cdp/types/query.pb.go:983.46,984.14 1 0
github.com/comdex-official/comdex/x/cdp/types/query.pb.go:987.2,991.10 5 0
github.com/comdex-official/comdex/x/cdp/types/query.pb.go:984.14,986.3 1 0
github.com/comdex-official/comdex/x/cdp/types/query.pb.go:994.33,996.2 1 0
github.com/comdex-official/comdex/x/cdp/types/query.pb.go:997.33,999.2 1 0
github.com/comdex-official/comdex/x/cdp/types/query.pb.go:1000.56,1003.16 3 0
github.com/comdex-official/comdex/x/cdp/types/query.pb.go:1109.2,1109.15 1 0
github.com/comdex-official/comdex/x/cdp/types/query.pb.go:1112.2,1112.12 1 0
github.com/comdex-official/comdex/x/cdp/types/query.pb.go:1003.16,1006.38 3 0
github.com/comdex-official/comdex/x/cdp/types/query.pb.go:1020.3,1022.20 3 0
github.com/comdex-official/comdex/x/cdp/types/query.pb.go:1025.3,1025.20 1 0
github.com/comdex-official/comdex/x/cdp/types/query.pb.go:1028.3,1028.19 1 0
github.com/comdex-official/comdex/x/cdp/types/query.pb.go:1006.38,1007.19 1 0
github.com/comdex-official/comdex/x/cdp/types/query.pb.go:1010.4,1010.18 1 0
github.com/comdex-official/comdex/x/cdp/types/query.pb.go:1013.4,1016.16 4 0
github.com/comdex-official/comdex/x/cdp/types/query.pb.go:1007.19,1009.5 1 0
github.com/comdex-official/comdex/x/cdp/types/query.pb.go:1010.18,1012.5 1 0
github.com/comdex-official/comdex/x/cdp/types/query.pb.go:1016.16,1017.10 1 0
github.com/comdex-official/comdex/x/cdp/types/query.pb.go:1022.20,1024.4 1 0
github.com/comdex-official/comdex/x/cdp/types/query.pb.go:1025.20,1027.4 1 0
github.com/comdex-official/comdex/x/cdp/types/query.pb.go:1029.10,1030.21 1 0
github.com/comdex-official/comdex/x/cdp/types/query.pb.go:1033.4,1034.39 2 0
github.com/comdex-official/comdex/x/cdp/types/query.pb.go:1048.4,1049.24 2 0
github.com/comdex-official/comdex/x/cdp/types/query.pb.go:1052.4,1053.21 2 0
github.com/comdex-official/comdex/x/cdp/types/query.pb.go:1056.4,1056.21 1 0
github.com/comdex-official/comdex/x/cdp/types/query.pb.go:1059.4,1060.21 2 0
github.com/comdex-official/comdex/x/cdp/types/query.pb.go:1061.10,1062.21 1 0
github.com/comdex-official/comdex/x/cdp/types/query.pb.go:1065.4,1066.39 2 0
github.com/comdex-official/comdex/x/cdp/types/query.pb.go:1080.4,1081.24 2 0
github.com/comdex-official/comdex/x/cdp/types/query.pb.go:1084.4,1085.21 2 0
github.com/comdex-official/comdex/x/cdp/types/query.pb.go:1088.4,1088.21 1 0
github.com/comdex-official/comdex/x/cdp/types/query.pb.go:1091.4,1092.21 2 0
github.com/comdex-official/comdex/x/cdp/types/query.pb.go:1093.11,1096.18 3 0
github.com/comdex-official/comdex/x/cdp/types/query.pb.go:1099.4,1099.42 1 0
github.com/comdex-official/comdex/x/cdp/types/query.pb.go:1102.4,1102.28 1 0
github.com/comdex-official/comdex/x/cdp/types/query.pb.go:1105.4,1105.19 1 0
github.com/comdex-official/comdex/x/cdp/types/query.pb.go:1030.21,1032.5 1 0
github.com/comdex-official/comdex/x/cdp/types/query.pb.go:1034.39,1035.20 1 0
github.com/comdex-official/comdex/x/cdp/types/query.pb.go:1038.5,1038.19 1 0
github.com/comdex-official/comdex/x/cdp/types/query.pb.go:1041.5,1044.17 4 0
github.com/comdex-official/comdex/x/cdp/types/query.pb.go:1035.20,1037.6 1 0
github.com/comdex-official/comdex/x/cdp/types/query.pb.go:1038.19,1040.6 1 0
github.com/comdex-official/comdex/x/cdp/types/query.pb.go:1044.17,1045.11 1 0
github.com/comdex-official/comdex/x/cdp/types/query.pb.go:1049.24,1051.5 1 0
github.com/comdex-official/comdex/x/cdp/types/query.pb.go:1053.21,1055.5 1 0
github.com/comdex-official/comdex/x/cdp/types/query.pb.go:1056.21,1058.5 1 0
github.com/comdex-official/comdex/x/cdp/types/query.pb.go:1062.21,1064.5 1 0
github.com/comdex-official/comdex/x/cdp/types/query.pb.go:1066.39,1067.20 1 0
github.com/comdex-official/comdex/x/cdp/types/query.pb.go:1070.5,1070.19 1 0
github.com/comdex-official/comdex/x/cdp/types/query.pb.go:1073.5,1076.17 4 0
github.com/comdex-official/comdex/x/cdp/types/query.pb.go:1067.20,1069.6 1 0
github.com/comdex-official/comdex/x/cdp/types/query.pb.go:1070.19,1072.6 1 0
github.com/comdex-official/comdex/x/cdp/types/query.pb.go:1076.17,1077.11 1 0
github.com/comdex-official/comdex/x/cdp/types/query.pb.go:1081.24,1083.5 1 0
github.com/comdex-official/comdex/x/cdp/types/query.pb.go:1085.21,1087.5 1 0
github.com/comdex-official/comdex/x/cdp/types/query.pb.go:1088.21,1090.5 1 0
github.com/comdex-official/comdex/x/cdp/types/query.pb.go:1096.18,1098.5 1 0
github.com/comdex-official/comdex/x/cdp/types/query.pb.go:1099.42,1101.5 1 0
github.com/comdex-official/comdex/x/cdp/types/query.pb.go:1102.28,1104.5 1 0
github.com/comdex-official/comdex/x/cdp/types/query.pb.go:1109.15,1111.3 1 0
github.com/comdex-official/comdex/x/cdp/types/query.pb.go:1114.57,1117.16 3 0
github.com/comdex-official/comdex/x/cdp/types/query.pb.go:1192.2,1192.15 1 0
github.com/comdex-official/comdex/x/cdp/types/query.pb.go:1195.2,1195.12 1 0
github.com/comdex-official/comdex/x/cdp/types/query.pb.go:1117.16,1120.38 3 0
github.com/comdex-official/comdex/x/cdp/types/query.pb.go:1134.3,1136.20 3 0
github.com/comdex-official/comdex/x/cdp/types/query.pb.go:1139.3,1139.20 1 0
github.com/comdex-official/comdex/x/cdp/types/query.pb.go:1142.3,1142.19 1 0
github.com/comdex-official/comdex/x/cdp/types/query.pb.go:1120.38,1121.19 1 0
github.com/comdex-official/comdex/x/cdp/types/query.pb.go:1124.4,1124.18 1 0
github.com/comdex-official/comdex/x/cdp/types/query.pb.go:1127.4,1130.16 4 0
github.com/comdex-official/comdex/x/cdp/types/query.pb.go:1121.19,1123.5 1 0
github.com/comdex-official/comdex/x/cdp/types/query.pb.go:1124.18,1126.5 1 0
github.com/comdex-official/comdex/x/cdp/types/query.pb.go:1130.16,1131.10 1 0
github.com/comdex-official/comdex/x/cdp/types/query.pb.go:1136.20,1138.4 1 0
github.com/comdex-official/comdex/x/cdp/types/query.pb.go:1139.20,1141.4 1 0
github.com/comdex-official/comdex/x/cdp/types/query.pb.go:1143.10,1144.21 1 0
github.com/comdex-official/comdex/x/cdp/types/query.pb.go:1147.4,1148.39 2 0
github.com/comdex-official/comdex/x/cdp/types/query.pb.go:1162.4,1162.18 1 0
github.com/comdex-official/comdex/x/cdp/types/query.pb.go:1165.4,1166.21 2 0
github.com/comdex-official/comdex/x/cdp/types/query.pb.go:1169.4,1169.21 1 0
github.com/comdex-official/comdex/x/cdp/types/query.pb.go:1172.4,1172.65 1 0
github.com/comdex-official/comdex/x/cdp/types/query.pb.go:1175.4,1175.21 1 0
github.com/comdex-official/comdex/x/cdp/types/query.pb.go:1176.11,1179.18 3 0
github.com/comdex-official/comdex/x/cdp/types/query.pb.go:1182.4,1182.42 1 0
github.com/comdex-official/comdex/x/cdp/types/query.pb.go:1185.4,1185.28 1 0
github.com/comdex-official/comdex/x/cdp/types/query.pb.go:1188.4,1188.19 1 0
github.com/comdex-official/comdex/x/cdp/types/query.pb.go:1144.21,1146.5 1 0
github.com/comdex-official/comdex/x/cdp/types/query.pb.go:1148.39,1149.20 1 0
github.com/comdex-official/comdex/x/cdp/types/query.pb.go:1152.5,1152.19 1 0
github.com/comdex-official/comdex/x/cdp/types/query.pb.go:1155.5,1158.17 4 0
github.com/comdex-official/comdex/x/cdp/types/query.pb.go:1149.20,1151.6 1 0
github.com/comdex-official/comdex/x/cdp/types/query.pb.go:1152.19,1154.6 1 0
github.com/comdex-official/comdex/x/cdp/types/query.pb.go:1158.17,1159.11 1 0
github.com/comdex-official/comdex/x/cdp/types/query.pb.go:1162.18,1164.5 1 0
github.com/comdex-official/comdex/x/cdp/types/query.pb.go:1166.21,1168.5 1 0
github.com/comdex-official/comdex/x/cdp/types/query.pb.go:1169.21,1171.5 1 0
github.com/comdex-official/comdex/x/cdp/types/query.pb.go:1172.65,1174.5 1 0
github.com/comdex-official/comdex/x/cdp/types/query.pb.go:1179.18,1181.5 1 0
github.com/comdex-official/comdex/x/cdp/types/query.pb.go:1182.42,1184.5 1 0
github.com/comdex-official/comdex/x/cdp/types/query.pb.go:1185.28,1187.5 1 0
github.com/comdex-official/comdex/x/cdp/types/query.pb.go:1192.15,1194.3 1 0
github.com/comdex-official/comdex/x/cdp/types/query.pb.go:1197.57,1200.16 3 0
github.com/comdex-official/comdex/x/cdp/types/query.pb.go:1274.2,1274.15 1 0
github.com/comdex-official/comdex/x/cdp/types/query.pb.go:1277.2,1277.12 1 0
github.com/comdex-official/comdex/x/cdp/types/query.pb.go:1200.16,1203.38 3 0
github.com/comdex-official/comdex/x/cdp/types/query.pb.go:1217.3,1219.20 3 0
github.com/comdex-official/comdex/x/cdp/types/query.pb.go:1222.3,1222.20 1 0
github.com/comdex-official/comdex/x/cdp/types/query.pb.go:1225.3,1225.19 1 0
github.com/comdex-official/comdex/x/cdp/types/query.pb.go:1203.38,1204.19 1 0
github.com/comdex-official/comdex/x/cdp/types/query.pb.go:1207.4,1207.18 1 0
github.com/comdex-official/comdex/x/cdp/types/query.pb.go:1210.4,1213.16 4 0
github.com/comdex-official/comdex/x/cdp/types/query.pb.go:1204.19,1206.5 1 0
github.com/comdex-official/comdex/x/cdp/types/query.pb.go:1207.18,1209.5 1 0
github.com/comdex-official/comdex/x/cdp/types/query.pb.go:1213.16,1214.10 1 0
github.com/comdex-official/comdex/x/cdp/types/query.pb.go:1219.20,1221.4 1 0
github.com/comdex-official/comdex/x/cdp/types/query.pb.go:1222.20,1224.4 1 0
github.com/comdex-official/comdex/x/cdp/types/query.pb.go:1226.10,1227.21 1 0
github.com/comdex-official/comdex/x/cdp/types/query.pb.go:1230.4,1231.39 2 0
github.com/comdex-official/comdex/x/cdp/types/query.pb.go:1245.4,1246.24 2 0
github.com/comdex-official/comdex/x/cdp/types/query.pb.go:1249.4,1250.21 2 0
github.com/comdex-official/comdex/x/cdp/types/query.pb.go:1253.4,1253.21 1 0
github.com/comdex-official/comdex/x/cdp/types/query.pb.go:1256.4,1257.21 2 0
github.com/comdex-official/comdex/x/cdp/types/query.pb.go:1258.11,1261.18 3 0
github.com/comdex-official/comdex/x/cdp/types/query.pb.go:1264.4,1264.42 1 0
github.com/comdex-official/comdex/x/cdp/types/query.pb.go:1267.4,1267.28 1 0
github.com/comdex-official/comdex/x/cdp/types/query.pb.go:1270.4,1270.19 1 0
github.com/comdex-official/comdex/x/cdp/types/query.pb.go:1227.21,1229.5 1 0
github.com/comdex-official/comdex/x/cdp/types/query.pb.go:1231.39,1232.20 1 0
github.com/comdex-official/comdex/x/cdp/types/query.pb.go:1235.5,1235.19 1 0
github.com/comdex-official/comdex/x/cdp/types/query.pb.go:1238.5,1241.17 4 0
github.com/comdex-official/comdex/x/cdp/types/query.pb.go:1232.20,1234.6 1 0
github.com/comdex-official/comdex/x/cdp/types/query.pb.go:1235.19,1237.6 1 0
github.com/comdex-official/comdex/x/cdp/types/query.pb.go:1241.17,1242.11 1 0
github.com/comdex-official/comdex/x/cdp/types/query.pb.go:1246.24,1248.5 1 0
github.com/comdex-official/comdex/x/cdp/types/query.pb.go:1250.21,1252.5 1 0
github.com/comdex-official/comdex/x/cdp/types/query.pb.go:1253.21,1255.5 1 0
github.com/comdex-official/comdex/x/cdp/types/query.pb.go:1261.18,1263.5 1 0
github.com/comdex-official/comdex/x/cdp/types/query.pb.go:1264.42,1266.5 1 0
github.com/comdex-official/comdex/x/cdp/types/query.pb.go:1267.28,1269.5 1 0
github.com/comdex-official/comdex/x/cdp/types/query.pb.go:1274.15,1276.3 1 0
github.com/comdex-official/comdex/x/cdp/types/query.pb.go:1279.58,1282.16 3 0
github.com/comdex-official/comdex/x/cdp/types/query.pb.go:1358.2,1358.15 1 0
github.com/comdex-official/comdex/x/cdp/types/query.pb.go:1361.2,1361.12 1 0
github.com/comdex-official/comdex/x/cdp/types/query.pb.go:1282.16,1285.38 3 0
github.com/comdex-official/comdex/x/cdp/types/query.pb.go:1299.3,1301.20 3 0
github.com/comdex-official/comdex/x/cdp/types/query.pb.go:1304.3,1304.20 1 0
github.com/comdex-official/comdex/x/cdp/types/query.pb.go:1307.3,1307.19 1 0
github.com/comdex-official/comdex/x/cdp/types/query.pb.go:1285.38,1286.19 1 0
github.com/comdex-official/comdex/x/cdp/types/query.pb.go:1289.4,1289.18 1 0
github.com/comdex-official/comdex/x/cdp/types/query.pb.go:1292.4,1295.16 4 0
github.com/comdex-official/comdex/x/cdp/types/query.pb.go:1286.19,1288.5 1 0
github.com/comdex-official/comdex/x/cdp/types/query.pb.go:1289.18,1291.5 1 0
github.com/comdex-official/comdex/x/cdp/types/query.pb.go:1295.16,1296.10 1 0
github.com/comdex-official/comdex/x/cdp/types/query.pb.go:1301.20,1303.4 1 0
github.com/comdex-official/comdex/x/cdp/types/query.pb.go:1304.20,1306.4 1 0
github.com/comdex-official/comdex/x/cdp/types/query.pb.go:1308.10,1309.21 1 0
github.com/comdex-official/comdex/x/cdp/types/query.pb.go:1312.4,1313.39 2 0
github.com/comdex-official/comdex/x/cdp/types/query.pb.go:1327.4,1327.18 1 0
github.com/comdex-official/comdex/x/cdp/types/query.pb.go:1330.4,1331.21 2 0
github.com/comdex-official/comdex/x/cdp/types/query.pb.go:1334.4,1334.21 1 0
github.com/comdex-official/comdex/x/cdp/types/query.pb.go:1337.4,1338.81 2 0
github.com/comdex-official/comdex/x/cdp/types/query.pb.go:1341.4,1341.21 1 0
github.com/comdex-official/comdex/x/cdp/types/query.pb.go:1342.11,1345.18 3 0
github.com/comdex-official/comdex/x/cdp/types/query.pb.go:1348.4,1348.42 1 0
github.com/comdex-official/comdex/x/cdp/types/query.pb.go:1351.4,1351.28 1 0
github.com/comdex-official/comdex/x/cdp/types/query.pb.go:1354.4,1354.19 1 0
github.com/comdex-official/comdex/x/cdp/types/query.pb.go:1309.21,1311.5 1 0
github.com/comdex-official/comdex/x/cdp/types/query.pb.go:1313.39,1314.20 1 0
github.com/comdex-official/comdex/x/cdp/types/query.pb.go:1317.5,1317.19 1 0
github.com/comdex-official/comdex/x/cdp/types/query.pb.go:1320.5,1323.17 4 0
github.com/comdex-official/comdex/x/cdp/types/query.pb.go:1314.20,1316.6 1 0
github.com/comdex-official/comdex/x/cdp/types/query.pb.go:1317.19,1319.6 1 0
github.com/comdex-official/comdex/x/cdp/types/query.pb.go:1323.17,1324.11 1 0
[...]
github.com/comdex-official/comdex/x/cdp/types/events.pb.go:1149.21,1151.5 1 0
github.com/comdex-official/comdex/x/cdp/types/events.pb.go:1155.21,1157.5 1 0
github.com/comdex-official/comdex/x/cdp/types/events.pb.go:1159.39,1160.20 1 0
github.com/comdex-official/comdex/x/cdp/types/events.pb.go:1163.5,1163.19 1 0
github.com/comdex-official/comdex/x/cdp/types/events.pb.go:1166.5,1169.17 4 0
github.com/comdex-official/comdex/x/cdp/types/events.pb.go:1160.20,1162.6 1 0
github.com/comdex-official/comdex/x/cdp/types/events.pb.go:1163.19,1165.6 1 0
github.com/comdex-official/comdex/x/cdp/types/events.pb.go:1169.17,1170.11 1 0
github.com/comdex-official/comdex/x/cdp/types/events.pb.go:1173.18,1175.5 1 0
github.com/comdex-official/comdex/x/cdp/types/events.pb.go:1177.21,1179.5 1 0
github.com/comdex-official/comdex/x/cdp/types/events.pb.go:1180.21,1182.5 1 0
github.com/comdex-official/comdex/x/cdp/types/events.pb.go:1183.72,1185.5 1 0
github.com/comdex-official/comdex/x/cdp/types/events.pb.go:1190.18,1192.5 1 0
github.com/comdex-official/comdex/x/cdp/types/events.pb.go:1193.42,1195.5 1 0
github.com/comdex-official/comdex/x/cdp/types/events.pb.go:1196.28,1198.5 1 0
github.com/comdex-official/comdex/x/cdp/types/events.pb.go:1203.15,1205.3 1 0
github.com/comdex-official/comdex/x/cdp/types/events.pb.go:1208.54,1211.16 3 0
github.com/comdex-official/comdex/x/cdp/types/events.pb.go:1350.2,1350.15 1 0
github.com/comdex-official/comdex/x/cdp/types/events.pb.go:1353.2,1353.12 1 0
github.com/comdex-official/comdex/x/cdp/types/events.pb.go:1211.16,1214.38 3 0
github.com/comdex-official/comdex/x/cdp/types/events.pb.go:1228.3,1230.20 3 0
github.com/comdex-official/comdex/x/cdp/types/events.pb.go:1233.3,1233.20 1 0
github.com/comdex-official/comdex/x/cdp/types/events.pb.go:1236.3,1236.19 1 0
github.com/comdex-official/comdex/x/cdp/types/events.pb.go:1214.38,1215.19 1 0
github.com/comdex-official/comdex/x/cdp/types/events.pb.go:1218.4,1218.18 1 0
github.com/comdex-official/comdex/x/cdp/types/events.pb.go:1221.4,1224.16 4 0
github.com/comdex-official/comdex/x/cdp/types/events.pb.go:1215.19,1217.5 1 0
github.com/comdex-official/comdex/x/cdp/types/events.pb.go:1218.18,1220.5 1 0
github.com/comdex-official/comdex/x/cdp/types/events.pb.go:1224.16,1225.10 1 0
github.com/comdex-official/comdex/x/cdp/types/events.pb.go:1230.20,1232.4 1 0
github.com/comdex-official/comdex/x/cdp/types/events.pb.go:1233.20,1235.4 1 0
github.com/comdex-official/comdex/x/cdp/types/events.pb.go:1237.10,1238.21 1 0
github.com/comdex-official/comdex/x/cdp/types/events.pb.go:1241.4,1242.39 2 0
github.com/comdex-official/comdex/x/cdp/types/events.pb.go:1256.4,1257.24 2 0
github.com/comdex-official/comdex/x/cdp/types/events.pb.go:1260.4,1261.21 2 0
github.com/comdex-official/comdex/x/cdp/types/events.pb.go:1264.4,1264.21 1 0
github.com/comdex-official/comdex/x/cdp/types/events.pb.go:1267.4,1268.21 2 0
github.com/comdex-official/comdex/x/cdp/types/events.pb.go:1269.10,1270.21 1 0
github.com/comdex-official/comdex/x/cdp/types/events.pb.go:1273.4,1274.39 2 0
github.com/comdex-official/comdex/x/cdp/types/events.pb.go:1288.4,1289.24 2 0
github.com/comdex-official/comdex/x/cdp/types/events.pb.go:1292.4,1293.21 2 0
github.com/comdex-official/comdex/x/cdp/types/events.pb.go:1296.4,1296.21 1 0
github.com/comdex-official/comdex/x/cdp/types/events.pb.go:1299.4,1300.21 2 0
github.com/comdex-official/comdex/x/cdp/types/events.pb.go:1301.10,1302.21 1 0
github.com/comdex-official/comdex/x/cdp/types/events.pb.go:1305.4,1306.39 2 0
github.com/comdex-official/comdex/x/cdp/types/events.pb.go:1320.4,1320.18 1 0
github.com/comdex-official/comdex/x/cdp/types/events.pb.go:1323.4,1324.21 2 0
github.com/comdex-official/comdex/x/cdp/types/events.pb.go:1327.4,1327.21 1 0
github.com/comdex-official/comdex/x/cdp/types/events.pb.go:1330.4,1330.66 1 0
github.com/comdex-official/comdex/x/cdp/types/events.pb.go:1333.4,1333.21 1 0
github.com/comdex-official/comdex/x/cdp/types/events.pb.go:1334.11,1337.18 3 0
github.com/comdex-official/comdex/x/cdp/types/events.pb.go:1340.4,1340.42 1 0
github.com/comdex-official/comdex/x/cdp/types/events.pb.go:1343.4,1343.28 1 0
github.com/comdex-official/comdex/x/cdp/types/events.pb.go:1346.4,1346.19 1 0
github.com/comdex-official/comdex/x/cdp/types/events.pb.go:1238.21,1240.5 1 0
github.com/comdex-official/comdex/x/cdp/types/events.pb.go:1242.39,1243.20 1 0
github.com/comdex-official/comdex/x/cdp/types/events.pb.go:1246.5,1246.19 1 0
github.com/comdex-official/comdex/x/cdp/types/events.pb.go:1249.5,1252.17 4 0
github.com/comdex-official/comdex/x/cdp/types/events.pb.go:1243.20,1245.6 1 0
github.com/comdex-official/comdex/x/cdp/types/events.pb.go:1246.19,1248.6 1 0
github.com/comdex-official/comdex/x/cdp/types/events.pb.go:1252.17,1253.11 1 0
github.com/comdex-official/comdex/x/cdp/types/events.pb.go:1257.24,1259.5 1 0
github.com/comdex-official/comdex/x/cdp/types/events.pb.go:1261.21,1263.5 1 0
github.com/comdex-official/comdex/x/cdp/types/events.pb.go:1264.21,1266.5 1 0
github.com/comdex-official/comdex/x/cdp/types/events.pb.go:1270.21,1272.5 1 0
github.com/comdex-official/comdex/x/cdp/types/events.pb.go:1274.39,1275.20 1 0
github.com/comdex-official/comdex/x/cdp/types/events.pb.go:1278.5,1278.19 1 0
github.com/comdex-official/comdex/x/cdp/types/events.pb.go:1281.5,1284.17 4 0
github.com/comdex-official/comdex/x/cdp/types/events.pb.go:1275.20,1277.6 1 0
github.com/comdex-official/comdex/x/cdp/types/events.pb.go:1278.19,1280.6 1 0
github.com/comdex-official/comdex/x/cdp/types/events.pb.go:1284.17,1285.11 1 0
github.com/comdex-official/comdex/x/cdp/types/events.pb.go:1289.24,1291.5 1 0
github.com/comdex-official/comdex/x/cdp/types/events.pb.go:1293.21,1295.5 1 0
github.com/comdex-official/comdex/x/cdp/types/events.pb.go:1296.21,1298.5 1 0
github.com/comdex-official/comdex/x/cdp/types/events.pb.go:1302.21,1304.5 1 0
github.com/comdex-official/comdex/x/cdp/types/events.pb.go:1306.39,1307.20 1 0
github.com/comdex-official/comdex/x/cdp/types/events.pb.go:1310.5,1310.19 1 0
github.com/comdex-official/comdex/x/cdp/types/events.pb.go:1313.5,1316.17 4 0
github.com/comdex-official/comdex/x/cdp/types/events.pb.go:1307.20,1309.6 1 0
github.com/comdex-official/comdex/x/cdp/types/events.pb.go:1310.19,1312.6 1 0
github.com/comdex-official/comdex/x/cdp/types/events.pb.go:1316.17,1317.11 1 0
github.com/comdex-official/comdex/x/cdp/types/events.pb.go:1320.18,1322.5 1 0
github.com/comdex-official/comdex/x/cdp/types/events.pb.go:1324.21,1326.5 1 0
github.com/comdex-official/comdex/x/cdp/types/events.pb.go:1327.21,1329.5 1 0
github.com/comdex-official/comdex/x/cdp/types/events.pb.go:1330.66,1332.5 1 0
github.com/comdex-official/comdex/x/cdp/types/events.pb.go:1337.18,1339.5 1 0
github.com/comdex-official/comdex/x/cdp/types/events.pb.go:1340.42,1342.5 1 0
github.com/comdex-official/comdex/x/cdp/types/events.pb.go:1343.28,1345.5 1 0
github.com/comdex-official/comdex/x/cdp/types/events.pb.go:1350.15,1352.3 1 0
github.com/comdex-official/comdex/x/cdp/types/events.pb.go:1355.55,1358.16 3 0
github.com/comdex-official/comdex/x/cdp/types/events.pb.go:1497.2,1497.15 1 0
github.com/comdex-official/comdex/x/cdp/types/events.pb.go:1500.2,1500.12 1 0
github.com/comdex-official/comdex/x/cdp/types/events.pb.go:1358.16,1361.38 3 0
github.com/comdex-official/comdex/x/cdp/types/events.pb.go:1375.3,1377.20 3 0
github.com/comdex-official/comdex/x/cdp/types/events.pb.go:1380.3,1380.20 1 0
github.com/comdex-official/comdex/x/cdp/types/events.pb.go:1383.3,1383.19 1 0
github.com/comdex-official/comdex/x/cdp/types/events.pb.go:1361.38,1362.19 1 0
github.com/comdex-official/comdex/x/cdp/types/events.pb.go:1365.4,1365.18 1 0
github.com/comdex-official/comdex/x/cdp/types/events.pb.go:1368.4,1371.16 4 0
github.com/comdex-official/comdex/x/cdp/types/events.pb.go:1362.19,1364.5 1 0
github.com/comdex-official/comdex/x/cdp/types/events.pb.go:1365.18,1367.5 1 0
github.com/comdex-official/comdex/x/cdp/types/events.pb.go:1371.16,1372.10 1 0
github.com/comdex-official/comdex/x/cdp/types/events.pb.go:1377.20,1379.4 1 0
github.com/comdex-official/comdex/x/cdp/types/events.pb.go:1380.20,1382.4 1 0
github.com/comdex-official/comdex/x/cdp/types/events.pb.go:1384.10,1385.21 1 0
github.com/comdex-official/comdex/x/cdp/types/events.pb.go:1388.4,1389.39 2 0
github.com/comdex-official/comdex/x/cdp/types/events.pb.go:1403.4,1404.24 2 0
github.com/comdex-official/comdex/x/cdp/types/events.pb.go:1407.4,1408.21 2 0
github.com/comdex-official/comdex/x/cdp/types/events.pb.go:1411.4,1411.21 1 0
github.com/comdex-official/comdex/x/cdp/types/events.pb.go:1414.4,1415.21 2 0
github.com/comdex-official/comdex/x/cdp/types/events.pb.go:1416.10,1417.21 1 0
github.com/comdex-official/comdex/x/cdp/types/events.pb.go:1420.4,1421.39 2 0
github.com/comdex-official/comdex/x/cdp/types/events.pb.go:1435.4,1436.24 2 0
github.com/comdex-official/comdex/x/cdp/types/events.pb.go:1439.4,1440.21 2 0
github.com/comdex-official/comdex/x/cdp/types/events.pb.go:1443.4,1443.21 1 0
github.com/comdex-official/comdex/x/cdp/types/events.pb.go:1446.4,1447.21 2 0
github.com/comdex-official/comdex/x/cdp/types/events.pb.go:1448.10,1449.21 1 0
github.com/comdex-official/comdex/x/cdp/types/events.pb.go:1452.4,1453.39 2 0
github.com/comdex-official/comdex/x/cdp/types/events.pb.go:1467.4,1467.18 1 0
github.com/comdex-official/comdex/x/cdp/types/events.pb.go:1470.4,1471.21 2 0
github.com/comdex-official/comdex/x/cdp/types/events.pb.go:1474.4,1474.21 1 0
github.com/comdex-official/comdex/x/cdp/types/events.pb.go:1477.4,1477.66 1 0
github.com/comdex-official/comdex/x/cdp/types/events.pb.go:1480.4,1480.21 1 0
github.com/comdex-official/comdex/x/cdp/types/events.pb.go:1481.11,1484.18 3 0
github.com/comdex-official/comdex/x/cdp/types/events.pb.go:1487.4,1487.42 1 0
github.com/comdex-official/comdex/x/cdp/types/events.pb.go:1490.4,1490.28 1 0
github.com/comdex-official/comdex/x/cdp/types/events.pb.go:1493.4,1493.19 1 0
github.com/comdex-official/comdex/x/cdp/types/events.pb.go:1385.21,1387.5 1 0
github.com/comdex-official/comdex/x/cdp/types/events.pb.go:1389.39,1390.20 1 0
github.com/comdex-official/comdex/x/cdp/types/events.pb.go:1393.5,1393.19 1 0
github.com/comdex-official/comdex/x/cdp/types/events.pb.go:1396.5,1399.17 4 0
github.com/comdex-official/comdex/x/cdp/types/events.pb.go:1390.20,1392.6 1 0
github.com/comdex-official/comdex/x/cdp/types/events.pb.go:1393.19,1395.6 1 0
github.com/comdex-official/comdex/x/cdp/types/events.pb.go:1399.17,1400.11 1 0
github.com/comdex-official/comdex/x/cdp/types/events.pb.go:1404.24,1406.5 1 0
github.com/comdex-official/comdex/x/cdp/types/events.pb.go:1408.21,1410.5 1 0
github.com/comdex-official/comdex/x/cdp/types/events.pb.go:1411.21,1413.5 1 0
github.com/comdex-official/comdex/x/cdp/types/events.pb.go:1417.21,1419.5 1 0
github.com/comdex-official/comdex/x/cdp/types/events.pb.go:1421.39,1422.20 1 0
github.com/comdex-official/comdex/x/cdp/types/events.pb.go:1425.5,1425.19 1 0
github.com/comdex-official/comdex/x/cdp/types/events.pb.go:1428.5,1431.17 4 0
github.com/comdex-official/comdex/x/cdp/types/events.pb.go:1422.20,1424.6 1 0
github.com/comdex-official/comdex/x/cdp/types/events.pb.go:1425.19,1427.6 1 0
github.com/comdex-official/comdex/x/cdp/types/events.pb.go:1431.17,1432.11 1 0
github.com/comdex-official/comdex/x/cdp/types/events.pb.go:1436.24,1438.5 1 0
github.com/comdex-official/comdex/x/cdp/types/events.pb.go:1440.21,1442.5 1 0
github.com/comdex-official/comdex/x/cdp/types/events.pb.go:1443.21,1445.5 1 0
github.com/comdex-official/comdex/x/cdp/types/events.pb.go:1449.21,1451.5 1 0
github.com/comdex-official/comdex/x/cdp/types/events.pb.go:1453.39,1454.20 1 0
github.com/comdex-official/comdex/x/cdp/types/events.pb.go:1457.5,1457.19 1 0
github.com/comdex-official/comdex/x/cdp/types/events.pb.go:1460.5,1463.17 4 0
github.com/comdex-official/comdex/x/cdp/types/events.pb.go:1454.20,1456.6 1 0
github.com/comdex-official/comdex/x/cdp/types/events.pb.go:1457.19,1459.6 1 0
github.com/comdex-official/comdex/x/cdp/types/events.pb.go:1463.17,1464.11 1 0
github.com/comdex-official/comdex/x/cdp/types/events.pb.go:1467.18,1469.5 1 0
github.com/comdex-official/comdex/x/cdp/types/events.pb.go:1471.21,1473.5 1 0
github.com/comdex-official/comdex/x/cdp/types/events.pb.go:1474.21,1476.5 1 0
github.com/comdex-official/comdex/x/cdp/types/events.pb.go:1477.66,1479.5 1 0
github.com/comdex-official/comdex/x/cdp/types/events.pb.go:1484.18,1486.5 1 0
github.com/comdex-official/comdex/x/cdp/types/events.pb.go:1487.42,1489.5 1 0
github.com/comdex-official/comdex/x/cdp/types/events.pb.go:1490.28,1492.5 1 0
github.com/comdex-official/comdex/x/cdp/types/events.pb.go:1497.15,1499.3 1 0
github.com/comdex-official/comdex/x/cdp/types/events.pb.go:1502.58,1505.16 3 0
github.com/comdex-official/comdex/x/cdp/types/events.pb.go:1611.2,1611.15 1 0
github.com/comdex-official/comdex/x/cdp/types/events.pb.go:1614.2,1614.12 1 0
github.com/comdex-official/comdex/x/cdp/types/events.pb.go:1505.16,1508.38 3 0
github.com/comdex-official/comdex/x/cdp/types/events.pb.go:1522.3,1524.20 3 0
github.com/comdex-official/comdex/x/cdp/types/events.pb.go:1527.3,1527.20 1 0
github.com/comdex-official/comdex/x/cdp/types/events.pb.go:1530.3,1530.19 1 0
github.com/comdex-official/comdex/x/cdp/types/events.pb.go:1508.38,1509.19 1 0
github.com/comdex-official/comdex/x/cdp/types/events.pb.go:1512.4,1512.18 1 0
github.com/comdex-official/comdex/x/cdp/types/events.pb.go:1515.4,1518.16 4 0
github.com/comdex-official/comdex/x/cdp/types/events.pb.go:1509.19,1511.5 1 0
github.com/comdex-official/comdex/x/cdp/types/events.pb.go:1512.18,1514.5 1 0
github.com/comdex-official/comdex/x/cdp/types/events.pb.go:1518.16,1519.10 1 0
github.com/comdex-official/comdex/x/cdp/types/events.pb.go:1524.20,1526.4 1 0
github.com/comdex-official/comdex/x/cdp/types/events.pb.go:1527.20,1529.4 1 0
github.com/comdex-official/comdex/x/cdp/types/events.pb.go:1531.10,1532.21 1 0
github.com/comdex-official/comdex/x/cdp/types/events.pb.go:1535.4,1536.39 2 0
github.com/comdex-official/comdex/x/cdp/types/events.pb.go:1550.4,1551.24 2 0
github.com/comdex-official/comdex/x/cdp/types/events.pb.go:1554.4,1555.21 2 0
github.com/comdex-official/comdex/x/cdp/types/events.pb.go:1558.4,1558.21 1 0
github.com/comdex-official/comdex/x/cdp/types/events.pb.go:1561.4,1562.21 2 0
github.com/comdex-official/comdex/x/cdp/types/events.pb.go:1563.10,1564.21 1 0
github.com/comdex-official/comdex/x/cdp/types/events.pb.go:1567.4,1568.39 2 0
github.com/comdex-official/comdex/x/cdp/types/events.pb.go:1582.4,1583.24 2 0
github.com/comdex-official/comdex/x/cdp/types/events.pb.go:1586.4,1587.21 2 0
github.com/comdex-official/comdex/x/cdp/types/events.pb.go:1590.4,1590.21 1 0
github.com/comdex-official/comdex/x/cdp/types/events.pb.go:1593.4,1594.21 2 0
github.com/comdex-official/comdex/x/cdp/types/events.pb.go:1595.11,1598.18 3 0
github.com/comdex-official/comdex/x/cdp/types/events.pb.go:1601.4,1601.42 1 0
github.com/comdex-official/comdex/x/cdp/types/events.pb.go:1604.4,1604.28 1 0
github.com/comdex-official/comdex/x/cdp/types/events.pb.go:1607.4,1607.19 1 0
github.com/comdex-official/comdex/x/cdp/types/events.pb.go:1532.21,1534.5 1 0
github.com/comdex-official/comdex/x/cdp/types/events.pb.go:1536.39,1537.20 1 0
github.com/comdex-official/comdex/x/cdp/types/events.pb.go:1540.5,1540.19 1 0
github.com/comdex-official/comdex/x/cdp/types/events.pb.go:1543.5,1546.17 4 0
github.com/comdex-official/comdex/x/cdp/types/events.pb.go:1537.20,1539.6 1 0
github.com/comdex-official/comdex/x/cdp/types/events.pb.go:1540.19,1542.6 1 0
github.com/comdex-official/comdex/x/cdp/types/events.pb.go:1546.17,1547.11 1 0
github.com/comdex-official/comdex/x/cdp/types/events.pb.go:1551.24,1553.5 1 0
github.com/comdex-official/comdex/x/cdp/types/events.pb.go:1555.21,1557.5 1 0
github.com/comdex-official/comdex/x/cdp/types/events.pb.go:1558.21,1560.5 1 0
github.com/comdex-official/comdex/x/cdp/types/events.pb.go:1564.21,1566.5 1 0
github.com/comdex-official/comdex/x/cdp/types/events.pb.go:1568.39,1569.20 1 0
github.com/comdex-official/comdex/x/cdp/types/events.pb.go:1572.5,1572.19 1 0
github.com/comdex-official/comdex/x/cdp/types/events.pb.go:1575.5,1578.17 4 0
github.com/comdex-official/comdex/x/cdp/types/events.pb.go:1569.20,1571.6 1 0
github.com/comdex-official/comdex/x/cdp/types/events.pb.go:1572.19,1574.6 1 0
github.com/comdex-official/comdex/x/cdp/types/events.pb.go:1578.17,1579.11 1 0
github.com/comdex-official/comdex/x/cdp/types/events.pb.go:1583.24,1585.5 1 0
github.com/comdex-official/comdex/x/cdp/types/events.pb.go:1587.21,1589.5 1 0
github.com/comdex-official/comdex/x/cdp/types/events.pb.go:1590.21,1592.5 1 0
github.com/comdex-official/comdex/x/cdp/types/events.pb.go:1598.18,1600.5 1 0
github.com/comdex-official/comdex/x/cdp/types/events.pb.go:1601.42,1603.5 1 0
github.com/comdex-official/comdex/x/cdp/types/events.pb.go:1604.28,1606.5 1 0
github.com/comdex-official/comdex/x/cdp/types/events.pb.go:1611.15,1613.3 1 0
github.com/comdex-official/comdex/x/cdp/types/events.pb.go:1616.49,1620.16 4 0
github.com/comdex-official/comdex/x/cdp/types/events.pb.go:1692.2,1692.31 1 0
github.com/comdex-official/comdex/x/cdp/types/events.pb.go:1620.16,1622.38 2 0
github.com/comdex-official/comdex/x/cdp/types/events.pb.go:1636.3,1637.19 2 0
github.com/comdex-official/comdex/x/cdp/types/events.pb.go:1685.3,1685.16 1 0
github.com/comdex-official/comdex/x/cdp/types/events.pb.go:1688.3,1688.17 1 0
github.com/comdex-official/comdex/x/cdp/types/events.pb.go:1622.38,1623.19 1 0
github.com/comdex-official/comdex/x/cdp/types/events.pb.go:1626.4,1626.18 1 0
github.com/comdex-official/comdex/x/cdp/types/events.pb.go:1629.4,1632.16 4 0
github.com/comdex-official/comdex/x/cdp/types/events.pb.go:1623.19,1625.5 1 0
github.com/comdex-official/comdex/x/cdp/types/events.pb.go:1626.18,1628.5 1 0
github.com/comdex-official/comdex/x/cdp/types/events.pb.go:1632.16,1633.10 1 0
github.com/comdex-official/comdex/x/cdp/types/events.pb.go:1638.10,1639.39 1 0
github.com/comdex-official/comdex/x/cdp/types/events.pb.go:1651.10,1652.14 1 0
github.com/comdex-official/comdex/x/cdp/types/events.pb.go:1653.10,1655.39 2 0
github.com/comdex-official/comdex/x/cdp/types/events.pb.go:1669.4,1669.18 1 0
github.com/comdex-official/comdex/x/cdp/types/events.pb.go:1672.4,1672.19 1 0
github.com/comdex-official/comdex/x/cdp/types/events.pb.go:1673.10,1674.11 1 0
github.com/comdex-official/comdex/x/cdp/types/events.pb.go:1675.10,1676.18 1 0
github.com/comdex-official/comdex/x/cdp/types/events.pb.go:1679.4,1679.11 1 0
github.com/comdex-official/comdex/x/cdp/types/events.pb.go:1680.10,1681.14 1 0
github.com/comdex-official/comdex/x/cdp/types/events.pb.go:1682.11,1683.64 1 0
github.com/comdex-official/comdex/x/cdp/types/events.pb.go:1639.39,1640.20 1 0
github.com/comdex-official/comdex/x/cdp/types/events.pb.go:1643.5,1643.19 1 0
github.com/comdex-official/comdex/x/cdp/types/events.pb.go:1646.5,1647.29 2 0
github.com/comdex-official/comdex/x/cdp/types/events.pb.go:1640.20,1642.6 1 0
github.com/comdex-official/comdex/x/cdp/types/events.pb.go:1643.19,1645.6 1 0
github.com/comdex-official/comdex/x/cdp/types/events.pb.go:1647.29,1648.11 1 0
github.com/comdex-official/comdex/x/cdp/types/events.pb.go:1655.39,1656.20 1 0
github.com/comdex-official/comdex/x/cdp/types/events.pb.go:1659.5,1659.19 1 0
github.com/comdex-official/comdex/x/cdp/types/events.pb.go:1662.5,1665.17 4 0
github.com/comdex-official/comdex/x/cdp/types/events.pb.go:1656.20,1658.6 1 0
github.com/comdex-official/comdex/x/cdp/types/events.pb.go:1659.19,1661.6 1 0
github.com/comdex-official/comdex/x/cdp/types/events.pb.go:1665.17,1666.11 1 0
github.com/comdex-official/comdex/x/cdp/types/events.pb.go:1669.18,1671.5 1 0
github.com/comdex-official/comdex/x/cdp/types/events.pb.go:1676.18,1678.5 1 0
github.com/comdex-official/comdex/x/cdp/types/events.pb.go:1685.16,1687.4 1 0
github.com/comdex-official/comdex/x/cdp/types/events.pb.go:1688.17,1690.4 1 0
