mode: set
github.com/comdex-official/comdex/simapp/genesis.go:20.127,22.16 2 0
github.com/comdex-official/comdex/simapp/genesis.go:26.2,29.16 3 0
github.com/comdex-official/comdex/simapp/genesis.go:33.2,35.16 3 0
github.com/comdex-official/comdex/simapp/genesis.go:39.2,40.43 2 0
github.com/comdex-official/comdex/simapp/genesis.go:44.2,45.43 2 0
github.com/comdex-official/comdex/simapp/genesis.go:66.2,66.25 1 0
github.com/comdex-official/comdex/simapp/genesis.go:22.16,23.13 1 0
github.com/comdex-official/comdex/simapp/genesis.go:29.16,30.13 1 0
github.com/comdex-official/comdex/simapp/genesis.go:35.16,36.13 1 0
github.com/comdex-official/comdex/simapp/genesis.go:40.43,42.3 1 0
github.com/comdex-official/comdex/simapp/genesis.go:45.43,50.48 2 0
github.com/comdex-official/comdex/simapp/genesis.go:54.3,57.10 3 0
github.com/comdex-official/comdex/simapp/genesis.go:62.3,63.22 2 0
github.com/comdex-official/comdex/simapp/genesis.go:50.48,51.14 1 0
github.com/comdex-official/comdex/simapp/genesis.go:57.10,58.29 1 0
github.com/comdex-official/comdex/simapp/state.go:25.96,27.103 1 1
github.com/comdex-official/comdex/simapp/state.go:27.103,29.42 1 1
github.com/comdex-official/comdex/simapp/state.go:35.3,36.10 2 1
github.com/comdex-official/comdex/simapp/state.go:71.3,73.17 3 1
github.com/comdex-official/comdex/simapp/state.go:77.3,78.10 2 1
github.com/comdex-official/comdex/simapp/state.go:82.3,84.17 3 1
github.com/comdex-official/comdex/simapp/state.go:88.3,89.47 2 1
github.com/comdex-official/comdex/simapp/state.go:95.3,99.10 3 1
github.com/comdex-official/comdex/simapp/state.go:102.3,104.17 3 1
github.com/comdex-official/comdex/simapp/state.go:108.3,110.46 3 1
github.com/comdex-official/comdex/simapp/state.go:116.3,116.13 1 1
github.com/comdex-official/comdex/simapp/state.go:124.3,129.17 4 1
github.com/comdex-official/comdex/simapp/state.go:133.3,133.54 1 1
github.com/comdex-official/comdex/simapp/state.go:29.42,31.4 1 1
github.com/comdex-official/comdex/simapp/state.go:31.9,33.4 1 0
github.com/comdex-official/comdex/simapp/state.go:37.60,38.65 1 0
github.com/comdex-official/comdex/simapp/state.go:40.33,44.43 2 0
github.com/comdex-official/comdex/simapp/state.go:49.4,51.22 3 0
github.com/comdex-official/comdex/simapp/state.go:53.32,56.18 3 0
github.com/comdex-official/comdex/simapp/state.go:60.4,61.18 2 0
github.com/comdex-official/comdex/simapp/state.go:64.4,64.99 1 0
github.com/comdex-official/comdex/simapp/state.go:66.11,68.99 2 1
github.com/comdex-official/comdex/simapp/state.go:44.43,47.5 1 0
github.com/comdex-official/comdex/simapp/state.go:56.18,57.15 1 0
github.com/comdex-official/comdex/simapp/state.go:61.18,62.15 1 0
github.com/comdex-official/comdex/simapp/state.go:73.17,74.14 1 0
github.com/comdex-official/comdex/simapp/state.go:78.10,79.45 1 0
github.com/comdex-official/comdex/simapp/state.go:84.17,85.14 1 0
github.com/comdex-official/comdex/simapp/state.go:89.47,90.43 1 1
github.com/comdex-official/comdex/simapp/state.go:93.4,93.58 1 1
github.com/comdex-official/comdex/simapp/state.go:90.43,91.13 1 0
github.com/comdex-official/comdex/simapp/state.go:99.10,100.42 1 0
github.com/comdex-official/comdex/simapp/state.go:104.17,105.14 1 0
github.com/comdex-official/comdex/simapp/state.go:110.46,111.38 1 1
github.com/comdex-official/comdex/simapp/state.go:111.38,113.10 2 0
github.com/comdex-official/comdex/simapp/state.go:116.13,121.4 1 1
github.com/comdex-official/comdex/simapp/state.go:129.17,130.14 1 0
github.com/comdex-official/comdex/simapp/state.go:142.41,151.22 4 1
github.com/comdex-official/comdex/simapp/state.go:153.2,155.22 1 1
github.com/comdex-official/comdex/simapp/state.go:158.2,158.34 1 1
github.com/comdex-official/comdex/simapp/state.go:162.2,185.16 5 1
github.com/comdex-official/comdex/simapp/state.go:189.2,189.23 1 1
github.com/comdex-official/comdex/simapp/state.go:151.22,151.55 1 1
github.com/comdex-official/comdex/simapp/state.go:155.22,155.65 1 1
github.com/comdex-official/comdex/simapp/state.go:158.34,160.3 1 0
github.com/comdex-official/comdex/simapp/state.go:185.16,186.13 1 0
