mode: set
github.com/comdex-official/comdex/x/asset/types/oracle.go:11.35,12.20 1 1
github.com/comdex-official/comdex/x/asset/types/oracle.go:15.2,15.43 1 1
github.com/comdex-official/comdex/x/asset/types/oracle.go:18.2,18.21 1 1
github.com/comdex-official/comdex/x/asset/types/oracle.go:22.2,22.12 1 1
github.com/comdex-official/comdex/x/asset/types/oracle.go:12.20,14.3 1 1
github.com/comdex-official/comdex/x/asset/types/oracle.go:15.43,17.3 1 1
github.com/comdex-official/comdex/x/asset/types/oracle.go:18.21,20.3 1 1
github.com/comdex-official/comdex/x/asset/types/oracle.pb.go:31.34,31.51 1 0
github.com/comdex-official/comdex/x/asset/types/oracle.pb.go:32.34,32.71 1 0
github.com/comdex-official/comdex/x/asset/types/oracle.pb.go:33.35,33.36 0 0
github.com/comdex-official/comdex/x/asset/types/oracle.pb.go:34.45,36.2 1 0
github.com/comdex-official/comdex/x/asset/types/oracle.pb.go:37.48,39.2 1 0
github.com/comdex-official/comdex/x/asset/types/oracle.pb.go:40.76,41.19 1 0
github.com/comdex-official/comdex/x/asset/types/oracle.pb.go:41.19,43.3 1 0
github.com/comdex-official/comdex/x/asset/types/oracle.pb.go:43.8,46.17 3 0
github.com/comdex-official/comdex/x/asset/types/oracle.pb.go:49.3,49.20 1 0
github.com/comdex-official/comdex/x/asset/types/oracle.pb.go:46.17,48.4 1 0
github.com/comdex-official/comdex/x/asset/types/oracle.pb.go:52.47,54.2 1 0
github.com/comdex-official/comdex/x/asset/types/oracle.pb.go:55.33,57.2 1 0
github.com/comdex-official/comdex/x/asset/types/oracle.pb.go:58.39,60.2 1 0
github.com/comdex-official/comdex/x/asset/types/oracle.pb.go:69.36,69.55 1 0
github.com/comdex-official/comdex/x/asset/types/oracle.pb.go:70.36,70.73 1 0
github.com/comdex-official/comdex/x/asset/types/oracle.pb.go:71.37,71.38 0 0
github.com/comdex-official/comdex/x/asset/types/oracle.pb.go:72.47,74.2 1 0
github.com/comdex-official/comdex/x/asset/types/oracle.pb.go:75.50,77.2 1 0
github.com/comdex-official/comdex/x/asset/types/oracle.pb.go:78.78,79.19 1 0
github.com/comdex-official/comdex/x/asset/types/oracle.pb.go:79.19,81.3 1 0
github.com/comdex-official/comdex/x/asset/types/oracle.pb.go:81.8,84.17 3 0
github.com/comdex-official/comdex/x/asset/types/oracle.pb.go:87.3,87.20 1 0
github.com/comdex-official/comdex/x/asset/types/oracle.pb.go:84.17,86.4 1 0
github.com/comdex-official/comdex/x/asset/types/oracle.pb.go:90.49,92.2 1 0
github.com/comdex-official/comdex/x/asset/types/oracle.pb.go:93.35,95.2 1 0
github.com/comdex-official/comdex/x/asset/types/oracle.pb.go:96.41,98.2 1 0
github.com/comdex-official/comdex/x/asset/types/oracle.pb.go:106.34,106.51 1 0
github.com/comdex-official/comdex/x/asset/types/oracle.pb.go:107.34,107.71 1 0
github.com/comdex-official/comdex/x/asset/types/oracle.pb.go:108.35,108.36 0 0
github.com/comdex-official/comdex/x/asset/types/oracle.pb.go:109.45,111.2 1 0
github.com/comdex-official/comdex/x/asset/types/oracle.pb.go:112.48,114.2 1 0
github.com/comdex-official/comdex/x/asset/types/oracle.pb.go:115.76,116.19 1 0
github.com/comdex-official/comdex/x/asset/types/oracle.pb.go:116.19,118.3 1 0
github.com/comdex-official/comdex/x/asset/types/oracle.pb.go:118.8,121.17 3 0
github.com/comdex-official/comdex/x/asset/types/oracle.pb.go:124.3,124.20 1 0
github.com/comdex-official/comdex/x/asset/types/oracle.pb.go:121.17,123.4 1 0
github.com/comdex-official/comdex/x/asset/types/oracle.pb.go:127.47,129.2 1 0
github.com/comdex-official/comdex/x/asset/types/oracle.pb.go:130.33,132.2 1 0
github.com/comdex-official/comdex/x/asset/types/oracle.pb.go:133.39,135.2 1 0
github.com/comdex-official/comdex/x/asset/types/oracle.pb.go:139.13,143.2 3 1
github.com/comdex-official/comdex/x/asset/types/oracle.pb.go:145.13,145.105 1 1
github.com/comdex-official/comdex/x/asset/types/oracle.pb.go:173.53,177.16 4 0
github.com/comdex-official/comdex/x/asset/types/oracle.pb.go:180.2,180.22 1 0
github.com/comdex-official/comdex/x/asset/types/oracle.pb.go:177.16,179.3 1 0
github.com/comdex-official/comdex/x/asset/types/oracle.pb.go:183.54,186.2 2 0
github.com/comdex-official/comdex/x/asset/types/oracle.pb.go:188.65,193.21 5 0
github.com/comdex-official/comdex/x/asset/types/oracle.pb.go:198.2,198.23 1 0
github.com/comdex-official/comdex/x/asset/types/oracle.pb.go:205.2,205.27 1 0
github.com/comdex-official/comdex/x/asset/types/oracle.pb.go:193.21,197.3 3 0
github.com/comdex-official/comdex/x/asset/types/oracle.pb.go:198.23,204.3 5 0
github.com/comdex-official/comdex/x/asset/types/oracle.pb.go:208.55,212.16 4 0
github.com/comdex-official/comdex/x/asset/types/oracle.pb.go:215.2,215.22 1 0
github.com/comdex-official/comdex/x/asset/types/oracle.pb.go:212.16,214.3 1 0
github.com/comdex-official/comdex/x/asset/types/oracle.pb.go:218.56,221.2 2 0
github.com/comdex-official/comdex/x/asset/types/oracle.pb.go:223.67,228.23 5 0
github.com/comdex-official/comdex/x/asset/types/oracle.pb.go:233.2,233.24 1 0
github.com/comdex-official/comdex/x/asset/types/oracle.pb.go:242.2,242.27 1 0
github.com/comdex-official/comdex/x/asset/types/oracle.pb.go:228.23,232.3 3 0
github.com/comdex-official/comdex/x/asset/types/oracle.pb.go:233.24,234.56 1 0
github.com/comdex-official/comdex/x/asset/types/oracle.pb.go:234.56,240.4 5 0
github.com/comdex-official/comdex/x/asset/types/oracle.pb.go:245.53,249.16 4 0
github.com/comdex-official/comdex/x/asset/types/oracle.pb.go:252.2,252.22 1 0
github.com/comdex-official/comdex/x/asset/types/oracle.pb.go:249.16,251.3 1 0
github.com/comdex-official/comdex/x/asset/types/oracle.pb.go:255.54,258.2 2 0
github.com/comdex-official/comdex/x/asset/types/oracle.pb.go:260.65,265.22 5 0
github.com/comdex-official/comdex/x/asset/types/oracle.pb.go:283.2,283.27 1 0
github.com/comdex-official/comdex/x/asset/types/oracle.pb.go:265.22,268.31 3 0
github.com/comdex-official/comdex/x/asset/types/oracle.pb.go:277.3,281.16 5 0
github.com/comdex-official/comdex/x/asset/types/oracle.pb.go:268.31,269.20 1 0
github.com/comdex-official/comdex/x/asset/types/oracle.pb.go:274.4,275.8 2 0
github.com/comdex-official/comdex/x/asset/types/oracle.pb.go:269.20,273.5 3 0
github.com/comdex-official/comdex/x/asset/types/oracle.pb.go:286.64,289.16 3 0
github.com/comdex-official/comdex/x/asset/types/oracle.pb.go:294.2,295.13 2 0
github.com/comdex-official/comdex/x/asset/types/oracle.pb.go:289.16,293.3 3 0
github.com/comdex-official/comdex/x/asset/types/oracle.pb.go:297.33,298.14 1 0
github.com/comdex-official/comdex/x/asset/types/oracle.pb.go:301.2,304.11 4 0
github.com/comdex-official/comdex/x/asset/types/oracle.pb.go:307.2,307.21 1 0
github.com/comdex-official/comdex/x/asset/types/oracle.pb.go:310.2,310.10 1 0
github.com/comdex-official/comdex/x/asset/types/oracle.pb.go:298.14,300.3 1 0
github.com/comdex-official/comdex/x/asset/types/oracle.pb.go:304.11,306.3 1 0
github.com/comdex-official/comdex/x/asset/types/oracle.pb.go:307.21,309.3 1 0
github.com/comdex-official/comdex/x/asset/types/oracle.pb.go:313.35,314.14 1 0
github.com/comdex-official/comdex/x/asset/types/oracle.pb.go:317.2,319.24 3 0
github.com/comdex-official/comdex/x/asset/types/oracle.pb.go:325.2,325.23 1 0
github.com/comdex-official/comdex/x/asset/types/oracle.pb.go:328.2,328.10 1 0
github.com/comdex-official/comdex/x/asset/types/oracle.pb.go:314.14,316.3 1 0
github.com/comdex-official/comdex/x/asset/types/oracle.pb.go:319.24,320.31 1 0
github.com/comdex-official/comdex/x/asset/types/oracle.pb.go:320.31,323.4 2 0
github.com/comdex-official/comdex/x/asset/types/oracle.pb.go:325.23,327.3 1 0
github.com/comdex-official/comdex/x/asset/types/oracle.pb.go:331.33,332.14 1 0
github.com/comdex-official/comdex/x/asset/types/oracle.pb.go:335.2,337.22 3 0
github.com/comdex-official/comdex/x/asset/types/oracle.pb.go:344.2,344.10 1 0
github.com/comdex-official/comdex/x/asset/types/oracle.pb.go:332.14,334.3 1 0
github.com/comdex-official/comdex/x/asset/types/oracle.pb.go:337.22,339.29 2 0
github.com/comdex-official/comdex/x/asset/types/oracle.pb.go:342.3,342.36 1 0
github.com/comdex-official/comdex/x/asset/types/oracle.pb.go:339.29,341.4 1 0
github.com/comdex-official/comdex/x/asset/types/oracle.pb.go:347.34,349.2 1 0
github.com/comdex-official/comdex/x/asset/types/oracle.pb.go:350.34,352.2 1 0
github.com/comdex-official/comdex/x/asset/types/oracle.pb.go:353.47,356.16 3 0
github.com/comdex-official/comdex/x/asset/types/oracle.pb.go:449.2,449.15 1 0
github.com/comdex-official/comdex/x/asset/types/oracle.pb.go:452.2,452.12 1 0
github.com/comdex-official/comdex/x/asset/types/oracle.pb.go:356.16,359.38 3 0
github.com/comdex-official/comdex/x/asset/types/oracle.pb.go:373.3,375.20 3 0
github.com/comdex-official/comdex/x/asset/types/oracle.pb.go:378.3,378.20 1 0
github.com/comdex-official/comdex/x/asset/types/oracle.pb.go:381.3,381.19 1 0
github.com/comdex-official/comdex/x/asset/types/oracle.pb.go:359.38,360.19 1 0
github.com/comdex-official/comdex/x/asset/types/oracle.pb.go:363.4,363.18 1 0
github.com/comdex-official/comdex/x/asset/types/oracle.pb.go:366.4,369.16 4 0
github.com/comdex-official/comdex/x/asset/types/oracle.pb.go:360.19,362.5 1 0
github.com/comdex-official/comdex/x/asset/types/oracle.pb.go:363.18,365.5 1 0
github.com/comdex-official/comdex/x/asset/types/oracle.pb.go:369.16,370.10 1 0
github.com/comdex-official/comdex/x/asset/types/oracle.pb.go:375.20,377.4 1 0
github.com/comdex-official/comdex/x/asset/types/oracle.pb.go:378.20,380.4 1 0
github.com/comdex-official/comdex/x/asset/types/oracle.pb.go:382.10,383.21 1 0
github.com/comdex-official/comdex/x/asset/types/oracle.pb.go:386.4,387.39 2 0
github.com/comdex-official/comdex/x/asset/types/oracle.pb.go:401.4,402.24 2 0
github.com/comdex-official/comdex/x/asset/types/oracle.pb.go:405.4,406.21 2 0
github.com/comdex-official/comdex/x/asset/types/oracle.pb.go:409.4,409.21 1 0
github.com/comdex-official/comdex/x/asset/types/oracle.pb.go:412.4,413.21 2 0
github.com/comdex-official/comdex/x/asset/types/oracle.pb.go:414.10,415.21 1 0
github.com/comdex-official/comdex/x/asset/types/oracle.pb.go:418.4,419.39 2 0
github.com/comdex-official/comdex/x/asset/types/oracle.pb.go:433.11,436.18 3 0
github.com/comdex-official/comdex/x/asset/types/oracle.pb.go:439.4,439.42 1 0
github.com/comdex-official/comdex/x/asset/types/oracle.pb.go:442.4,442.28 1 0
github.com/comdex-official/comdex/x/asset/types/oracle.pb.go:445.4,445.19 1 0
github.com/comdex-official/comdex/x/asset/types/oracle.pb.go:383.21,385.5 1 0
github.com/comdex-official/comdex/x/asset/types/oracle.pb.go:387.39,388.20 1 0
github.com/comdex-official/comdex/x/asset/types/oracle.pb.go:391.5,391.19 1 0
github.com/comdex-official/comdex/x/asset/types/oracle.pb.go:394.5,397.17 4 0
github.com/comdex-official/comdex/x/asset/types/oracle.pb.go:388.20,390.6 1 0
github.com/comdex-official/comdex/x/asset/types/oracle.pb.go:391.19,393.6 1 0
github.com/comdex-official/comdex/x/asset/types/oracle.pb.go:397.17,398.11 1 0
github.com/comdex-official/comdex/x/asset/types/oracle.pb.go:402.24,404.5 1 0
github.com/comdex-official/comdex/x/asset/types/oracle.pb.go:406.21,408.5 1 0
github.com/comdex-official/comdex/x/asset/types/oracle.pb.go:409.21,411.5 1 0
github.com/comdex-official/comdex/x/asset/types/oracle.pb.go:415.21,417.5 1 0
github.com/comdex-official/comdex/x/asset/types/oracle.pb.go:419.39,420.20 1 0
github.com/comdex-official/comdex/x/asset/types/oracle.pb.go:423.5,423.19 1 0
github.com/comdex-official/comdex/x/asset/types/oracle.pb.go:426.5,429.17 4 0
github.com/comdex-official/comdex/x/asset/types/oracle.pb.go:420.20,422.6 1 0
github.com/comdex-official/comdex/x/asset/types/oracle.pb.go:423.19,425.6 1 0
github.com/comdex-official/comdex/x/asset/types/oracle.pb.go:429.17,430.11 1 0
github.com/comdex-official/comdex/x/asset/types/oracle.pb.go:436.18,438.5 1 0
github.com/comdex-official/comdex/x/asset/types/oracle.pb.go:439.42,441.5 1 0
github.com/comdex-official/comdex/x/asset/types/oracle.pb.go:442.28,444.5 1 0
github.com/comdex-official/comdex/x/asset/types/oracle.pb.go:449.15,451.3 1 0
github.com/comdex-official/comdex/x/asset/types/oracle.pb.go:454.49,457.16 3 0
github.com/comdex-official/comdex/x/asset/types/oracle.pb.go:550.2,550.15 1 0
github.com/comdex-official/comdex/x/asset/types/oracle.pb.go:553.2,553.12 1 0
github.com/comdex-official/comdex/x/asset/types/oracle.pb.go:457.16,460.38 3 0
github.com/comdex-official/comdex/x/asset/types/oracle.pb.go:474.3,476.20 3 0
github.com/comdex-official/comdex/x/asset/types/oracle.pb.go:479.3,479.20 1 0
github.com/comdex-official/comdex/x/asset/types/oracle.pb.go:482.3,482.19 1 0
github.com/comdex-official/comdex/x/asset/types/oracle.pb.go:460.38,461.19 1 0
github.com/comdex-official/comdex/x/asset/types/oracle.pb.go:464.4,464.18 1 0
github.com/comdex-official/comdex/x/asset/types/oracle.pb.go:467.4,470.16 4 0
github.com/comdex-official/comdex/x/asset/types/oracle.pb.go:461.19,463.5 1 0
github.com/comdex-official/comdex/x/asset/types/oracle.pb.go:464.18,466.5 1 0
github.com/comdex-official/comdex/x/asset/types/oracle.pb.go:470.16,471.10 1 0
github.com/comdex-official/comdex/x/asset/types/oracle.pb.go:476.20,478.4 1 0
github.com/comdex-official/comdex/x/asset/types/oracle.pb.go:479.20,481.4 1 0
github.com/comdex-official/comdex/x/asset/types/oracle.pb.go:483.10,484.21 1 0
github.com/comdex-official/comdex/x/asset/types/oracle.pb.go:487.4,488.39 2 0
github.com/comdex-official/comdex/x/asset/types/oracle.pb.go:502.4,503.24 2 0
github.com/comdex-official/comdex/x/asset/types/oracle.pb.go:506.4,507.21 2 0
github.com/comdex-official/comdex/x/asset/types/oracle.pb.go:510.4,510.21 1 0
github.com/comdex-official/comdex/x/asset/types/oracle.pb.go:513.4,514.21 2 0
github.com/comdex-official/comdex/x/asset/types/oracle.pb.go:515.10,516.21 1 0
github.com/comdex-official/comdex/x/asset/types/oracle.pb.go:519.4,520.39 2 0
github.com/comdex-official/comdex/x/asset/types/oracle.pb.go:534.11,537.18 3 0
github.com/comdex-official/comdex/x/asset/types/oracle.pb.go:540.4,540.42 1 0
github.com/comdex-official/comdex/x/asset/types/oracle.pb.go:543.4,543.28 1 0
github.com/comdex-official/comdex/x/asset/types/oracle.pb.go:546.4,546.19 1 0
github.com/comdex-official/comdex/x/asset/types/oracle.pb.go:484.21,486.5 1 0
github.com/comdex-official/comdex/x/asset/types/oracle.pb.go:488.39,489.20 1 0
github.com/comdex-official/comdex/x/asset/types/oracle.pb.go:492.5,492.19 1 0
github.com/comdex-official/comdex/x/asset/types/oracle.pb.go:495.5,498.17 4 0
github.com/comdex-official/comdex/x/asset/types/oracle.pb.go:489.20,491.6 1 0
github.com/comdex-official/comdex/x/asset/types/oracle.pb.go:492.19,494.6 1 0
github.com/comdex-official/comdex/x/asset/types/oracle.pb.go:498.17,499.11 1 0
github.com/comdex-official/comdex/x/asset/types/oracle.pb.go:503.24,505.5 1 0
github.com/comdex-official/comdex/x/asset/types/oracle.pb.go:507.21,509.5 1 0
github.com/comdex-official/comdex/x/asset/types/oracle.pb.go:510.21,512.5 1 0
github.com/comdex-official/comdex/x/asset/types/oracle.pb.go:516.21,518.5 1 0
github.com/comdex-official/comdex/x/asset/types/oracle.pb.go:520.39,521.20 1 0
github.com/comdex-official/comdex/x/asset/types/oracle.pb.go:524.5,524.19 1 0
github.com/comdex-official/comdex/x/asset/types/oracle.pb.go:527.5,530.17 4 0
github.com/comdex-official/comdex/x/asset/types/oracle.pb.go:521.20,523.6 1 0
github.com/comdex-official/comdex/x/asset/types/oracle.pb.go:524.19,526.6 1 0
github.com/comdex-official/comdex/x/asset/types/oracle.pb.go:530.17,531.11 1 0
github.com/comdex-official/comdex/x/asset/types/oracle.pb.go:537.18,539.5 1 0
github.com/comdex-official/comdex/x/asset/types/oracle.pb.go:540.42,542.5 1 0
github.com/comdex-official/comdex/x/asset/types/oracle.pb.go:543.28,545.5 1 0
github.com/comdex-official/comdex/x/asset/types/oracle.pb.go:550.15,552.3 1 0
github.com/comdex-official/comdex/x/asset/types/oracle.pb.go:555.47,558.16 3 0
github.com/comdex-official/comdex/x/asset/types/oracle.pb.go:676.2,676.15 1 0
github.com/comdex-official/comdex/x/asset/types/oracle.pb.go:679.2,679.12 1 0
github.com/comdex-official/comdex/x/asset/types/oracle.pb.go:558.16,561.38 3 0
github.com/comdex-official/comdex/x/asset/types/oracle.pb.go:575.3,577.20 3 0
github.com/comdex-official/comdex/x/asset/types/oracle.pb.go:580.3,580.20 1 0
github.com/comdex-official/comdex/x/asset/types/oracle.pb.go:583.3,583.19 1 0
github.com/comdex-official/comdex/x/asset/types/oracle.pb.go:561.38,562.19 1 0
github.com/comdex-official/comdex/x/asset/types/oracle.pb.go:565.4,565.18 1 0
github.com/comdex-official/comdex/x/asset/types/oracle.pb.go:568.4,571.16 4 0
github.com/comdex-official/comdex/x/asset/types/oracle.pb.go:562.19,564.5 1 0
github.com/comdex-official/comdex/x/asset/types/oracle.pb.go:565.18,567.5 1 0
github.com/comdex-official/comdex/x/asset/types/oracle.pb.go:571.16,572.10 1 0
github.com/comdex-official/comdex/x/asset/types/oracle.pb.go:577.20,579.4 1 0
github.com/comdex-official/comdex/x/asset/types/oracle.pb.go:580.20,582.4 1 0
github.com/comdex-official/comdex/x/asset/types/oracle.pb.go:584.10,585.21 1 0
github.com/comdex-official/comdex/x/asset/types/oracle.pb.go:660.11,663.18 3 0
github.com/comdex-official/comdex/x/asset/types/oracle.pb.go:666.4,666.42 1 0
github.com/comdex-official/comdex/x/asset/types/oracle.pb.go:669.4,669.28 1 0
github.com/comdex-official/comdex/x/asset/types/oracle.pb.go:672.4,672.19 1 0
github.com/comdex-official/comdex/x/asset/types/oracle.pb.go:585.21,587.40 2 0
github.com/comdex-official/comdex/x/asset/types/oracle.pb.go:601.5,601.33 1 0
github.com/comdex-official/comdex/x/asset/types/oracle.pb.go:587.40,588.21 1 0
github.com/comdex-official/comdex/x/asset/types/oracle.pb.go:591.6,591.20 1 0
github.com/comdex-official/comdex/x/asset/types/oracle.pb.go:594.6,597.18 4 0
github.com/comdex-official/comdex/x/asset/types/oracle.pb.go:588.21,590.7 1 0
github.com/comdex-official/comdex/x/asset/types/oracle.pb.go:591.20,593.7 1 0
github.com/comdex-official/comdex/x/asset/types/oracle.pb.go:597.18,598.12 1 0
github.com/comdex-official/comdex/x/asset/types/oracle.pb.go:602.10,602.28 1 0
github.com/comdex-official/comdex/x/asset/types/oracle.pb.go:602.28,604.40 2 0
github.com/comdex-official/comdex/x/asset/types/oracle.pb.go:618.5,618.22 1 0
github.com/comdex-official/comdex/x/asset/types/oracle.pb.go:621.5,622.22 2 0
github.com/comdex-official/comdex/x/asset/types/oracle.pb.go:625.5,625.22 1 0
github.com/comdex-official/comdex/x/asset/types/oracle.pb.go:628.5,630.51 3 0
github.com/comdex-official/comdex/x/asset/types/oracle.pb.go:635.5,636.47 2 0
github.com/comdex-official/comdex/x/asset/types/oracle.pb.go:639.5,639.27 1 0
github.com/comdex-official/comdex/x/asset/types/oracle.pb.go:604.40,605.21 1 0
github.com/comdex-official/comdex/x/asset/types/oracle.pb.go:608.6,608.20 1 0
github.com/comdex-official/comdex/x/asset/types/oracle.pb.go:611.6,614.18 4 0
github.com/comdex-official/comdex/x/asset/types/oracle.pb.go:605.21,607.7 1 0
github.com/comdex-official/comdex/x/asset/types/oracle.pb.go:608.20,610.7 1 0
github.com/comdex-official/comdex/x/asset/types/oracle.pb.go:614.18,615.12 1 0
github.com/comdex-official/comdex/x/asset/types/oracle.pb.go:618.22,620.6 1 0
github.com/comdex-official/comdex/x/asset/types/oracle.pb.go:622.22,624.6 1 0
github.com/comdex-official/comdex/x/asset/types/oracle.pb.go:625.22,627.6 1 0
github.com/comdex-official/comdex/x/asset/types/oracle.pb.go:630.51,631.23 1 0
github.com/comdex-official/comdex/x/asset/types/oracle.pb.go:631.23,633.7 1 0
github.com/comdex-official/comdex/x/asset/types/oracle.pb.go:636.47,638.6 1 0
github.com/comdex-official/comdex/x/asset/types/oracle.pb.go:639.27,641.41 2 0
github.com/comdex-official/comdex/x/asset/types/oracle.pb.go:655.6,655.34 1 0
github.com/comdex-official/comdex/x/asset/types/oracle.pb.go:641.41,642.22 1 0
github.com/comdex-official/comdex/x/asset/types/oracle.pb.go:645.7,645.21 1 0
github.com/comdex-official/comdex/x/asset/types/oracle.pb.go:648.7,651.19 4 0
github.com/comdex-official/comdex/x/asset/types/oracle.pb.go:642.22,644.8 1 0
github.com/comdex-official/comdex/x/asset/types/oracle.pb.go:645.21,647.8 1 0
github.com/comdex-official/comdex/x/asset/types/oracle.pb.go:651.19,652.13 1 0
github.com/comdex-official/comdex/x/asset/types/oracle.pb.go:657.10,659.5 1 0
github.com/comdex-official/comdex/x/asset/types/oracle.pb.go:663.18,665.5 1 0
github.com/comdex-official/comdex/x/asset/types/oracle.pb.go:666.42,668.5 1 0
github.com/comdex-official/comdex/x/asset/types/oracle.pb.go:669.28,671.5 1 0
github.com/comdex-official/comdex/x/asset/types/oracle.pb.go:676.15,678.3 1 0
github.com/comdex-official/comdex/x/asset/types/oracle.pb.go:681.49,685.16 4 0
github.com/comdex-official/comdex/x/asset/types/oracle.pb.go:757.2,757.31 1 0
github.com/comdex-official/comdex/x/asset/types/oracle.pb.go:685.16,687.38 2 0
github.com/comdex-official/comdex/x/asset/types/oracle.pb.go:701.3,702.19 2 0
github.com/comdex-official/comdex/x/asset/types/oracle.pb.go:750.3,750.16 1 0
github.com/comdex-official/comdex/x/asset/types/oracle.pb.go:753.3,753.17 1 0
github.com/comdex-official/comdex/x/asset/types/oracle.pb.go:687.38,688.19 1 0
github.com/comdex-official/comdex/x/asset/types/oracle.pb.go:691.4,691.18 1 0
github.com/comdex-official/comdex/x/asset/types/oracle.pb.go:694.4,697.16 4 0
github.com/comdex-official/comdex/x/asset/types/oracle.pb.go:688.19,690.5 1 0
github.com/comdex-official/comdex/x/asset/types/oracle.pb.go:691.18,693.5 1 0
github.com/comdex-official/comdex/x/asset/types/oracle.pb.go:697.16,698.10 1 0
github.com/comdex-official/comdex/x/asset/types/oracle.pb.go:703.10,704.39 1 0
github.com/comdex-official/comdex/x/asset/types/oracle.pb.go:716.10,717.14 1 0
github.com/comdex-official/comdex/x/asset/types/oracle.pb.go:718.10,720.39 2 0
github.com/comdex-official/comdex/x/asset/types/oracle.pb.go:734.4,734.18 1 0
github.com/comdex-official/comdex/x/asset/types/oracle.pb.go:737.4,737.19 1 0
github.com/comdex-official/comdex/x/asset/types/oracle.pb.go:738.10,739.11 1 0
github.com/comdex-official/comdex/x/asset/types/oracle.pb.go:740.10,741.18 1 0
github.com/comdex-official/comdex/x/asset/types/oracle.pb.go:744.4,744.11 1 0
github.com/comdex-official/comdex/x/asset/types/oracle.pb.go:745.10,746.14 1 0
github.com/comdex-official/comdex/x/asset/types/oracle.pb.go:747.11,748.64 1 0
github.com/comdex-official/comdex/x/asset/types/oracle.pb.go:704.39,705.20 1 0
github.com/comdex-official/comdex/x/asset/types/oracle.pb.go:708.5,708.19 1 0
github.com/comdex-official/comdex/x/asset/types/oracle.pb.go:711.5,712.29 2 0
github.com/comdex-official/comdex/x/asset/types/oracle.pb.go:705.20,707.6 1 0
github.com/comdex-official/comdex/x/asset/types/oracle.pb.go:708.19,710.6 1 0
github.com/comdex-official/comdex/x/asset/types/oracle.pb.go:712.29,713.11 1 0
github.com/comdex-official/comdex/x/asset/types/oracle.pb.go:720.39,721.20 1 0
github.com/comdex-official/comdex/x/asset/types/oracle.pb.go:724.5,724.19 1 0
github.com/comdex-official/comdex/x/asset/types/oracle.pb.go:727.5,730.17 4 0
github.com/comdex-official/comdex/x/asset/types/oracle.pb.go:721.20,723.6 1 0
github.com/comdex-official/comdex/x/asset/types/oracle.pb.go:724.19,726.6 1 0
github.com/comdex-official/comdex/x/asset/types/oracle.pb.go:730.17,731.11 1 0
github.com/comdex-official/comdex/x/asset/types/oracle.pb.go:734.18,736.5 1 0
github.com/comdex-official/comdex/x/asset/types/oracle.pb.go:741.18,743.5 1 0
github.com/comdex-official/comdex/x/asset/types/oracle.pb.go:750.16,752.4 1 0
github.com/comdex-official/comdex/x/asset/types/oracle.pb.go:753.17,755.4 1 0
github.com/comdex-official/comdex/x/asset/types/params.pb.go:31.37,31.57 1 0
github.com/comdex-official/comdex/x/asset/types/params.pb.go:32.37,32.74 1 0
github.com/comdex-official/comdex/x/asset/types/params.pb.go:33.38,33.39 0 0
github.com/comdex-official/comdex/x/asset/types/params.pb.go:34.48,36.2 1 0
github.com/comdex-official/comdex/x/asset/types/params.pb.go:37.51,39.2 1 0
github.com/comdex-official/comdex/x/asset/types/params.pb.go:40.79,41.19 1 0
github.com/comdex-official/comdex/x/asset/types/params.pb.go:41.19,43.3 1 0
github.com/comdex-official/comdex/x/asset/types/params.pb.go:43.8,46.17 3 0
github.com/comdex-official/comdex/x/asset/types/params.pb.go:49.3,49.20 1 0
github.com/comdex-official/comdex/x/asset/types/params.pb.go:46.17,48.4 1 0
github.com/comdex-official/comdex/x/asset/types/params.pb.go:52.50,54.2 1 0
github.com/comdex-official/comdex/x/asset/types/params.pb.go:55.36,57.2 1 0
github.com/comdex-official/comdex/x/asset/types/params.pb.go:58.42,60.2 1 0
github.com/comdex-official/comdex/x/asset/types/params.pb.go:70.40,70.63 1 0
github.com/comdex-official/comdex/x/asset/types/params.pb.go:71.40,71.77 1 0
github.com/comdex-official/comdex/x/asset/types/params.pb.go:72.41,72.42 0 0
github.com/comdex-official/comdex/x/asset/types/params.pb.go:73.51,75.2 1 0
github.com/comdex-official/comdex/x/asset/types/params.pb.go:76.54,78.2 1 0
github.com/comdex-official/comdex/x/asset/types/params.pb.go:79.82,80.19 1 0
github.com/comdex-official/comdex/x/asset/types/params.pb.go:80.19,82.3 1 0
github.com/comdex-official/comdex/x/asset/types/params.pb.go:82.8,85.17 3 0
github.com/comdex-official/comdex/x/asset/types/params.pb.go:88.3,88.20 1 0
github.com/comdex-official/comdex/x/asset/types/params.pb.go:85.17,87.4 1 0
github.com/comdex-official/comdex/x/asset/types/params.pb.go:91.53,93.2 1 0
github.com/comdex-official/comdex/x/asset/types/params.pb.go:94.39,96.2 1 0
github.com/comdex-official/comdex/x/asset/types/params.pb.go:97.45,99.2 1 0
github.com/comdex-official/comdex/x/asset/types/params.pb.go:109.34,109.51 1 0
github.com/comdex-official/comdex/x/asset/types/params.pb.go:110.34,110.71 1 0
github.com/comdex-official/comdex/x/asset/types/params.pb.go:111.35,111.36 0 0
github.com/comdex-official/comdex/x/asset/types/params.pb.go:112.45,114.2 1 0
github.com/comdex-official/comdex/x/asset/types/params.pb.go:115.48,117.2 1 0
github.com/comdex-official/comdex/x/asset/types/params.pb.go:118.76,119.19 1 0
github.com/comdex-official/comdex/x/asset/types/params.pb.go:119.19,121.3 1 0
github.com/comdex-official/comdex/x/asset/types/params.pb.go:121.8,124.17 3 0
github.com/comdex-official/comdex/x/asset/types/params.pb.go:127.3,127.20 1 0
github.com/comdex-official/comdex/x/asset/types/params.pb.go:124.17,126.4 1 0
github.com/comdex-official/comdex/x/asset/types/params.pb.go:130.47,132.2 1 0
github.com/comdex-official/comdex/x/asset/types/params.pb.go:133.33,135.2 1 0
github.com/comdex-official/comdex/x/asset/types/params.pb.go:136.39,138.2 1 0
github.com/comdex-official/comdex/x/asset/types/params.pb.go:142.13,146.2 3 1
github.com/comdex-official/comdex/x/asset/types/params.pb.go:148.13,148.105 1 1
github.com/comdex-official/comdex/x/asset/types/params.pb.go:180.56,184.16 4 0
github.com/comdex-official/comdex/x/asset/types/params.pb.go:187.2,187.22 1 0
github.com/comdex-official/comdex/x/asset/types/params.pb.go:184.16,186.3 1 0
github.com/comdex-official/comdex/x/asset/types/params.pb.go:190.57,193.2 2 0
github.com/comdex-official/comdex/x/asset/types/params.pb.go:195.68,200.24 5 0
github.com/comdex-official/comdex/x/asset/types/params.pb.go:207.2,207.21 1 0
github.com/comdex-official/comdex/x/asset/types/params.pb.go:214.2,214.27 1 0
github.com/comdex-official/comdex/x/asset/types/params.pb.go:200.24,206.3 5 0
github.com/comdex-official/comdex/x/asset/types/params.pb.go:207.21,213.3 5 0
github.com/comdex-official/comdex/x/asset/types/params.pb.go:217.59,221.16 4 0
github.com/comdex-official/comdex/x/asset/types/params.pb.go:224.2,224.22 1 0
github.com/comdex-official/comdex/x/asset/types/params.pb.go:221.16,223.3 1 0
github.com/comdex-official/comdex/x/asset/types/params.pb.go:227.60,230.2 2 0
github.com/comdex-official/comdex/x/asset/types/params.pb.go:232.71,237.23 5 0
github.com/comdex-official/comdex/x/asset/types/params.pb.go:242.2,242.21 1 0
github.com/comdex-official/comdex/x/asset/types/params.pb.go:247.2,247.21 1 0
github.com/comdex-official/comdex/x/asset/types/params.pb.go:252.2,252.27 1 0
github.com/comdex-official/comdex/x/asset/types/params.pb.go:237.23,241.3 3 0
github.com/comdex-official/comdex/x/asset/types/params.pb.go:242.21,246.3 3 0
github.com/comdex-official/comdex/x/asset/types/params.pb.go:247.21,251.3 3 0
github.com/comdex-official/comdex/x/asset/types/params.pb.go:255.53,259.16 4 0
github.com/comdex-official/comdex/x/asset/types/params.pb.go:262.2,262.22 1 0
github.com/comdex-official/comdex/x/asset/types/params.pb.go:259.16,261.3 1 0
github.com/comdex-official/comdex/x/asset/types/params.pb.go:265.54,268.2 2 0
github.com/comdex-official/comdex/x/asset/types/params.pb.go:270.65,275.2 5 0
github.com/comdex-official/comdex/x/asset/types/params.pb.go:283.2,285.2 3 0
github.com/comdex-official/comdex/x/asset/types/params.pb.go:293.2,295.22 3 0
github.com/comdex-official/comdex/x/asset/types/params.pb.go:302.2,302.27 1 0
github.com/comdex-official/comdex/x/asset/types/params.pb.go:275.2,277.17 2 0
github.com/comdex-official/comdex/x/asset/types/params.pb.go:280.3,281.48 2 0
github.com/comdex-official/comdex/x/asset/types/params.pb.go:277.17,279.4 1 0
github.com/comdex-official/comdex/x/asset/types/params.pb.go:285.2,287.17 2 0
github.com/comdex-official/comdex/x/asset/types/params.pb.go:290.3,291.48 2 0
github.com/comdex-official/comdex/x/asset/types/params.pb.go:287.17,289.4 1 0
github.com/comdex-official/comdex/x/asset/types/params.pb.go:295.22,301.3 5 0
github.com/comdex-official/comdex/x/asset/types/params.pb.go:305.64,308.16 3 0
github.com/comdex-official/comdex/x/asset/types/params.pb.go:313.2,314.13 2 0
github.com/comdex-official/comdex/x/asset/types/params.pb.go:308.16,312.3 3 0
github.com/comdex-official/comdex/x/asset/types/params.pb.go:316.36,317.14 1 0
github.com/comdex-official/comdex/x/asset/types/params.pb.go:320.2,323.11 4 0
github.com/comdex-official/comdex/x/asset/types/params.pb.go:326.2,327.11 2 0
github.com/comdex-official/comdex/x/asset/types/params.pb.go:330.2,330.10 1 0
github.com/comdex-official/comdex/x/asset/types/params.pb.go:317.14,319.3 1 0
github.com/comdex-official/comdex/x/asset/types/params.pb.go:323.11,325.3 1 0
github.com/comdex-official/comdex/x/asset/types/params.pb.go:327.11,329.3 1 0
github.com/comdex-official/comdex/x/asset/types/params.pb.go:333.39,334.14 1 0
github.com/comdex-official/comdex/x/asset/types/params.pb.go:337.2,339.21 3 0
github.com/comdex-official/comdex/x/asset/types/params.pb.go:342.2,342.21 1 0
github.com/comdex-official/comdex/x/asset/types/params.pb.go:345.2,345.23 1 0
github.com/comdex-official/comdex/x/asset/types/params.pb.go:348.2,348.10 1 0
github.com/comdex-official/comdex/x/asset/types/params.pb.go:334.14,336.3 1 0
github.com/comdex-official/comdex/x/asset/types/params.pb.go:339.21,341.3 1 0
github.com/comdex-official/comdex/x/asset/types/params.pb.go:342.21,344.3 1 0
github.com/comdex-official/comdex/x/asset/types/params.pb.go:345.23,347.3 1 0
github.com/comdex-official/comdex/x/asset/types/params.pb.go:351.33,352.14 1 0
github.com/comdex-official/comdex/x/asset/types/params.pb.go:355.2,358.11 4 0
github.com/comdex-official/comdex/x/asset/types/params.pb.go:361.2,365.10 5 0
github.com/comdex-official/comdex/x/asset/types/params.pb.go:352.14,354.3 1 0
github.com/comdex-official/comdex/x/asset/types/params.pb.go:358.11,360.3 1 0
github.com/comdex-official/comdex/x/asset/types/params.pb.go:368.34,370.2 1 0
github.com/comdex-official/comdex/x/asset/types/params.pb.go:371.34,373.2 1 0
github.com/comdex-official/comdex/x/asset/types/params.pb.go:374.50,377.16 3 0
github.com/comdex-official/comdex/x/asset/types/params.pb.go:483.2,483.15 1 0
github.com/comdex-official/comdex/x/asset/types/params.pb.go:486.2,486.12 1 0
github.com/comdex-official/comdex/x/asset/types/params.pb.go:377.16,380.38 3 0
github.com/comdex-official/comdex/x/asset/types/params.pb.go:394.3,396.20 3 0
github.com/comdex-official/comdex/x/asset/types/params.pb.go:399.3,399.20 1 0
github.com/comdex-official/comdex/x/asset/types/params.pb.go:402.3,402.19 1 0
github.com/comdex-official/comdex/x/asset/types/params.pb.go:380.38,381.19 1 0
github.com/comdex-official/comdex/x/asset/types/params.pb.go:384.4,384.18 1 0
github.com/comdex-official/comdex/x/asset/types/params.pb.go:387.4,390.16 4 0
github.com/comdex-official/comdex/x/asset/types/params.pb.go:381.19,383.5 1 0
github.com/comdex-official/comdex/x/asset/types/params.pb.go:384.18,386.5 1 0
github.com/comdex-official/comdex/x/asset/types/params.pb.go:390.16,391.10 1 0
github.com/comdex-official/comdex/x/asset/types/params.pb.go:396.20,398.4 1 0
github.com/comdex-official/comdex/x/asset/types/params.pb.go:399.20,401.4 1 0
github.com/comdex-official/comdex/x/asset/types/params.pb.go:403.10,404.21 1 0
github.com/comdex-official/comdex/x/asset/types/params.pb.go:407.4,408.39 2 0
github.com/comdex-official/comdex/x/asset/types/params.pb.go:422.4,423.24 2 0
github.com/comdex-official/comdex/x/asset/types/params.pb.go:426.4,427.21 2 0
github.com/comdex-official/comdex/x/asset/types/params.pb.go:430.4,430.21 1 0
github.com/comdex-official/comdex/x/asset/types/params.pb.go:433.4,434.21 2 0
github.com/comdex-official/comdex/x/asset/types/params.pb.go:435.10,436.21 1 0
github.com/comdex-official/comdex/x/asset/types/params.pb.go:439.4,440.39 2 0
github.com/comdex-official/comdex/x/asset/types/params.pb.go:454.4,455.24 2 0
github.com/comdex-official/comdex/x/asset/types/params.pb.go:458.4,459.21 2 0
github.com/comdex-official/comdex/x/asset/types/params.pb.go:462.4,462.21 1 0
github.com/comdex-official/comdex/x/asset/types/params.pb.go:465.4,466.21 2 0
github.com/comdex-official/comdex/x/asset/types/params.pb.go:467.11,470.18 3 0
github.com/comdex-official/comdex/x/asset/types/params.pb.go:473.4,473.42 1 0
github.com/comdex-official/comdex/x/asset/types/params.pb.go:476.4,476.28 1 0
github.com/comdex-official/comdex/x/asset/types/params.pb.go:479.4,479.19 1 0
github.com/comdex-official/comdex/x/asset/types/params.pb.go:404.21,406.5 1 0
github.com/comdex-official/comdex/x/asset/types/params.pb.go:408.39,409.20 1 0
github.com/comdex-official/comdex/x/asset/types/params.pb.go:412.5,412.19 1 0
github.com/comdex-official/comdex/x/asset/types/params.pb.go:415.5,418.17 4 0
github.com/comdex-official/comdex/x/asset/types/params.pb.go:409.20,411.6 1 0
github.com/comdex-official/comdex/x/asset/types/params.pb.go:412.19,414.6 1 0
github.com/comdex-official/comdex/x/asset/types/params.pb.go:418.17,419.11 1 0
github.com/comdex-official/comdex/x/asset/types/params.pb.go:423.24,425.5 1 0
github.com/comdex-official/comdex/x/asset/types/params.pb.go:427.21,429.5 1 0
github.com/comdex-official/comdex/x/asset/types/params.pb.go:430.21,432.5 1 0
github.com/comdex-official/comdex/x/asset/types/params.pb.go:436.21,438.5 1 0
github.com/comdex-official/comdex/x/asset/types/params.pb.go:440.39,441.20 1 0
github.com/comdex-official/comdex/x/asset/types/params.pb.go:444.5,444.19 1 0
github.com/comdex-official/comdex/x/asset/types/params.pb.go:447.5,450.17 4 0
github.com/comdex-official/comdex/x/asset/types/params.pb.go:441.20,443.6 1 0
github.com/comdex-official/comdex/x/asset/types/params.pb.go:444.19,446.6 1 0
github.com/comdex-official/comdex/x/asset/types/params.pb.go:450.17,451.11 1 0
github.com/comdex-official/comdex/x/asset/types/params.pb.go:455.24,457.5 1 0
github.com/comdex-official/comdex/x/asset/types/params.pb.go:459.21,461.5 1 0
github.com/comdex-official/comdex/x/asset/types/params.pb.go:462.21,464.5 1 0
github.com/comdex-official/comdex/x/asset/types/params.pb.go:470.18,472.5 1 0
github.com/comdex-official/comdex/x/asset/types/params.pb.go:473.42,475.5 1 0
github.com/comdex-official/comdex/x/asset/types/params.pb.go:476.28,478.5 1 0
github.com/comdex-official/comdex/x/asset/types/params.pb.go:483.15,485.3 1 0
github.com/comdex-official/comdex/x/asset/types/params.pb.go:488.53,491.16 3 0
github.com/comdex-official/comdex/x/asset/types/params.pb.go:590.2,590.15 1 0
github.com/comdex-official/comdex/x/asset/types/params.pb.go:593.2,593.12 1 0
github.com/comdex-official/comdex/x/asset/types/params.pb.go:491.16,494.38 3 0
github.com/comdex-official/comdex/x/asset/types/params.pb.go:508.3,510.20 3 0
github.com/comdex-official/comdex/x/asset/types/params.pb.go:513.3,513.20 1 0
github.com/comdex-official/comdex/x/asset/types/params.pb.go:516.3,516.19 1 0
github.com/comdex-official/comdex/x/asset/types/params.pb.go:494.38,495.19 1 0
github.com/comdex-official/comdex/x/asset/types/params.pb.go:498.4,498.18 1 0
github.com/comdex-official/comdex/x/asset/types/params.pb.go:501.4,504.16 4 0
github.com/comdex-official/comdex/x/asset/types/params.pb.go:495.19,497.5 1 0
github.com/comdex-official/comdex/x/asset/types/params.pb.go:498.18,500.5 1 0
github.com/comdex-official/comdex/x/asset/types/params.pb.go:504.16,505.10 1 0
github.com/comdex-official/comdex/x/asset/types/params.pb.go:510.20,512.4 1 0
github.com/comdex-official/comdex/x/asset/types/params.pb.go:513.20,515.4 1 0
github.com/comdex-official/comdex/x/asset/types/params.pb.go:517.10,518.21 1 0
github.com/comdex-official/comdex/x/asset/types/params.pb.go:521.4,522.39 2 0
github.com/comdex-official/comdex/x/asset/types/params.pb.go:536.10,537.21 1 0
github.com/comdex-official/comdex/x/asset/types/params.pb.go:540.4,541.39 2 0
github.com/comdex-official/comdex/x/asset/types/params.pb.go:555.10,556.21 1 0
github.com/comdex-official/comdex/x/asset/types/params.pb.go:559.4,560.39 2 0
github.com/comdex-official/comdex/x/asset/types/params.pb.go:574.11,577.18 3 0
github.com/comdex-official/comdex/x/asset/types/params.pb.go:580.4,580.42 1 0
github.com/comdex-official/comdex/x/asset/types/params.pb.go:583.4,583.28 1 0
github.com/comdex-official/comdex/x/asset/types/params.pb.go:586.4,586.19 1 0
github.com/comdex-official/comdex/x/asset/types/params.pb.go:518.21,520.5 1 0
github.com/comdex-official/comdex/x/asset/types/params.pb.go:522.39,523.20 1 0
github.com/comdex-official/comdex/x/asset/types/params.pb.go:526.5,526.19 1 0
github.com/comdex-official/comdex/x/asset/types/params.pb.go:529.5,532.17 4 0
github.com/comdex-official/comdex/x/asset/types/params.pb.go:523.20,525.6 1 0
github.com/comdex-official/comdex/x/asset/types/params.pb.go:526.19,528.6 1 0
github.com/comdex-official/comdex/x/asset/types/params.pb.go:532.17,533.11 1 0
github.com/comdex-official/comdex/x/asset/types/params.pb.go:537.21,539.5 1 0
github.com/comdex-official/comdex/x/asset/types/params.pb.go:541.39,542.20 1 0
github.com/comdex-official/comdex/x/asset/types/params.pb.go:545.5,545.19 1 0
github.com/comdex-official/comdex/x/asset/types/params.pb.go:548.5,551.17 4 0
github.com/comdex-official/comdex/x/asset/types/params.pb.go:542.20,544.6 1 0
github.com/comdex-official/comdex/x/asset/types/params.pb.go:545.19,547.6 1 0
github.com/comdex-official/comdex/x/asset/types/params.pb.go:551.17,552.11 1 0
github.com/comdex-official/comdex/x/asset/types/params.pb.go:556.21,558.5 1 0
github.com/comdex-official/comdex/x/asset/types/params.pb.go:560.39,561.20 1 0
github.com/comdex-official/comdex/x/asset/types/params.pb.go:564.5,564.19 1 0
github.com/comdex-official/comdex/x/asset/types/params.pb.go:567.5,570.17 4 0
github.com/comdex-official/comdex/x/asset/types/params.pb.go:561.20,563.6 1 0
github.com/comdex-official/comdex/x/asset/types/params.pb.go:564.19,566.6 1 0
github.com/comdex-official/comdex/x/asset/types/params.pb.go:570.17,571.11 1 0
github.com/comdex-official/comdex/x/asset/types/params.pb.go:577.18,579.5 1 0
github.com/comdex-official/comdex/x/asset/types/params.pb.go:580.42,582.5 1 0
github.com/comdex-official/comdex/x/asset/types/params.pb.go:583.28,585.5 1 0
github.com/comdex-official/comdex/x/asset/types/params.pb.go:590.15,592.3 1 0
github.com/comdex-official/comdex/x/asset/types/params.pb.go:595.47,598.16 3 0
github.com/comdex-official/comdex/x/asset/types/params.pb.go:738.2,738.15 1 0
github.com/comdex-official/comdex/x/asset/types/params.pb.go:741.2,741.12 1 0
github.com/comdex-official/comdex/x/asset/types/params.pb.go:598.16,601.38 3 0
github.com/comdex-official/comdex/x/asset/types/params.pb.go:615.3,617.20 3 0
github.com/comdex-official/comdex/x/asset/types/params.pb.go:620.3,620.20 1 0
github.com/comdex-official/comdex/x/asset/types/params.pb.go:623.3,623.19 1 0
github.com/comdex-official/comdex/x/asset/types/params.pb.go:601.38,602.19 1 0
github.com/comdex-official/comdex/x/asset/types/params.pb.go:605.4,605.18 1 0
github.com/comdex-official/comdex/x/asset/types/params.pb.go:608.4,611.16 4 0
github.com/comdex-official/comdex/x/asset/types/params.pb.go:602.19,604.5 1 0
github.com/comdex-official/comdex/x/asset/types/params.pb.go:605.18,607.5 1 0
github.com/comdex-official/comdex/x/asset/types/params.pb.go:611.16,612.10 1 0
github.com/comdex-official/comdex/x/asset/types/params.pb.go:617.20,619.4 1 0
github.com/comdex-official/comdex/x/asset/types/params.pb.go:620.20,622.4 1 0
github.com/comdex-official/comdex/x/asset/types/params.pb.go:624.10,625.21 1 0
github.com/comdex-official/comdex/x/asset/types/params.pb.go:628.4,629.39 2 0
github.com/comdex-official/comdex/x/asset/types/params.pb.go:643.4,644.24 2 0
github.com/comdex-official/comdex/x/asset/types/params.pb.go:647.4,648.21 2 0
github.com/comdex-official/comdex/x/asset/types/params.pb.go:651.4,651.21 1 0
github.com/comdex-official/comdex/x/asset/types/params.pb.go:654.4,655.21 2 0
github.com/comdex-official/comdex/x/asset/types/params.pb.go:656.10,657.21 1 0
github.com/comdex-official/comdex/x/asset/types/params.pb.go:660.4,661.39 2 0
github.com/comdex-official/comdex/x/asset/types/params.pb.go:675.4,675.18 1 0
github.com/comdex-official/comdex/x/asset/types/params.pb.go:678.4,679.21 2 0
github.com/comdex-official/comdex/x/asset/types/params.pb.go:682.4,682.21 1 0
github.com/comdex-official/comdex/x/asset/types/params.pb.go:685.4,685.65 1 0
github.com/comdex-official/comdex/x/asset/types/params.pb.go:688.4,688.21 1 0
github.com/comdex-official/comdex/x/asset/types/params.pb.go:689.10,690.21 1 0
github.com/comdex-official/comdex/x/asset/types/params.pb.go:693.4,694.39 2 0
github.com/comdex-official/comdex/x/asset/types/params.pb.go:708.4,708.18 1 0
github.com/comdex-official/comdex/x/asset/types/params.pb.go:711.4,712.21 2 0
github.com/comdex-official/comdex/x/asset/types/params.pb.go:715.4,715.21 1 0
github.com/comdex-official/comdex/x/asset/types/params.pb.go:718.4,718.68 1 0
github.com/comdex-official/comdex/x/asset/types/params.pb.go:721.4,721.21 1 0
github.com/comdex-official/comdex/x/asset/types/params.pb.go:722.11,725.18 3 0
github.com/comdex-official/comdex/x/asset/types/params.pb.go:728.4,728.42 1 0
github.com/comdex-official/comdex/x/asset/types/params.pb.go:731.4,731.28 1 0
github.com/comdex-official/comdex/x/asset/types/params.pb.go:734.4,734.19 1 0
github.com/comdex-official/comdex/x/asset/types/params.pb.go:625.21,627.5 1 0
github.com/comdex-official/comdex/x/asset/types/params.pb.go:629.39,630.20 1 0
github.com/comdex-official/comdex/x/asset/types/params.pb.go:633.5,633.19 1 0
github.com/comdex-official/comdex/x/asset/types/params.pb.go:636.5,639.17 4 0
github.com/comdex-official/comdex/x/asset/types/params.pb.go:630.20,632.6 1 0
github.com/comdex-official/comdex/x/asset/types/params.pb.go:633.19,635.6 1 0
github.com/comdex-official/comdex/x/asset/types/params.pb.go:639.17,640.11 1 0
github.com/comdex-official/comdex/x/asset/types/params.pb.go:644.24,646.5 1 0
github.com/comdex-official/comdex/x/asset/types/params.pb.go:648.21,650.5 1 0
github.com/comdex-official/comdex/x/asset/types/params.pb.go:651.21,653.5 1 0
github.com/comdex-official/comdex/x/asset/types/params.pb.go:657.21,659.5 1 0
github.com/comdex-official/comdex/x/asset/types/params.pb.go:661.39,662.20 1 0
github.com/comdex-official/comdex/x/asset/types/params.pb.go:665.5,665.19 1 0
github.com/comdex-official/comdex/x/asset/types/params.pb.go:668.5,671.17 4 0
github.com/comdex-official/comdex/x/asset/types/params.pb.go:662.20,664.6 1 0
github.com/comdex-official/comdex/x/asset/types/params.pb.go:665.19,667.6 1 0
github.com/comdex-official/comdex/x/asset/types/params.pb.go:671.17,672.11 1 0
github.com/comdex-official/comdex/x/asset/types/params.pb.go:675.18,677.5 1 0
github.com/comdex-official/comdex/x/asset/types/params.pb.go:679.21,681.5 1 0
github.com/comdex-official/comdex/x/asset/types/params.pb.go:682.21,684.5 1 0
github.com/comdex-official/comdex/x/asset/types/params.pb.go:685.65,687.5 1 0
github.com/comdex-official/comdex/x/asset/types/params.pb.go:690.21,692.5 1 0
github.com/comdex-official/comdex/x/asset/types/params.pb.go:694.39,695.20 1 0
github.com/comdex-official/comdex/x/asset/types/params.pb.go:698.5,698.19 1 0
github.com/comdex-official/comdex/x/asset/types/params.pb.go:701.5,704.17 4 0
github.com/comdex-official/comdex/x/asset/types/params.pb.go:695.20,697.6 1 0
github.com/comdex-official/comdex/x/asset/types/params.pb.go:698.19,700.6 1 0
github.com/comdex-official/comdex/x/asset/types/params.pb.go:704.17,705.11 1 0
github.com/comdex-official/comdex/x/asset/types/params.pb.go:708.18,710.5 1 0
github.com/comdex-official/comdex/x/asset/types/params.pb.go:712.21,714.5 1 0
github.com/comdex-official/comdex/x/asset/types/params.pb.go:715.21,717.5 1 0
github.com/comdex-official/comdex/x/asset/types/params.pb.go:718.68,720.5 1 0
github.com/comdex-official/comdex/x/asset/types/params.pb.go:725.18,727.5 1 0
github.com/comdex-official/comdex/x/asset/types/params.pb.go:728.42,730.5 1 0
github.com/comdex-official/comdex/x/asset/types/params.pb.go:731.28,733.5 1 0
github.com/comdex-official/comdex/x/asset/types/params.pb.go:738.15,740.3 1 0
github.com/comdex-official/comdex/x/asset/types/params.pb.go:743.49,747.16 4 0
github.com/comdex-official/comdex/x/asset/types/params.pb.go:819.2,819.31 1 0
github.com/comdex-official/comdex/x/asset/types/params.pb.go:747.16,749.38 2 0
github.com/comdex-official/comdex/x/asset/types/params.pb.go:763.3,764.19 2 0
github.com/comdex-official/comdex/x/asset/types/params.pb.go:812.3,812.16 1 0
github.com/comdex-official/comdex/x/asset/types/params.pb.go:815.3,815.17 1 0
github.com/comdex-official/comdex/x/asset/types/params.pb.go:749.38,750.19 1 0
github.com/comdex-official/comdex/x/asset/types/params.pb.go:753.4,753.18 1 0
github.com/comdex-official/comdex/x/asset/types/params.pb.go:756.4,759.16 4 0
github.com/comdex-official/comdex/x/asset/types/params.pb.go:750.19,752.5 1 0
github.com/comdex-official/comdex/x/asset/types/params.pb.go:753.18,755.5 1 0
github.com/comdex-official/comdex/x/asset/types/params.pb.go:759.16,760.10 1 0
github.com/comdex-official/comdex/x/asset/types/params.pb.go:765.10,766.39 1 0
github.com/comdex-official/comdex/x/asset/types/params.pb.go:778.10,779.14 1 0
github.com/comdex-official/comdex/x/asset/types/params.pb.go:780.10,782.39 2 0
github.com/comdex-official/comdex/x/asset/types/params.pb.go:796.4,796.18 1 0
github.com/comdex-official/comdex/x/asset/types/params.pb.go:799.4,799.19 1 0
github.com/comdex-official/comdex/x/asset/types/params.pb.go:800.10,801.11 1 0
github.com/comdex-official/comdex/x/asset/types/params.pb.go:802.10,803.18 1 0
github.com/comdex-official/comdex/x/asset/types/params.pb.go:806.4,806.11 1 0
github.com/comdex-official/comdex/x/asset/types/params.pb.go:807.10,808.14 1 0
github.com/comdex-official/comdex/x/asset/types/params.pb.go:809.11,810.64 1 0
github.com/comdex-official/comdex/x/asset/types/params.pb.go:766.39,767.20 1 0
github.com/comdex-official/comdex/x/asset/types/params.pb.go:770.5,770.19 1 0
github.com/comdex-official/comdex/x/asset/types/params.pb.go:773.5,774.29 2 0
github.com/comdex-official/comdex/x/asset/types/params.pb.go:767.20,769.6 1 0
github.com/comdex-official/comdex/x/asset/types/params.pb.go:770.19,772.6 1 0
github.com/comdex-official/comdex/x/asset/types/params.pb.go:774.29,775.11 1 0
github.com/comdex-official/comdex/x/asset/types/params.pb.go:782.39,783.20 1 0
github.com/comdex-official/comdex/x/asset/types/params.pb.go:786.5,786.19 1 0
github.com/comdex-official/comdex/x/asset/types/params.pb.go:789.5,792.17 4 0
github.com/comdex-official/comdex/x/asset/types/params.pb.go:783.20,785.6 1 0
github.com/comdex-official/comdex/x/asset/types/params.pb.go:786.19,788.6 1 0
github.com/comdex-official/comdex/x/asset/types/params.pb.go:792.17,793.11 1 0
github.com/comdex-official/comdex/x/asset/types/params.pb.go:796.18,798.5 1 0
github.com/comdex-official/comdex/x/asset/types/params.pb.go:803.18,805.5 1 0
github.com/comdex-official/comdex/x/asset/types/params.pb.go:812.16,814.4 1 0
github.com/comdex-official/comdex/x/asset/types/params.pb.go:815.17,817.4 1 0
github.com/comdex-official/comdex/x/asset/types/asset.go:14.34,15.15 1 1
github.com/comdex-official/comdex/x/asset/types/asset.go:18.2,18.18 1 1
github.com/comdex-official/comdex/x/asset/types/asset.go:21.2,21.38 1 1
github.com/comdex-official/comdex/x/asset/types/asset.go:24.2,24.19 1 1
github.com/comdex-official/comdex/x/asset/types/asset.go:27.2,27.51 1 1
github.com/comdex-official/comdex/x/asset/types/asset.go:30.2,30.20 1 1
github.com/comdex-official/comdex/x/asset/types/asset.go:34.2,34.12 1 1
github.com/comdex-official/comdex/x/asset/types/asset.go:15.15,17.3 1 1
github.com/comdex-official/comdex/x/asset/types/asset.go:18.18,20.3 1 1
github.com/comdex-official/comdex/x/asset/types/asset.go:21.38,23.3 1 1
github.com/comdex-official/comdex/x/asset/types/asset.go:24.19,26.3 1 1
github.com/comdex-official/comdex/x/asset/types/asset.go:27.51,29.3 1 0
github.com/comdex-official/comdex/x/asset/types/asset.go:30.20,32.3 1 1
github.com/comdex-official/comdex/x/asset/types/gov.go:15.13,18.2 2 1
github.com/comdex-official/comdex/x/asset/types/gov.go:24.55,24.73 1 0
github.com/comdex-official/comdex/x/asset/types/gov.go:25.55,25.79 1 0
github.com/comdex-official/comdex/x/asset/types/gov.go:26.55,26.75 1 0
github.com/comdex-official/comdex/x/asset/types/gov.go:27.55,27.89 1 0
github.com/comdex-official/comdex/x/asset/types/gov.go:29.53,30.53 1 0
github.com/comdex-official/comdex/x/asset/types/gov.go:33.2,33.21 1 0
github.com/comdex-official/comdex/x/asset/types/gov.go:36.2,36.63 1 0
github.com/comdex-official/comdex/x/asset/types/gov.go:40.2,40.12 1 0
github.com/comdex-official/comdex/x/asset/types/gov.go:30.53,32.3 1 0
github.com/comdex-official/comdex/x/asset/types/gov.go:33.21,35.3 1 0
github.com/comdex-official/comdex/x/asset/types/gov.go:36.63,38.3 1 0
github.com/comdex-official/comdex/x/asset/types/keys.go:30.33,32.2 1 1
github.com/comdex-official/comdex/x/asset/types/keys.go:34.36,36.2 1 1
github.com/comdex-official/comdex/x/asset/types/keys.go:38.38,40.2 1 1
github.com/comdex-official/comdex/x/asset/types/keys.go:42.44,44.2 1 1
github.com/comdex-official/comdex/x/asset/types/keys.go:46.42,48.2 1 1
github.com/comdex-official/comdex/x/asset/types/keys.go:50.32,52.2 1 1
github.com/comdex-official/comdex/x/asset/types/keys.go:54.46,56.2 1 1
github.com/comdex-official/comdex/x/asset/types/msg.go:22.103,28.2 1 1
github.com/comdex-official/comdex/x/asset/types/msg.go:30.53,31.18 1 1
github.com/comdex-official/comdex/x/asset/types/msg.go:34.2,34.60 1 1
github.com/comdex-official/comdex/x/asset/types/msg.go:37.2,37.20 1 1
github.com/comdex-official/comdex/x/asset/types/msg.go:40.2,40.43 1 1
github.com/comdex-official/comdex/x/asset/types/msg.go:43.2,43.21 1 1
github.com/comdex-official/comdex/x/asset/types/msg.go:47.2,47.12 1 1
github.com/comdex-official/comdex/x/asset/types/msg.go:31.18,33.3 1 0
github.com/comdex-official/comdex/x/asset/types/msg.go:34.60,36.3 1 0
github.com/comdex-official/comdex/x/asset/types/msg.go:37.20,39.3 1 0
github.com/comdex-official/comdex/x/asset/types/msg.go:40.43,42.3 1 0
github.com/comdex-official/comdex/x/asset/types/msg.go:43.21,45.3 1 0
github.com/comdex-official/comdex/x/asset/types/msg.go:50.61,52.16 2 0
github.com/comdex-official/comdex/x/asset/types/msg.go:56.2,56.31 1 0
github.com/comdex-official/comdex/x/asset/types/msg.go:52.16,53.13 1 0
github.com/comdex-official/comdex/x/asset/types/msg.go:59.109,65.2 1 0
github.com/comdex-official/comdex/x/asset/types/msg.go:67.56,68.18 1 0
github.com/comdex-official/comdex/x/asset/types/msg.go:71.2,71.60 1 0
github.com/comdex-official/comdex/x/asset/types/msg.go:74.2,74.20 1 0
github.com/comdex-official/comdex/x/asset/types/msg.go:80.2,80.12 1 0
github.com/comdex-official/comdex/x/asset/types/msg.go:68.18,70.3 1 0
github.com/comdex-official/comdex/x/asset/types/msg.go:71.60,73.3 1 0
github.com/comdex-official/comdex/x/asset/types/msg.go:74.20,75.44 1 0
github.com/comdex-official/comdex/x/asset/types/msg.go:75.44,77.4 1 0
github.com/comdex-official/comdex/x/asset/types/msg.go:83.64,85.16 2 0
github.com/comdex-official/comdex/x/asset/types/msg.go:89.2,89.31 1 0
github.com/comdex-official/comdex/x/asset/types/msg.go:85.16,86.13 1 0
github.com/comdex-official/comdex/x/asset/types/msg.go:92.105,99.2 1 0
github.com/comdex-official/comdex/x/asset/types/msg.go:101.52,102.18 1 0
github.com/comdex-official/comdex/x/asset/types/msg.go:105.2,105.60 1 0
github.com/comdex-official/comdex/x/asset/types/msg.go:108.2,108.18 1 0
github.com/comdex-official/comdex/x/asset/types/msg.go:111.2,111.38 1 0
github.com/comdex-official/comdex/x/asset/types/msg.go:114.2,114.19 1 0
github.com/comdex-official/comdex/x/asset/types/msg.go:117.2,117.51 1 0
github.com/comdex-official/comdex/x/asset/types/msg.go:120.2,120.20 1 0
github.com/comdex-official/comdex/x/asset/types/msg.go:124.2,124.12 1 0
github.com/comdex-official/comdex/x/asset/types/msg.go:102.18,104.3 1 0
github.com/comdex-official/comdex/x/asset/types/msg.go:105.60,107.3 1 0
github.com/comdex-official/comdex/x/asset/types/msg.go:108.18,110.3 1 0
github.com/comdex-official/comdex/x/asset/types/msg.go:111.38,113.3 1 0
github.com/comdex-official/comdex/x/asset/types/msg.go:114.19,116.3 1 0
github.com/comdex-official/comdex/x/asset/types/msg.go:117.51,119.3 1 0
github.com/comdex-official/comdex/x/asset/types/msg.go:120.20,122.3 1 0
github.com/comdex-official/comdex/x/asset/types/msg.go:127.60,129.16 2 0
github.com/comdex-official/comdex/x/asset/types/msg.go:133.2,133.31 1 0
github.com/comdex-official/comdex/x/asset/types/msg.go:129.16,130.13 1 0
github.com/comdex-official/comdex/x/asset/types/msg.go:136.122,144.2 1 0
github.com/comdex-official/comdex/x/asset/types/msg.go:146.55,147.18 1 0
github.com/comdex-official/comdex/x/asset/types/msg.go:150.2,150.60 1 0
github.com/comdex-official/comdex/x/asset/types/msg.go:153.2,153.18 1 0
github.com/comdex-official/comdex/x/asset/types/msg.go:158.2,158.19 1 0
github.com/comdex-official/comdex/x/asset/types/msg.go:164.2,164.12 1 0
github.com/comdex-official/comdex/x/asset/types/msg.go:147.18,149.3 1 0
github.com/comdex-official/comdex/x/asset/types/msg.go:150.60,152.3 1 0
github.com/comdex-official/comdex/x/asset/types/msg.go:153.18,154.39 1 0
github.com/comdex-official/comdex/x/asset/types/msg.go:154.39,156.4 1 0
github.com/comdex-official/comdex/x/asset/types/msg.go:158.19,159.52 1 0
github.com/comdex-official/comdex/x/asset/types/msg.go:159.52,161.4 1 0
github.com/comdex-official/comdex/x/asset/types/msg.go:167.63,169.16 2 0
github.com/comdex-official/comdex/x/asset/types/msg.go:173.2,173.31 1 0
github.com/comdex-official/comdex/x/asset/types/msg.go:169.16,170.13 1 0
github.com/comdex-official/comdex/x/asset/types/msg.go:176.113,182.2 1 0
github.com/comdex-official/comdex/x/asset/types/msg.go:184.61,185.18 1 0
github.com/comdex-official/comdex/x/asset/types/msg.go:188.2,188.60 1 0
github.com/comdex-official/comdex/x/asset/types/msg.go:191.2,191.15 1 0
github.com/comdex-official/comdex/x/asset/types/msg.go:194.2,194.20 1 0
github.com/comdex-official/comdex/x/asset/types/msg.go:197.2,197.43 1 0
github.com/comdex-official/comdex/x/asset/types/msg.go:201.2,201.12 1 0
github.com/comdex-official/comdex/x/asset/types/msg.go:185.18,187.3 1 0
github.com/comdex-official/comdex/x/asset/types/msg.go:188.60,190.3 1 0
github.com/comdex-official/comdex/x/asset/types/msg.go:191.15,193.3 1 0
github.com/comdex-official/comdex/x/asset/types/msg.go:194.20,196.3 1 0
github.com/comdex-official/comdex/x/asset/types/msg.go:197.43,199.3 1 0
github.com/comdex-official/comdex/x/asset/types/msg.go:204.69,206.16 2 0
github.com/comdex-official/comdex/x/asset/types/msg.go:210.2,210.31 1 0
github.com/comdex-official/comdex/x/asset/types/msg.go:206.16,207.13 1 0
github.com/comdex-official/comdex/x/asset/types/msg.go:213.119,219.2 1 0
github.com/comdex-official/comdex/x/asset/types/msg.go:221.64,222.18 1 0
github.com/comdex-official/comdex/x/asset/types/msg.go:225.2,225.60 1 0
github.com/comdex-official/comdex/x/asset/types/msg.go:228.2,228.15 1 0
github.com/comdex-official/comdex/x/asset/types/msg.go:231.2,231.20 1 0
github.com/comdex-official/comdex/x/asset/types/msg.go:234.2,234.43 1 0
github.com/comdex-official/comdex/x/asset/types/msg.go:238.2,238.12 1 0
github.com/comdex-official/comdex/x/asset/types/msg.go:222.18,224.3 1 0
github.com/comdex-official/comdex/x/asset/types/msg.go:225.60,227.3 1 0
github.com/comdex-official/comdex/x/asset/types/msg.go:228.15,230.3 1 0
github.com/comdex-official/comdex/x/asset/types/msg.go:231.20,233.3 1 0
github.com/comdex-official/comdex/x/asset/types/msg.go:234.43,236.3 1 0
github.com/comdex-official/comdex/x/asset/types/msg.go:241.72,243.16 2 0
github.com/comdex-official/comdex/x/asset/types/msg.go:247.2,247.31 1 0
github.com/comdex-official/comdex/x/asset/types/msg.go:243.16,244.13 1 0
github.com/comdex-official/comdex/x/asset/types/msg.go:250.119,257.2 1 0
github.com/comdex-official/comdex/x/asset/types/msg.go:259.51,260.18 1 0
github.com/comdex-official/comdex/x/asset/types/msg.go:263.2,263.60 1 0
github.com/comdex-official/comdex/x/asset/types/msg.go:266.2,266.20 1 0
github.com/comdex-official/comdex/x/asset/types/msg.go:269.2,269.21 1 0
github.com/comdex-official/comdex/x/asset/types/msg.go:272.2,272.32 1 0
github.com/comdex-official/comdex/x/asset/types/msg.go:275.2,275.37 1 0
github.com/comdex-official/comdex/x/asset/types/msg.go:279.2,279.12 1 0
github.com/comdex-official/comdex/x/asset/types/msg.go:260.18,262.3 1 0
github.com/comdex-official/comdex/x/asset/types/msg.go:263.60,265.3 1 0
github.com/comdex-official/comdex/x/asset/types/msg.go:266.20,268.3 1 0
github.com/comdex-official/comdex/x/asset/types/msg.go:269.21,271.3 1 0
github.com/comdex-official/comdex/x/asset/types/msg.go:272.32,274.3 1 0
github.com/comdex-official/comdex/x/asset/types/msg.go:275.37,277.3 1 0
github.com/comdex-official/comdex/x/asset/types/msg.go:282.59,284.16 2 0
github.com/comdex-official/comdex/x/asset/types/msg.go:288.2,288.31 1 0
github.com/comdex-official/comdex/x/asset/types/msg.go:284.16,285.13 1 0
github.com/comdex-official/comdex/x/asset/types/msg.go:291.110,297.2 1 0
github.com/comdex-official/comdex/x/asset/types/msg.go:299.54,300.18 1 0
github.com/comdex-official/comdex/x/asset/types/msg.go:303.2,303.60 1 0
github.com/comdex-official/comdex/x/asset/types/msg.go:306.2,306.33 1 0
github.com/comdex-official/comdex/x/asset/types/msg.go:312.2,312.12 1 0
github.com/comdex-official/comdex/x/asset/types/msg.go:300.18,302.3 1 0
github.com/comdex-official/comdex/x/asset/types/msg.go:303.60,305.3 1 0
github.com/comdex-official/comdex/x/asset/types/msg.go:306.33,307.38 1 0
github.com/comdex-official/comdex/x/asset/types/msg.go:307.38,309.4 1 0
github.com/comdex-official/comdex/x/asset/types/msg.go:315.62,317.16 2 0
github.com/comdex-official/comdex/x/asset/types/msg.go:321.2,321.31 1 0
github.com/comdex-official/comdex/x/asset/types/msg.go:317.16,318.13 1 0
github.com/comdex-official/comdex/x/asset/types/msg.go:333.25,346.2 1 0
github.com/comdex-official/comdex/x/asset/types/msg.go:348.54,349.18 1 0
github.com/comdex-official/comdex/x/asset/types/msg.go:352.2,352.60 1 0
github.com/comdex-official/comdex/x/asset/types/msg.go:355.2,355.70 1 0
github.com/comdex-official/comdex/x/asset/types/msg.go:358.2,358.76 1 0
github.com/comdex-official/comdex/x/asset/types/msg.go:361.2,361.22 1 0
github.com/comdex-official/comdex/x/asset/types/msg.go:364.2,364.25 1 0
github.com/comdex-official/comdex/x/asset/types/msg.go:367.2,367.21 1 0
github.com/comdex-official/comdex/x/asset/types/msg.go:371.2,371.12 1 0
github.com/comdex-official/comdex/x/asset/types/msg.go:349.18,351.3 1 0
github.com/comdex-official/comdex/x/asset/types/msg.go:352.60,354.3 1 0
github.com/comdex-official/comdex/x/asset/types/msg.go:355.70,357.3 1 0
github.com/comdex-official/comdex/x/asset/types/msg.go:358.76,360.3 1 0
github.com/comdex-official/comdex/x/asset/types/msg.go:361.22,363.3 1 0
github.com/comdex-official/comdex/x/asset/types/msg.go:364.25,366.3 1 0
github.com/comdex-official/comdex/x/asset/types/msg.go:367.21,369.3 1 0
github.com/comdex-official/comdex/x/asset/types/msg.go:374.62,376.16 2 0
github.com/comdex-official/comdex/x/asset/types/msg.go:380.2,380.31 1 0
github.com/comdex-official/comdex/x/asset/types/msg.go:376.16,377.13 1 0
github.com/comdex-official/comdex/x/asset/types/querier.pb.go:37.46,37.75 1 0
github.com/comdex-official/comdex/x/asset/types/querier.pb.go:38.46,38.83 1 0
github.com/comdex-official/comdex/x/asset/types/querier.pb.go:39.47,39.48 0 0
github.com/comdex-official/comdex/x/asset/types/querier.pb.go:40.57,42.2 1 0
github.com/comdex-official/comdex/x/asset/types/querier.pb.go:43.60,45.2 1 0
github.com/comdex-official/comdex/x/asset/types/querier.pb.go:46.88,47.19 1 0
github.com/comdex-official/comdex/x/asset/types/querier.pb.go:47.19,49.3 1 0
github.com/comdex-official/comdex/x/asset/types/querier.pb.go:49.8,52.17 3 0
github.com/comdex-official/comdex/x/asset/types/querier.pb.go:55.3,55.20 1 0
github.com/comdex-official/comdex/x/asset/types/querier.pb.go:52.17,54.4 1 0
github.com/comdex-official/comdex/x/asset/types/querier.pb.go:58.59,60.2 1 0
github.com/comdex-official/comdex/x/asset/types/querier.pb.go:61.45,63.2 1 0
github.com/comdex-official/comdex/x/asset/types/querier.pb.go:64.51,66.2 1 0
github.com/comdex-official/comdex/x/asset/types/querier.pb.go:75.47,75.77 1 0
github.com/comdex-official/comdex/x/asset/types/querier.pb.go:76.47,76.84 1 0
github.com/comdex-official/comdex/x/asset/types/querier.pb.go:77.48,77.49 0 0
github.com/comdex-official/comdex/x/asset/types/querier.pb.go:78.58,80.2 1 0
github.com/comdex-official/comdex/x/asset/types/querier.pb.go:81.61,83.2 1 0
github.com/comdex-official/comdex/x/asset/types/querier.pb.go:84.89,85.19 1 0
github.com/comdex-official/comdex/x/asset/types/querier.pb.go:85.19,87.3 1 0
github.com/comdex-official/comdex/x/asset/types/querier.pb.go:87.8,90.17 3 0
github.com/comdex-official/comdex/x/asset/types/querier.pb.go:93.3,93.20 1 0
github.com/comdex-official/comdex/x/asset/types/querier.pb.go:90.17,92.4 1 0
github.com/comdex-official/comdex/x/asset/types/querier.pb.go:96.60,98.2 1 0
github.com/comdex-official/comdex/x/asset/types/querier.pb.go:99.46,101.2 1 0
github.com/comdex-official/comdex/x/asset/types/querier.pb.go:102.52,104.2 1 0
github.com/comdex-official/comdex/x/asset/types/querier.pb.go:112.45,112.73 1 0
github.com/comdex-official/comdex/x/asset/types/querier.pb.go:113.45,113.82 1 0
github.com/comdex-official/comdex/x/asset/types/querier.pb.go:114.46,114.47 0 0
github.com/comdex-official/comdex/x/asset/types/querier.pb.go:115.56,117.2 1 0
github.com/comdex-official/comdex/x/asset/types/querier.pb.go:118.59,120.2 1 0
github.com/comdex-official/comdex/x/asset/types/querier.pb.go:121.87,122.19 1 0
github.com/comdex-official/comdex/x/asset/types/querier.pb.go:122.19,124.3 1 0
github.com/comdex-official/comdex/x/asset/types/querier.pb.go:124.8,127.17 3 0
github.com/comdex-official/comdex/x/asset/types/querier.pb.go:130.3,130.20 1 0
github.com/comdex-official/comdex/x/asset/types/querier.pb.go:127.17,129.4 1 0
github.com/comdex-official/comdex/x/asset/types/querier.pb.go:133.58,135.2 1 0
github.com/comdex-official/comdex/x/asset/types/querier.pb.go:136.44,138.2 1 0
github.com/comdex-official/comdex/x/asset/types/querier.pb.go:139.50,141.2 1 0
github.com/comdex-official/comdex/x/asset/types/querier.pb.go:149.46,149.75 1 0
github.com/comdex-official/comdex/x/asset/types/querier.pb.go:150.46,150.83 1 0
github.com/comdex-official/comdex/x/asset/types/querier.pb.go:151.47,151.48 0 0
github.com/comdex-official/comdex/x/asset/types/querier.pb.go:152.57,154.2 1 0
github.com/comdex-official/comdex/x/asset/types/querier.pb.go:155.60,157.2 1 0
github.com/comdex-official/comdex/x/asset/types/querier.pb.go:158.88,159.19 1 0
github.com/comdex-official/comdex/x/asset/types/querier.pb.go:159.19,161.3 1 0
github.com/comdex-official/comdex/x/asset/types/querier.pb.go:161.8,164.17 3 0
github.com/comdex-official/comdex/x/asset/types/querier.pb.go:167.3,167.20 1 0
github.com/comdex-official/comdex/x/asset/types/querier.pb.go:164.17,166.4 1 0
github.com/comdex-official/comdex/x/asset/types/querier.pb.go:170.59,172.2 1 0
github.com/comdex-official/comdex/x/asset/types/querier.pb.go:173.45,175.2 1 0
github.com/comdex-official/comdex/x/asset/types/querier.pb.go:176.51,178.2 1 0
github.com/comdex-official/comdex/x/asset/types/querier.pb.go:186.47,186.77 1 0
github.com/comdex-official/comdex/x/asset/types/querier.pb.go:187.47,187.84 1 0
github.com/comdex-official/comdex/x/asset/types/querier.pb.go:188.48,188.49 0 0
github.com/comdex-official/comdex/x/asset/types/querier.pb.go:189.58,191.2 1 0
github.com/comdex-official/comdex/x/asset/types/querier.pb.go:192.61,194.2 1 0
github.com/comdex-official/comdex/x/asset/types/querier.pb.go:195.89,196.19 1 0
github.com/comdex-official/comdex/x/asset/types/querier.pb.go:196.19,198.3 1 0
github.com/comdex-official/comdex/x/asset/types/querier.pb.go:198.8,201.17 3 0
github.com/comdex-official/comdex/x/asset/types/querier.pb.go:204.3,204.20 1 0
github.com/comdex-official/comdex/x/asset/types/querier.pb.go:201.17,203.4 1 0
github.com/comdex-official/comdex/x/asset/types/querier.pb.go:207.60,209.2 1 0
github.com/comdex-official/comdex/x/asset/types/querier.pb.go:210.46,212.2 1 0
github.com/comdex-official/comdex/x/asset/types/querier.pb.go:213.52,215.2 1 0
github.com/comdex-official/comdex/x/asset/types/querier.pb.go:224.48,224.79 1 0
github.com/comdex-official/comdex/x/asset/types/querier.pb.go:225.48,225.85 1 0
github.com/comdex-official/comdex/x/asset/types/querier.pb.go:226.49,226.50 0 0
github.com/comdex-official/comdex/x/asset/types/querier.pb.go:227.59,229.2 1 0
github.com/comdex-official/comdex/x/asset/types/querier.pb.go:230.62,232.2 1 0
github.com/comdex-official/comdex/x/asset/types/querier.pb.go:233.90,234.19 1 0
github.com/comdex-official/comdex/x/asset/types/querier.pb.go:234.19,236.3 1 0
github.com/comdex-official/comdex/x/asset/types/querier.pb.go:236.8,239.17 3 0
github.com/comdex-official/comdex/x/asset/types/querier.pb.go:242.3,242.20 1 0
github.com/comdex-official/comdex/x/asset/types/querier.pb.go:239.17,241.4 1 0
github.com/comdex-official/comdex/x/asset/types/querier.pb.go:245.61,247.2 1 0
github.com/comdex-official/comdex/x/asset/types/querier.pb.go:248.47,250.2 1 0
github.com/comdex-official/comdex/x/asset/types/querier.pb.go:251.53,253.2 1 0
github.com/comdex-official/comdex/x/asset/types/querier.pb.go:261.46,261.75 1 0
github.com/comdex-official/comdex/x/asset/types/querier.pb.go:262.46,262.83 1 0
github.com/comdex-official/comdex/x/asset/types/querier.pb.go:263.47,263.48 0 0
github.com/comdex-official/comdex/x/asset/types/querier.pb.go:264.57,266.2 1 0
github.com/comdex-official/comdex/x/asset/types/querier.pb.go:267.60,269.2 1 0
github.com/comdex-official/comdex/x/asset/types/querier.pb.go:270.88,271.19 1 0
github.com/comdex-official/comdex/x/asset/types/querier.pb.go:271.19,273.3 1 0
github.com/comdex-official/comdex/x/asset/types/querier.pb.go:273.8,276.17 3 0
github.com/comdex-official/comdex/x/asset/types/querier.pb.go:279.3,279.20 1 0
github.com/comdex-official/comdex/x/asset/types/querier.pb.go:276.17,278.4 1 0
github.com/comdex-official/comdex/x/asset/types/querier.pb.go:282.59,284.2 1 0
github.com/comdex-official/comdex/x/asset/types/querier.pb.go:285.45,287.2 1 0
github.com/comdex-official/comdex/x/asset/types/querier.pb.go:288.51,290.2 1 0
github.com/comdex-official/comdex/x/asset/types/querier.pb.go:298.47,298.77 1 0
github.com/comdex-official/comdex/x/asset/types/querier.pb.go:299.47,299.84 1 0
github.com/comdex-official/comdex/x/asset/types/querier.pb.go:300.48,300.49 0 0
github.com/comdex-official/comdex/x/asset/types/querier.pb.go:301.58,303.2 1 0
github.com/comdex-official/comdex/x/asset/types/querier.pb.go:304.61,306.2 1 0
github.com/comdex-official/comdex/x/asset/types/querier.pb.go:307.89,308.19 1 0
github.com/comdex-official/comdex/x/asset/types/querier.pb.go:308.19,310.3 1 0
github.com/comdex-official/comdex/x/asset/types/querier.pb.go:310.8,313.17 3 0
github.com/comdex-official/comdex/x/asset/types/querier.pb.go:316.3,316.20 1 0
github.com/comdex-official/comdex/x/asset/types/querier.pb.go:313.17,315.4 1 0
github.com/comdex-official/comdex/x/asset/types/querier.pb.go:319.60,321.2 1 0
github.com/comdex-official/comdex/x/asset/types/querier.pb.go:322.46,324.2 1 0
github.com/comdex-official/comdex/x/asset/types/querier.pb.go:325.52,327.2 1 0
github.com/comdex-official/comdex/x/asset/types/querier.pb.go:335.45,335.73 1 0
github.com/comdex-official/comdex/x/asset/types/querier.pb.go:336.45,336.82 1 0
github.com/comdex-official/comdex/x/asset/types/querier.pb.go:337.46,337.47 0 0
github.com/comdex-official/comdex/x/asset/types/querier.pb.go:338.56,340.2 1 0
github.com/comdex-official/comdex/x/asset/types/querier.pb.go:341.59,343.2 1 0
github.com/comdex-official/comdex/x/asset/types/querier.pb.go:344.87,345.19 1 0
github.com/comdex-official/comdex/x/asset/types/querier.pb.go:345.19,347.3 1 0
github.com/comdex-official/comdex/x/asset/types/querier.pb.go:347.8,350.17 3 0
github.com/comdex-official/comdex/x/asset/types/querier.pb.go:353.3,353.20 1 0
github.com/comdex-official/comdex/x/asset/types/querier.pb.go:350.17,352.4 1 0
github.com/comdex-official/comdex/x/asset/types/querier.pb.go:356.58,358.2 1 0
github.com/comdex-official/comdex/x/asset/types/querier.pb.go:359.44,361.2 1 0
github.com/comdex-official/comdex/x/asset/types/querier.pb.go:362.50,364.2 1 0
github.com/comdex-official/comdex/x/asset/types/querier.pb.go:373.46,373.75 1 0
github.com/comdex-official/comdex/x/asset/types/querier.pb.go:374.46,374.83 1 0
github.com/comdex-official/comdex/x/asset/types/querier.pb.go:375.47,375.48 0 0
github.com/comdex-official/comdex/x/asset/types/querier.pb.go:376.57,378.2 1 0
github.com/comdex-official/comdex/x/asset/types/querier.pb.go:379.60,381.2 1 0
github.com/comdex-official/comdex/x/asset/types/querier.pb.go:382.88,383.19 1 0
github.com/comdex-official/comdex/x/asset/types/querier.pb.go:383.19,385.3 1 0
github.com/comdex-official/comdex/x/asset/types/querier.pb.go:385.8,388.17 3 0
github.com/comdex-official/comdex/x/asset/types/querier.pb.go:391.3,391.20 1 0
github.com/comdex-official/comdex/x/asset/types/querier.pb.go:388.17,390.4 1 0
github.com/comdex-official/comdex/x/asset/types/querier.pb.go:394.59,396.2 1 0
github.com/comdex-official/comdex/x/asset/types/querier.pb.go:397.45,399.2 1 0
github.com/comdex-official/comdex/x/asset/types/querier.pb.go:400.51,402.2 1 0
github.com/comdex-official/comdex/x/asset/types/querier.pb.go:410.44,410.71 1 0
github.com/comdex-official/comdex/x/asset/types/querier.pb.go:411.44,411.81 1 0
github.com/comdex-official/comdex/x/asset/types/querier.pb.go:412.45,412.46 0 0
github.com/comdex-official/comdex/x/asset/types/querier.pb.go:413.55,415.2 1 0
github.com/comdex-official/comdex/x/asset/types/querier.pb.go:416.58,418.2 1 0
github.com/comdex-official/comdex/x/asset/types/querier.pb.go:419.86,420.19 1 0
github.com/comdex-official/comdex/x/asset/types/querier.pb.go:420.19,422.3 1 0
github.com/comdex-official/comdex/x/asset/types/querier.pb.go:422.8,425.17 3 0
github.com/comdex-official/comdex/x/asset/types/querier.pb.go:428.3,428.20 1 0
github.com/comdex-official/comdex/x/asset/types/querier.pb.go:425.17,427.4 1 0
github.com/comdex-official/comdex/x/asset/types/querier.pb.go:431.57,433.2 1 0
github.com/comdex-official/comdex/x/asset/types/querier.pb.go:434.43,436.2 1 0
github.com/comdex-official/comdex/x/asset/types/querier.pb.go:437.49,439.2 1 0
github.com/comdex-official/comdex/x/asset/types/querier.pb.go:447.45,447.73 1 0
github.com/comdex-official/comdex/x/asset/types/querier.pb.go:448.45,448.82 1 0
github.com/comdex-official/comdex/x/asset/types/querier.pb.go:449.46,449.47 0 0
github.com/comdex-official/comdex/x/asset/types/querier.pb.go:450.56,452.2 1 0
github.com/comdex-official/comdex/x/asset/types/querier.pb.go:453.59,455.2 1 0
github.com/comdex-official/comdex/x/asset/types/querier.pb.go:456.87,457.19 1 0
github.com/comdex-official/comdex/x/asset/types/querier.pb.go:457.19,459.3 1 0
github.com/comdex-official/comdex/x/asset/types/querier.pb.go:459.8,462.17 3 0
github.com/comdex-official/comdex/x/asset/types/querier.pb.go:465.3,465.20 1 0
github.com/comdex-official/comdex/x/asset/types/querier.pb.go:462.17,464.4 1 0
github.com/comdex-official/comdex/x/asset/types/querier.pb.go:468.58,470.2 1 0
github.com/comdex-official/comdex/x/asset/types/querier.pb.go:471.44,473.2 1 0
github.com/comdex-official/comdex/x/asset/types/querier.pb.go:474.50,476.2 1 0
github.com/comdex-official/comdex/x/asset/types/querier.pb.go:483.46,483.75 1 0
github.com/comdex-official/comdex/x/asset/types/querier.pb.go:484.46,484.83 1 0
github.com/comdex-official/comdex/x/asset/types/querier.pb.go:485.47,485.48 0 0
github.com/comdex-official/comdex/x/asset/types/querier.pb.go:486.57,488.2 1 0
github.com/comdex-official/comdex/x/asset/types/querier.pb.go:489.60,491.2 1 0
github.com/comdex-official/comdex/x/asset/types/querier.pb.go:492.88,493.19 1 0
github.com/comdex-official/comdex/x/asset/types/querier.pb.go:493.19,495.3 1 0
github.com/comdex-official/comdex/x/asset/types/querier.pb.go:495.8,498.17 3 0
github.com/comdex-official/comdex/x/asset/types/querier.pb.go:501.3,501.20 1 0
github.com/comdex-official/comdex/x/asset/types/querier.pb.go:498.17,500.4 1 0
github.com/comdex-official/comdex/x/asset/types/querier.pb.go:504.59,506.2 1 0
github.com/comdex-official/comdex/x/asset/types/querier.pb.go:507.45,509.2 1 0
github.com/comdex-official/comdex/x/asset/types/querier.pb.go:510.51,512.2 1 0
github.com/comdex-official/comdex/x/asset/types/querier.pb.go:520.47,520.77 1 0
github.com/comdex-official/comdex/x/asset/types/querier.pb.go:521.47,521.84 1 0
github.com/comdex-official/comdex/x/asset/types/querier.pb.go:522.48,522.49 0 0
github.com/comdex-official/comdex/x/asset/types/querier.pb.go:523.58,525.2 1 0
github.com/comdex-official/comdex/x/asset/types/querier.pb.go:526.61,528.2 1 0
github.com/comdex-official/comdex/x/asset/types/querier.pb.go:529.89,530.19 1 0
github.com/comdex-official/comdex/x/asset/types/querier.pb.go:530.19,532.3 1 0
github.com/comdex-official/comdex/x/asset/types/querier.pb.go:532.8,535.17 3 0
github.com/comdex-official/comdex/x/asset/types/querier.pb.go:538.3,538.20 1 0
github.com/comdex-official/comdex/x/asset/types/querier.pb.go:535.17,537.4 1 0
github.com/comdex-official/comdex/x/asset/types/querier.pb.go:541.60,543.2 1 0
github.com/comdex-official/comdex/x/asset/types/querier.pb.go:544.46,546.2 1 0
github.com/comdex-official/comdex/x/asset/types/querier.pb.go:547.52,549.2 1 0
github.com/comdex-official/comdex/x/asset/types/querier.pb.go:553.13,568.2 14 1
github.com/comdex-official/comdex/x/asset/types/querier.pb.go:570.13,572.2 1 1
github.com/comdex-official/comdex/x/asset/types/querier.pb.go:655.68,657.2 1 0
github.com/comdex-official/comdex/x/asset/types/querier.pb.go:659.142,662.16 3 0
github.com/comdex-official/comdex/x/asset/types/querier.pb.go:665.2,665.17 1 0
github.com/comdex-official/comdex/x/asset/types/querier.pb.go:662.16,664.3 1 0
github.com/comdex-official/comdex/x/asset/types/querier.pb.go:668.139,671.16 3 0
github.com/comdex-official/comdex/x/asset/types/querier.pb.go:674.2,674.17 1 0
github.com/comdex-official/comdex/x/asset/types/querier.pb.go:671.16,673.3 1 0
github.com/comdex-official/comdex/x/asset/types/querier.pb.go:677.145,680.16 3 0
github.com/comdex-official/comdex/x/asset/types/querier.pb.go:683.2,683.17 1 0
github.com/comdex-official/comdex/x/asset/types/querier.pb.go:680.16,682.3 1 0
github.com/comdex-official/comdex/x/asset/types/querier.pb.go:686.142,689.16 3 0
github.com/comdex-official/comdex/x/asset/types/querier.pb.go:692.2,692.17 1 0
github.com/comdex-official/comdex/x/asset/types/querier.pb.go:689.16,691.3 1 0
github.com/comdex-official/comdex/x/asset/types/querier.pb.go:695.139,698.16 3 0
github.com/comdex-official/comdex/x/asset/types/querier.pb.go:701.2,701.17 1 0
github.com/comdex-official/comdex/x/asset/types/querier.pb.go:698.16,700.3 1 0
github.com/comdex-official/comdex/x/asset/types/querier.pb.go:704.136,707.16 3 0
github.com/comdex-official/comdex/x/asset/types/querier.pb.go:710.2,710.17 1 0
github.com/comdex-official/comdex/x/asset/types/querier.pb.go:707.16,709.3 1 0
github.com/comdex-official/comdex/x/asset/types/querier.pb.go:713.142,716.16 3 0
github.com/comdex-official/comdex/x/asset/types/querier.pb.go:719.2,719.17 1 0
github.com/comdex-official/comdex/x/asset/types/querier.pb.go:716.16,718.3 1 0
github.com/comdex-official/comdex/x/asset/types/querier.pb.go:737.129,739.2 1 0
github.com/comdex-official/comdex/x/asset/types/querier.pb.go:740.126,742.2 1 0
github.com/comdex-official/comdex/x/asset/types/querier.pb.go:743.132,745.2 1 0
github.com/comdex-official/comdex/x/asset/types/querier.pb.go:746.129,748.2 1 0
github.com/comdex-official/comdex/x/asset/types/querier.pb.go:749.126,751.2 1 0
github.com/comdex-official/comdex/x/asset/types/querier.pb.go:752.123,754.2 1 0
github.com/comdex-official/comdex/x/asset/types/querier.pb.go:755.129,757.2 1 0
github.com/comdex-official/comdex/x/asset/types/querier.pb.go:759.73,761.2 1 0
github.com/comdex-official/comdex/x/asset/types/querier.pb.go:763.169,765.32 2 0
github.com/comdex-official/comdex/x/asset/types/querier.pb.go:768.2,768.24 1 0
github.com/comdex-official/comdex/x/asset/types/querier.pb.go:771.2,775.77 2 0
github.com/comdex-official/comdex/x/asset/types/querier.pb.go:778.2,778.44 1 0
github.com/comdex-official/comdex/x/asset/types/querier.pb.go:765.32,767.3 1 0
github.com/comdex-official/comdex/x/asset/types/querier.pb.go:768.24,770.3 1 0
github.com/comdex-official/comdex/x/asset/types/querier.pb.go:775.77,777.3 1 0
github.com/comdex-official/comdex/x/asset/types/querier.pb.go:781.168,783.32 2 0
github.com/comdex-official/comdex/x/asset/types/querier.pb.go:786.2,786.24 1 0
github.com/comdex-official/comdex/x/asset/types/querier.pb.go:789.2,793.77 2 0
github.com/comdex-official/comdex/x/asset/types/querier.pb.go:796.2,796.44 1 0
github.com/comdex-official/comdex/x/asset/types/querier.pb.go:783.32,785.3 1 0
github.com/comdex-official/comdex/x/asset/types/querier.pb.go:786.24,788.3 1 0
github.com/comdex-official/comdex/x/asset/types/querier.pb.go:793.77,795.3 1 0
github.com/comdex-official/comdex/x/asset/types/querier.pb.go:799.170,801.32 2 0
github.com/comdex-official/comdex/x/asset/types/querier.pb.go:804.2,804.24 1 0
github.com/comdex-official/comdex/x/asset/types/querier.pb.go:807.2,811.77 2 0
github.com/comdex-official/comdex/x/asset/types/querier.pb.go:814.2,814.44 1 0
github.com/comdex-official/comdex/x/asset/types/querier.pb.go:801.32,803.3 1 0
github.com/comdex-official/comdex/x/asset/types/querier.pb.go:804.24,806.3 1 0
github.com/comdex-official/comdex/x/asset/types/querier.pb.go:811.77,813.3 1 0
github.com/comdex-official/comdex/x/asset/types/querier.pb.go:817.169,819.32 2 0
github.com/comdex-official/comdex/x/asset/types/querier.pb.go:822.2,822.24 1 0
github.com/comdex-official/comdex/x/asset/types/querier.pb.go:825.2,829.77 2 0
github.com/comdex-official/comdex/x/asset/types/querier.pb.go:832.2,832.44 1 0
github.com/comdex-official/comdex/x/asset/types/querier.pb.go:819.32,821.3 1 0
github.com/comdex-official/comdex/x/asset/types/querier.pb.go:822.24,824.3 1 0
github.com/comdex-official/comdex/x/asset/types/querier.pb.go:829.77,831.3 1 0
github.com/comdex-official/comdex/x/asset/types/querier.pb.go:835.168,837.32 2 0
github.com/comdex-official/comdex/x/asset/types/querier.pb.go:840.2,840.24 1 0
[...]
github.com/comdex-official/comdex/x/asset/types/msg.pb.go:3671.78,3673.5 1 0
github.com/comdex-official/comdex/x/asset/types/msg.pb.go:3678.18,3680.5 1 0
github.com/comdex-official/comdex/x/asset/types/msg.pb.go:3681.42,3683.5 1 0
github.com/comdex-official/comdex/x/asset/types/msg.pb.go:3684.28,3686.5 1 0
github.com/comdex-official/comdex/x/asset/types/msg.pb.go:3691.15,3693.3 1 0
github.com/comdex-official/comdex/x/asset/types/msg.pb.go:3696.62,3699.16 3 0
github.com/comdex-official/comdex/x/asset/types/msg.pb.go:3741.2,3741.15 1 0
github.com/comdex-official/comdex/x/asset/types/msg.pb.go:3744.2,3744.12 1 0
github.com/comdex-official/comdex/x/asset/types/msg.pb.go:3699.16,3702.38 3 0
github.com/comdex-official/comdex/x/asset/types/msg.pb.go:3716.3,3718.20 3 0
github.com/comdex-official/comdex/x/asset/types/msg.pb.go:3721.3,3721.20 1 0
github.com/comdex-official/comdex/x/asset/types/msg.pb.go:3724.3,3724.19 1 0
github.com/comdex-official/comdex/x/asset/types/msg.pb.go:3702.38,3703.19 1 0
github.com/comdex-official/comdex/x/asset/types/msg.pb.go:3706.4,3706.18 1 0
github.com/comdex-official/comdex/x/asset/types/msg.pb.go:3709.4,3712.16 4 0
github.com/comdex-official/comdex/x/asset/types/msg.pb.go:3703.19,3705.5 1 0
github.com/comdex-official/comdex/x/asset/types/msg.pb.go:3706.18,3708.5 1 0
github.com/comdex-official/comdex/x/asset/types/msg.pb.go:3712.16,3713.10 1 0
github.com/comdex-official/comdex/x/asset/types/msg.pb.go:3718.20,3720.4 1 0
github.com/comdex-official/comdex/x/asset/types/msg.pb.go:3721.20,3723.4 1 0
github.com/comdex-official/comdex/x/asset/types/msg.pb.go:3725.11,3728.18 3 0
github.com/comdex-official/comdex/x/asset/types/msg.pb.go:3731.4,3731.42 1 0
github.com/comdex-official/comdex/x/asset/types/msg.pb.go:3734.4,3734.28 1 0
github.com/comdex-official/comdex/x/asset/types/msg.pb.go:3737.4,3737.19 1 0
github.com/comdex-official/comdex/x/asset/types/msg.pb.go:3728.18,3730.5 1 0
github.com/comdex-official/comdex/x/asset/types/msg.pb.go:3731.42,3733.5 1 0
github.com/comdex-official/comdex/x/asset/types/msg.pb.go:3734.28,3736.5 1 0
github.com/comdex-official/comdex/x/asset/types/msg.pb.go:3741.15,3743.3 1 0
github.com/comdex-official/comdex/x/asset/types/msg.pb.go:3746.61,3749.16 3 0
github.com/comdex-official/comdex/x/asset/types/msg.pb.go:4062.2,4062.15 1 0
github.com/comdex-official/comdex/x/asset/types/msg.pb.go:4065.2,4065.12 1 0
github.com/comdex-official/comdex/x/asset/types/msg.pb.go:3749.16,3752.38 3 0
github.com/comdex-official/comdex/x/asset/types/msg.pb.go:3766.3,3768.20 3 0
github.com/comdex-official/comdex/x/asset/types/msg.pb.go:3771.3,3771.20 1 0
github.com/comdex-official/comdex/x/asset/types/msg.pb.go:3774.3,3774.19 1 0
github.com/comdex-official/comdex/x/asset/types/msg.pb.go:3752.38,3753.19 1 0
github.com/comdex-official/comdex/x/asset/types/msg.pb.go:3756.4,3756.18 1 0
github.com/comdex-official/comdex/x/asset/types/msg.pb.go:3759.4,3762.16 4 0
github.com/comdex-official/comdex/x/asset/types/msg.pb.go:3753.19,3755.5 1 0
github.com/comdex-official/comdex/x/asset/types/msg.pb.go:3756.18,3758.5 1 0
github.com/comdex-official/comdex/x/asset/types/msg.pb.go:3762.16,3763.10 1 0
github.com/comdex-official/comdex/x/asset/types/msg.pb.go:3768.20,3770.4 1 0
github.com/comdex-official/comdex/x/asset/types/msg.pb.go:3771.20,3773.4 1 0
github.com/comdex-official/comdex/x/asset/types/msg.pb.go:3775.10,3776.21 1 0
github.com/comdex-official/comdex/x/asset/types/msg.pb.go:3779.4,3780.39 2 0
github.com/comdex-official/comdex/x/asset/types/msg.pb.go:3794.4,3795.24 2 0
github.com/comdex-official/comdex/x/asset/types/msg.pb.go:3798.4,3799.21 2 0
github.com/comdex-official/comdex/x/asset/types/msg.pb.go:3802.4,3802.21 1 0
github.com/comdex-official/comdex/x/asset/types/msg.pb.go:3805.4,3806.21 2 0
github.com/comdex-official/comdex/x/asset/types/msg.pb.go:3807.10,3808.21 1 0
github.com/comdex-official/comdex/x/asset/types/msg.pb.go:3811.4,3812.39 2 0
github.com/comdex-official/comdex/x/asset/types/msg.pb.go:3826.4,3827.24 2 0
github.com/comdex-official/comdex/x/asset/types/msg.pb.go:3830.4,3831.21 2 0
github.com/comdex-official/comdex/x/asset/types/msg.pb.go:3834.4,3834.21 1 0
github.com/comdex-official/comdex/x/asset/types/msg.pb.go:3837.4,3838.21 2 0
github.com/comdex-official/comdex/x/asset/types/msg.pb.go:3839.10,3840.21 1 0
github.com/comdex-official/comdex/x/asset/types/msg.pb.go:3843.4,3844.39 2 0
github.com/comdex-official/comdex/x/asset/types/msg.pb.go:3858.4,3859.24 2 0
github.com/comdex-official/comdex/x/asset/types/msg.pb.go:3862.4,3863.21 2 0
github.com/comdex-official/comdex/x/asset/types/msg.pb.go:3866.4,3866.21 1 0
github.com/comdex-official/comdex/x/asset/types/msg.pb.go:3869.4,3870.21 2 0
github.com/comdex-official/comdex/x/asset/types/msg.pb.go:3871.10,3872.21 1 0
github.com/comdex-official/comdex/x/asset/types/msg.pb.go:3875.4,3876.39 2 0
github.com/comdex-official/comdex/x/asset/types/msg.pb.go:3890.4,3890.18 1 0
github.com/comdex-official/comdex/x/asset/types/msg.pb.go:3893.4,3894.21 2 0
github.com/comdex-official/comdex/x/asset/types/msg.pb.go:3897.4,3897.21 1 0
github.com/comdex-official/comdex/x/asset/types/msg.pb.go:3900.4,3900.75 1 0
github.com/comdex-official/comdex/x/asset/types/msg.pb.go:3903.4,3903.21 1 0
github.com/comdex-official/comdex/x/asset/types/msg.pb.go:3904.10,3905.21 1 0
github.com/comdex-official/comdex/x/asset/types/msg.pb.go:3908.4,3909.39 2 0
github.com/comdex-official/comdex/x/asset/types/msg.pb.go:3923.10,3924.21 1 0
github.com/comdex-official/comdex/x/asset/types/msg.pb.go:3927.4,3928.39 2 0
github.com/comdex-official/comdex/x/asset/types/msg.pb.go:3942.4,3943.24 2 0
github.com/comdex-official/comdex/x/asset/types/msg.pb.go:3946.4,3947.21 2 0
github.com/comdex-official/comdex/x/asset/types/msg.pb.go:3950.4,3950.21 1 0
github.com/comdex-official/comdex/x/asset/types/msg.pb.go:3953.4,3954.21 2 0
github.com/comdex-official/comdex/x/asset/types/msg.pb.go:3955.10,3956.21 1 0
github.com/comdex-official/comdex/x/asset/types/msg.pb.go:3959.4,3960.39 2 0
github.com/comdex-official/comdex/x/asset/types/msg.pb.go:3974.10,3975.21 1 0
github.com/comdex-official/comdex/x/asset/types/msg.pb.go:3978.4,3979.39 2 0
github.com/comdex-official/comdex/x/asset/types/msg.pb.go:3993.4,3993.18 1 0
github.com/comdex-official/comdex/x/asset/types/msg.pb.go:3996.4,3997.21 2 0
github.com/comdex-official/comdex/x/asset/types/msg.pb.go:4000.4,4000.21 1 0
github.com/comdex-official/comdex/x/asset/types/msg.pb.go:4003.4,4004.89 2 0
github.com/comdex-official/comdex/x/asset/types/msg.pb.go:4007.4,4007.21 1 0
github.com/comdex-official/comdex/x/asset/types/msg.pb.go:4008.10,4009.21 1 0
github.com/comdex-official/comdex/x/asset/types/msg.pb.go:4012.4,4013.39 2 0
github.com/comdex-official/comdex/x/asset/types/msg.pb.go:4027.11,4028.21 1 0
github.com/comdex-official/comdex/x/asset/types/msg.pb.go:4031.4,4032.39 2 0
github.com/comdex-official/comdex/x/asset/types/msg.pb.go:4046.11,4049.18 3 0
github.com/comdex-official/comdex/x/asset/types/msg.pb.go:4052.4,4052.42 1 0
github.com/comdex-official/comdex/x/asset/types/msg.pb.go:4055.4,4055.28 1 0
github.com/comdex-official/comdex/x/asset/types/msg.pb.go:4058.4,4058.19 1 0
github.com/comdex-official/comdex/x/asset/types/msg.pb.go:3776.21,3778.5 1 0
github.com/comdex-official/comdex/x/asset/types/msg.pb.go:3780.39,3781.20 1 0
github.com/comdex-official/comdex/x/asset/types/msg.pb.go:3784.5,3784.19 1 0
github.com/comdex-official/comdex/x/asset/types/msg.pb.go:3787.5,3790.17 4 0
github.com/comdex-official/comdex/x/asset/types/msg.pb.go:3781.20,3783.6 1 0
github.com/comdex-official/comdex/x/asset/types/msg.pb.go:3784.19,3786.6 1 0
github.com/comdex-official/comdex/x/asset/types/msg.pb.go:3790.17,3791.11 1 0
github.com/comdex-official/comdex/x/asset/types/msg.pb.go:3795.24,3797.5 1 0
github.com/comdex-official/comdex/x/asset/types/msg.pb.go:3799.21,3801.5 1 0
github.com/comdex-official/comdex/x/asset/types/msg.pb.go:3802.21,3804.5 1 0
github.com/comdex-official/comdex/x/asset/types/msg.pb.go:3808.21,3810.5 1 0
github.com/comdex-official/comdex/x/asset/types/msg.pb.go:3812.39,3813.20 1 0
github.com/comdex-official/comdex/x/asset/types/msg.pb.go:3816.5,3816.19 1 0
github.com/comdex-official/comdex/x/asset/types/msg.pb.go:3819.5,3822.17 4 0
github.com/comdex-official/comdex/x/asset/types/msg.pb.go:3813.20,3815.6 1 0
github.com/comdex-official/comdex/x/asset/types/msg.pb.go:3816.19,3818.6 1 0
github.com/comdex-official/comdex/x/asset/types/msg.pb.go:3822.17,3823.11 1 0
github.com/comdex-official/comdex/x/asset/types/msg.pb.go:3827.24,3829.5 1 0
github.com/comdex-official/comdex/x/asset/types/msg.pb.go:3831.21,3833.5 1 0
github.com/comdex-official/comdex/x/asset/types/msg.pb.go:3834.21,3836.5 1 0
github.com/comdex-official/comdex/x/asset/types/msg.pb.go:3840.21,3842.5 1 0
github.com/comdex-official/comdex/x/asset/types/msg.pb.go:3844.39,3845.20 1 0
github.com/comdex-official/comdex/x/asset/types/msg.pb.go:3848.5,3848.19 1 0
github.com/comdex-official/comdex/x/asset/types/msg.pb.go:3851.5,3854.17 4 0
github.com/comdex-official/comdex/x/asset/types/msg.pb.go:3845.20,3847.6 1 0
github.com/comdex-official/comdex/x/asset/types/msg.pb.go:3848.19,3850.6 1 0
github.com/comdex-official/comdex/x/asset/types/msg.pb.go:3854.17,3855.11 1 0
github.com/comdex-official/comdex/x/asset/types/msg.pb.go:3859.24,3861.5 1 0
github.com/comdex-official/comdex/x/asset/types/msg.pb.go:3863.21,3865.5 1 0
github.com/comdex-official/comdex/x/asset/types/msg.pb.go:3866.21,3868.5 1 0
github.com/comdex-official/comdex/x/asset/types/msg.pb.go:3872.21,3874.5 1 0
github.com/comdex-official/comdex/x/asset/types/msg.pb.go:3876.39,3877.20 1 0
github.com/comdex-official/comdex/x/asset/types/msg.pb.go:3880.5,3880.19 1 0
github.com/comdex-official/comdex/x/asset/types/msg.pb.go:3883.5,3886.17 4 0
github.com/comdex-official/comdex/x/asset/types/msg.pb.go:3877.20,3879.6 1 0
github.com/comdex-official/comdex/x/asset/types/msg.pb.go:3880.19,3882.6 1 0
github.com/comdex-official/comdex/x/asset/types/msg.pb.go:3886.17,3887.11 1 0
github.com/comdex-official/comdex/x/asset/types/msg.pb.go:3890.18,3892.5 1 0
github.com/comdex-official/comdex/x/asset/types/msg.pb.go:3894.21,3896.5 1 0
github.com/comdex-official/comdex/x/asset/types/msg.pb.go:3897.21,3899.5 1 0
github.com/comdex-official/comdex/x/asset/types/msg.pb.go:3900.75,3902.5 1 0
github.com/comdex-official/comdex/x/asset/types/msg.pb.go:3905.21,3907.5 1 0
github.com/comdex-official/comdex/x/asset/types/msg.pb.go:3909.39,3910.20 1 0
github.com/comdex-official/comdex/x/asset/types/msg.pb.go:3913.5,3913.19 1 0
github.com/comdex-official/comdex/x/asset/types/msg.pb.go:3916.5,3919.17 4 0
github.com/comdex-official/comdex/x/asset/types/msg.pb.go:3910.20,3912.6 1 0
github.com/comdex-official/comdex/x/asset/types/msg.pb.go:3913.19,3915.6 1 0
github.com/comdex-official/comdex/x/asset/types/msg.pb.go:3919.17,3920.11 1 0
github.com/comdex-official/comdex/x/asset/types/msg.pb.go:3924.21,3926.5 1 0
github.com/comdex-official/comdex/x/asset/types/msg.pb.go:3928.39,3929.20 1 0
github.com/comdex-official/comdex/x/asset/types/msg.pb.go:3932.5,3932.19 1 0
github.com/comdex-official/comdex/x/asset/types/msg.pb.go:3935.5,3938.17 4 0
github.com/comdex-official/comdex/x/asset/types/msg.pb.go:3929.20,3931.6 1 0
github.com/comdex-official/comdex/x/asset/types/msg.pb.go:3932.19,3934.6 1 0
github.com/comdex-official/comdex/x/asset/types/msg.pb.go:3938.17,3939.11 1 0
github.com/comdex-official/comdex/x/asset/types/msg.pb.go:3943.24,3945.5 1 0
github.com/comdex-official/comdex/x/asset/types/msg.pb.go:3947.21,3949.5 1 0
github.com/comdex-official/comdex/x/asset/types/msg.pb.go:3950.21,3952.5 1 0
github.com/comdex-official/comdex/x/asset/types/msg.pb.go:3956.21,3958.5 1 0
github.com/comdex-official/comdex/x/asset/types/msg.pb.go:3960.39,3961.20 1 0
github.com/comdex-official/comdex/x/asset/types/msg.pb.go:3964.5,3964.19 1 0
github.com/comdex-official/comdex/x/asset/types/msg.pb.go:3967.5,3970.17 4 0
github.com/comdex-official/comdex/x/asset/types/msg.pb.go:3961.20,3963.6 1 0
github.com/comdex-official/comdex/x/asset/types/msg.pb.go:3964.19,3966.6 1 0
github.com/comdex-official/comdex/x/asset/types/msg.pb.go:3970.17,3971.11 1 0
github.com/comdex-official/comdex/x/asset/types/msg.pb.go:3975.21,3977.5 1 0
github.com/comdex-official/comdex/x/asset/types/msg.pb.go:3979.39,3980.20 1 0
github.com/comdex-official/comdex/x/asset/types/msg.pb.go:3983.5,3983.19 1 0
github.com/comdex-official/comdex/x/asset/types/msg.pb.go:3986.5,3989.17 4 0
github.com/comdex-official/comdex/x/asset/types/msg.pb.go:3980.20,3982.6 1 0
github.com/comdex-official/comdex/x/asset/types/msg.pb.go:3983.19,3985.6 1 0
github.com/comdex-official/comdex/x/asset/types/msg.pb.go:3989.17,3990.11 1 0
github.com/comdex-official/comdex/x/asset/types/msg.pb.go:3993.18,3995.5 1 0
github.com/comdex-official/comdex/x/asset/types/msg.pb.go:3997.21,3999.5 1 0
github.com/comdex-official/comdex/x/asset/types/msg.pb.go:4000.21,4002.5 1 0
github.com/comdex-official/comdex/x/asset/types/msg.pb.go:4004.89,4006.5 1 0
github.com/comdex-official/comdex/x/asset/types/msg.pb.go:4009.21,4011.5 1 0
github.com/comdex-official/comdex/x/asset/types/msg.pb.go:4013.39,4014.20 1 0
github.com/comdex-official/comdex/x/asset/types/msg.pb.go:4017.5,4017.19 1 0
github.com/comdex-official/comdex/x/asset/types/msg.pb.go:4020.5,4023.17 4 0
github.com/comdex-official/comdex/x/asset/types/msg.pb.go:4014.20,4016.6 1 0
github.com/comdex-official/comdex/x/asset/types/msg.pb.go:4017.19,4019.6 1 0
github.com/comdex-official/comdex/x/asset/types/msg.pb.go:4023.17,4024.11 1 0
github.com/comdex-official/comdex/x/asset/types/msg.pb.go:4028.21,4030.5 1 0
github.com/comdex-official/comdex/x/asset/types/msg.pb.go:4032.39,4033.20 1 0
github.com/comdex-official/comdex/x/asset/types/msg.pb.go:4036.5,4036.19 1 0
github.com/comdex-official/comdex/x/asset/types/msg.pb.go:4039.5,4042.17 4 0
github.com/comdex-official/comdex/x/asset/types/msg.pb.go:4033.20,4035.6 1 0
github.com/comdex-official/comdex/x/asset/types/msg.pb.go:4036.19,4038.6 1 0
github.com/comdex-official/comdex/x/asset/types/msg.pb.go:4042.17,4043.11 1 0
github.com/comdex-official/comdex/x/asset/types/msg.pb.go:4049.18,4051.5 1 0
github.com/comdex-official/comdex/x/asset/types/msg.pb.go:4052.42,4054.5 1 0
github.com/comdex-official/comdex/x/asset/types/msg.pb.go:4055.28,4057.5 1 0
github.com/comdex-official/comdex/x/asset/types/msg.pb.go:4062.15,4064.3 1 0
github.com/comdex-official/comdex/x/asset/types/msg.pb.go:4067.62,4070.16 3 0
github.com/comdex-official/comdex/x/asset/types/msg.pb.go:4112.2,4112.15 1 0
github.com/comdex-official/comdex/x/asset/types/msg.pb.go:4115.2,4115.12 1 0
github.com/comdex-official/comdex/x/asset/types/msg.pb.go:4070.16,4073.38 3 0
github.com/comdex-official/comdex/x/asset/types/msg.pb.go:4087.3,4089.20 3 0
github.com/comdex-official/comdex/x/asset/types/msg.pb.go:4092.3,4092.20 1 0
github.com/comdex-official/comdex/x/asset/types/msg.pb.go:4095.3,4095.19 1 0
github.com/comdex-official/comdex/x/asset/types/msg.pb.go:4073.38,4074.19 1 0
github.com/comdex-official/comdex/x/asset/types/msg.pb.go:4077.4,4077.18 1 0
github.com/comdex-official/comdex/x/asset/types/msg.pb.go:4080.4,4083.16 4 0
github.com/comdex-official/comdex/x/asset/types/msg.pb.go:4074.19,4076.5 1 0
github.com/comdex-official/comdex/x/asset/types/msg.pb.go:4077.18,4079.5 1 0
github.com/comdex-official/comdex/x/asset/types/msg.pb.go:4083.16,4084.10 1 0
github.com/comdex-official/comdex/x/asset/types/msg.pb.go:4089.20,4091.4 1 0
github.com/comdex-official/comdex/x/asset/types/msg.pb.go:4092.20,4094.4 1 0
github.com/comdex-official/comdex/x/asset/types/msg.pb.go:4096.11,4099.18 3 0
github.com/comdex-official/comdex/x/asset/types/msg.pb.go:4102.4,4102.42 1 0
github.com/comdex-official/comdex/x/asset/types/msg.pb.go:4105.4,4105.28 1 0
github.com/comdex-official/comdex/x/asset/types/msg.pb.go:4108.4,4108.19 1 0
github.com/comdex-official/comdex/x/asset/types/msg.pb.go:4099.18,4101.5 1 0
github.com/comdex-official/comdex/x/asset/types/msg.pb.go:4102.42,4104.5 1 0
github.com/comdex-official/comdex/x/asset/types/msg.pb.go:4105.28,4107.5 1 0
github.com/comdex-official/comdex/x/asset/types/msg.pb.go:4112.15,4114.3 1 0
github.com/comdex-official/comdex/x/asset/types/msg.pb.go:4117.46,4121.16 4 0
github.com/comdex-official/comdex/x/asset/types/msg.pb.go:4193.2,4193.31 1 0
github.com/comdex-official/comdex/x/asset/types/msg.pb.go:4121.16,4123.38 2 0
github.com/comdex-official/comdex/x/asset/types/msg.pb.go:4137.3,4138.19 2 0
github.com/comdex-official/comdex/x/asset/types/msg.pb.go:4186.3,4186.16 1 0
github.com/comdex-official/comdex/x/asset/types/msg.pb.go:4189.3,4189.17 1 0
github.com/comdex-official/comdex/x/asset/types/msg.pb.go:4123.38,4124.19 1 0
github.com/comdex-official/comdex/x/asset/types/msg.pb.go:4127.4,4127.18 1 0
github.com/comdex-official/comdex/x/asset/types/msg.pb.go:4130.4,4133.16 4 0
github.com/comdex-official/comdex/x/asset/types/msg.pb.go:4124.19,4126.5 1 0
github.com/comdex-official/comdex/x/asset/types/msg.pb.go:4127.18,4129.5 1 0
github.com/comdex-official/comdex/x/asset/types/msg.pb.go:4133.16,4134.10 1 0
github.com/comdex-official/comdex/x/asset/types/msg.pb.go:4139.10,4140.39 1 0
github.com/comdex-official/comdex/x/asset/types/msg.pb.go:4152.10,4153.14 1 0
github.com/comdex-official/comdex/x/asset/types/msg.pb.go:4154.10,4156.39 2 0
github.com/comdex-official/comdex/x/asset/types/msg.pb.go:4170.4,4170.18 1 0
github.com/comdex-official/comdex/x/asset/types/msg.pb.go:4173.4,4173.19 1 0
github.com/comdex-official/comdex/x/asset/types/msg.pb.go:4174.10,4175.11 1 0
github.com/comdex-official/comdex/x/asset/types/msg.pb.go:4176.10,4177.18 1 0
github.com/comdex-official/comdex/x/asset/types/msg.pb.go:4180.4,4180.11 1 0
github.com/comdex-official/comdex/x/asset/types/msg.pb.go:4181.10,4182.14 1 0
github.com/comdex-official/comdex/x/asset/types/msg.pb.go:4183.11,4184.64 1 0
github.com/comdex-official/comdex/x/asset/types/msg.pb.go:4140.39,4141.20 1 0
github.com/comdex-official/comdex/x/asset/types/msg.pb.go:4144.5,4144.19 1 0
github.com/comdex-official/comdex/x/asset/types/msg.pb.go:4147.5,4148.29 2 0
github.com/comdex-official/comdex/x/asset/types/msg.pb.go:4141.20,4143.6 1 0
github.com/comdex-official/comdex/x/asset/types/msg.pb.go:4144.19,4146.6 1 0
github.com/comdex-official/comdex/x/asset/types/msg.pb.go:4148.29,4149.11 1 0
github.com/comdex-official/comdex/x/asset/types/msg.pb.go:4156.39,4157.20 1 0
github.com/comdex-official/comdex/x/asset/types/msg.pb.go:4160.5,4160.19 1 0
github.com/comdex-official/comdex/x/asset/types/msg.pb.go:4163.5,4166.17 4 0
github.com/comdex-official/comdex/x/asset/types/msg.pb.go:4157.20,4159.6 1 0
github.com/comdex-official/comdex/x/asset/types/msg.pb.go:4160.19,4162.6 1 0
github.com/comdex-official/comdex/x/asset/types/msg.pb.go:4166.17,4167.11 1 0
github.com/comdex-official/comdex/x/asset/types/msg.pb.go:4170.18,4172.5 1 0
github.com/comdex-official/comdex/x/asset/types/msg.pb.go:4177.18,4179.5 1 0
github.com/comdex-official/comdex/x/asset/types/msg.pb.go:4186.16,4188.4 1 0
github.com/comdex-official/comdex/x/asset/types/msg.pb.go:4189.17,4191.4 1 0
github.com/comdex-official/comdex/x/asset/types/pair.go:7.33,8.15 1 1
github.com/comdex-official/comdex/x/asset/types/pair.go:11.2,11.20 1 1
github.com/comdex-official/comdex/x/asset/types/pair.go:14.2,14.21 1 1
github.com/comdex-official/comdex/x/asset/types/pair.go:17.2,17.32 1 1
github.com/comdex-official/comdex/x/asset/types/pair.go:20.2,20.37 1 1
github.com/comdex-official/comdex/x/asset/types/pair.go:23.2,23.12 1 1
github.com/comdex-official/comdex/x/asset/types/pair.go:8.15,10.3 1 1
github.com/comdex-official/comdex/x/asset/types/pair.go:11.20,13.3 1 1
github.com/comdex-official/comdex/x/asset/types/pair.go:14.21,16.3 1 1
github.com/comdex-official/comdex/x/asset/types/pair.go:17.32,19.3 1 0
github.com/comdex-official/comdex/x/asset/types/pair.go:20.37,22.3 1 1
