mode: set
github.com/comdex-official/comdex/x/asset/types/msg.pb.go:40.47,40.77 1 0
github.com/comdex-official/comdex/x/asset/types/msg.pb.go:41.47,41.84 1 0
github.com/comdex-official/comdex/x/asset/types/msg.pb.go:42.48,42.49 0 0
github.com/comdex-official/comdex/x/asset/types/msg.pb.go:43.58,45.2 1 0
github.com/comdex-official/comdex/x/asset/types/msg.pb.go:46.61,48.2 1 0
github.com/comdex-official/comdex/x/asset/types/msg.pb.go:49.89,50.19 1 0
github.com/comdex-official/comdex/x/asset/types/msg.pb.go:50.19,52.3 1 0
github.com/comdex-official/comdex/x/asset/types/msg.pb.go:52.8,55.17 3 0
github.com/comdex-official/comdex/x/asset/types/msg.pb.go:58.3,58.20 1 0
github.com/comdex-official/comdex/x/asset/types/msg.pb.go:55.17,57.4 1 0
github.com/comdex-official/comdex/x/asset/types/msg.pb.go:61.60,63.2 1 0
github.com/comdex-official/comdex/x/asset/types/msg.pb.go:64.46,66.2 1 0
github.com/comdex-official/comdex/x/asset/types/msg.pb.go:67.52,69.2 1 0
github.com/comdex-official/comdex/x/asset/types/msg.pb.go:76.48,76.79 1 0
github.com/comdex-official/comdex/x/asset/types/msg.pb.go:77.48,77.85 1 0
github.com/comdex-official/comdex/x/asset/types/msg.pb.go:78.49,78.50 0 0
github.com/comdex-official/comdex/x/asset/types/msg.pb.go:79.59,81.2 1 0
github.com/comdex-official/comdex/x/asset/types/msg.pb.go:82.62,84.2 1 0
github.com/comdex-official/comdex/x/asset/types/msg.pb.go:85.90,86.19 1 0
github.com/comdex-official/comdex/x/asset/types/msg.pb.go:86.19,88.3 1 0
github.com/comdex-official/comdex/x/asset/types/msg.pb.go:88.8,91.17 3 0
github.com/comdex-official/comdex/x/asset/types/msg.pb.go:94.3,94.20 1 0
github.com/comdex-official/comdex/x/asset/types/msg.pb.go:91.17,93.4 1 0
github.com/comdex-official/comdex/x/asset/types/msg.pb.go:97.61,99.2 1 0
github.com/comdex-official/comdex/x/asset/types/msg.pb.go:100.47,102.2 1 0
github.com/comdex-official/comdex/x/asset/types/msg.pb.go:103.53,105.2 1 0
github.com/comdex-official/comdex/x/asset/types/msg.pb.go:115.50,115.83 1 0
github.com/comdex-official/comdex/x/asset/types/msg.pb.go:116.50,116.87 1 0
github.com/comdex-official/comdex/x/asset/types/msg.pb.go:117.51,117.52 0 0
github.com/comdex-official/comdex/x/asset/types/msg.pb.go:118.61,120.2 1 0
github.com/comdex-official/comdex/x/asset/types/msg.pb.go:121.64,123.2 1 0
github.com/comdex-official/comdex/x/asset/types/msg.pb.go:124.92,125.19 1 0
github.com/comdex-official/comdex/x/asset/types/msg.pb.go:125.19,127.3 1 0
github.com/comdex-official/comdex/x/asset/types/msg.pb.go:127.8,130.17 3 0
github.com/comdex-official/comdex/x/asset/types/msg.pb.go:133.3,133.20 1 0
github.com/comdex-official/comdex/x/asset/types/msg.pb.go:130.17,132.4 1 0
github.com/comdex-official/comdex/x/asset/types/msg.pb.go:136.63,138.2 1 0
github.com/comdex-official/comdex/x/asset/types/msg.pb.go:139.49,141.2 1 0
github.com/comdex-official/comdex/x/asset/types/msg.pb.go:142.55,144.2 1 0
github.com/comdex-official/comdex/x/asset/types/msg.pb.go:151.51,151.85 1 0
github.com/comdex-official/comdex/x/asset/types/msg.pb.go:152.51,152.88 1 0
github.com/comdex-official/comdex/x/asset/types/msg.pb.go:153.52,153.53 0 0
github.com/comdex-official/comdex/x/asset/types/msg.pb.go:154.62,156.2 1 0
github.com/comdex-official/comdex/x/asset/types/msg.pb.go:157.65,159.2 1 0
github.com/comdex-official/comdex/x/asset/types/msg.pb.go:160.93,161.19 1 0
github.com/comdex-official/comdex/x/asset/types/msg.pb.go:161.19,163.3 1 0
github.com/comdex-official/comdex/x/asset/types/msg.pb.go:163.8,166.17 3 0
github.com/comdex-official/comdex/x/asset/types/msg.pb.go:169.3,169.20 1 0
github.com/comdex-official/comdex/x/asset/types/msg.pb.go:166.17,168.4 1 0
github.com/comdex-official/comdex/x/asset/types/msg.pb.go:172.64,174.2 1 0
github.com/comdex-official/comdex/x/asset/types/msg.pb.go:175.50,177.2 1 0
github.com/comdex-official/comdex/x/asset/types/msg.pb.go:178.56,180.2 1 0
github.com/comdex-official/comdex/x/asset/types/msg.pb.go:191.46,191.75 1 0
github.com/comdex-official/comdex/x/asset/types/msg.pb.go:192.46,192.83 1 0
github.com/comdex-official/comdex/x/asset/types/msg.pb.go:193.47,193.48 0 0
github.com/comdex-official/comdex/x/asset/types/msg.pb.go:194.57,196.2 1 0
github.com/comdex-official/comdex/x/asset/types/msg.pb.go:197.60,199.2 1 0
github.com/comdex-official/comdex/x/asset/types/msg.pb.go:200.88,201.19 1 0
github.com/comdex-official/comdex/x/asset/types/msg.pb.go:201.19,203.3 1 0
github.com/comdex-official/comdex/x/asset/types/msg.pb.go:203.8,206.17 3 0
github.com/comdex-official/comdex/x/asset/types/msg.pb.go:209.3,209.20 1 0
github.com/comdex-official/comdex/x/asset/types/msg.pb.go:206.17,208.4 1 0
github.com/comdex-official/comdex/x/asset/types/msg.pb.go:212.59,214.2 1 0
github.com/comdex-official/comdex/x/asset/types/msg.pb.go:215.45,217.2 1 0
github.com/comdex-official/comdex/x/asset/types/msg.pb.go:218.51,220.2 1 0
github.com/comdex-official/comdex/x/asset/types/msg.pb.go:227.47,227.77 1 0
github.com/comdex-official/comdex/x/asset/types/msg.pb.go:228.47,228.84 1 0
github.com/comdex-official/comdex/x/asset/types/msg.pb.go:229.48,229.49 0 0
github.com/comdex-official/comdex/x/asset/types/msg.pb.go:230.58,232.2 1 0
github.com/comdex-official/comdex/x/asset/types/msg.pb.go:233.61,235.2 1 0
github.com/comdex-official/comdex/x/asset/types/msg.pb.go:236.89,237.19 1 0
github.com/comdex-official/comdex/x/asset/types/msg.pb.go:237.19,239.3 1 0
github.com/comdex-official/comdex/x/asset/types/msg.pb.go:239.8,242.17 3 0
github.com/comdex-official/comdex/x/asset/types/msg.pb.go:245.3,245.20 1 0
github.com/comdex-official/comdex/x/asset/types/msg.pb.go:242.17,244.4 1 0
github.com/comdex-official/comdex/x/asset/types/msg.pb.go:248.60,250.2 1 0
github.com/comdex-official/comdex/x/asset/types/msg.pb.go:251.46,253.2 1 0
github.com/comdex-official/comdex/x/asset/types/msg.pb.go:254.52,256.2 1 0
github.com/comdex-official/comdex/x/asset/types/msg.pb.go:268.49,268.81 1 0
github.com/comdex-official/comdex/x/asset/types/msg.pb.go:269.49,269.86 1 0
github.com/comdex-official/comdex/x/asset/types/msg.pb.go:270.50,270.51 0 0
github.com/comdex-official/comdex/x/asset/types/msg.pb.go:271.60,273.2 1 0
github.com/comdex-official/comdex/x/asset/types/msg.pb.go:274.63,276.2 1 0
github.com/comdex-official/comdex/x/asset/types/msg.pb.go:277.91,278.19 1 0
github.com/comdex-official/comdex/x/asset/types/msg.pb.go:278.19,280.3 1 0
github.com/comdex-official/comdex/x/asset/types/msg.pb.go:280.8,283.17 3 0
github.com/comdex-official/comdex/x/asset/types/msg.pb.go:286.3,286.20 1 0
github.com/comdex-official/comdex/x/asset/types/msg.pb.go:283.17,285.4 1 0
github.com/comdex-official/comdex/x/asset/types/msg.pb.go:289.62,291.2 1 0
github.com/comdex-official/comdex/x/asset/types/msg.pb.go:292.48,294.2 1 0
github.com/comdex-official/comdex/x/asset/types/msg.pb.go:295.54,297.2 1 0
github.com/comdex-official/comdex/x/asset/types/msg.pb.go:304.50,304.83 1 0
github.com/comdex-official/comdex/x/asset/types/msg.pb.go:305.50,305.87 1 0
github.com/comdex-official/comdex/x/asset/types/msg.pb.go:306.51,306.52 0 0
github.com/comdex-official/comdex/x/asset/types/msg.pb.go:307.61,309.2 1 0
github.com/comdex-official/comdex/x/asset/types/msg.pb.go:310.64,312.2 1 0
github.com/comdex-official/comdex/x/asset/types/msg.pb.go:313.92,314.19 1 0
github.com/comdex-official/comdex/x/asset/types/msg.pb.go:314.19,316.3 1 0
github.com/comdex-official/comdex/x/asset/types/msg.pb.go:316.8,319.17 3 0
github.com/comdex-official/comdex/x/asset/types/msg.pb.go:322.3,322.20 1 0
github.com/comdex-official/comdex/x/asset/types/msg.pb.go:319.17,321.4 1 0
github.com/comdex-official/comdex/x/asset/types/msg.pb.go:325.63,327.2 1 0
github.com/comdex-official/comdex/x/asset/types/msg.pb.go:328.49,330.2 1 0
github.com/comdex-official/comdex/x/asset/types/msg.pb.go:331.55,333.2 1 0
github.com/comdex-official/comdex/x/asset/types/msg.pb.go:343.55,343.93 1 0
github.com/comdex-official/comdex/x/asset/types/msg.pb.go:344.55,344.92 1 0
github.com/comdex-official/comdex/x/asset/types/msg.pb.go:345.56,345.57 0 0
github.com/comdex-official/comdex/x/asset/types/msg.pb.go:346.66,348.2 1 0
github.com/comdex-official/comdex/x/asset/types/msg.pb.go:349.69,351.2 1 0
github.com/comdex-official/comdex/x/asset/types/msg.pb.go:352.97,353.19 1 0
github.com/comdex-official/comdex/x/asset/types/msg.pb.go:353.19,355.3 1 0
github.com/comdex-official/comdex/x/asset/types/msg.pb.go:355.8,358.17 3 0
github.com/comdex-official/comdex/x/asset/types/msg.pb.go:361.3,361.20 1 0
github.com/comdex-official/comdex/x/asset/types/msg.pb.go:358.17,360.4 1 0
github.com/comdex-official/comdex/x/asset/types/msg.pb.go:364.68,366.2 1 0
github.com/comdex-official/comdex/x/asset/types/msg.pb.go:367.54,369.2 1 0
github.com/comdex-official/comdex/x/asset/types/msg.pb.go:370.60,372.2 1 0
github.com/comdex-official/comdex/x/asset/types/msg.pb.go:379.56,379.95 1 0
github.com/comdex-official/comdex/x/asset/types/msg.pb.go:380.56,380.93 1 0
github.com/comdex-official/comdex/x/asset/types/msg.pb.go:381.57,381.58 0 0
github.com/comdex-official/comdex/x/asset/types/msg.pb.go:382.67,384.2 1 0
github.com/comdex-official/comdex/x/asset/types/msg.pb.go:385.70,387.2 1 0
github.com/comdex-official/comdex/x/asset/types/msg.pb.go:388.98,389.19 1 0
github.com/comdex-official/comdex/x/asset/types/msg.pb.go:389.19,391.3 1 0
github.com/comdex-official/comdex/x/asset/types/msg.pb.go:391.8,394.17 3 0
github.com/comdex-official/comdex/x/asset/types/msg.pb.go:397.3,397.20 1 0
github.com/comdex-official/comdex/x/asset/types/msg.pb.go:394.17,396.4 1 0
github.com/comdex-official/comdex/x/asset/types/msg.pb.go:400.69,402.2 1 0
github.com/comdex-official/comdex/x/asset/types/msg.pb.go:403.55,405.2 1 0
github.com/comdex-official/comdex/x/asset/types/msg.pb.go:406.61,408.2 1 0
github.com/comdex-official/comdex/x/asset/types/msg.pb.go:418.58,418.99 1 0
github.com/comdex-official/comdex/x/asset/types/msg.pb.go:419.58,419.95 1 0
github.com/comdex-official/comdex/x/asset/types/msg.pb.go:420.59,420.60 0 0
github.com/comdex-official/comdex/x/asset/types/msg.pb.go:421.69,423.2 1 0
github.com/comdex-official/comdex/x/asset/types/msg.pb.go:424.72,426.2 1 0
github.com/comdex-official/comdex/x/asset/types/msg.pb.go:427.100,428.19 1 0
github.com/comdex-official/comdex/x/asset/types/msg.pb.go:428.19,430.3 1 0
github.com/comdex-official/comdex/x/asset/types/msg.pb.go:430.8,433.17 3 0
github.com/comdex-official/comdex/x/asset/types/msg.pb.go:436.3,436.20 1 0
github.com/comdex-official/comdex/x/asset/types/msg.pb.go:433.17,435.4 1 0
github.com/comdex-official/comdex/x/asset/types/msg.pb.go:439.71,441.2 1 0
github.com/comdex-official/comdex/x/asset/types/msg.pb.go:442.57,444.2 1 0
github.com/comdex-official/comdex/x/asset/types/msg.pb.go:445.63,447.2 1 0
github.com/comdex-official/comdex/x/asset/types/msg.pb.go:454.59,454.101 1 0
github.com/comdex-official/comdex/x/asset/types/msg.pb.go:455.59,455.96 1 0
github.com/comdex-official/comdex/x/asset/types/msg.pb.go:456.60,456.61 0 0
github.com/comdex-official/comdex/x/asset/types/msg.pb.go:457.70,459.2 1 0
github.com/comdex-official/comdex/x/asset/types/msg.pb.go:460.73,462.2 1 0
github.com/comdex-official/comdex/x/asset/types/msg.pb.go:463.101,464.19 1 0
github.com/comdex-official/comdex/x/asset/types/msg.pb.go:464.19,466.3 1 0
github.com/comdex-official/comdex/x/asset/types/msg.pb.go:466.8,469.17 3 0
github.com/comdex-official/comdex/x/asset/types/msg.pb.go:472.3,472.20 1 0
github.com/comdex-official/comdex/x/asset/types/msg.pb.go:469.17,471.4 1 0
github.com/comdex-official/comdex/x/asset/types/msg.pb.go:475.72,477.2 1 0
github.com/comdex-official/comdex/x/asset/types/msg.pb.go:478.58,480.2 1 0
github.com/comdex-official/comdex/x/asset/types/msg.pb.go:481.64,483.2 1 0
github.com/comdex-official/comdex/x/asset/types/msg.pb.go:494.45,494.73 1 0
github.com/comdex-official/comdex/x/asset/types/msg.pb.go:495.45,495.82 1 0
github.com/comdex-official/comdex/x/asset/types/msg.pb.go:496.46,496.47 0 0
github.com/comdex-official/comdex/x/asset/types/msg.pb.go:497.56,499.2 1 0
github.com/comdex-official/comdex/x/asset/types/msg.pb.go:500.59,502.2 1 0
github.com/comdex-official/comdex/x/asset/types/msg.pb.go:503.87,504.19 1 0
github.com/comdex-official/comdex/x/asset/types/msg.pb.go:504.19,506.3 1 0
github.com/comdex-official/comdex/x/asset/types/msg.pb.go:506.8,509.17 3 0
github.com/comdex-official/comdex/x/asset/types/msg.pb.go:512.3,512.20 1 0
github.com/comdex-official/comdex/x/asset/types/msg.pb.go:509.17,511.4 1 0
github.com/comdex-official/comdex/x/asset/types/msg.pb.go:515.58,517.2 1 0
github.com/comdex-official/comdex/x/asset/types/msg.pb.go:518.44,520.2 1 0
github.com/comdex-official/comdex/x/asset/types/msg.pb.go:521.50,523.2 1 0
github.com/comdex-official/comdex/x/asset/types/msg.pb.go:530.46,530.75 1 0
github.com/comdex-official/comdex/x/asset/types/msg.pb.go:531.46,531.83 1 0
github.com/comdex-official/comdex/x/asset/types/msg.pb.go:532.47,532.48 0 0
github.com/comdex-official/comdex/x/asset/types/msg.pb.go:533.57,535.2 1 0
github.com/comdex-official/comdex/x/asset/types/msg.pb.go:536.60,538.2 1 0
github.com/comdex-official/comdex/x/asset/types/msg.pb.go:539.88,540.19 1 0
github.com/comdex-official/comdex/x/asset/types/msg.pb.go:540.19,542.3 1 0
github.com/comdex-official/comdex/x/asset/types/msg.pb.go:542.8,545.17 3 0
github.com/comdex-official/comdex/x/asset/types/msg.pb.go:548.3,548.20 1 0
github.com/comdex-official/comdex/x/asset/types/msg.pb.go:545.17,547.4 1 0
github.com/comdex-official/comdex/x/asset/types/msg.pb.go:551.59,553.2 1 0
github.com/comdex-official/comdex/x/asset/types/msg.pb.go:554.45,556.2 1 0
github.com/comdex-official/comdex/x/asset/types/msg.pb.go:557.51,559.2 1 0
github.com/comdex-official/comdex/x/asset/types/msg.pb.go:569.48,569.79 1 0
github.com/comdex-official/comdex/x/asset/types/msg.pb.go:570.48,570.85 1 0
github.com/comdex-official/comdex/x/asset/types/msg.pb.go:571.49,571.50 0 0
github.com/comdex-official/comdex/x/asset/types/msg.pb.go:572.59,574.2 1 0
github.com/comdex-official/comdex/x/asset/types/msg.pb.go:575.62,577.2 1 0
github.com/comdex-official/comdex/x/asset/types/msg.pb.go:578.90,579.19 1 0
github.com/comdex-official/comdex/x/asset/types/msg.pb.go:579.19,581.3 1 0
github.com/comdex-official/comdex/x/asset/types/msg.pb.go:581.8,584.17 3 0
github.com/comdex-official/comdex/x/asset/types/msg.pb.go:587.3,587.20 1 0
github.com/comdex-official/comdex/x/asset/types/msg.pb.go:584.17,586.4 1 0
github.com/comdex-official/comdex/x/asset/types/msg.pb.go:590.61,592.2 1 0
github.com/comdex-official/comdex/x/asset/types/msg.pb.go:593.47,595.2 1 0
github.com/comdex-official/comdex/x/asset/types/msg.pb.go:596.53,598.2 1 0
github.com/comdex-official/comdex/x/asset/types/msg.pb.go:605.49,605.81 1 0
github.com/comdex-official/comdex/x/asset/types/msg.pb.go:606.49,606.86 1 0
github.com/comdex-official/comdex/x/asset/types/msg.pb.go:607.50,607.51 0 0
github.com/comdex-official/comdex/x/asset/types/msg.pb.go:608.60,610.2 1 0
github.com/comdex-official/comdex/x/asset/types/msg.pb.go:611.63,613.2 1 0
github.com/comdex-official/comdex/x/asset/types/msg.pb.go:614.91,615.19 1 0
github.com/comdex-official/comdex/x/asset/types/msg.pb.go:615.19,617.3 1 0
github.com/comdex-official/comdex/x/asset/types/msg.pb.go:617.8,620.17 3 0
github.com/comdex-official/comdex/x/asset/types/msg.pb.go:623.3,623.20 1 0
github.com/comdex-official/comdex/x/asset/types/msg.pb.go:620.17,622.4 1 0
github.com/comdex-official/comdex/x/asset/types/msg.pb.go:626.62,628.2 1 0
github.com/comdex-official/comdex/x/asset/types/msg.pb.go:629.48,631.2 1 0
github.com/comdex-official/comdex/x/asset/types/msg.pb.go:632.54,634.2 1 0
github.com/comdex-official/comdex/x/asset/types/msg.pb.go:651.48,651.79 1 0
github.com/comdex-official/comdex/x/asset/types/msg.pb.go:652.48,652.85 1 0
github.com/comdex-official/comdex/x/asset/types/msg.pb.go:653.49,653.50 0 0
github.com/comdex-official/comdex/x/asset/types/msg.pb.go:654.59,656.2 1 0
github.com/comdex-official/comdex/x/asset/types/msg.pb.go:657.62,659.2 1 0
github.com/comdex-official/comdex/x/asset/types/msg.pb.go:660.90,661.19 1 0
github.com/comdex-official/comdex/x/asset/types/msg.pb.go:661.19,663.3 1 0
github.com/comdex-official/comdex/x/asset/types/msg.pb.go:663.8,666.17 3 0
github.com/comdex-official/comdex/x/asset/types/msg.pb.go:669.3,669.20 1 0
github.com/comdex-official/comdex/x/asset/types/msg.pb.go:666.17,668.4 1 0
github.com/comdex-official/comdex/x/asset/types/msg.pb.go:672.61,674.2 1 0
github.com/comdex-official/comdex/x/asset/types/msg.pb.go:675.47,677.2 1 0
github.com/comdex-official/comdex/x/asset/types/msg.pb.go:678.53,680.2 1 0
github.com/comdex-official/comdex/x/asset/types/msg.pb.go:687.49,687.81 1 0
github.com/comdex-official/comdex/x/asset/types/msg.pb.go:688.49,688.86 1 0
github.com/comdex-official/comdex/x/asset/types/msg.pb.go:689.50,689.51 0 0
github.com/comdex-official/comdex/x/asset/types/msg.pb.go:690.60,692.2 1 0
github.com/comdex-official/comdex/x/asset/types/msg.pb.go:693.63,695.2 1 0
github.com/comdex-official/comdex/x/asset/types/msg.pb.go:696.91,697.19 1 0
github.com/comdex-official/comdex/x/asset/types/msg.pb.go:697.19,699.3 1 0
github.com/comdex-official/comdex/x/asset/types/msg.pb.go:699.8,702.17 3 0
github.com/comdex-official/comdex/x/asset/types/msg.pb.go:705.3,705.20 1 0
github.com/comdex-official/comdex/x/asset/types/msg.pb.go:702.17,704.4 1 0
github.com/comdex-official/comdex/x/asset/types/msg.pb.go:708.62,710.2 1 0
github.com/comdex-official/comdex/x/asset/types/msg.pb.go:711.48,713.2 1 0
github.com/comdex-official/comdex/x/asset/types/msg.pb.go:714.54,716.2 1 0
github.com/comdex-official/comdex/x/asset/types/msg.pb.go:720.13,739.2 18 1
github.com/comdex-official/comdex/x/asset/types/msg.pb.go:741.13,741.102 1 1
github.com/comdex-official/comdex/x/asset/types/msg.pb.go:846.64,848.2 1 0
github.com/comdex-official/comdex/x/asset/types/msg.pb.go:850.143,853.16 3 0
github.com/comdex-official/comdex/x/asset/types/msg.pb.go:856.2,856.17 1 0
github.com/comdex-official/comdex/x/asset/types/msg.pb.go:853.16,855.3 1 0
github.com/comdex-official/comdex/x/asset/types/msg.pb.go:859.152,862.16 3 0
github.com/comdex-official/comdex/x/asset/types/msg.pb.go:865.2,865.17 1 0
github.com/comdex-official/comdex/x/asset/types/msg.pb.go:862.16,864.3 1 0
github.com/comdex-official/comdex/x/asset/types/msg.pb.go:868.140,871.16 3 0
github.com/comdex-official/comdex/x/asset/types/msg.pb.go:874.2,874.17 1 0
github.com/comdex-official/comdex/x/asset/types/msg.pb.go:871.16,873.3 1 0
github.com/comdex-official/comdex/x/asset/types/msg.pb.go:877.149,880.16 3 0
github.com/comdex-official/comdex/x/asset/types/msg.pb.go:883.2,883.17 1 0
github.com/comdex-official/comdex/x/asset/types/msg.pb.go:880.16,882.3 1 0
github.com/comdex-official/comdex/x/asset/types/msg.pb.go:886.167,889.16 3 0
github.com/comdex-official/comdex/x/asset/types/msg.pb.go:892.2,892.17 1 0
github.com/comdex-official/comdex/x/asset/types/msg.pb.go:889.16,891.3 1 0
github.com/comdex-official/comdex/x/asset/types/msg.pb.go:895.176,898.16 3 0
github.com/comdex-official/comdex/x/asset/types/msg.pb.go:901.2,901.17 1 0
github.com/comdex-official/comdex/x/asset/types/msg.pb.go:898.16,900.3 1 0
github.com/comdex-official/comdex/x/asset/types/msg.pb.go:904.137,907.16 3 0
github.com/comdex-official/comdex/x/asset/types/msg.pb.go:910.2,910.17 1 0
github.com/comdex-official/comdex/x/asset/types/msg.pb.go:907.16,909.3 1 0
github.com/comdex-official/comdex/x/asset/types/msg.pb.go:913.146,916.16 3 0
github.com/comdex-official/comdex/x/asset/types/msg.pb.go:919.2,919.17 1 0
github.com/comdex-official/comdex/x/asset/types/msg.pb.go:916.16,918.3 1 0
github.com/comdex-official/comdex/x/asset/types/msg.pb.go:922.146,925.16 3 0
github.com/comdex-official/comdex/x/asset/types/msg.pb.go:928.2,928.17 1 0
github.com/comdex-official/comdex/x/asset/types/msg.pb.go:925.16,927.3 1 0
github.com/comdex-official/comdex/x/asset/types/msg.pb.go:948.130,950.2 1 0
github.com/comdex-official/comdex/x/asset/types/msg.pb.go:951.139,953.2 1 0
github.com/comdex-official/comdex/x/asset/types/msg.pb.go:954.127,956.2 1 0
github.com/comdex-official/comdex/x/asset/types/msg.pb.go:957.136,959.2 1 0
github.com/comdex-official/comdex/x/asset/types/msg.pb.go:960.154,962.2 1 0
github.com/comdex-official/comdex/x/asset/types/msg.pb.go:963.163,965.2 1 0
github.com/comdex-official/comdex/x/asset/types/msg.pb.go:966.124,968.2 1 0
github.com/comdex-official/comdex/x/asset/types/msg.pb.go:969.133,971.2 1 0
github.com/comdex-official/comdex/x/asset/types/msg.pb.go:972.133,974.2 1 0
github.com/comdex-official/comdex/x/asset/types/msg.pb.go:976.69,978.2 1 0
github.com/comdex-official/comdex/x/asset/types/msg.pb.go:980.168,982.32 2 0
github.com/comdex-official/comdex/x/asset/types/msg.pb.go:985.2,985.24 1 0
github.com/comdex-official/comdex/x/asset/types/msg.pb.go:988.2,992.77 2 0
github.com/comdex-official/comdex/x/asset/types/msg.pb.go:995.2,995.44 1 0
github.com/comdex-official/comdex/x/asset/types/msg.pb.go:982.32,984.3 1 0
github.com/comdex-official/comdex/x/asset/types/msg.pb.go:985.24,987.3 1 0
github.com/comdex-official/comdex/x/asset/types/msg.pb.go:992.77,994.3 1 0
github.com/comdex-official/comdex/x/asset/types/msg.pb.go:998.171,1000.32 2 0
github.com/comdex-official/comdex/x/asset/types/msg.pb.go:1003.2,1003.24 1 0
github.com/comdex-official/comdex/x/asset/types/msg.pb.go:1006.2,1010.77 2 0
github.com/comdex-official/comdex/x/asset/types/msg.pb.go:1013.2,1013.44 1 0
github.com/comdex-official/comdex/x/asset/types/msg.pb.go:1000.32,1002.3 1 0
github.com/comdex-official/comdex/x/asset/types/msg.pb.go:1003.24,1005.3 1 0
github.com/comdex-official/comdex/x/asset/types/msg.pb.go:1010.77,1012.3 1 0
github.com/comdex-official/comdex/x/asset/types/msg.pb.go:1016.167,1018.32 2 0
github.com/comdex-official/comdex/x/asset/types/msg.pb.go:1021.2,1021.24 1 0
github.com/comdex-official/comdex/x/asset/types/msg.pb.go:1024.2,1028.77 2 0
github.com/comdex-official/comdex/x/asset/types/msg.pb.go:1031.2,1031.44 1 0
github.com/comdex-official/comdex/x/asset/types/msg.pb.go:1018.32,1020.3 1 0
github.com/comdex-official/comdex/x/asset/types/msg.pb.go:1021.24,1023.3 1 0
github.com/comdex-official/comdex/x/asset/types/msg.pb.go:1028.77,1030.3 1 0
github.com/comdex-official/comdex/x/asset/types/msg.pb.go:1034.170,1036.32 2 0
github.com/comdex-official/comdex/x/asset/types/msg.pb.go:1039.2,1039.24 1 0
github.com/comdex-official/comdex/x/asset/types/msg.pb.go:1042.2,1046.77 2 0
github.com/comdex-official/comdex/x/asset/types/msg.pb.go:1049.2,1049.44 1 0
github.com/comdex-official/comdex/x/asset/types/msg.pb.go:1036.32,1038.3 1 0
github.com/comdex-official/comdex/x/asset/types/msg.pb.go:1039.24,1041.3 1 0
github.com/comdex-official/comdex/x/asset/types/msg.pb.go:1046.77,1048.3 1 0
github.com/comdex-official/comdex/x/asset/types/msg.pb.go:1052.176,1054.32 2 0
github.com/comdex-official/comdex/x/asset/types/msg.pb.go:1057.2,1057.24 1 0
github.com/comdex-official/comdex/x/asset/types/msg.pb.go:1060.2,1064.77 2 0
github.com/comdex-official/comdex/x/asset/types/msg.pb.go:1067.2,1067.44 1 0
github.com/comdex-official/comdex/x/asset/types/msg.pb.go:1054.32,1056.3 1 0
github.com/comdex-official/comdex/x/asset/types/msg.pb.go:1057.24,1059.3 1 0
github.com/comdex-official/comdex/x/asset/types/msg.pb.go:1064.77,1066.3 1 0
github.com/comdex-official/comdex/x/asset/types/msg.pb.go:1070.179,1072.32 2 0
github.com/comdex-official/comdex/x/asset/types/msg.pb.go:1075.2,1075.24 1 0
github.com/comdex-official/comdex/x/asset/types/msg.pb.go:1078.2,1082.77 2 0
github.com/comdex-official/comdex/x/asset/types/msg.pb.go:1085.2,1085.44 1 0
github.com/comdex-official/comdex/x/asset/types/msg.pb.go:1072.32,1074.3 1 0
github.com/comdex-official/comdex/x/asset/types/msg.pb.go:1075.24,1077.3 1 0
github.com/comdex-official/comdex/x/asset/types/msg.pb.go:1082.77,1084.3 1 0
github.com/comdex-official/comdex/x/asset/types/msg.pb.go:1088.166,1090.32 2 0
github.com/comdex-official/comdex/x/asset/types/msg.pb.go:1093.2,1093.24 1 0
github.com/comdex-official/comdex/x/asset/types/msg.pb.go:1096.2,1100.77 2 0
github.com/comdex-official/comdex/x/asset/types/msg.pb.go:1103.2,1103.44 1 0
github.com/comdex-official/comdex/x/asset/types/msg.pb.go:1090.32,1092.3 1 0
github.com/comdex-official/comdex/x/asset/types/msg.pb.go:1093.24,1095.3 1 0
github.com/comdex-official/comdex/x/asset/types/msg.pb.go:1100.77,1102.3 1 0
github.com/comdex-official/comdex/x/asset/types/msg.pb.go:1106.169,1108.32 2 0
github.com/comdex-official/comdex/x/asset/types/msg.pb.go:1111.2,1111.24 1 0
github.com/comdex-official/comdex/x/asset/types/msg.pb.go:1114.2,1118.77 2 0
github.com/comdex-official/comdex/x/asset/types/msg.pb.go:1121.2,1121.44 1 0
github.com/comdex-official/comdex/x/asset/types/msg.pb.go:1108.32,1110.3 1 0
github.com/comdex-official/comdex/x/asset/types/msg.pb.go:1111.24,1113.3 1 0
github.com/comdex-official/comdex/x/asset/types/msg.pb.go:1118.77,1120.3 1 0
github.com/comdex-official/comdex/x/asset/types/msg.pb.go:1124.169,1126.32 2 0
github.com/comdex-official/comdex/x/asset/types/msg.pb.go:1129.2,1129.24 1 0
github.com/comdex-official/comdex/x/asset/types/msg.pb.go:1132.2,1136.77 2 0
github.com/comdex-official/comdex/x/asset/types/msg.pb.go:1139.2,1139.44 1 0
github.com/comdex-official/comdex/x/asset/types/msg.pb.go:1126.32,1128.3 1 0
github.com/comdex-official/comdex/x/asset/types/msg.pb.go:1129.24,1131.3 1 0
github.com/comdex-official/comdex/x/asset/types/msg.pb.go:1136.77,1138.3 1 0
github.com/comdex-official/comdex/x/asset/types/msg.pb.go:1187.66,1191.16 4 0
github.com/comdex-official/comdex/x/asset/types/msg.pb.go:1194.2,1194.22 1 0
github.com/comdex-official/comdex/x/asset/types/msg.pb.go:1191.16,1193.3 1 0
github.com/comdex-official/comdex/x/asset/types/msg.pb.go:1197.67,1200.2 2 0
github.com/comdex-official/comdex/x/asset/types/msg.pb.go:1202.78,1207.21 5 0
github.com/comdex-official/comdex/x/asset/types/msg.pb.go:1212.2,1212.23 1 0
github.com/comdex-official/comdex/x/asset/types/msg.pb.go:1219.2,1219.21 1 0
github.com/comdex-official/comdex/x/asset/types/msg.pb.go:1226.2,1226.27 1 0
github.com/comdex-official/comdex/x/asset/types/msg.pb.go:1207.21,1211.3 3 0
github.com/comdex-official/comdex/x/asset/types/msg.pb.go:1212.23,1218.3 5 0
github.com/comdex-official/comdex/x/asset/types/msg.pb.go:1219.21,1225.3 5 0
github.com/comdex-official/comdex/x/asset/types/msg.pb.go:1229.67,1233.16 4 0
github.com/comdex-official/comdex/x/asset/types/msg.pb.go:1236.2,1236.22 1 0
github.com/comdex-official/comdex/x/asset/types/msg.pb.go:1233.16,1235.3 1 0
github.com/comdex-official/comdex/x/asset/types/msg.pb.go:1239.68,1242.2 2 0
github.com/comdex-official/comdex/x/asset/types/msg.pb.go:1244.79,1250.2 5 0
github.com/comdex-official/comdex/x/asset/types/msg.pb.go:1252.69,1256.16 4 0
github.com/comdex-official/comdex/x/asset/types/msg.pb.go:1259.2,1259.22 1 0
github.com/comdex-official/comdex/x/asset/types/msg.pb.go:1256.16,1258.3 1 0
github.com/comdex-official/comdex/x/asset/types/msg.pb.go:1262.70,1265.2 2 0
github.com/comdex-official/comdex/x/asset/types/msg.pb.go:1267.81,1272.21 5 0
github.com/comdex-official/comdex/x/asset/types/msg.pb.go:1277.2,1277.23 1 0
github.com/comdex-official/comdex/x/asset/types/msg.pb.go:1284.2,1284.21 1 0
github.com/comdex-official/comdex/x/asset/types/msg.pb.go:1291.2,1291.27 1 0
github.com/comdex-official/comdex/x/asset/types/msg.pb.go:1272.21,1276.3 3 0
github.com/comdex-official/comdex/x/asset/types/msg.pb.go:1277.23,1283.3 5 0
github.com/comdex-official/comdex/x/asset/types/msg.pb.go:1284.21,1290.3 5 0
github.com/comdex-official/comdex/x/asset/types/msg.pb.go:1294.70,1298.16 4 0
github.com/comdex-official/comdex/x/asset/types/msg.pb.go:1301.2,1301.22 1 0
github.com/comdex-official/comdex/x/asset/types/msg.pb.go:1298.16,1300.3 1 0
github.com/comdex-official/comdex/x/asset/types/msg.pb.go:1304.71,1307.2 2 0
github.com/comdex-official/comdex/x/asset/types/msg.pb.go:1309.82,1315.2 5 0
github.com/comdex-official/comdex/x/asset/types/msg.pb.go:1317.65,1321.16 4 0
github.com/comdex-official/comdex/x/asset/types/msg.pb.go:1324.2,1324.22 1 0
github.com/comdex-official/comdex/x/asset/types/msg.pb.go:1321.16,1323.3 1 0
github.com/comdex-official/comdex/x/asset/types/msg.pb.go:1327.66,1330.2 2 0
github.com/comdex-official/comdex/x/asset/types/msg.pb.go:1332.77,1337.21 5 0
github.com/comdex-official/comdex/x/asset/types/msg.pb.go:1342.2,1342.22 1 0
github.com/comdex-official/comdex/x/asset/types/msg.pb.go:1349.2,1349.21 1 0
github.com/comdex-official/comdex/x/asset/types/msg.pb.go:1356.2,1356.21 1 0
github.com/comdex-official/comdex/x/asset/types/msg.pb.go:1363.2,1363.27 1 0
github.com/comdex-official/comdex/x/asset/types/msg.pb.go:1337.21,1341.3 3 0
github.com/comdex-official/comdex/x/asset/types/msg.pb.go:1342.22,1348.3 5 0
github.com/comdex-official/comdex/x/asset/types/msg.pb.go:1349.21,1355.3 5 0
github.com/comdex-official/comdex/x/asset/types/msg.pb.go:1356.21,1362.3 5 0
github.com/comdex-official/comdex/x/asset/types/msg.pb.go:1366.66,1370.16 4 0
github.com/comdex-official/comdex/x/asset/types/msg.pb.go:1373.2,1373.22 1 0
github.com/comdex-official/comdex/x/asset/types/msg.pb.go:1370.16,1372.3 1 0
github.com/comdex-official/comdex/x/asset/types/msg.pb.go:1376.67,1379.2 2 0
github.com/comdex-official/comdex/x/asset/types/msg.pb.go:1381.78,1387.2 5 0
github.com/comdex-official/comdex/x/asset/types/msg.pb.go:1389.68,1393.16 4 0
github.com/comdex-official/comdex/x/asset/types/msg.pb.go:1396.2,1396.22 1 0
github.com/comdex-official/comdex/x/asset/types/msg.pb.go:1393.16,1395.3 1 0
github.com/comdex-official/comdex/x/asset/types/msg.pb.go:1399.69,1402.2 2 0
github.com/comdex-official/comdex/x/asset/types/msg.pb.go:1404.80,1409.21 5 0
github.com/comdex-official/comdex/x/asset/types/msg.pb.go:1414.2,1414.22 1 0
github.com/comdex-official/comdex/x/asset/types/msg.pb.go:1421.2,1421.21 1 0
github.com/comdex-official/comdex/x/asset/types/msg.pb.go:1428.2,1428.15 1 0
github.com/comdex-official/comdex/x/asset/types/msg.pb.go:1433.2,1433.21 1 0
github.com/comdex-official/comdex/x/asset/types/msg.pb.go:1440.2,1440.27 1 0
github.com/comdex-official/comdex/x/asset/types/msg.pb.go:1409.21,1413.3 3 0
github.com/comdex-official/comdex/x/asset/types/msg.pb.go:1414.22,1420.3 5 0
github.com/comdex-official/comdex/x/asset/types/msg.pb.go:1421.21,1427.3 5 0
github.com/comdex-official/comdex/x/asset/types/msg.pb.go:1428.15,1432.3 3 0
github.com/comdex-official/comdex/x/asset/types/msg.pb.go:1433.21,1439.3 5 0
github.com/comdex-official/comdex/x/asset/types/msg.pb.go:1443.69,1447.16 4 0
github.com/comdex-official/comdex/x/asset/types/msg.pb.go:1450.2,1450.22 1 0
github.com/comdex-official/comdex/x/asset/types/msg.pb.go:1447.16,1449.3 1 0
github.com/comdex-official/comdex/x/asset/types/msg.pb.go:1453.70,1456.2 2 0
github.com/comdex-official/comdex/x/asset/types/msg.pb.go:1458.81,1464.2 5 0
github.com/comdex-official/comdex/x/asset/types/msg.pb.go:1466.74,1470.16 4 0
github.com/comdex-official/comdex/x/asset/types/msg.pb.go:1473.2,1473.22 1 0
github.com/comdex-official/comdex/x/asset/types/msg.pb.go:1470.16,1472.3 1 0
github.com/comdex-official/comdex/x/asset/types/msg.pb.go:1476.75,1479.2 2 0
github.com/comdex-official/comdex/x/asset/types/msg.pb.go:1481.86,1486.23 5 0
github.com/comdex-official/comdex/x/asset/types/msg.pb.go:1493.2,1493.15 1 0
github.com/comdex-official/comdex/x/asset/types/msg.pb.go:1498.2,1498.21 1 0
github.com/comdex-official/comdex/x/asset/types/msg.pb.go:1505.2,1505.27 1 0
github.com/comdex-official/comdex/x/asset/types/msg.pb.go:1486.23,1492.3 5 0
github.com/comdex-official/comdex/x/asset/types/msg.pb.go:1493.15,1497.3 3 0
github.com/comdex-official/comdex/x/asset/types/msg.pb.go:1498.21,1504.3 5 0
github.com/comdex-official/comdex/x/asset/types/msg.pb.go:1508.75,1512.16 4 0
github.com/comdex-official/comdex/x/asset/types/msg.pb.go:1515.2,1515.22 1 0
github.com/comdex-official/comdex/x/asset/types/msg.pb.go:1512.16,1514.3 1 0
github.com/comdex-official/comdex/x/asset/types/msg.pb.go:1518.76,1521.2 2 0
github.com/comdex-official/comdex/x/asset/types/msg.pb.go:1523.87,1529.2 5 0
github.com/comdex-official/comdex/x/asset/types/msg.pb.go:1531.77,1535.16 4 0
github.com/comdex-official/comdex/x/asset/types/msg.pb.go:1538.2,1538.22 1 0
github.com/comdex-official/comdex/x/asset/types/msg.pb.go:1535.16,1537.3 1 0
github.com/comdex-official/comdex/x/asset/types/msg.pb.go:1541.78,1544.2 2 0
github.com/comdex-official/comdex/x/asset/types/msg.pb.go:1546.89,1551.23 5 0
github.com/comdex-official/comdex/x/asset/types/msg.pb.go:1558.2,1558.15 1 0
github.com/comdex-official/comdex/x/asset/types/msg.pb.go:1563.2,1563.21 1 0
github.com/comdex-official/comdex/x/asset/types/msg.pb.go:1570.2,1570.27 1 0
github.com/comdex-official/comdex/x/asset/types/msg.pb.go:1551.23,1557.3 5 0
github.com/comdex-official/comdex/x/asset/types/msg.pb.go:1558.15,1562.3 3 0
github.com/comdex-official/comdex/x/asset/types/msg.pb.go:1563.21,1569.3 5 0
github.com/comdex-official/comdex/x/asset/types/msg.pb.go:1573.78,1577.16 4 0
github.com/comdex-official/comdex/x/asset/types/msg.pb.go:1580.2,1580.22 1 0
github.com/comdex-official/comdex/x/asset/types/msg.pb.go:1577.16,1579.3 1 0
github.com/comdex-official/comdex/x/asset/types/msg.pb.go:1583.79,1586.2 2 0
github.com/comdex-official/comdex/x/asset/types/msg.pb.go:1588.90,1594.2 5 0
github.com/comdex-official/comdex/x/asset/types/msg.pb.go:1596.64,1600.16 4 0
github.com/comdex-official/comdex/x/asset/types/msg.pb.go:1603.2,1603.22 1 0
github.com/comdex-official/comdex/x/asset/types/msg.pb.go:1600.16,1602.3 1 0
github.com/comdex-official/comdex/x/asset/types/msg.pb.go:1606.65,1609.2 2 0
github.com/comdex-official/comdex/x/asset/types/msg.pb.go:1611.76,1616.2 5 0
github.com/comdex-official/comdex/x/asset/types/msg.pb.go:1624.2,1626.21 3 0
github.com/comdex-official/comdex/x/asset/types/msg.pb.go:1631.2,1631.20 1 0
github.com/comdex-official/comdex/x/asset/types/msg.pb.go:1636.2,1636.21 1 0
github.com/comdex-official/comdex/x/asset/types/msg.pb.go:1643.2,1643.27 1 0
github.com/comdex-official/comdex/x/asset/types/msg.pb.go:1616.2,1619.67 3 0
github.com/comdex-official/comdex/x/asset/types/msg.pb.go:1622.3,1622.45 1 0
github.com/comdex-official/comdex/x/asset/types/msg.pb.go:1619.67,1621.4 1 0
github.com/comdex-official/comdex/x/asset/types/msg.pb.go:1626.21,1630.3 3 0
github.com/comdex-official/comdex/x/asset/types/msg.pb.go:1631.20,1635.3 3 0
github.com/comdex-official/comdex/x/asset/types/msg.pb.go:1636.21,1642.3 5 0
github.com/comdex-official/comdex/x/asset/types/msg.pb.go:1646.65,1650.16 4 0
github.com/comdex-official/comdex/x/asset/types/msg.pb.go:1653.2,1653.22 1 0
github.com/comdex-official/comdex/x/asset/types/msg.pb.go:1650.16,1652.3 1 0
github.com/comdex-official/comdex/x/asset/types/msg.pb.go:1656.66,1659.2 2 0
github.com/comdex-official/comdex/x/asset/types/msg.pb.go:1661.77,1667.2 5 0
github.com/comdex-official/comdex/x/asset/types/msg.pb.go:1669.67,1673.16 4 0
github.com/comdex-official/comdex/x/asset/types/msg.pb.go:1676.2,1676.22 1 0
github.com/comdex-official/comdex/x/asset/types/msg.pb.go:1673.16,1675.3 1 0
github.com/comdex-official/comdex/x/asset/types/msg.pb.go:1679.68,1682.2 2 0
github.com/comdex-official/comdex/x/asset/types/msg.pb.go:1684.79,1689.2 5 0
github.com/comdex-official/comdex/x/asset/types/msg.pb.go:1697.2,1699.15 3 0
github.com/comdex-official/comdex/x/asset/types/msg.pb.go:1704.2,1704.21 1 0
github.com/comdex-official/comdex/x/asset/types/msg.pb.go:1711.2,1711.27 1 0
github.com/comdex-official/comdex/x/asset/types/msg.pb.go:1689.2,1692.67 3 0
github.com/comdex-official/comdex/x/asset/types/msg.pb.go:1695.3,1695.45 1 0
github.com/comdex-official/comdex/x/asset/types/msg.pb.go:1692.67,1694.4 1 0
github.com/comdex-official/comdex/x/asset/types/msg.pb.go:1699.15,1703.3 3 0
github.com/comdex-official/comdex/x/asset/types/msg.pb.go:1704.21,1710.3 5 0
github.com/comdex-official/comdex/x/asset/types/msg.pb.go:1714.68,1718.16 4 0
github.com/comdex-official/comdex/x/asset/types/msg.pb.go:1721.2,1721.22 1 0
github.com/comdex-official/comdex/x/asset/types/msg.pb.go:1718.16,1720.3 1 0
github.com/comdex-official/comdex/x/asset/types/msg.pb.go:1724.69,1727.2 2 0
github.com/comdex-official/comdex/x/asset/types/msg.pb.go:1729.80,1735.2 5 0
github.com/comdex-official/comdex/x/asset/types/msg.pb.go:1737.67,1741.16 4 0
github.com/comdex-official/comdex/x/asset/types/msg.pb.go:1744.2,1744.22 1 0
github.com/comdex-official/comdex/x/asset/types/msg.pb.go:1741.16,1743.3 1 0
github.com/comdex-official/comdex/x/asset/types/msg.pb.go:1747.68,1750.2 2 0
github.com/comdex-official/comdex/x/asset/types/msg.pb.go:1752.79,1757.23 5 0
github.com/comdex-official/comdex/x/asset/types/msg.pb.go:1762.2,1762.23 1 0
github.com/comdex-official/comdex/x/asset/types/msg.pb.go:1767.2,1767.25 1 0
github.com/comdex-official/comdex/x/asset/types/msg.pb.go:1781.2,1781.21 1 0
github.com/comdex-official/comdex/x/asset/types/msg.pb.go:1786.2,1786.24 1 0
github.com/comdex-official/comdex/x/asset/types/msg.pb.go:1795.2,1795.29 1 0
github.com/comdex-official/comdex/x/asset/types/msg.pb.go:1808.2,1810.30 3 0
github.com/comdex-official/comdex/x/asset/types/msg.pb.go:1817.2,1817.27 1 0
github.com/comdex-official/comdex/x/asset/types/msg.pb.go:1824.2,1824.21 1 0
github.com/comdex-official/comdex/x/asset/types/msg.pb.go:1831.2,1831.27 1 0
github.com/comdex-official/comdex/x/asset/types/msg.pb.go:1757.23,1761.3 3 0
github.com/comdex-official/comdex/x/asset/types/msg.pb.go:1762.23,1766.3 3 0
github.com/comdex-official/comdex/x/asset/types/msg.pb.go:1767.25,1768.57 1 0
github.com/comdex-official/comdex/x/asset/types/msg.pb.go:1768.57,1769.4 1 0
github.com/comdex-official/comdex/x/asset/types/msg.pb.go:1777.4,1778.18 2 0
github.com/comdex-official/comdex/x/asset/types/msg.pb.go:1769.4,1771.19 2 0
github.com/comdex-official/comdex/x/asset/types/msg.pb.go:1774.5,1775.47 2 0
github.com/comdex-official/comdex/x/asset/types/msg.pb.go:1771.19,1773.6 1 0
github.com/comdex-official/comdex/x/asset/types/msg.pb.go:1781.21,1785.3 3 0
github.com/comdex-official/comdex/x/asset/types/msg.pb.go:1786.24,1787.56 1 0
github.com/comdex-official/comdex/x/asset/types/msg.pb.go:1787.56,1793.4 5 0
github.com/comdex-official/comdex/x/asset/types/msg.pb.go:1795.29,1799.3 3 0
github.com/comdex-official/comdex/x/asset/types/msg.pb.go:1800.2,1802.17 2 0
github.com/comdex-official/comdex/x/asset/types/msg.pb.go:1805.3,1806.45 2 0
github.com/comdex-official/comdex/x/asset/types/msg.pb.go:1802.17,1804.4 1 0
github.com/comdex-official/comdex/x/asset/types/msg.pb.go:1810.30,1816.3 5 0
github.com/comdex-official/comdex/x/asset/types/msg.pb.go:1817.27,1823.3 5 0
github.com/comdex-official/comdex/x/asset/types/msg.pb.go:1824.21,1830.3 5 0
github.com/comdex-official/comdex/x/asset/types/msg.pb.go:1834.68,1838.16 4 0
github.com/comdex-official/comdex/x/asset/types/msg.pb.go:1841.2,1841.22 1 0
github.com/comdex-official/comdex/x/asset/types/msg.pb.go:1838.16,1840.3 1 0
github.com/comdex-official/comdex/x/asset/types/msg.pb.go:1844.69,1847.2 2 0
github.com/comdex-official/comdex/x/asset/types/msg.pb.go:1849.80,1855.2 5 0
github.com/comdex-official/comdex/x/asset/types/msg.pb.go:1857.61,1860.16 3 0
github.com/comdex-official/comdex/x/asset/types/msg.pb.go:1865.2,1866.13 2 0
github.com/comdex-official/comdex/x/asset/types/msg.pb.go:1860.16,1864.3 3 0
github.com/comdex-official/comdex/x/asset/types/msg.pb.go:1868.46,1869.14 1 0
github.com/comdex-official/comdex/x/asset/types/msg.pb.go:1872.2,1875.11 4 0
github.com/comdex-official/comdex/x/asset/types/msg.pb.go:1878.2,1879.11 2 0
github.com/comdex-official/comdex/x/asset/types/msg.pb.go:1882.2,1882.21 1 0
github.com/comdex-official/comdex/x/asset/types/msg.pb.go:1885.2,1885.10 1 0
github.com/comdex-official/comdex/x/asset/types/msg.pb.go:1869.14,1871.3 1 0
github.com/comdex-official/comdex/x/asset/types/msg.pb.go:1875.11,1877.3 1 0
github.com/comdex-official/comdex/x/asset/types/msg.pb.go:1879.11,1881.3 1 0
github.com/comdex-official/comdex/x/asset/types/msg.pb.go:1882.21,1884.3 1 0
github.com/comdex-official/comdex/x/asset/types/msg.pb.go:1888.47,1889.14 1 0
github.com/comdex-official/comdex/x/asset/types/msg.pb.go:1892.2,1894.10 3 0
github.com/comdex-official/comdex/x/asset/types/msg.pb.go:1889.14,1891.3 1 0
github.com/comdex-official/comdex/x/asset/types/msg.pb.go:1897.49,1898.14 1 0
github.com/comdex-official/comdex/x/asset/types/msg.pb.go:1901.2,1904.11 4 0
github.com/comdex-official/comdex/x/asset/types/msg.pb.go:1907.2,1908.11 2 0
github.com/comdex-official/comdex/x/asset/types/msg.pb.go:1911.2,1911.21 1 0
github.com/comdex-official/comdex/x/asset/types/msg.pb.go:1914.2,1914.10 1 0
github.com/comdex-official/comdex/x/asset/types/msg.pb.go:1898.14,1900.3 1 0
github.com/comdex-official/comdex/x/asset/types/msg.pb.go:1904.11,1906.3 1 0
github.com/comdex-official/comdex/x/asset/types/msg.pb.go:1908.11,1910.3 1 0
github.com/comdex-official/comdex/x/asset/types/msg.pb.go:1911.21,1913.3 1 0
github.com/comdex-official/comdex/x/asset/types/msg.pb.go:1917.50,1918.14 1 0
github.com/comdex-official/comdex/x/asset/types/msg.pb.go:1921.2,1923.10 3 0
github.com/comdex-official/comdex/x/asset/types/msg.pb.go:1918.14,1920.3 1 0
github.com/comdex-official/comdex/x/asset/types/msg.pb.go:1926.45,1927.14 1 0
github.com/comdex-official/comdex/x/asset/types/msg.pb.go:1930.2,1933.11 4 0
github.com/comdex-official/comdex/x/asset/types/msg.pb.go:1936.2,1937.11 2 0
github.com/comdex-official/comdex/x/asset/types/msg.pb.go:1940.2,1941.11 2 0
github.com/comdex-official/comdex/x/asset/types/msg.pb.go:1944.2,1944.21 1 0
github.com/comdex-official/comdex/x/asset/types/msg.pb.go:1947.2,1947.10 1 0
github.com/comdex-official/comdex/x/asset/types/msg.pb.go:1927.14,1929.3 1 0
github.com/comdex-official/comdex/x/asset/types/msg.pb.go:1933.11,1935.3 1 0
github.com/comdex-official/comdex/x/asset/types/msg.pb.go:1937.11,1939.3 1 0
github.com/comdex-official/comdex/x/asset/types/msg.pb.go:1941.11,1943.3 1 0
github.com/comdex-official/comdex/x/asset/types/msg.pb.go:1944.21,1946.3 1 0
github.com/comdex-official/comdex/x/asset/types/msg.pb.go:1950.46,1951.14 1 0
github.com/comdex-official/comdex/x/asset/types/msg.pb.go:1954.2,1956.10 3 0
github.com/comdex-official/comdex/x/asset/types/msg.pb.go:1951.14,1953.3 1 0
github.com/comdex-official/comdex/x/asset/types/msg.pb.go:1959.48,1960.14 1 0
github.com/comdex-official/comdex/x/asset/types/msg.pb.go:1963.2,1966.11 4 0
github.com/comdex-official/comdex/x/asset/types/msg.pb.go:1969.2,1969.15 1 0
github.com/comdex-official/comdex/x/asset/types/msg.pb.go:1972.2,1973.11 2 0
github.com/comdex-official/comdex/x/asset/types/msg.pb.go:1976.2,1977.11 2 0
github.com/comdex-official/comdex/x/asset/types/msg.pb.go:1980.2,1980.21 1 0
github.com/comdex-official/comdex/x/asset/types/msg.pb.go:1983.2,1983.10 1 0
github.com/comdex-official/comdex/x/asset/types/msg.pb.go:1960.14,1962.3 1 0
github.com/comdex-official/comdex/x/asset/types/msg.pb.go:1966.11,1968.3 1 0
github.com/comdex-official/comdex/x/asset/types/msg.pb.go:1969.15,1971.3 1 0
github.com/comdex-official/comdex/x/asset/types/msg.pb.go:1973.11,1975.3 1 0
github.com/comdex-official/comdex/x/asset/types/msg.pb.go:1977.11,1979.3 1 0
github.com/comdex-official/comdex/x/asset/types/msg.pb.go:1980.21,1982.3 1 0
github.com/comdex-official/comdex/x/asset/types/msg.pb.go:1986.49,1987.14 1 0
github.com/comdex-official/comdex/x/asset/types/msg.pb.go:1990.2,1992.10 3 0
github.com/comdex-official/comdex/x/asset/types/msg.pb.go:1987.14,1989.3 1 0
github.com/comdex-official/comdex/x/asset/types/msg.pb.go:1995.54,1996.14 1 0
github.com/comdex-official/comdex/x/asset/types/msg.pb.go:1999.2,2002.11 4 0
github.com/comdex-official/comdex/x/asset/types/msg.pb.go:2005.2,2005.15 1 0
github.com/comdex-official/comdex/x/asset/types/msg.pb.go:2008.2,2009.11 2 0
github.com/comdex-official/comdex/x/asset/types/msg.pb.go:2012.2,2012.10 1 0
github.com/comdex-official/comdex/x/asset/types/msg.pb.go:1996.14,1998.3 1 0
github.com/comdex-official/comdex/x/asset/types/msg.pb.go:2002.11,2004.3 1 0
github.com/comdex-official/comdex/x/asset/types/msg.pb.go:2005.15,2007.3 1 0
github.com/comdex-official/comdex/x/asset/types/msg.pb.go:2009.11,2011.3 1 0
github.com/comdex-official/comdex/x/asset/types/msg.pb.go:2015.55,2016.14 1 0
github.com/comdex-official/comdex/x/asset/types/msg.pb.go:2019.2,2021.10 3 0
github.com/comdex-official/comdex/x/asset/types/msg.pb.go:2016.14,2018.3 1 0
github.com/comdex-official/comdex/x/asset/types/msg.pb.go:2024.57,2025.14 1 0
github.com/comdex-official/comdex/x/asset/types/msg.pb.go:2028.2,2031.11 4 0
github.com/comdex-official/comdex/x/asset/types/msg.pb.go:2034.2,2034.15 1 0
github.com/comdex-official/comdex/x/asset/types/msg.pb.go:2037.2,2038.11 2 0
github.com/comdex-official/comdex/x/asset/types/msg.pb.go:2041.2,2041.10 1 0
github.com/comdex-official/comdex/x/asset/types/msg.pb.go:2025.14,2027.3 1 0
github.com/comdex-official/comdex/x/asset/types/msg.pb.go:2031.11,2033.3 1 0
github.com/comdex-official/comdex/x/asset/types/msg.pb.go:2034.15,2036.3 1 0
github.com/comdex-official/comdex/x/asset/types/msg.pb.go:2038.11,2040.3 1 0
github.com/comdex-official/comdex/x/asset/types/msg.pb.go:2044.58,2045.14 1 0
github.com/comdex-official/comdex/x/asset/types/msg.pb.go:2048.2,2050.10 3 0
github.com/comdex-official/comdex/x/asset/types/msg.pb.go:2045.14,2047.3 1 0
github.com/comdex-official/comdex/x/asset/types/msg.pb.go:2053.44,2054.14 1 0
github.com/comdex-official/comdex/x/asset/types/msg.pb.go:2057.2,2060.11 4 0
github.com/comdex-official/comdex/x/asset/types/msg.pb.go:2063.2,2063.20 1 0
github.com/comdex-official/comdex/x/asset/types/msg.pb.go:2066.2,2066.21 1 0
github.com/comdex-official/comdex/x/asset/types/msg.pb.go:2069.2,2071.10 3 0
github.com/comdex-official/comdex/x/asset/types/msg.pb.go:2054.14,2056.3 1 0
github.com/comdex-official/comdex/x/asset/types/msg.pb.go:2060.11,2062.3 1 0
github.com/comdex-official/comdex/x/asset/types/msg.pb.go:2063.20,2065.3 1 0
github.com/comdex-official/comdex/x/asset/types/msg.pb.go:2066.21,2068.3 1 0
github.com/comdex-official/comdex/x/asset/types/msg.pb.go:2074.45,2075.14 1 0
github.com/comdex-official/comdex/x/asset/types/msg.pb.go:2078.2,2080.10 3 0
github.com/comdex-official/comdex/x/asset/types/msg.pb.go:2075.14,2077.3 1 0
github.com/comdex-official/comdex/x/asset/types/msg.pb.go:2083.47,2084.14 1 0
github.com/comdex-official/comdex/x/asset/types/msg.pb.go:2087.2,2090.11 4 0
github.com/comdex-official/comdex/x/asset/types/msg.pb.go:2093.2,2093.15 1 0
github.com/comdex-official/comdex/x/asset/types/msg.pb.go:2096.2,2098.10 3 0
github.com/comdex-official/comdex/x/asset/types/msg.pb.go:2084.14,2086.3 1 0
github.com/comdex-official/comdex/x/asset/types/msg.pb.go:2090.11,2092.3 1 0
github.com/comdex-official/comdex/x/asset/types/msg.pb.go:2093.15,2095.3 1 0
github.com/comdex-official/comdex/x/asset/types/msg.pb.go:2101.48,2102.14 1 0
github.com/comdex-official/comdex/x/asset/types/msg.pb.go:2105.2,2107.10 3 0
github.com/comdex-official/comdex/x/asset/types/msg.pb.go:2102.14,2104.3 1 0
github.com/comdex-official/comdex/x/asset/types/msg.pb.go:2110.47,2111.14 1 0
github.com/comdex-official/comdex/x/asset/types/msg.pb.go:2114.2,2117.11 4 0
github.com/comdex-official/comdex/x/asset/types/msg.pb.go:2120.2,2121.11 2 0
github.com/comdex-official/comdex/x/asset/types/msg.pb.go:2124.2,2125.11 2 0
github.com/comdex-official/comdex/x/asset/types/msg.pb.go:2128.2,2130.29 3 0
github.com/comdex-official/comdex/x/asset/types/msg.pb.go:2133.2,2133.24 1 0
github.com/comdex-official/comdex/x/asset/types/msg.pb.go:2139.2,2139.21 1 0
github.com/comdex-official/comdex/x/asset/types/msg.pb.go:2142.2,2142.25 1 0
github.com/comdex-official/comdex/x/asset/types/msg.pb.go:2148.2,2148.23 1 0
github.com/comdex-official/comdex/x/asset/types/msg.pb.go:2151.2,2151.23 1 0
github.com/comdex-official/comdex/x/asset/types/msg.pb.go:2154.2,2154.10 1 0
github.com/comdex-official/comdex/x/asset/types/msg.pb.go:2111.14,2113.3 1 0
github.com/comdex-official/comdex/x/asset/types/msg.pb.go:2117.11,2119.3 1 0
github.com/comdex-official/comdex/x/asset/types/msg.pb.go:2121.11,2123.3 1 0
github.com/comdex-official/comdex/x/asset/types/msg.pb.go:2125.11,2127.3 1 0
github.com/comdex-official/comdex/x/asset/types/msg.pb.go:2130.29,2132.3 1 0
github.com/comdex-official/comdex/x/asset/types/msg.pb.go:2133.24,2134.31 1 0
github.com/comdex-official/comdex/x/asset/types/msg.pb.go:2134.31,2137.4 2 0
github.com/comdex-official/comdex/x/asset/types/msg.pb.go:2139.21,2141.3 1 0
github.com/comdex-official/comdex/x/asset/types/msg.pb.go:2142.25,2143.32 1 0
github.com/comdex-official/comdex/x/asset/types/msg.pb.go:2143.32,2146.4 2 0
github.com/comdex-official/comdex/x/asset/types/msg.pb.go:2148.23,2150.3 1 0
github.com/comdex-official/comdex/x/asset/types/msg.pb.go:2151.23,2153.3 1 0
github.com/comdex-official/comdex/x/asset/types/msg.pb.go:2157.48,2158.14 1 0
github.com/comdex-official/comdex/x/asset/types/msg.pb.go:2161.2,2163.10 3 0
github.com/comdex-official/comdex/x/asset/types/msg.pb.go:2158.14,2160.3 1 0
github.com/comdex-official/comdex/x/asset/types/msg.pb.go:2166.31,2168.2 1 0
github.com/comdex-official/comdex/x/asset/types/msg.pb.go:2169.31,2171.2 1 0
github.com/comdex-official/comdex/x/asset/types/msg.pb.go:2172.60,2175.16 3 0
github.com/comdex-official/comdex/x/asset/types/msg.pb.go:2300.2,2300.15 1 0
github.com/comdex-official/comdex/x/asset/types/msg.pb.go:2303.2,2303.12 1 0
github.com/comdex-official/comdex/x/asset/types/msg.pb.go:2175.16,2178.38 3 0
github.com/comdex-official/comdex/x/asset/types/msg.pb.go:2192.3,2194.20 3 0
github.com/comdex-official/comdex/x/asset/types/msg.pb.go:2197.3,2197.20 1 0
github.com/comdex-official/comdex/x/asset/types/msg.pb.go:2200.3,2200.19 1 0
github.com/comdex-official/comdex/x/asset/types/msg.pb.go:2178.38,2179.19 1 0
github.com/comdex-official/comdex/x/asset/types/msg.pb.go:2182.4,2182.18 1 0
github.com/comdex-official/comdex/x/asset/types/msg.pb.go:2185.4,2188.16 4 0
github.com/comdex-official/comdex/x/asset/types/msg.pb.go:2179.19,2181.5 1 0
github.com/comdex-official/comdex/x/asset/types/msg.pb.go:2182.18,2184.5 1 0
github.com/comdex-official/comdex/x/asset/types/msg.pb.go:2188.16,2189.10 1 0
github.com/comdex-official/comdex/x/asset/types/msg.pb.go:2194.20,2196.4 1 0
github.com/comdex-official/comdex/x/asset/types/msg.pb.go:2197.20,2199.4 1 0
github.com/comdex-official/comdex/x/asset/types/msg.pb.go:2201.10,2202.21 1 0
github.com/comdex-official/comdex/x/asset/types/msg.pb.go:2205.4,2206.39 2 0
github.com/comdex-official/comdex/x/asset/types/msg.pb.go:2220.4,2221.24 2 0
github.com/comdex-official/comdex/x/asset/types/msg.pb.go:2224.4,2225.21 2 0
github.com/comdex-official/comdex/x/asset/types/msg.pb.go:2228.4,2228.21 1 0
github.com/comdex-official/comdex/x/asset/types/msg.pb.go:2231.4,2232.21 2 0
github.com/comdex-official/comdex/x/asset/types/msg.pb.go:2233.10,2234.21 1 0
github.com/comdex-official/comdex/x/asset/types/msg.pb.go:2237.4,2238.39 2 0
github.com/comdex-official/comdex/x/asset/types/msg.pb.go:2252.4,2253.24 2 0
github.com/comdex-official/comdex/x/asset/types/msg.pb.go:2256.4,2257.21 2 0
github.com/comdex-official/comdex/x/asset/types/msg.pb.go:2260.4,2260.21 1 0
github.com/comdex-official/comdex/x/asset/types/msg.pb.go:2263.4,2264.21 2 0
github.com/comdex-official/comdex/x/asset/types/msg.pb.go:2265.10,2266.21 1 0
github.com/comdex-official/comdex/x/asset/types/msg.pb.go:2269.4,2270.39 2 0
github.com/comdex-official/comdex/x/asset/types/msg.pb.go:2284.11,2287.18 3 0
github.com/comdex-official/comdex/x/asset/types/msg.pb.go:2290.4,2290.42 1 0
github.com/comdex-official/comdex/x/asset/types/msg.pb.go:2293.4,2293.28 1 0
github.com/comdex-official/comdex/x/asset/types/msg.pb.go:2296.4,2296.19 1 0
github.com/comdex-official/comdex/x/asset/types/msg.pb.go:2202.21,2204.5 1 0
github.com/comdex-official/comdex/x/asset/types/msg.pb.go:2206.39,2207.20 1 0
github.com/comdex-official/comdex/x/asset/types/msg.pb.go:2210.5,2210.19 1 0
github.com/comdex-official/comdex/x/asset/types/msg.pb.go:2213.5,2216.17 4 0
github.com/comdex-official/comdex/x/asset/types/msg.pb.go:2207.20,2209.6 1 0
github.com/comdex-official/comdex/x/asset/types/msg.pb.go:2210.19,2212.6 1 0
github.com/comdex-official/comdex/x/asset/types/msg.pb.go:2216.17,2217.11 1 0
github.com/comdex-official/comdex/x/asset/types/msg.pb.go:2221.24,2223.5 1 0
github.com/comdex-official/comdex/x/asset/types/msg.pb.go:2225.21,2227.5 1 0
github.com/comdex-official/comdex/x/asset/types/msg.pb.go:2228.21,2230.5 1 0
github.com/comdex-official/comdex/x/asset/types/msg.pb.go:2234.21,2236.5 1 0
github.com/comdex-official/comdex/x/asset/types/msg.pb.go:2238.39,2239.20 1 0
github.com/comdex-official/comdex/x/asset/types/msg.pb.go:2242.5,2242.19 1 0
github.com/comdex-official/comdex/x/asset/types/msg.pb.go:2245.5,2248.17 4 0
github.com/comdex-official/comdex/x/asset/types/msg.pb.go:2239.20,2241.6 1 0
github.com/comdex-official/comdex/x/asset/types/msg.pb.go:2242.19,2244.6 1 0
github.com/comdex-official/comdex/x/asset/types/msg.pb.go:2248.17,2249.11 1 0
github.com/comdex-official/comdex/x/asset/types/msg.pb.go:2253.24,2255.5 1 0
github.com/comdex-official/comdex/x/asset/types/msg.pb.go:2257.21,2259.5 1 0
github.com/comdex-official/comdex/x/asset/types/msg.pb.go:2260.21,2262.5 1 0
github.com/comdex-official/comdex/x/asset/types/msg.pb.go:2266.21,2268.5 1 0
github.com/comdex-official/comdex/x/asset/types/msg.pb.go:2270.39,2271.20 1 0
github.com/comdex-official/comdex/x/asset/types/msg.pb.go:2274.5,2274.19 1 0
github.com/comdex-official/comdex/x/asset/types/msg.pb.go:2277.5,2280.17 4 0
github.com/comdex-official/comdex/x/asset/types/msg.pb.go:2271.20,2273.6 1 0
github.com/comdex-official/comdex/x/asset/types/msg.pb.go:2274.19,2276.6 1 0
github.com/comdex-official/comdex/x/asset/types/msg.pb.go:2280.17,2281.11 1 0
github.com/comdex-official/comdex/x/asset/types/msg.pb.go:2287.18,2289.5 1 0
github.com/comdex-official/comdex/x/asset/types/msg.pb.go:2290.42,2292.5 1 0
github.com/comdex-official/comdex/x/asset/types/msg.pb.go:2293.28,2295.5 1 0
github.com/comdex-official/comdex/x/asset/types/msg.pb.go:2300.15,2302.3 1 0
github.com/comdex-official/comdex/x/asset/types/msg.pb.go:2305.61,2308.16 3 0
github.com/comdex-official/comdex/x/asset/types/msg.pb.go:2350.2,2350.15 1 0
github.com/comdex-official/comdex/x/asset/types/msg.pb.go:2353.2,2353.12 1 0
github.com/comdex-official/comdex/x/asset/types/msg.pb.go:2308.16,2311.38 3 0
github.com/comdex-official/comdex/x/asset/types/msg.pb.go:2325.3,2327.20 3 0
github.com/comdex-official/comdex/x/asset/types/msg.pb.go:2330.3,2330.20 1 0
github.com/comdex-official/comdex/x/asset/types/msg.pb.go:2333.3,2333.19 1 0
github.com/comdex-official/comdex/x/asset/types/msg.pb.go:2311.38,2312.19 1 0
github.com/comdex-official/comdex/x/asset/types/msg.pb.go:2315.4,2315.18 1 0
github.com/comdex-official/comdex/x/asset/types/msg.pb.go:2318.4,2321.16 4 0
github.com/comdex-official/comdex/x/asset/types/msg.pb.go:2312.19,2314.5 1 0
github.com/comdex-official/comdex/x/asset/types/msg.pb.go:2315.18,2317.5 1 0
github.com/comdex-official/comdex/x/asset/types/msg.pb.go:2321.16,2322.10 1 0
github.com/comdex-official/comdex/x/asset/types/msg.pb.go:2327.20,2329.4 1 0
github.com/comdex-official/comdex/x/asset/types/msg.pb.go:2330.20,2332.4 1 0
github.com/comdex-official/comdex/x/asset/types/msg.pb.go:2334.11,2337.18 3 0
github.com/comdex-official/comdex/x/asset/types/msg.pb.go:2340.4,2340.42 1 0
github.com/comdex-official/comdex/x/asset/types/msg.pb.go:2343.4,2343.28 1 0
github.com/comdex-official/comdex/x/asset/types/msg.pb.go:2346.4,2346.19 1 0
github.com/comdex-official/comdex/x/asset/types/msg.pb.go:2337.18,2339.5 1 0
github.com/comdex-official/comdex/x/asset/types/msg.pb.go:2340.42,2342.5 1 0
github.com/comdex-official/comdex/x/asset/types/msg.pb.go:2343.28,2345.5 1 0
github.com/comdex-official/comdex/x/asset/types/msg.pb.go:2350.15,2352.3 1 0
github.com/comdex-official/comdex/x/asset/types/msg.pb.go:2355.63,2358.16 3 0
github.com/comdex-official/comdex/x/asset/types/msg.pb.go:2483.2,2483.15 1 0
github.com/comdex-official/comdex/x/asset/types/msg.pb.go:2486.2,2486.12 1 0
github.com/comdex-official/comdex/x/asset/types/msg.pb.go:2358.16,2361.38 3 0
github.com/comdex-official/comdex/x/asset/types/msg.pb.go:2375.3,2377.20 3 0
github.com/comdex-official/comdex/x/asset/types/msg.pb.go:2380.3,2380.20 1 0
github.com/comdex-official/comdex/x/asset/types/msg.pb.go:2383.3,2383.19 1 0
github.com/comdex-official/comdex/x/asset/types/msg.pb.go:2361.38,2362.19 1 0
github.com/comdex-official/comdex/x/asset/types/msg.pb.go:2365.4,2365.18 1 0
github.com/comdex-official/comdex/x/asset/types/msg.pb.go:2368.4,2371.16 4 0
github.com/comdex-official/comdex/x/asset/types/msg.pb.go:2362.19,2364.5 1 0
github.com/comdex-official/comdex/x/asset/types/msg.pb.go:2365.18,2367.5 1 0
github.com/comdex-official/comdex/x/asset/types/msg.pb.go:2371.16,2372.10 1 0
github.com/comdex-official/comdex/x/asset/types/msg.pb.go:2377.20,2379.4 1 0
github.com/comdex-official/comdex/x/asset/types/msg.pb.go:2380.20,2382.4 1 0
github.com/comdex-official/comdex/x/asset/types/msg.pb.go:2384.10,2385.21 1 0
github.com/comdex-official/comdex/x/asset/types/msg.pb.go:2388.4,2389.39 2 0
github.com/comdex-official/comdex/x/asset/types/msg.pb.go:2403.4,2404.24 2 0
github.com/comdex-official/comdex/x/asset/types/msg.pb.go:2407.4,2408.21 2 0
github.com/comdex-official/comdex/x/asset/types/msg.pb.go:2411.4,2411.21 1 0
github.com/comdex-official/comdex/x/asset/types/msg.pb.go:2414.4,2415.21 2 0
github.com/comdex-official/comdex/x/asset/types/msg.pb.go:2416.10,2417.21 1 0
github.com/comdex-official/comdex/x/asset/types/msg.pb.go:2420.4,2421.39 2 0
github.com/comdex-official/comdex/x/asset/types/msg.pb.go:2435.4,2436.24 2 0
github.com/comdex-official/comdex/x/asset/types/msg.pb.go:2439.4,2440.21 2 0
github.com/comdex-official/comdex/x/asset/types/msg.pb.go:2443.4,2443.21 1 0
github.com/comdex-official/comdex/x/asset/types/msg.pb.go:2446.4,2447.21 2 0
github.com/comdex-official/comdex/x/asset/types/msg.pb.go:2448.10,2449.21 1 0
github.com/comdex-official/comdex/x/asset/types/msg.pb.go:2452.4,2453.39 2 0
github.com/comdex-official/comdex/x/asset/types/msg.pb.go:2467.11,2470.18 3 0
github.com/comdex-official/comdex/x/asset/types/msg.pb.go:2473.4,2473.42 1 0
github.com/comdex-official/comdex/x/asset/types/msg.pb.go:2476.4,2476.28 1 0
github.com/comdex-official/comdex/x/asset/types/msg.pb.go:2479.4,2479.19 1 0
github.com/comdex-official/comdex/x/asset/types/msg.pb.go:2385.21,2387.5 1 0
github.com/comdex-official/comdex/x/asset/types/msg.pb.go:2389.39,2390.20 1 0
github.com/comdex-official/comdex/x/asset/types/msg.pb.go:2393.5,2393.19 1 0
github.com/comdex-official/comdex/x/asset/types/msg.pb.go:2396.5,2399.17 4 0
github.com/comdex-official/comdex/x/asset/types/msg.pb.go:2390.20,2392.6 1 0
github.com/comdex-official/comdex/x/asset/types/msg.pb.go:2393.19,2395.6 1 0
github.com/comdex-official/comdex/x/asset/types/msg.pb.go:2399.17,2400.11 1 0
github.com/comdex-official/comdex/x/asset/types/msg.pb.go:2404.24,2406.5 1 0
github.com/comdex-official/comdex/x/asset/types/msg.pb.go:2408.21,2410.5 1 0
github.com/comdex-official/comdex/x/asset/types/msg.pb.go:2411.21,2413.5 1 0
github.com/comdex-official/comdex/x/asset/types/msg.pb.go:2417.21,2419.5 1 0
github.com/comdex-official/comdex/x/asset/types/msg.pb.go:2421.39,2422.20 1 0
github.com/comdex-official/comdex/x/asset/types/msg.pb.go:2425.5,2425.19 1 0
github.com/comdex-official/comdex/x/asset/types/msg.pb.go:2428.5,2431.17 4 0
github.com/comdex-official/comdex/x/asset/types/msg.pb.go:2422.20,2424.6 1 0
github.com/comdex-official/comdex/x/asset/types/msg.pb.go:2425.19,2427.6 1 0
github.com/comdex-official/comdex/x/asset/types/msg.pb.go:2431.17,2432.11 1 0
github.com/comdex-official/comdex/x/asset/types/msg.pb.go:2436.24,2438.5 1 0
github.com/comdex-official/comdex/x/asset/types/msg.pb.go:2440.21,2442.5 1 0
github.com/comdex-official/comdex/x/asset/types/msg.pb.go:2443.21,2445.5 1 0
github.com/comdex-official/comdex/x/asset/types/msg.pb.go:2449.21,2451.5 1 0
github.com/comdex-official/comdex/x/asset/types/msg.pb.go:2453.39,2454.20 1 0
github.com/comdex-official/comdex/x/asset/types/msg.pb.go:2457.5,2457.19 1 0
github.com/comdex-official/comdex/x/asset/types/msg.pb.go:2460.5,2463.17 4 0
github.com/comdex-official/comdex/x/asset/types/msg.pb.go:2454.20,2456.6 1 0
github.com/comdex-official/comdex/x/asset/types/msg.pb.go:2457.19,2459.6 1 0
github.com/comdex-official/comdex/x/asset/types/msg.pb.go:2463.17,2464.11 1 0
github.com/comdex-official/comdex/x/asset/types/msg.pb.go:2470.18,2472.5 1 0
github.com/comdex-official/comdex/x/asset/types/msg.pb.go:2473.42,2475.5 1 0
github.com/comdex-official/comdex/x/asset/types/msg.pb.go:2476.28,2478.5 1 0
github.com/comdex-official/comdex/x/asset/types/msg.pb.go:2483.15,2485.3 1 0
github.com/comdex-official/comdex/x/asset/types/msg.pb.go:2488.64,2491.16 3 0
github.com/comdex-official/comdex/x/asset/types/msg.pb.go:2533.2,2533.15 1 0
github.com/comdex-official/comdex/x/asset/types/msg.pb.go:2536.2,2536.12 1 0
github.com/comdex-official/comdex/x/asset/types/msg.pb.go:2491.16,2494.38 3 0
github.com/comdex-official/comdex/x/asset/types/msg.pb.go:2508.3,2510.20 3 0
github.com/comdex-official/comdex/x/asset/types/msg.pb.go:2513.3,2513.20 1 0
github.com/comdex-official/comdex/x/asset/types/msg.pb.go:2516.3,2516.19 1 0
github.com/comdex-official/comdex/x/asset/types/msg.pb.go:2494.38,2495.19 1 0
github.com/comdex-official/comdex/x/asset/types/msg.pb.go:2498.4,2498.18 1 0
github.com/comdex-official/comdex/x/asset/types/msg.pb.go:2501.4,2504.16 4 0
github.com/comdex-official/comdex/x/asset/types/msg.pb.go:2495.19,2497.5 1 0
github.com/comdex-official/comdex/x/asset/types/msg.pb.go:2498.18,2500.5 1 0
github.com/comdex-official/comdex/x/asset/types/msg.pb.go:2504.16,2505.10 1 0
github.com/comdex-official/comdex/x/asset/types/msg.pb.go:2510.20,2512.4 1 0
github.com/comdex-official/comdex/x/asset/types/msg.pb.go:2513.20,2515.4 1 0
github.com/comdex-official/comdex/x/asset/types/msg.pb.go:2517.11,2520.18 3 0
github.com/comdex-official/comdex/x/asset/types/msg.pb.go:2523.4,2523.42 1 0
github.com/comdex-official/comdex/x/asset/types/msg.pb.go:2526.4,2526.28 1 0
github.com/comdex-official/comdex/x/asset/types/msg.pb.go:2529.4,2529.19 1 0
github.com/comdex-official/comdex/x/asset/types/msg.pb.go:2520.18,2522.5 1 0
github.com/comdex-official/comdex/x/asset/types/msg.pb.go:2523.42,2525.5 1 0
github.com/comdex-official/comdex/x/asset/types/msg.pb.go:2526.28,2528.5 1 0
github.com/comdex-official/comdex/x/asset/types/msg.pb.go:2533.15,2535.3 1 0
github.com/comdex-official/comdex/x/asset/types/msg.pb.go:2538.59,2541.16 3 0
github.com/comdex-official/comdex/x/asset/types/msg.pb.go:2698.2,2698.15 1 0
github.com/comdex-official/comdex/x/asset/types/msg.pb.go:2701.2,2701.12 1 0
github.com/comdex-official/comdex/x/asset/types/msg.pb.go:2541.16,2544.38 3 0
github.com/comdex-official/comdex/x/asset/types/msg.pb.go:2558.3,2560.20 3 0
github.com/comdex-official/comdex/x/asset/types/msg.pb.go:2563.3,2563.20 1 0
github.com/comdex-official/comdex/x/asset/types/msg.pb.go:2566.3,2566.19 1 0
github.com/comdex-official/comdex/x/asset/types/msg.pb.go:2544.38,2545.19 1 0
github.com/comdex-official/comdex/x/asset/types/msg.pb.go:2548.4,2548.18 1 0
github.com/comdex-official/comdex/x/asset/types/msg.pb.go:2551.4,2554.16 4 0
github.com/comdex-official/comdex/x/asset/types/msg.pb.go:2545.19,2547.5 1 0
github.com/comdex-official/comdex/x/asset/types/msg.pb.go:2548.18,2550.5 1 0
github.com/comdex-official/comdex/x/asset/types/msg.pb.go:2554.16,2555.10 1 0
github.com/comdex-official/comdex/x/asset/types/msg.pb.go:2560.20,2562.4 1 0
github.com/comdex-official/comdex/x/asset/types/msg.pb.go:2563.20,2565.4 1 0
github.com/comdex-official/comdex/x/asset/types/msg.pb.go:2567.10,2568.21 1 0
github.com/comdex-official/comdex/x/asset/types/msg.pb.go:2571.4,2572.39 2 0
github.com/comdex-official/comdex/x/asset/types/msg.pb.go:2586.4,2587.24 2 0
github.com/comdex-official/comdex/x/asset/types/msg.pb.go:2590.4,2591.21 2 0
github.com/comdex-official/comdex/x/asset/types/msg.pb.go:2594.4,2594.21 1 0
github.com/comdex-official/comdex/x/asset/types/msg.pb.go:2597.4,2598.21 2 0
github.com/comdex-official/comdex/x/asset/types/msg.pb.go:2599.10,2600.21 1 0
github.com/comdex-official/comdex/x/asset/types/msg.pb.go:2603.4,2604.39 2 0
github.com/comdex-official/comdex/x/asset/types/msg.pb.go:2618.4,2619.24 2 0
github.com/comdex-official/comdex/x/asset/types/msg.pb.go:2622.4,2623.21 2 0
github.com/comdex-official/comdex/x/asset/types/msg.pb.go:2626.4,2626.21 1 0
github.com/comdex-official/comdex/x/asset/types/msg.pb.go:2629.4,2630.21 2 0
github.com/comdex-official/comdex/x/asset/types/msg.pb.go:2631.10,2632.21 1 0
github.com/comdex-official/comdex/x/asset/types/msg.pb.go:2635.4,2636.39 2 0
github.com/comdex-official/comdex/x/asset/types/msg.pb.go:2650.4,2651.24 2 0
github.com/comdex-official/comdex/x/asset/types/msg.pb.go:2654.4,2655.21 2 0
github.com/comdex-official/comdex/x/asset/types/msg.pb.go:2658.4,2658.21 1 0
github.com/comdex-official/comdex/x/asset/types/msg.pb.go:2661.4,2662.21 2 0
github.com/comdex-official/comdex/x/asset/types/msg.pb.go:2663.10,2664.21 1 0
github.com/comdex-official/comdex/x/asset/types/msg.pb.go:2667.4,2668.39 2 0
github.com/comdex-official/comdex/x/asset/types/msg.pb.go:2682.11,2685.18 3 0
github.com/comdex-official/comdex/x/asset/types/msg.pb.go:2688.4,2688.42 1 0
github.com/comdex-official/comdex/x/asset/types/msg.pb.go:2691.4,2691.28 1 0
github.com/comdex-official/comdex/x/asset/types/msg.pb.go:2694.4,2694.19 1 0
github.com/comdex-official/comdex/x/asset/types/msg.pb.go:2568.21,2570.5 1 0
github.com/comdex-official/comdex/x/asset/types/msg.pb.go:2572.39,2573.20 1 0
github.com/comdex-official/comdex/x/asset/types/msg.pb.go:2576.5,2576.19 1 0
github.com/comdex-official/comdex/x/asset/types/msg.pb.go:2579.5,2582.17 4 0
github.com/comdex-official/comdex/x/asset/types/msg.pb.go:2573.20,2575.6 1 0
github.com/comdex-official/comdex/x/asset/types/msg.pb.go:2576.19,2578.6 1 0
github.com/comdex-official/comdex/x/asset/types/msg.pb.go:2582.17,2583.11 1 0
github.com/comdex-official/comdex/x/asset/types/msg.pb.go:2587.24,2589.5 1 0
github.com/comdex-official/comdex/x/asset/types/msg.pb.go:2591.21,2593.5 1 0
github.com/comdex-official/comdex/x/asset/types/msg.pb.go:2594.21,2596.5 1 0
github.com/comdex-official/comdex/x/asset/types/msg.pb.go:2600.21,2602.5 1 0
github.com/comdex-official/comdex/x/asset/types/msg.pb.go:2604.39,2605.20 1 0
github.com/comdex-official/comdex/x/asset/types/msg.pb.go:2608.5,2608.19 1 0
github.com/comdex-official/comdex/x/asset/types/msg.pb.go:2611.5,2614.17 4 0
github.com/comdex-official/comdex/x/asset/types/msg.pb.go:2605.20,2607.6 1 0
github.com/comdex-official/comdex/x/asset/types/msg.pb.go:2608.19,2610.6 1 0
github.com/comdex-official/comdex/x/asset/types/msg.pb.go:2614.17,2615.11 1 0
github.com/comdex-official/comdex/x/asset/types/msg.pb.go:2619.24,2621.5 1 0
github.com/comdex-official/comdex/x/asset/types/msg.pb.go:2623.21,2625.5 1 0
github.com/comdex-official/comdex/x/asset/types/msg.pb.go:2626.21,2628.5 1 0
github.com/comdex-official/comdex/x/asset/types/msg.pb.go:2632.21,2634.5 1 0
github.com/comdex-official/comdex/x/asset/types/msg.pb.go:2636.39,2637.20 1 0
github.com/comdex-official/comdex/x/asset/types/msg.pb.go:2640.5,2640.19 1 0
github.com/comdex-official/comdex/x/asset/types/msg.pb.go:2643.5,2646.17 4 0
github.com/comdex-official/comdex/x/asset/types/msg.pb.go:2637.20,2639.6 1 0
github.com/comdex-official/comdex/x/asset/types/msg.pb.go:2640.19,2642.6 1 0
github.com/comdex-official/comdex/x/asset/types/msg.pb.go:2646.17,2647.11 1 0
github.com/comdex-official/comdex/x/asset/types/msg.pb.go:2651.24,2653.5 1 0
github.com/comdex-official/comdex/x/asset/types/msg.pb.go:2655.21,2657.5 1 0
github.com/comdex-official/comdex/x/asset/types/msg.pb.go:2658.21,2660.5 1 0
github.com/comdex-official/comdex/x/asset/types/msg.pb.go:2664.21,2666.5 1 0
github.com/comdex-official/comdex/x/asset/types/msg.pb.go:2668.39,2669.20 1 0
github.com/comdex-official/comdex/x/asset/types/msg.pb.go:2672.5,2672.19 1 0
github.com/comdex-official/comdex/x/asset/types/msg.pb.go:2675.5,2678.17 4 0
github.com/comdex-official/comdex/x/asset/types/msg.pb.go:2669.20,2671.6 1 0
github.com/comdex-official/comdex/x/asset/types/msg.pb.go:2672.19,2674.6 1 0
github.com/comdex-official/comdex/x/asset/types/msg.pb.go:2678.17,2679.11 1 0
github.com/comdex-official/comdex/x/asset/types/msg.pb.go:2685.18,2687.5 1 0
github.com/comdex-official/comdex/x/asset/types/msg.pb.go:2688.42,2690.5 1 0
github.com/comdex-official/comdex/x/asset/types/msg.pb.go:2691.28,2693.5 1 0
github.com/comdex-official/comdex/x/asset/types/msg.pb.go:2698.15,2700.3 1 0
github.com/comdex-official/comdex/x/asset/types/msg.pb.go:2703.60,2706.16 3 0
github.com/comdex-official/comdex/x/asset/types/msg.pb.go:2748.2,2748.15 1 0
github.com/comdex-official/comdex/x/asset/types/msg.pb.go:2751.2,2751.12 1 0
github.com/comdex-official/comdex/x/asset/types/msg.pb.go:2706.16,2709.38 3 0
github.com/comdex-official/comdex/x/asset/types/msg.pb.go:2723.3,2725.20 3 0
github.com/comdex-official/comdex/x/asset/types/msg.pb.go:2728.3,2728.20 1 0
github.com/comdex-official/comdex/x/asset/types/msg.pb.go:2731.3,2731.19 1 0
github.com/comdex-official/comdex/x/asset/types/msg.pb.go:2709.38,2710.19 1 0
github.com/comdex-official/comdex/x/asset/types/msg.pb.go:2713.4,2713.18 1 0
github.com/comdex-official/comdex/x/asset/types/msg.pb.go:2716.4,2719.16 4 0
github.com/comdex-official/comdex/x/asset/types/msg.pb.go:2710.19,2712.5 1 0
github.com/comdex-official/comdex/x/asset/types/msg.pb.go:2713.18,2715.5 1 0
github.com/comdex-official/comdex/x/asset/types/msg.pb.go:2719.16,2720.10 1 0
github.com/comdex-official/comdex/x/asset/types/msg.pb.go:2725.20,2727.4 1 0
github.com/comdex-official/comdex/x/asset/types/msg.pb.go:2728.20,2730.4 1 0
github.com/comdex-official/comdex/x/asset/types/msg.pb.go:2732.11,2735.18 3 0
github.com/comdex-official/comdex/x/asset/types/msg.pb.go:2738.4,2738.42 1 0
github.com/comdex-official/comdex/x/asset/types/msg.pb.go:2741.4,2741.28 1 0
github.com/comdex-official/comdex/x/asset/types/msg.pb.go:2744.4,2744.19 1 0
github.com/comdex-official/comdex/x/asset/types/msg.pb.go:2735.18,2737.5 1 0
github.com/comdex-official/comdex/x/asset/types/msg.pb.go:2738.42,2740.5 1 0
github.com/comdex-official/comdex/x/asset/types/msg.pb.go:2741.28,2743.5 1 0
github.com/comdex-official/comdex/x/asset/types/msg.pb.go:2748.15,2750.3 1 0
github.com/comdex-official/comdex/x/asset/types/msg.pb.go:2753.62,2756.16 3 0
github.com/comdex-official/comdex/x/asset/types/msg.pb.go:2932.2,2932.15 1 0
github.com/comdex-official/comdex/x/asset/types/msg.pb.go:2935.2,2935.12 1 0
github.com/comdex-official/comdex/x/asset/types/msg.pb.go:2756.16,2759.38 3 0
github.com/comdex-official/comdex/x/asset/types/msg.pb.go:2773.3,2775.20 3 0
github.com/comdex-official/comdex/x/asset/types/msg.pb.go:2778.3,2778.20 1 0
github.com/comdex-official/comdex/x/asset/types/msg.pb.go:2781.3,2781.19 1 0
github.com/comdex-official/comdex/x/asset/types/msg.pb.go:2759.38,2760.19 1 0
github.com/comdex-official/comdex/x/asset/types/msg.pb.go:2763.4,2763.18 1 0
github.com/comdex-official/comdex/x/asset/types/msg.pb.go:2766.4,2769.16 4 0
github.com/comdex-official/comdex/x/asset/types/msg.pb.go:2760.19,2762.5 1 0
github.com/comdex-official/comdex/x/asset/types/msg.pb.go:2763.18,2765.5 1 0
github.com/comdex-official/comdex/x/asset/types/msg.pb.go:2769.16,2770.10 1 0
github.com/comdex-official/comdex/x/asset/types/msg.pb.go:2775.20,2777.4 1 0
github.com/comdex-official/comdex/x/asset/types/msg.pb.go:2778.20,2780.4 1 0
github.com/comdex-official/comdex/x/asset/types/msg.pb.go:2782.10,2783.21 1 0
github.com/comdex-official/comdex/x/asset/types/msg.pb.go:2786.4,2787.39 2 0
github.com/comdex-official/comdex/x/asset/types/msg.pb.go:2801.4,2802.24 2 0
github.com/comdex-official/comdex/x/asset/types/msg.pb.go:2805.4,2806.21 2 0
github.com/comdex-official/comdex/x/asset/types/msg.pb.go:2809.4,2809.21 1 0
github.com/comdex-official/comdex/x/asset/types/msg.pb.go:2812.4,2813.21 2 0
github.com/comdex-official/comdex/x/asset/types/msg.pb.go:2814.10,2815.21 1 0
github.com/comdex-official/comdex/x/asset/types/msg.pb.go:2818.4,2819.39 2 0
github.com/comdex-official/comdex/x/asset/types/msg.pb.go:2833.10,2834.21 1 0
github.com/comdex-official/comdex/x/asset/types/msg.pb.go:2837.4,2838.39 2 0
github.com/comdex-official/comdex/x/asset/types/msg.pb.go:2852.4,2853.24 2 0
github.com/comdex-official/comdex/x/asset/types/msg.pb.go:2856.4,2857.21 2 0
github.com/comdex-official/comdex/x/asset/types/msg.pb.go:2860.4,2860.21 1 0
github.com/comdex-official/comdex/x/asset/types/msg.pb.go:2863.4,2864.21 2 0
github.com/comdex-official/comdex/x/asset/types/msg.pb.go:2865.10,2866.21 1 0
github.com/comdex-official/comdex/x/asset/types/msg.pb.go:2869.4,2870.39 2 0
github.com/comdex-official/comdex/x/asset/types/msg.pb.go:2884.4,2885.24 2 0
github.com/comdex-official/comdex/x/asset/types/msg.pb.go:2888.4,2889.21 2 0
github.com/comdex-official/comdex/x/asset/types/msg.pb.go:2892.4,2892.21 1 0
github.com/comdex-official/comdex/x/asset/types/msg.pb.go:2895.4,2896.21 2 0
github.com/comdex-official/comdex/x/asset/types/msg.pb.go:2897.10,2898.21 1 0
github.com/comdex-official/comdex/x/asset/types/msg.pb.go:2901.4,2902.39 2 0
github.com/comdex-official/comdex/x/asset/types/msg.pb.go:2916.11,2919.18 3 0
github.com/comdex-official/comdex/x/asset/types/msg.pb.go:2922.4,2922.42 1 0
github.com/comdex-official/comdex/x/asset/types/msg.pb.go:2925.4,2925.28 1 0
github.com/comdex-official/comdex/x/asset/types/msg.pb.go:2928.4,2928.19 1 0
github.com/comdex-official/comdex/x/asset/types/msg.pb.go:2783.21,2785.5 1 0
github.com/comdex-official/comdex/x/asset/types/msg.pb.go:2787.39,2788.20 1 0
github.com/comdex-official/comdex/x/asset/types/msg.pb.go:2791.5,2791.19 1 0
github.com/comdex-official/comdex/x/asset/types/msg.pb.go:2794.5,2797.17 4 0
github.com/comdex-official/comdex/x/asset/types/msg.pb.go:2788.20,2790.6 1 0
github.com/comdex-official/comdex/x/asset/types/msg.pb.go:2791.19,2793.6 1 0
github.com/comdex-official/comdex/x/asset/types/msg.pb.go:2797.17,2798.11 1 0
github.com/comdex-official/comdex/x/asset/types/msg.pb.go:2802.24,2804.5 1 0
github.com/comdex-official/comdex/x/asset/types/msg.pb.go:2806.21,2808.5 1 0
github.com/comdex-official/comdex/x/asset/types/msg.pb.go:2809.21,2811.5 1 0
github.com/comdex-official/comdex/x/asset/types/msg.pb.go:2815.21,2817.5 1 0
github.com/comdex-official/comdex/x/asset/types/msg.pb.go:2819.39,2820.20 1 0
github.com/comdex-official/comdex/x/asset/types/msg.pb.go:2823.5,2823.19 1 0
github.com/comdex-official/comdex/x/asset/types/msg.pb.go:2826.5,2829.17 4 0
github.com/comdex-official/comdex/x/asset/types/msg.pb.go:2820.20,2822.6 1 0
github.com/comdex-official/comdex/x/asset/types/msg.pb.go:2823.19,2825.6 1 0
github.com/comdex-official/comdex/x/asset/types/msg.pb.go:2829.17,2830.11 1 0
github.com/comdex-official/comdex/x/asset/types/msg.pb.go:2834.21,2836.5 1 0
github.com/comdex-official/comdex/x/asset/types/msg.pb.go:2838.39,2839.20 1 0
github.com/comdex-official/comdex/x/asset/types/msg.pb.go:2842.5,2842.19 1 0
github.com/comdex-official/comdex/x/asset/types/msg.pb.go:2845.5,2848.17 4 0
github.com/comdex-official/comdex/x/asset/types/msg.pb.go:2839.20,2841.6 1 0
github.com/comdex-official/comdex/x/asset/types/msg.pb.go:2842.19,2844.6 1 0
github.com/comdex-official/comdex/x/asset/types/msg.pb.go:2848.17,2849.11 1 0
github.com/comdex-official/comdex/x/asset/types/msg.pb.go:2853.24,2855.5 1 0
github.com/comdex-official/comdex/x/asset/types/msg.pb.go:2857.21,2859.5 1 0
github.com/comdex-official/comdex/x/asset/types/msg.pb.go:2860.21,2862.5 1 0
github.com/comdex-official/comdex/x/asset/types/msg.pb.go:2866.21,2868.5 1 0
github.com/comdex-official/comdex/x/asset/types/msg.pb.go:2870.39,2871.20 1 0
github.com/comdex-official/comdex/x/asset/types/msg.pb.go:2874.5,2874.19 1 0
github.com/comdex-official/comdex/x/asset/types/msg.pb.go:2877.5,2880.17 4 0
github.com/comdex-official/comdex/x/asset/types/msg.pb.go:2871.20,2873.6 1 0
github.com/comdex-official/comdex/x/asset/types/msg.pb.go:2874.19,2876.6 1 0
github.com/comdex-official/comdex/x/asset/types/msg.pb.go:2880.17,2881.11 1 0
github.com/comdex-official/comdex/x/asset/types/msg.pb.go:2885.24,2887.5 1 0
github.com/comdex-official/comdex/x/asset/types/msg.pb.go:2889.21,2891.5 1 0
github.com/comdex-official/comdex/x/asset/types/msg.pb.go:2892.21,2894.5 1 0
github.com/comdex-official/comdex/x/asset/types/msg.pb.go:2898.21,2900.5 1 0
github.com/comdex-official/comdex/x/asset/types/msg.pb.go:2902.39,2903.20 1 0
github.com/comdex-official/comdex/x/asset/types/msg.pb.go:2906.5,2906.19 1 0
github.com/comdex-official/comdex/x/asset/types/msg.pb.go:2909.5,2912.17 4 0
github.com/comdex-official/comdex/x/asset/types/msg.pb.go:2903.20,2905.6 1 0
github.com/comdex-official/comdex/x/asset/types/msg.pb.go:2906.19,2908.6 1 0
github.com/comdex-official/comdex/x/asset/types/msg.pb.go:2912.17,2913.11 1 0
github.com/comdex-official/comdex/x/asset/types/msg.pb.go:2919.18,2921.5 1 0
github.com/comdex-official/comdex/x/asset/types/msg.pb.go:2922.42,2924.5 1 0
github.com/comdex-official/comdex/x/asset/types/msg.pb.go:2925.28,2927.5 1 0
github.com/comdex-official/comdex/x/asset/types/msg.pb.go:2932.15,2934.3 1 0
github.com/comdex-official/comdex/x/asset/types/msg.pb.go:2937.63,2940.16 3 0
github.com/comdex-official/comdex/x/asset/types/msg.pb.go:2982.2,2982.15 1 0
github.com/comdex-official/comdex/x/asset/types/msg.pb.go:2985.2,2985.12 1 0
github.com/comdex-official/comdex/x/asset/types/msg.pb.go:2940.16,2943.38 3 0
github.com/comdex-official/comdex/x/asset/types/msg.pb.go:2957.3,2959.20 3 0
github.com/comdex-official/comdex/x/asset/types/msg.pb.go:2962.3,2962.20 1 0
github.com/comdex-official/comdex/x/asset/types/msg.pb.go:2965.3,2965.19 1 0
github.com/comdex-official/comdex/x/asset/types/msg.pb.go:2943.38,2944.19 1 0
github.com/comdex-official/comdex/x/asset/types/msg.pb.go:2947.4,2947.18 1 0
github.com/comdex-official/comdex/x/asset/types/msg.pb.go:2950.4,2953.16 4 0
github.com/comdex-official/comdex/x/asset/types/msg.pb.go:2944.19,2946.5 1 0
github.com/comdex-official/comdex/x/asset/types/msg.pb.go:2947.18,2949.5 1 0
github.com/comdex-official/comdex/x/asset/types/msg.pb.go:2953.16,2954.10 1 0
github.com/comdex-official/comdex/x/asset/types/msg.pb.go:2959.20,2961.4 1 0
github.com/comdex-official/comdex/x/asset/types/msg.pb.go:2962.20,2964.4 1 0
github.com/comdex-official/comdex/x/asset/types/msg.pb.go:2966.11,2969.18 3 0
github.com/comdex-official/comdex/x/asset/types/msg.pb.go:2972.4,2972.42 1 0
github.com/comdex-official/comdex/x/asset/types/msg.pb.go:2975.4,2975.28 1 0
github.com/comdex-official/comdex/x/asset/types/msg.pb.go:2978.4,2978.19 1 0
github.com/comdex-official/comdex/x/asset/types/msg.pb.go:2969.18,2971.5 1 0
github.com/comdex-official/comdex/x/asset/types/msg.pb.go:2972.42,2974.5 1 0
github.com/comdex-official/comdex/x/asset/types/msg.pb.go:2975.28,2977.5 1 0
github.com/comdex-official/comdex/x/asset/types/msg.pb.go:2982.15,2984.3 1 0
github.com/comdex-official/comdex/x/asset/types/msg.pb.go:2987.68,2990.16 3 0
github.com/comdex-official/comdex/x/asset/types/msg.pb.go:3115.2,3115.15 1 0
github.com/comdex-official/comdex/x/asset/types/msg.pb.go:3118.2,3118.12 1 0
github.com/comdex-official/comdex/x/asset/types/msg.pb.go:2990.16,2993.38 3 0
github.com/comdex-official/comdex/x/asset/types/msg.pb.go:3007.3,3009.20 3 0
github.com/comdex-official/comdex/x/asset/types/msg.pb.go:3012.3,3012.20 1 0
github.com/comdex-official/comdex/x/asset/types/msg.pb.go:3015.3,3015.19 1 0
github.com/comdex-official/comdex/x/asset/types/msg.pb.go:2993.38,2994.19 1 0
github.com/comdex-official/comdex/x/asset/types/msg.pb.go:2997.4,2997.18 1 0
[...]
github.com/comdex-official/comdex/x/asset/types/events.pb.go:128.2,130.15 3 0
github.com/comdex-official/comdex/x/asset/types/events.pb.go:133.2,133.10 1 0
github.com/comdex-official/comdex/x/asset/types/events.pb.go:125.14,127.3 1 0
github.com/comdex-official/comdex/x/asset/types/events.pb.go:130.15,132.3 1 0
github.com/comdex-official/comdex/x/asset/types/events.pb.go:136.34,138.2 1 0
github.com/comdex-official/comdex/x/asset/types/events.pb.go:139.34,141.2 1 0
github.com/comdex-official/comdex/x/asset/types/events.pb.go:142.53,145.16 3 0
github.com/comdex-official/comdex/x/asset/types/events.pb.go:206.2,206.15 1 0
github.com/comdex-official/comdex/x/asset/types/events.pb.go:209.2,209.12 1 0
github.com/comdex-official/comdex/x/asset/types/events.pb.go:145.16,148.38 3 0
github.com/comdex-official/comdex/x/asset/types/events.pb.go:162.3,164.20 3 0
github.com/comdex-official/comdex/x/asset/types/events.pb.go:167.3,167.20 1 0
github.com/comdex-official/comdex/x/asset/types/events.pb.go:170.3,170.19 1 0
github.com/comdex-official/comdex/x/asset/types/events.pb.go:148.38,149.19 1 0
github.com/comdex-official/comdex/x/asset/types/events.pb.go:152.4,152.18 1 0
github.com/comdex-official/comdex/x/asset/types/events.pb.go:155.4,158.16 4 0
github.com/comdex-official/comdex/x/asset/types/events.pb.go:149.19,151.5 1 0
github.com/comdex-official/comdex/x/asset/types/events.pb.go:152.18,154.5 1 0
github.com/comdex-official/comdex/x/asset/types/events.pb.go:158.16,159.10 1 0
github.com/comdex-official/comdex/x/asset/types/events.pb.go:164.20,166.4 1 0
github.com/comdex-official/comdex/x/asset/types/events.pb.go:167.20,169.4 1 0
github.com/comdex-official/comdex/x/asset/types/events.pb.go:171.10,172.21 1 0
github.com/comdex-official/comdex/x/asset/types/events.pb.go:175.4,176.39 2 0
github.com/comdex-official/comdex/x/asset/types/events.pb.go:190.11,193.18 3 0
github.com/comdex-official/comdex/x/asset/types/events.pb.go:196.4,196.42 1 0
github.com/comdex-official/comdex/x/asset/types/events.pb.go:199.4,199.28 1 0
github.com/comdex-official/comdex/x/asset/types/events.pb.go:202.4,202.19 1 0
github.com/comdex-official/comdex/x/asset/types/events.pb.go:172.21,174.5 1 0
github.com/comdex-official/comdex/x/asset/types/events.pb.go:176.39,177.20 1 0
github.com/comdex-official/comdex/x/asset/types/events.pb.go:180.5,180.19 1 0
github.com/comdex-official/comdex/x/asset/types/events.pb.go:183.5,186.17 4 0
github.com/comdex-official/comdex/x/asset/types/events.pb.go:177.20,179.6 1 0
github.com/comdex-official/comdex/x/asset/types/events.pb.go:180.19,182.6 1 0
github.com/comdex-official/comdex/x/asset/types/events.pb.go:186.17,187.11 1 0
github.com/comdex-official/comdex/x/asset/types/events.pb.go:193.18,195.5 1 0
github.com/comdex-official/comdex/x/asset/types/events.pb.go:196.42,198.5 1 0
github.com/comdex-official/comdex/x/asset/types/events.pb.go:199.28,201.5 1 0
github.com/comdex-official/comdex/x/asset/types/events.pb.go:206.15,208.3 1 0
github.com/comdex-official/comdex/x/asset/types/events.pb.go:211.49,215.16 4 0
github.com/comdex-official/comdex/x/asset/types/events.pb.go:287.2,287.31 1 0
github.com/comdex-official/comdex/x/asset/types/events.pb.go:215.16,217.38 2 0
github.com/comdex-official/comdex/x/asset/types/events.pb.go:231.3,232.19 2 0
github.com/comdex-official/comdex/x/asset/types/events.pb.go:280.3,280.16 1 0
github.com/comdex-official/comdex/x/asset/types/events.pb.go:283.3,283.17 1 0
github.com/comdex-official/comdex/x/asset/types/events.pb.go:217.38,218.19 1 0
github.com/comdex-official/comdex/x/asset/types/events.pb.go:221.4,221.18 1 0
github.com/comdex-official/comdex/x/asset/types/events.pb.go:224.4,227.16 4 0
github.com/comdex-official/comdex/x/asset/types/events.pb.go:218.19,220.5 1 0
github.com/comdex-official/comdex/x/asset/types/events.pb.go:221.18,223.5 1 0
github.com/comdex-official/comdex/x/asset/types/events.pb.go:227.16,228.10 1 0
github.com/comdex-official/comdex/x/asset/types/events.pb.go:233.10,234.39 1 0
github.com/comdex-official/comdex/x/asset/types/events.pb.go:246.10,247.14 1 0
github.com/comdex-official/comdex/x/asset/types/events.pb.go:248.10,250.39 2 0
github.com/comdex-official/comdex/x/asset/types/events.pb.go:264.4,264.18 1 0
github.com/comdex-official/comdex/x/asset/types/events.pb.go:267.4,267.19 1 0
github.com/comdex-official/comdex/x/asset/types/events.pb.go:268.10,269.11 1 0
github.com/comdex-official/comdex/x/asset/types/events.pb.go:270.10,271.18 1 0
github.com/comdex-official/comdex/x/asset/types/events.pb.go:274.4,274.11 1 0
github.com/comdex-official/comdex/x/asset/types/events.pb.go:275.10,276.14 1 0
github.com/comdex-official/comdex/x/asset/types/events.pb.go:277.11,278.64 1 0
github.com/comdex-official/comdex/x/asset/types/events.pb.go:234.39,235.20 1 0
github.com/comdex-official/comdex/x/asset/types/events.pb.go:238.5,238.19 1 0
github.com/comdex-official/comdex/x/asset/types/events.pb.go:241.5,242.29 2 0
github.com/comdex-official/comdex/x/asset/types/events.pb.go:235.20,237.6 1 0
github.com/comdex-official/comdex/x/asset/types/events.pb.go:238.19,240.6 1 0
github.com/comdex-official/comdex/x/asset/types/events.pb.go:242.29,243.11 1 0
github.com/comdex-official/comdex/x/asset/types/events.pb.go:250.39,251.20 1 0
github.com/comdex-official/comdex/x/asset/types/events.pb.go:254.5,254.19 1 0
github.com/comdex-official/comdex/x/asset/types/events.pb.go:257.5,260.17 4 0
github.com/comdex-official/comdex/x/asset/types/events.pb.go:251.20,253.6 1 0
github.com/comdex-official/comdex/x/asset/types/events.pb.go:254.19,256.6 1 0
github.com/comdex-official/comdex/x/asset/types/events.pb.go:260.17,261.11 1 0
github.com/comdex-official/comdex/x/asset/types/events.pb.go:264.18,266.5 1 0
github.com/comdex-official/comdex/x/asset/types/events.pb.go:271.18,273.5 1 0
github.com/comdex-official/comdex/x/asset/types/events.pb.go:280.16,282.4 1 0
github.com/comdex-official/comdex/x/asset/types/events.pb.go:283.17,285.4 1 0
github.com/comdex-official/comdex/x/asset/types/gov.go:15.13,18.2 2 1
github.com/comdex-official/comdex/x/asset/types/gov.go:24.55,24.73 1 0
github.com/comdex-official/comdex/x/asset/types/gov.go:25.55,25.79 1 0
github.com/comdex-official/comdex/x/asset/types/gov.go:26.55,26.75 1 0
github.com/comdex-official/comdex/x/asset/types/gov.go:27.55,27.89 1 0
github.com/comdex-official/comdex/x/asset/types/gov.go:29.53,30.53 1 0
github.com/comdex-official/comdex/x/asset/types/gov.go:33.2,33.21 1 0
github.com/comdex-official/comdex/x/asset/types/gov.go:36.2,36.63 1 0
github.com/comdex-official/comdex/x/asset/types/gov.go:40.2,40.12 1 0
github.com/comdex-official/comdex/x/asset/types/gov.go:30.53,32.3 1 0
github.com/comdex-official/comdex/x/asset/types/gov.go:33.21,35.3 1 0
github.com/comdex-official/comdex/x/asset/types/gov.go:36.63,38.3 1 0
github.com/comdex-official/comdex/x/asset/types/querier.pb.gw.go:40.214,44.40 3 0
github.com/comdex-official/comdex/x/asset/types/querier.pb.gw.go:47.2,47.112 1 0
github.com/comdex-official/comdex/x/asset/types/querier.pb.gw.go:51.2,52.27 2 0
github.com/comdex-official/comdex/x/asset/types/querier.pb.gw.go:44.40,46.3 1 0
github.com/comdex-official/comdex/x/asset/types/querier.pb.gw.go:47.112,49.3 1 0
github.com/comdex-official/comdex/x/asset/types/querier.pb.gw.go:56.220,60.40 3 0
github.com/comdex-official/comdex/x/asset/types/querier.pb.gw.go:63.2,63.112 1 0
github.com/comdex-official/comdex/x/asset/types/querier.pb.gw.go:67.2,68.27 2 0
github.com/comdex-official/comdex/x/asset/types/querier.pb.gw.go:60.40,62.3 1 0
github.com/comdex-official/comdex/x/asset/types/querier.pb.gw.go:63.112,65.3 1 0
github.com/comdex-official/comdex/x/asset/types/querier.pb.gw.go:72.213,84.9 5 0
github.com/comdex-official/comdex/x/asset/types/querier.pb.gw.go:88.2,90.16 2 0
github.com/comdex-official/comdex/x/asset/types/querier.pb.gw.go:94.2,95.27 2 0
github.com/comdex-official/comdex/x/asset/types/querier.pb.gw.go:84.9,86.3 1 0
github.com/comdex-official/comdex/x/asset/types/querier.pb.gw.go:90.16,92.3 1 0
github.com/comdex-official/comdex/x/asset/types/querier.pb.gw.go:99.219,111.9 5 0
github.com/comdex-official/comdex/x/asset/types/querier.pb.gw.go:115.2,117.16 2 0
github.com/comdex-official/comdex/x/asset/types/querier.pb.gw.go:121.2,122.27 2 0
github.com/comdex-official/comdex/x/asset/types/querier.pb.gw.go:111.9,113.3 1 0
github.com/comdex-official/comdex/x/asset/types/querier.pb.gw.go:117.16,119.3 1 0
github.com/comdex-official/comdex/x/asset/types/querier.pb.gw.go:130.215,134.40 3 0
github.com/comdex-official/comdex/x/asset/types/querier.pb.gw.go:137.2,137.113 1 0
github.com/comdex-official/comdex/x/asset/types/querier.pb.gw.go:141.2,142.27 2 0
github.com/comdex-official/comdex/x/asset/types/querier.pb.gw.go:134.40,136.3 1 0
github.com/comdex-official/comdex/x/asset/types/querier.pb.gw.go:137.113,139.3 1 0
github.com/comdex-official/comdex/x/asset/types/querier.pb.gw.go:146.221,150.40 3 0
github.com/comdex-official/comdex/x/asset/types/querier.pb.gw.go:153.2,153.113 1 0
github.com/comdex-official/comdex/x/asset/types/querier.pb.gw.go:157.2,158.27 2 0
github.com/comdex-official/comdex/x/asset/types/querier.pb.gw.go:150.40,152.3 1 0
github.com/comdex-official/comdex/x/asset/types/querier.pb.gw.go:153.113,155.3 1 0
github.com/comdex-official/comdex/x/asset/types/querier.pb.gw.go:162.214,174.9 5 0
github.com/comdex-official/comdex/x/asset/types/querier.pb.gw.go:178.2,180.16 2 0
github.com/comdex-official/comdex/x/asset/types/querier.pb.gw.go:184.2,185.27 2 0
github.com/comdex-official/comdex/x/asset/types/querier.pb.gw.go:174.9,176.3 1 0
github.com/comdex-official/comdex/x/asset/types/querier.pb.gw.go:180.16,182.3 1 0
github.com/comdex-official/comdex/x/asset/types/querier.pb.gw.go:189.220,201.9 5 0
github.com/comdex-official/comdex/x/asset/types/querier.pb.gw.go:205.2,207.16 2 0
github.com/comdex-official/comdex/x/asset/types/querier.pb.gw.go:211.2,212.27 2 0
github.com/comdex-official/comdex/x/asset/types/querier.pb.gw.go:201.9,203.3 1 0
github.com/comdex-official/comdex/x/asset/types/querier.pb.gw.go:207.16,209.3 1 0
github.com/comdex-official/comdex/x/asset/types/querier.pb.gw.go:220.213,224.40 3 0
github.com/comdex-official/comdex/x/asset/types/querier.pb.gw.go:227.2,227.111 1 0
github.com/comdex-official/comdex/x/asset/types/querier.pb.gw.go:231.2,232.27 2 0
github.com/comdex-official/comdex/x/asset/types/querier.pb.gw.go:224.40,226.3 1 0
github.com/comdex-official/comdex/x/asset/types/querier.pb.gw.go:227.111,229.3 1 0
github.com/comdex-official/comdex/x/asset/types/querier.pb.gw.go:236.219,240.40 3 0
github.com/comdex-official/comdex/x/asset/types/querier.pb.gw.go:243.2,243.111 1 0
github.com/comdex-official/comdex/x/asset/types/querier.pb.gw.go:247.2,248.27 2 0
github.com/comdex-official/comdex/x/asset/types/querier.pb.gw.go:240.40,242.3 1 0
github.com/comdex-official/comdex/x/asset/types/querier.pb.gw.go:243.111,245.3 1 0
github.com/comdex-official/comdex/x/asset/types/querier.pb.gw.go:252.212,264.9 5 0
github.com/comdex-official/comdex/x/asset/types/querier.pb.gw.go:268.2,270.16 2 0
github.com/comdex-official/comdex/x/asset/types/querier.pb.gw.go:274.2,275.27 2 0
github.com/comdex-official/comdex/x/asset/types/querier.pb.gw.go:264.9,266.3 1 0
github.com/comdex-official/comdex/x/asset/types/querier.pb.gw.go:270.16,272.3 1 0
github.com/comdex-official/comdex/x/asset/types/querier.pb.gw.go:279.218,291.9 5 0
github.com/comdex-official/comdex/x/asset/types/querier.pb.gw.go:295.2,297.16 2 0
github.com/comdex-official/comdex/x/asset/types/querier.pb.gw.go:301.2,302.27 2 0
github.com/comdex-official/comdex/x/asset/types/querier.pb.gw.go:291.9,293.3 1 0
github.com/comdex-official/comdex/x/asset/types/querier.pb.gw.go:297.16,299.3 1 0
github.com/comdex-official/comdex/x/asset/types/querier.pb.gw.go:306.214,313.2 4 0
github.com/comdex-official/comdex/x/asset/types/querier.pb.gw.go:315.220,322.2 4 0
github.com/comdex-official/comdex/x/asset/types/querier.pb.gw.go:328.117,330.133 1 0
github.com/comdex-official/comdex/x/asset/types/querier.pb.gw.go:353.2,353.132 1 0
github.com/comdex-official/comdex/x/asset/types/querier.pb.gw.go:376.2,376.134 1 0
github.com/comdex-official/comdex/x/asset/types/querier.pb.gw.go:399.2,399.133 1 0
github.com/comdex-official/comdex/x/asset/types/querier.pb.gw.go:422.2,422.132 1 0
github.com/comdex-official/comdex/x/asset/types/querier.pb.gw.go:445.2,445.131 1 0
github.com/comdex-official/comdex/x/asset/types/querier.pb.gw.go:468.2,468.133 1 0
github.com/comdex-official/comdex/x/asset/types/querier.pb.gw.go:491.2,491.12 1 0
github.com/comdex-official/comdex/x/asset/types/querier.pb.gw.go:330.133,337.17 7 0
github.com/comdex-official/comdex/x/asset/types/querier.pb.gw.go:341.3,344.17 4 0
github.com/comdex-official/comdex/x/asset/types/querier.pb.gw.go:349.3,349.116 1 0
github.com/comdex-official/comdex/x/asset/types/querier.pb.gw.go:337.17,340.4 2 0
github.com/comdex-official/comdex/x/asset/types/querier.pb.gw.go:344.17,347.4 2 0
github.com/comdex-official/comdex/x/asset/types/querier.pb.gw.go:353.132,360.17 7 0
github.com/comdex-official/comdex/x/asset/types/querier.pb.gw.go:364.3,367.17 4 0
github.com/comdex-official/comdex/x/asset/types/querier.pb.gw.go:372.3,372.115 1 0
github.com/comdex-official/comdex/x/asset/types/querier.pb.gw.go:360.17,363.4 2 0
github.com/comdex-official/comdex/x/asset/types/querier.pb.gw.go:367.17,370.4 2 0
github.com/comdex-official/comdex/x/asset/types/querier.pb.gw.go:376.134,383.17 7 0
github.com/comdex-official/comdex/x/asset/types/querier.pb.gw.go:387.3,390.17 4 0
github.com/comdex-official/comdex/x/asset/types/querier.pb.gw.go:395.3,395.117 1 0
github.com/comdex-official/comdex/x/asset/types/querier.pb.gw.go:383.17,386.4 2 0
github.com/comdex-official/comdex/x/asset/types/querier.pb.gw.go:390.17,393.4 2 0
github.com/comdex-official/comdex/x/asset/types/querier.pb.gw.go:399.133,406.17 7 0
github.com/comdex-official/comdex/x/asset/types/querier.pb.gw.go:410.3,413.17 4 0
github.com/comdex-official/comdex/x/asset/types/querier.pb.gw.go:418.3,418.116 1 0
github.com/comdex-official/comdex/x/asset/types/querier.pb.gw.go:406.17,409.4 2 0
github.com/comdex-official/comdex/x/asset/types/querier.pb.gw.go:413.17,416.4 2 0
github.com/comdex-official/comdex/x/asset/types/querier.pb.gw.go:422.132,429.17 7 0
github.com/comdex-official/comdex/x/asset/types/querier.pb.gw.go:433.3,436.17 4 0
github.com/comdex-official/comdex/x/asset/types/querier.pb.gw.go:441.3,441.115 1 0
github.com/comdex-official/comdex/x/asset/types/querier.pb.gw.go:429.17,432.4 2 0
github.com/comdex-official/comdex/x/asset/types/querier.pb.gw.go:436.17,439.4 2 0
github.com/comdex-official/comdex/x/asset/types/querier.pb.gw.go:445.131,452.17 7 0
github.com/comdex-official/comdex/x/asset/types/querier.pb.gw.go:456.3,459.17 4 0
github.com/comdex-official/comdex/x/asset/types/querier.pb.gw.go:464.3,464.114 1 0
github.com/comdex-official/comdex/x/asset/types/querier.pb.gw.go:452.17,455.4 2 0
github.com/comdex-official/comdex/x/asset/types/querier.pb.gw.go:459.17,462.4 2 0
github.com/comdex-official/comdex/x/asset/types/querier.pb.gw.go:468.133,475.17 7 0
github.com/comdex-official/comdex/x/asset/types/querier.pb.gw.go:479.3,482.17 4 0
github.com/comdex-official/comdex/x/asset/types/querier.pb.gw.go:487.3,487.116 1 0
github.com/comdex-official/comdex/x/asset/types/querier.pb.gw.go:475.17,478.4 2 0
github.com/comdex-official/comdex/x/asset/types/querier.pb.gw.go:482.17,485.4 2 0
github.com/comdex-official/comdex/x/asset/types/querier.pb.gw.go:496.143,498.16 2 0
github.com/comdex-official/comdex/x/asset/types/querier.pb.gw.go:501.2,501.15 1 0
github.com/comdex-official/comdex/x/asset/types/querier.pb.gw.go:516.2,516.52 1 0
github.com/comdex-official/comdex/x/asset/types/querier.pb.gw.go:498.16,500.3 1 0
github.com/comdex-official/comdex/x/asset/types/querier.pb.gw.go:501.15,502.17 1 0
github.com/comdex-official/comdex/x/asset/types/querier.pb.gw.go:508.3,508.13 1 0
github.com/comdex-official/comdex/x/asset/types/querier.pb.gw.go:502.17,503.41 1 0
github.com/comdex-official/comdex/x/asset/types/querier.pb.gw.go:506.4,506.10 1 0
github.com/comdex-official/comdex/x/asset/types/querier.pb.gw.go:503.41,505.5 1 0
github.com/comdex-official/comdex/x/asset/types/querier.pb.gw.go:508.13,510.41 2 0
github.com/comdex-official/comdex/x/asset/types/querier.pb.gw.go:510.41,512.5 1 0
github.com/comdex-official/comdex/x/asset/types/querier.pb.gw.go:521.107,523.2 1 0
github.com/comdex-official/comdex/x/asset/types/querier.pb.gw.go:530.117,532.133 1 0
github.com/comdex-official/comdex/x/asset/types/querier.pb.gw.go:552.2,552.132 1 0
github.com/comdex-official/comdex/x/asset/types/querier.pb.gw.go:572.2,572.134 1 0
github.com/comdex-official/comdex/x/asset/types/querier.pb.gw.go:592.2,592.133 1 0
github.com/comdex-official/comdex/x/asset/types/querier.pb.gw.go:612.2,612.132 1 0
github.com/comdex-official/comdex/x/asset/types/querier.pb.gw.go:632.2,632.131 1 0
github.com/comdex-official/comdex/x/asset/types/querier.pb.gw.go:652.2,652.133 1 0
github.com/comdex-official/comdex/x/asset/types/querier.pb.gw.go:672.2,672.12 1 0
github.com/comdex-official/comdex/x/asset/types/querier.pb.gw.go:532.133,537.17 5 0
github.com/comdex-official/comdex/x/asset/types/querier.pb.gw.go:541.3,543.17 3 0
github.com/comdex-official/comdex/x/asset/types/querier.pb.gw.go:548.3,548.116 1 0
github.com/comdex-official/comdex/x/asset/types/querier.pb.gw.go:537.17,540.4 2 0
github.com/comdex-official/comdex/x/asset/types/querier.pb.gw.go:543.17,546.4 2 0
github.com/comdex-official/comdex/x/asset/types/querier.pb.gw.go:552.132,557.17 5 0
github.com/comdex-official/comdex/x/asset/types/querier.pb.gw.go:561.3,563.17 3 0
github.com/comdex-official/comdex/x/asset/types/querier.pb.gw.go:568.3,568.115 1 0
github.com/comdex-official/comdex/x/asset/types/querier.pb.gw.go:557.17,560.4 2 0
github.com/comdex-official/comdex/x/asset/types/querier.pb.gw.go:563.17,566.4 2 0
github.com/comdex-official/comdex/x/asset/types/querier.pb.gw.go:572.134,577.17 5 0
github.com/comdex-official/comdex/x/asset/types/querier.pb.gw.go:581.3,583.17 3 0
github.com/comdex-official/comdex/x/asset/types/querier.pb.gw.go:588.3,588.117 1 0
github.com/comdex-official/comdex/x/asset/types/querier.pb.gw.go:577.17,580.4 2 0
github.com/comdex-official/comdex/x/asset/types/querier.pb.gw.go:583.17,586.4 2 0
github.com/comdex-official/comdex/x/asset/types/querier.pb.gw.go:592.133,597.17 5 0
github.com/comdex-official/comdex/x/asset/types/querier.pb.gw.go:601.3,603.17 3 0
github.com/comdex-official/comdex/x/asset/types/querier.pb.gw.go:608.3,608.116 1 0
github.com/comdex-official/comdex/x/asset/types/querier.pb.gw.go:597.17,600.4 2 0
github.com/comdex-official/comdex/x/asset/types/querier.pb.gw.go:603.17,606.4 2 0
github.com/comdex-official/comdex/x/asset/types/querier.pb.gw.go:612.132,617.17 5 0
github.com/comdex-official/comdex/x/asset/types/querier.pb.gw.go:621.3,623.17 3 0
github.com/comdex-official/comdex/x/asset/types/querier.pb.gw.go:628.3,628.115 1 0
github.com/comdex-official/comdex/x/asset/types/querier.pb.gw.go:617.17,620.4 2 0
github.com/comdex-official/comdex/x/asset/types/querier.pb.gw.go:623.17,626.4 2 0
github.com/comdex-official/comdex/x/asset/types/querier.pb.gw.go:632.131,637.17 5 0
github.com/comdex-official/comdex/x/asset/types/querier.pb.gw.go:641.3,643.17 3 0
github.com/comdex-official/comdex/x/asset/types/querier.pb.gw.go:648.3,648.114 1 0
github.com/comdex-official/comdex/x/asset/types/querier.pb.gw.go:637.17,640.4 2 0
github.com/comdex-official/comdex/x/asset/types/querier.pb.gw.go:643.17,646.4 2 0
github.com/comdex-official/comdex/x/asset/types/querier.pb.gw.go:652.133,657.17 5 0
github.com/comdex-official/comdex/x/asset/types/querier.pb.gw.go:661.3,663.17 3 0
github.com/comdex-official/comdex/x/asset/types/querier.pb.gw.go:668.3,668.116 1 0
github.com/comdex-official/comdex/x/asset/types/querier.pb.gw.go:657.17,660.4 2 0
github.com/comdex-official/comdex/x/asset/types/querier.pb.gw.go:663.17,666.4 2 0
