mode: set
github.com/comdex-official/comdex/x/cdp/keeper/msg_server.go:15.61,17.2 1 1
github.com/comdex-official/comdex/x/cdp/keeper/msg_server.go:21.128,25.16 3 0
github.com/comdex-official/comdex/x/cdp/keeper/msg_server.go:29.2,30.16 2 0
github.com/comdex-official/comdex/x/cdp/keeper/msg_server.go:34.2,40.43 2 0
github.com/comdex-official/comdex/x/cdp/keeper/msg_server.go:25.16,27.3 1 0
github.com/comdex-official/comdex/x/cdp/keeper/msg_server.go:30.16,32.3 1 0
github.com/comdex-official/comdex/x/cdp/keeper/msg_server.go:43.152,47.16 3 0
github.com/comdex-official/comdex/x/cdp/keeper/msg_server.go:51.2,52.16 2 0
github.com/comdex-official/comdex/x/cdp/keeper/msg_server.go:56.2,64.51 2 0
github.com/comdex-official/comdex/x/cdp/keeper/msg_server.go:47.16,49.3 1 0
github.com/comdex-official/comdex/x/cdp/keeper/msg_server.go:52.16,54.3 1 0
github.com/comdex-official/comdex/x/cdp/keeper/msg_server.go:67.155,70.16 3 0
github.com/comdex-official/comdex/x/cdp/keeper/msg_server.go:74.2,75.16 2 0
github.com/comdex-official/comdex/x/cdp/keeper/msg_server.go:79.2,87.52 2 0
github.com/comdex-official/comdex/x/cdp/keeper/msg_server.go:70.16,72.3 1 0
github.com/comdex-official/comdex/x/cdp/keeper/msg_server.go:75.16,77.3 1 0
github.com/comdex-official/comdex/x/cdp/keeper/msg_server.go:90.125,93.16 3 0
github.com/comdex-official/comdex/x/cdp/keeper/msg_server.go:97.2,98.16 2 0
github.com/comdex-official/comdex/x/cdp/keeper/msg_server.go:102.2,110.42 2 0
github.com/comdex-official/comdex/x/cdp/keeper/msg_server.go:93.16,95.3 1 0
github.com/comdex-official/comdex/x/cdp/keeper/msg_server.go:98.16,100.3 1 0
github.com/comdex-official/comdex/x/cdp/keeper/msg_server.go:113.128,116.16 3 0
github.com/comdex-official/comdex/x/cdp/keeper/msg_server.go:120.2,121.16 2 0
github.com/comdex-official/comdex/x/cdp/keeper/msg_server.go:125.2,133.43 2 0
github.com/comdex-official/comdex/x/cdp/keeper/msg_server.go:116.16,118.3 1 0
github.com/comdex-official/comdex/x/cdp/keeper/msg_server.go:121.16,123.3 1 0
github.com/comdex-official/comdex/x/cdp/keeper/msg_server.go:136.137,139.16 3 0
github.com/comdex-official/comdex/x/cdp/keeper/msg_server.go:143.2,144.16 2 0
github.com/comdex-official/comdex/x/cdp/keeper/msg_server.go:148.2,155.46 2 0
github.com/comdex-official/comdex/x/cdp/keeper/msg_server.go:139.16,141.3 1 0
github.com/comdex-official/comdex/x/cdp/keeper/msg_server.go:144.16,146.3 1 0
github.com/comdex-official/comdex/x/cdp/keeper/params.go:9.66,12.2 2 0
github.com/comdex-official/comdex/x/cdp/keeper/params.go:14.65,16.2 1 0
github.com/comdex-official/comdex/x/cdp/keeper/params.go:18.94,20.12 2 0
github.com/comdex-official/comdex/x/cdp/keeper/params.go:23.2,23.46 1 0
github.com/comdex-official/comdex/x/cdp/keeper/params.go:20.12,22.3 1 0
github.com/comdex-official/comdex/x/cdp/keeper/params.go:26.106,28.58 2 0
github.com/comdex-official/comdex/x/cdp/keeper/params.go:33.2,33.39 1 0
github.com/comdex-official/comdex/x/cdp/keeper/params.go:28.58,29.45 1 0
github.com/comdex-official/comdex/x/cdp/keeper/params.go:29.45,31.4 1 0
github.com/comdex-official/comdex/x/cdp/keeper/cdp.go:11.128,13.16 2 0
github.com/comdex-official/comdex/x/cdp/keeper/cdp.go:17.2,18.16 2 0
github.com/comdex-official/comdex/x/cdp/keeper/cdp.go:22.2,23.16 2 0
github.com/comdex-official/comdex/x/cdp/keeper/cdp.go:27.2,32.16 4 0
github.com/comdex-official/comdex/x/cdp/keeper/cdp.go:36.2,37.16 2 0
github.com/comdex-official/comdex/x/cdp/keeper/cdp.go:41.2,42.16 2 0
github.com/comdex-official/comdex/x/cdp/keeper/cdp.go:46.2,50.12 4 0
github.com/comdex-official/comdex/x/cdp/keeper/cdp.go:13.16,15.3 1 0
github.com/comdex-official/comdex/x/cdp/keeper/cdp.go:18.16,20.3 1 0
github.com/comdex-official/comdex/x/cdp/keeper/cdp.go:23.16,25.3 1 0
github.com/comdex-official/comdex/x/cdp/keeper/cdp.go:32.16,34.3 1 0
github.com/comdex-official/comdex/x/cdp/keeper/cdp.go:37.16,39.3 1 0
github.com/comdex-official/comdex/x/cdp/keeper/cdp.go:42.16,44.3 1 0
github.com/comdex-official/comdex/x/cdp/keeper/cdp.go:53.124,55.12 2 1
github.com/comdex-official/comdex/x/cdp/keeper/cdp.go:59.2,59.46 1 0
github.com/comdex-official/comdex/x/cdp/keeper/cdp.go:63.2,64.16 2 0
github.com/comdex-official/comdex/x/cdp/keeper/cdp.go:68.2,71.12 3 0
github.com/comdex-official/comdex/x/cdp/keeper/cdp.go:55.12,57.3 1 1
github.com/comdex-official/comdex/x/cdp/keeper/cdp.go:59.46,61.3 1 0
github.com/comdex-official/comdex/x/cdp/keeper/cdp.go:64.16,66.3 1 0
github.com/comdex-official/comdex/x/cdp/keeper/cdp.go:74.125,76.12 2 1
github.com/comdex-official/comdex/x/cdp/keeper/cdp.go:80.2,80.46 1 0
github.com/comdex-official/comdex/x/cdp/keeper/cdp.go:84.2,84.49 1 0
github.com/comdex-official/comdex/x/cdp/keeper/cdp.go:88.2,89.16 2 0
github.com/comdex-official/comdex/x/cdp/keeper/cdp.go:92.2,93.16 2 0
github.com/comdex-official/comdex/x/cdp/keeper/cdp.go:97.2,97.49 1 0
github.com/comdex-official/comdex/x/cdp/keeper/cdp.go:101.2,102.16 2 0
github.com/comdex-official/comdex/x/cdp/keeper/cdp.go:106.2,109.12 3 0
github.com/comdex-official/comdex/x/cdp/keeper/cdp.go:76.12,78.3 1 1
github.com/comdex-official/comdex/x/cdp/keeper/cdp.go:80.46,82.3 1 0
github.com/comdex-official/comdex/x/cdp/keeper/cdp.go:84.49,86.3 1 0
github.com/comdex-official/comdex/x/cdp/keeper/cdp.go:89.16,91.3 1 0
github.com/comdex-official/comdex/x/cdp/keeper/cdp.go:93.16,95.3 1 0
github.com/comdex-official/comdex/x/cdp/keeper/cdp.go:97.49,99.3 1 0
github.com/comdex-official/comdex/x/cdp/keeper/cdp.go:102.16,104.3 1 0
github.com/comdex-official/comdex/x/cdp/keeper/cdp.go:113.109,115.12 2 1
github.com/comdex-official/comdex/x/cdp/keeper/cdp.go:119.2,119.34 1 0
github.com/comdex-official/comdex/x/cdp/keeper/cdp.go:123.2,124.16 2 0
github.com/comdex-official/comdex/x/cdp/keeper/cdp.go:128.2,129.16 2 0
github.com/comdex-official/comdex/x/cdp/keeper/cdp.go:132.2,133.16 2 0
github.com/comdex-official/comdex/x/cdp/keeper/cdp.go:137.2,140.12 3 0
github.com/comdex-official/comdex/x/cdp/keeper/cdp.go:115.12,117.3 1 1
github.com/comdex-official/comdex/x/cdp/keeper/cdp.go:119.34,121.3 1 0
github.com/comdex-official/comdex/x/cdp/keeper/cdp.go:124.16,126.3 1 0
github.com/comdex-official/comdex/x/cdp/keeper/cdp.go:129.16,131.3 1 0
github.com/comdex-official/comdex/x/cdp/keeper/cdp.go:133.16,135.3 1 0
github.com/comdex-official/comdex/x/cdp/keeper/cdp.go:143.110,145.12 2 1
github.com/comdex-official/comdex/x/cdp/keeper/cdp.go:149.2,149.34 1 0
github.com/comdex-official/comdex/x/cdp/keeper/cdp.go:153.2,153.37 1 0
github.com/comdex-official/comdex/x/cdp/keeper/cdp.go:157.2,158.16 2 0
github.com/comdex-official/comdex/x/cdp/keeper/cdp.go:162.2,163.16 2 0
github.com/comdex-official/comdex/x/cdp/keeper/cdp.go:167.2,169.23 2 0
github.com/comdex-official/comdex/x/cdp/keeper/cdp.go:181.2,183.12 2 0
github.com/comdex-official/comdex/x/cdp/keeper/cdp.go:145.12,147.3 1 1
github.com/comdex-official/comdex/x/cdp/keeper/cdp.go:149.34,151.3 1 0
github.com/comdex-official/comdex/x/cdp/keeper/cdp.go:153.37,155.3 1 0
github.com/comdex-official/comdex/x/cdp/keeper/cdp.go:158.16,160.3 1 0
github.com/comdex-official/comdex/x/cdp/keeper/cdp.go:163.16,165.3 1 0
github.com/comdex-official/comdex/x/cdp/keeper/cdp.go:169.23,171.17 2 0
github.com/comdex-official/comdex/x/cdp/keeper/cdp.go:174.3,175.17 2 0
github.com/comdex-official/comdex/x/cdp/keeper/cdp.go:178.3,178.13 1 0
github.com/comdex-official/comdex/x/cdp/keeper/cdp.go:171.17,173.4 1 0
github.com/comdex-official/comdex/x/cdp/keeper/cdp.go:175.17,177.4 1 0
github.com/comdex-official/comdex/x/cdp/keeper/cdp.go:186.104,188.12 2 1
github.com/comdex-official/comdex/x/cdp/keeper/cdp.go:191.2,192.16 2 0
github.com/comdex-official/comdex/x/cdp/keeper/cdp.go:196.2,197.16 2 0
github.com/comdex-official/comdex/x/cdp/keeper/cdp.go:200.2,201.16 2 0
github.com/comdex-official/comdex/x/cdp/keeper/cdp.go:204.2,205.16 2 0
github.com/comdex-official/comdex/x/cdp/keeper/cdp.go:208.2,208.30 1 0
github.com/comdex-official/comdex/x/cdp/keeper/cdp.go:188.12,190.3 1 1
github.com/comdex-official/comdex/x/cdp/keeper/cdp.go:192.16,194.3 1 0
github.com/comdex-official/comdex/x/cdp/keeper/cdp.go:197.16,199.3 1 0
github.com/comdex-official/comdex/x/cdp/keeper/cdp.go:201.16,203.3 1 0
github.com/comdex-official/comdex/x/cdp/keeper/cdp.go:205.16,207.3 1 0
github.com/comdex-official/comdex/x/cdp/keeper/cdp.go:211.94,213.16 2 1
github.com/comdex-official/comdex/x/cdp/keeper/cdp.go:217.2,218.40 2 0
github.com/comdex-official/comdex/x/cdp/keeper/cdp.go:222.2,222.12 1 0
github.com/comdex-official/comdex/x/cdp/keeper/cdp.go:213.16,215.3 1 1
github.com/comdex-official/comdex/x/cdp/keeper/cdp.go:218.40,220.3 1 0
github.com/comdex-official/comdex/x/cdp/keeper/cdp.go:225.123,227.12 2 0
github.com/comdex-official/comdex/x/cdp/keeper/cdp.go:231.2,231.57 1 0
github.com/comdex-official/comdex/x/cdp/keeper/cdp.go:235.2,235.45 1 0
github.com/comdex-official/comdex/x/cdp/keeper/cdp.go:238.2,238.12 1 0
github.com/comdex-official/comdex/x/cdp/keeper/cdp.go:227.12,229.3 1 0
github.com/comdex-official/comdex/x/cdp/keeper/cdp.go:231.57,233.3 1 0
github.com/comdex-official/comdex/x/cdp/keeper/cdp.go:235.45,237.3 1 0
github.com/comdex-official/comdex/x/cdp/keeper/cdp.go:241.128,243.16 2 0
github.com/comdex-official/comdex/x/cdp/keeper/cdp.go:246.2,247.16 2 0
github.com/comdex-official/comdex/x/cdp/keeper/cdp.go:250.2,250.49 1 0
github.com/comdex-official/comdex/x/cdp/keeper/cdp.go:254.2,254.12 1 0
github.com/comdex-official/comdex/x/cdp/keeper/cdp.go:243.16,245.3 1 0
github.com/comdex-official/comdex/x/cdp/keeper/cdp.go:247.16,249.3 1 0
github.com/comdex-official/comdex/x/cdp/keeper/cdp.go:250.49,252.3 1 0
github.com/comdex-official/comdex/x/cdp/keeper/cdp.go:257.128,259.12 2 1
github.com/comdex-official/comdex/x/cdp/keeper/cdp.go:263.2,263.50 1 0
github.com/comdex-official/comdex/x/cdp/keeper/cdp.go:272.2,272.27 1 0
github.com/comdex-official/comdex/x/cdp/keeper/cdp.go:259.12,261.3 1 1
github.com/comdex-official/comdex/x/cdp/keeper/cdp.go:263.50,264.48 1 0
github.com/comdex-official/comdex/x/cdp/keeper/cdp.go:264.48,266.13 2 0
github.com/comdex-official/comdex/x/cdp/keeper/cdp.go:266.13,268.5 1 0
github.com/comdex-official/comdex/x/cdp/keeper/cdp.go:275.73,278.15 3 1
github.com/comdex-official/comdex/x/cdp/keeper/cdp.go:282.2,284.18 3 1
github.com/comdex-official/comdex/x/cdp/keeper/cdp.go:278.15,280.3 1 1
github.com/comdex-official/comdex/x/cdp/keeper/cdp.go:287.56,292.2 4 1
github.com/comdex-official/comdex/x/cdp/keeper/cdp.go:294.65,298.2 3 1
github.com/comdex-official/comdex/x/cdp/keeper/cdp.go:300.59,304.15 3 1
github.com/comdex-official/comdex/x/cdp/keeper/cdp.go:307.2,308.11 2 0
github.com/comdex-official/comdex/x/cdp/keeper/cdp.go:304.15,306.3 1 1
github.com/comdex-official/comdex/x/cdp/keeper/cdp.go:311.65,316.12 5 0
github.com/comdex-official/comdex/x/cdp/keeper/cdp.go:322.2,323.44 2 0
github.com/comdex-official/comdex/x/cdp/keeper/cdp.go:324.2,325.67 2 0
github.com/comdex-official/comdex/x/cdp/keeper/cdp.go:316.12,320.3 3 0
github.com/comdex-official/comdex/x/cdp/keeper/cdp.go:323.44,323.88 1 0
github.com/comdex-official/comdex/x/cdp/keeper/cdp.go:328.58,331.2 2 0
github.com/comdex-official/comdex/x/cdp/keeper/cdp.go:333.99,336.15 3 1
github.com/comdex-official/comdex/x/cdp/keeper/cdp.go:340.2,342.27 3 0
github.com/comdex-official/comdex/x/cdp/keeper/cdp.go:336.15,338.3 1 1
github.com/comdex-official/comdex/x/cdp/keeper/cdp.go:345.117,347.16 2 0
github.com/comdex-official/comdex/x/cdp/keeper/cdp.go:350.2,351.16 2 0
github.com/comdex-official/comdex/x/cdp/keeper/cdp.go:354.2,354.49 1 0
github.com/comdex-official/comdex/x/cdp/keeper/cdp.go:357.2,357.12 1 0
github.com/comdex-official/comdex/x/cdp/keeper/cdp.go:347.16,349.3 1 0
github.com/comdex-official/comdex/x/cdp/keeper/cdp.go:351.16,353.3 1 0
github.com/comdex-official/comdex/x/cdp/keeper/cdp.go:354.49,356.3 1 0
github.com/comdex-official/comdex/x/cdp/keeper/cdp.go:360.170,368.2 5 0
github.com/comdex-official/comdex/x/cdp/keeper/grpc_query.go:13.116,16.16 3 0
github.com/comdex-official/comdex/x/cdp/keeper/grpc_query.go:19.2,20.12 2 0
github.com/comdex-official/comdex/x/cdp/keeper/grpc_query.go:24.2,24.47 1 0
github.com/comdex-official/comdex/x/cdp/keeper/grpc_query.go:16.16,18.3 1 0
github.com/comdex-official/comdex/x/cdp/keeper/grpc_query.go:20.12,22.3 1 0
github.com/comdex-official/comdex/x/cdp/keeper/grpc_query.go:27.115,30.2 1 0
github.com/comdex-official/comdex/x/cdp/keeper/grpc_query.go:32.124,35.2 1 0
github.com/comdex-official/comdex/x/cdp/keeper/grpc_query.go:37.125,39.20 2 0
github.com/comdex-official/comdex/x/cdp/keeper/grpc_query.go:43.2,45.56 2 0
github.com/comdex-official/comdex/x/cdp/keeper/grpc_query.go:39.20,41.3 1 0
github.com/comdex-official/comdex/x/cdp/keeper/keeper.go:31.11,33.31 1 1
github.com/comdex-official/comdex/x/cdp/keeper/keeper.go:37.2,44.3 1 1
github.com/comdex-official/comdex/x/cdp/keeper/keeper.go:33.31,35.3 1 1
github.com/comdex-official/comdex/x/cdp/keeper/keeper.go:47.52,49.2 1 0
