mode: set
github.com/comdex-official/comdex/app/genesis.go:21.63,23.2 1 0
github.com/comdex-official/comdex/app/prefix.go:14.34,23.2 5 0
github.com/comdex-official/comdex/app/app.go:144.13,146.16 2 1
github.com/comdex-official/comdex/app/app.go:150.2,150.56 1 1
github.com/comdex-official/comdex/app/app.go:146.16,147.13 1 0
github.com/comdex-official/comdex/app/app.go:216.8,559.16 64 0
github.com/comdex-official/comdex/app/app.go:563.2,566.16 3 0
github.com/comdex-official/comdex/app/app.go:583.2,586.12 3 0
github.com/comdex-official/comdex/app/app.go:559.16,560.13 1 0
github.com/comdex-official/comdex/app/app.go:566.16,567.49 1 0
github.com/comdex-official/comdex/app/app.go:578.3,580.30 3 0
github.com/comdex-official/comdex/app/app.go:567.49,569.4 1 0
github.com/comdex-official/comdex/app/app.go:590.29,590.56 1 0
github.com/comdex-official/comdex/app/app.go:593.107,595.2 1 0
github.com/comdex-official/comdex/app/app.go:598.101,600.2 1 0
github.com/comdex-official/comdex/app/app.go:603.104,605.68 2 0
github.com/comdex-official/comdex/app/app.go:608.2,608.44 1 0
github.com/comdex-official/comdex/app/app.go:605.68,606.13 1 0
github.com/comdex-official/comdex/app/app.go:612.46,614.2 1 0
github.com/comdex-official/comdex/app/app.go:617.52,619.50 2 0
github.com/comdex-official/comdex/app/app.go:623.2,623.17 1 0
github.com/comdex-official/comdex/app/app.go:619.50,621.3 1 0
github.com/comdex-official/comdex/app/app.go:630.48,632.2 1 0
github.com/comdex-official/comdex/app/app.go:638.38,640.2 1 0
github.com/comdex-official/comdex/app/app.go:643.64,645.2 1 0
github.com/comdex-official/comdex/app/app.go:650.55,652.2 1 0
github.com/comdex-official/comdex/app/app.go:657.63,659.2 1 0
github.com/comdex-official/comdex/app/app.go:664.62,666.2 1 0
github.com/comdex-official/comdex/app/app.go:671.67,674.2 2 0
github.com/comdex-official/comdex/app/app.go:677.63,679.2 1 0
github.com/comdex-official/comdex/app/app.go:683.79,696.2 7 0
github.com/comdex-official/comdex/app/app.go:699.53,701.2 1 0
github.com/comdex-official/comdex/app/app.go:704.61,706.2 1 0
github.com/comdex-official/comdex/app/app.go:708.63,720.2 1 0
github.com/comdex-official/comdex/app/encoding.go:18.41,32.2 2 0
github.com/comdex-official/comdex/app/encoding.go:34.42,43.2 6 0
github.com/comdex-official/comdex/app/export.go:19.36,27.19 3 0
github.com/comdex-official/comdex/app/export.go:32.2,34.16 3 0
github.com/comdex-official/comdex/app/export.go:38.2,39.16 2 0
github.com/comdex-official/comdex/app/export.go:42.2,47.8 1 0
github.com/comdex-official/comdex/app/export.go:27.19,30.3 2 0
github.com/comdex-official/comdex/app/export.go:34.16,36.3 1 0
github.com/comdex-official/comdex/app/export.go:39.16,41.3 1 0
github.com/comdex-official/comdex/app/export.go:53.84,57.31 2 0
github.com/comdex-official/comdex/app/export.go:61.2,63.40 2 0
github.com/comdex-official/comdex/app/export.go:72.2,77.96 2 0
github.com/comdex-official/comdex/app/export.go:86.2,87.34 2 0
github.com/comdex-official/comdex/app/export.go:95.2,105.96 5 0
github.com/comdex-official/comdex/app/export.go:117.2,117.27 1 0
github.com/comdex-official/comdex/app/export.go:123.2,128.101 2 0
github.com/comdex-official/comdex/app/export.go:137.2,137.115 1 0
github.com/comdex-official/comdex/app/export.go:147.2,151.34 4 0
github.com/comdex-official/comdex/app/export.go:167.2,169.82 2 0
github.com/comdex-official/comdex/app/export.go:176.2,178.83 1 0
github.com/comdex-official/comdex/app/export.go:57.31,59.3 1 0
github.com/comdex-official/comdex/app/export.go:63.40,65.17 2 0
github.com/comdex-official/comdex/app/export.go:68.3,68.31 1 0
github.com/comdex-official/comdex/app/export.go:65.17,67.4 1 0
github.com/comdex-official/comdex/app/export.go:77.96,79.17 2 0
github.com/comdex-official/comdex/app/export.go:82.3,82.15 1 0
github.com/comdex-official/comdex/app/export.go:79.17,80.14 1 0
github.com/comdex-official/comdex/app/export.go:87.34,89.17 2 0
github.com/comdex-official/comdex/app/export.go:89.17,90.14 1 0
github.com/comdex-official/comdex/app/export.go:105.96,114.3 6 0
github.com/comdex-official/comdex/app/export.go:117.27,120.3 2 0
github.com/comdex-official/comdex/app/export.go:128.101,129.30 1 0
github.com/comdex-official/comdex/app/export.go:132.3,133.15 2 0
github.com/comdex-official/comdex/app/export.go:129.30,131.4 1 0
github.com/comdex-official/comdex/app/export.go:137.115,138.30 1 0
github.com/comdex-official/comdex/app/export.go:141.3,142.15 2 0
github.com/comdex-official/comdex/app/export.go:138.30,140.4 1 0
github.com/comdex-official/comdex/app/export.go:151.34,154.13 3 0
github.com/comdex-official/comdex/app/export.go:158.3,159.59 2 0
github.com/comdex-official/comdex/app/export.go:163.3,164.12 2 0
github.com/comdex-official/comdex/app/export.go:154.13,155.42 1 0
github.com/comdex-official/comdex/app/export.go:159.59,161.4 1 0
github.com/comdex-official/comdex/app/export.go:169.82,170.13 1 0
github.com/comdex-official/comdex/app/export.go:178.83,182.4 3 0
