mode: set
github.com/comdex-official/comdex/x/vault/keeper/alias.go:9.78,10.19 1 0
github.com/comdex-official/comdex/x/vault/keeper/alias.go:14.2,14.56 1 0
github.com/comdex-official/comdex/x/vault/keeper/alias.go:10.19,12.3 1 0
github.com/comdex-official/comdex/x/vault/keeper/alias.go:17.78,18.19 1 1
github.com/comdex-official/comdex/x/vault/keeper/alias.go:22.2,22.56 1 1
github.com/comdex-official/comdex/x/vault/keeper/alias.go:18.19,20.3 1 0
github.com/comdex-official/comdex/x/vault/keeper/alias.go:25.121,26.19 1 1
github.com/comdex-official/comdex/x/vault/keeper/alias.go:30.2,30.84 1 1
github.com/comdex-official/comdex/x/vault/keeper/alias.go:26.19,28.3 1 0
github.com/comdex-official/comdex/x/vault/keeper/alias.go:33.121,34.19 1 1
github.com/comdex-official/comdex/x/vault/keeper/alias.go:38.2,38.84 1 1
github.com/comdex-official/comdex/x/vault/keeper/alias.go:34.19,36.3 1 0
github.com/comdex-official/comdex/x/vault/keeper/alias.go:41.84,43.2 1 0
github.com/comdex-official/comdex/x/vault/keeper/alias.go:45.80,47.2 1 1
github.com/comdex-official/comdex/x/vault/keeper/alias.go:49.78,51.2 1 1
github.com/comdex-official/comdex/x/vault/keeper/alias.go:53.78,55.2 1 1
github.com/comdex-official/comdex/x/vault/keeper/keeper.go:22.148,30.2 1 1
github.com/comdex-official/comdex/x/vault/keeper/keeper.go:32.53,34.2 1 0
github.com/comdex-official/comdex/x/vault/keeper/keeper.go:36.53,38.2 1 1
github.com/comdex-official/comdex/x/vault/keeper/msg_server.go:19.64,23.2 1 1
github.com/comdex-official/comdex/x/vault/keeper/msg_server.go:25.113,29.16 3 1
github.com/comdex-official/comdex/x/vault/keeper/msg_server.go:33.2,33.55 1 1
github.com/comdex-official/comdex/x/vault/keeper/msg_server.go:37.2,38.12 2 1
github.com/comdex-official/comdex/x/vault/keeper/msg_server.go:42.2,43.12 2 1
github.com/comdex-official/comdex/x/vault/keeper/msg_server.go:47.2,48.12 2 1
github.com/comdex-official/comdex/x/vault/keeper/msg_server.go:52.2,52.130 1 1
github.com/comdex-official/comdex/x/vault/keeper/msg_server.go:56.2,56.125 1 0
github.com/comdex-official/comdex/x/vault/keeper/msg_server.go:59.2,59.102 1 0
github.com/comdex-official/comdex/x/vault/keeper/msg_server.go:62.2,62.127 1 0
github.com/comdex-official/comdex/x/vault/keeper/msg_server.go:66.2,81.40 5 0
github.com/comdex-official/comdex/x/vault/keeper/msg_server.go:29.16,31.3 1 1
github.com/comdex-official/comdex/x/vault/keeper/msg_server.go:33.55,35.3 1 0
github.com/comdex-official/comdex/x/vault/keeper/msg_server.go:38.12,40.3 1 1
github.com/comdex-official/comdex/x/vault/keeper/msg_server.go:43.12,45.3 1 1
github.com/comdex-official/comdex/x/vault/keeper/msg_server.go:48.12,50.3 1 1
github.com/comdex-official/comdex/x/vault/keeper/msg_server.go:52.130,54.3 1 1
github.com/comdex-official/comdex/x/vault/keeper/msg_server.go:56.125,58.3 1 0
github.com/comdex-official/comdex/x/vault/keeper/msg_server.go:59.102,61.3 1 0
github.com/comdex-official/comdex/x/vault/keeper/msg_server.go:62.127,64.3 1 0
github.com/comdex-official/comdex/x/vault/keeper/msg_server.go:84.116,88.16 3 1
github.com/comdex-official/comdex/x/vault/keeper/msg_server.go:92.2,93.12 2 1
github.com/comdex-official/comdex/x/vault/keeper/msg_server.go:96.2,96.29 1 1
github.com/comdex-official/comdex/x/vault/keeper/msg_server.go:100.2,101.12 2 1
github.com/comdex-official/comdex/x/vault/keeper/msg_server.go:105.2,106.12 2 1
github.com/comdex-official/comdex/x/vault/keeper/msg_server.go:110.2,111.34 2 1
github.com/comdex-official/comdex/x/vault/keeper/msg_server.go:115.2,115.123 1 1
github.com/comdex-official/comdex/x/vault/keeper/msg_server.go:119.2,120.41 2 0
github.com/comdex-official/comdex/x/vault/keeper/msg_server.go:88.16,90.3 1 1
github.com/comdex-official/comdex/x/vault/keeper/msg_server.go:93.12,95.3 1 1
github.com/comdex-official/comdex/x/vault/keeper/msg_server.go:96.29,98.3 1 1
github.com/comdex-official/comdex/x/vault/keeper/msg_server.go:101.12,103.3 1 1
github.com/comdex-official/comdex/x/vault/keeper/msg_server.go:106.12,108.3 1 1
github.com/comdex-official/comdex/x/vault/keeper/msg_server.go:111.34,113.3 1 0
github.com/comdex-official/comdex/x/vault/keeper/msg_server.go:115.123,117.3 1 1
github.com/comdex-official/comdex/x/vault/keeper/msg_server.go:123.119,127.16 3 1
github.com/comdex-official/comdex/x/vault/keeper/msg_server.go:131.2,132.12 2 1
github.com/comdex-official/comdex/x/vault/keeper/msg_server.go:135.2,135.29 1 1
github.com/comdex-official/comdex/x/vault/keeper/msg_server.go:139.2,140.12 2 1
github.com/comdex-official/comdex/x/vault/keeper/msg_server.go:144.2,145.12 2 1
github.com/comdex-official/comdex/x/vault/keeper/msg_server.go:149.2,150.12 2 1
github.com/comdex-official/comdex/x/vault/keeper/msg_server.go:154.2,155.34 2 1
github.com/comdex-official/comdex/x/vault/keeper/msg_server.go:159.2,159.134 1 0
github.com/comdex-official/comdex/x/vault/keeper/msg_server.go:163.2,163.123 1 0
github.com/comdex-official/comdex/x/vault/keeper/msg_server.go:167.2,168.42 2 0
github.com/comdex-official/comdex/x/vault/keeper/msg_server.go:127.16,129.3 1 1
github.com/comdex-official/comdex/x/vault/keeper/msg_server.go:132.12,134.3 1 1
github.com/comdex-official/comdex/x/vault/keeper/msg_server.go:135.29,137.3 1 1
github.com/comdex-official/comdex/x/vault/keeper/msg_server.go:140.12,142.3 1 1
github.com/comdex-official/comdex/x/vault/keeper/msg_server.go:145.12,147.3 1 1
github.com/comdex-official/comdex/x/vault/keeper/msg_server.go:150.12,152.3 1 1
github.com/comdex-official/comdex/x/vault/keeper/msg_server.go:155.34,157.3 1 1
github.com/comdex-official/comdex/x/vault/keeper/msg_server.go:159.134,161.3 1 0
github.com/comdex-official/comdex/x/vault/keeper/msg_server.go:163.123,165.3 1 0
github.com/comdex-official/comdex/x/vault/keeper/msg_server.go:171.107,175.16 3 1
github.com/comdex-official/comdex/x/vault/keeper/msg_server.go:179.2,180.12 2 1
github.com/comdex-official/comdex/x/vault/keeper/msg_server.go:183.2,183.29 1 1
github.com/comdex-official/comdex/x/vault/keeper/msg_server.go:187.2,188.12 2 1
github.com/comdex-official/comdex/x/vault/keeper/msg_server.go:192.2,193.12 2 1
github.com/comdex-official/comdex/x/vault/keeper/msg_server.go:197.2,198.12 2 1
github.com/comdex-official/comdex/x/vault/keeper/msg_server.go:202.2,203.35 2 1
github.com/comdex-official/comdex/x/vault/keeper/msg_server.go:207.2,207.134 1 1
github.com/comdex-official/comdex/x/vault/keeper/msg_server.go:211.2,211.99 1 0
github.com/comdex-official/comdex/x/vault/keeper/msg_server.go:214.2,214.124 1 0
github.com/comdex-official/comdex/x/vault/keeper/msg_server.go:218.2,219.38 2 0
github.com/comdex-official/comdex/x/vault/keeper/msg_server.go:175.16,177.3 1 1
github.com/comdex-official/comdex/x/vault/keeper/msg_server.go:180.12,182.3 1 1
github.com/comdex-official/comdex/x/vault/keeper/msg_server.go:183.29,185.3 1 1
github.com/comdex-official/comdex/x/vault/keeper/msg_server.go:188.12,190.3 1 1
github.com/comdex-official/comdex/x/vault/keeper/msg_server.go:193.12,195.3 1 1
github.com/comdex-official/comdex/x/vault/keeper/msg_server.go:198.12,200.3 1 1
github.com/comdex-official/comdex/x/vault/keeper/msg_server.go:203.35,205.3 1 0
github.com/comdex-official/comdex/x/vault/keeper/msg_server.go:207.134,209.3 1 1
github.com/comdex-official/comdex/x/vault/keeper/msg_server.go:211.99,213.3 1 0
github.com/comdex-official/comdex/x/vault/keeper/msg_server.go:214.124,216.3 1 0
github.com/comdex-official/comdex/x/vault/keeper/msg_server.go:222.110,226.16 3 1
github.com/comdex-official/comdex/x/vault/keeper/msg_server.go:230.2,231.12 2 1
github.com/comdex-official/comdex/x/vault/keeper/msg_server.go:234.2,234.29 1 1
github.com/comdex-official/comdex/x/vault/keeper/msg_server.go:237.2,237.40 1 1
github.com/comdex-official/comdex/x/vault/keeper/msg_server.go:241.2,242.12 2 1
github.com/comdex-official/comdex/x/vault/keeper/msg_server.go:246.2,247.12 2 1
github.com/comdex-official/comdex/x/vault/keeper/msg_server.go:251.2,252.12 2 1
github.com/comdex-official/comdex/x/vault/keeper/msg_server.go:256.2,256.129 1 1
github.com/comdex-official/comdex/x/vault/keeper/msg_server.go:259.2,259.104 1 0
github.com/comdex-official/comdex/x/vault/keeper/msg_server.go:262.2,262.127 1 0
github.com/comdex-official/comdex/x/vault/keeper/msg_server.go:266.2,269.39 3 0
github.com/comdex-official/comdex/x/vault/keeper/msg_server.go:226.16,228.3 1 1
github.com/comdex-official/comdex/x/vault/keeper/msg_server.go:231.12,233.3 1 1
github.com/comdex-official/comdex/x/vault/keeper/msg_server.go:234.29,236.3 1 1
github.com/comdex-official/comdex/x/vault/keeper/msg_server.go:237.40,239.3 1 1
github.com/comdex-official/comdex/x/vault/keeper/msg_server.go:242.12,244.3 1 1
github.com/comdex-official/comdex/x/vault/keeper/msg_server.go:247.12,249.3 1 1
github.com/comdex-official/comdex/x/vault/keeper/msg_server.go:252.12,254.3 1 1
github.com/comdex-official/comdex/x/vault/keeper/msg_server.go:256.129,258.3 1 1
github.com/comdex-official/comdex/x/vault/keeper/msg_server.go:259.104,261.3 1 0
github.com/comdex-official/comdex/x/vault/keeper/msg_server.go:262.127,264.3 1 0
github.com/comdex-official/comdex/x/vault/keeper/msg_server.go:272.110,273.23 1 0
github.com/comdex-official/comdex/x/vault/keeper/query_server.go:23.63,27.2 1 1
github.com/comdex-official/comdex/x/vault/keeper/query_server.go:29.121,30.16 1 1
github.com/comdex-official/comdex/x/vault/keeper/query_server.go:34.2,42.56 2 1
github.com/comdex-official/comdex/x/vault/keeper/query_server.go:85.2,85.16 1 1
github.com/comdex-official/comdex/x/vault/keeper/query_server.go:89.2,92.8 1 1
github.com/comdex-official/comdex/x/vault/keeper/query_server.go:30.16,32.3 1 1
github.com/comdex-official/comdex/x/vault/keeper/query_server.go:42.56,44.56 2 1
github.com/comdex-official/comdex/x/vault/keeper/query_server.go:48.4,49.14 2 1
github.com/comdex-official/comdex/x/vault/keeper/query_server.go:53.4,54.14 2 1
github.com/comdex-official/comdex/x/vault/keeper/query_server.go:58.4,59.14 2 0
github.com/comdex-official/comdex/x/vault/keeper/query_server.go:63.4,64.18 2 0
github.com/comdex-official/comdex/x/vault/keeper/query_server.go:68.4,77.18 2 0
github.com/comdex-official/comdex/x/vault/keeper/query_server.go:81.4,81.20 1 0
github.com/comdex-official/comdex/x/vault/keeper/query_server.go:44.56,46.5 1 0
github.com/comdex-official/comdex/x/vault/keeper/query_server.go:49.14,51.5 1 1
github.com/comdex-official/comdex/x/vault/keeper/query_server.go:54.14,56.5 1 1
github.com/comdex-official/comdex/x/vault/keeper/query_server.go:59.14,61.5 1 0
github.com/comdex-official/comdex/x/vault/keeper/query_server.go:64.18,66.5 1 0
github.com/comdex-official/comdex/x/vault/keeper/query_server.go:77.18,79.5 1 0
github.com/comdex-official/comdex/x/vault/keeper/query_server.go:85.16,87.3 1 1
github.com/comdex-official/comdex/x/vault/keeper/query_server.go:95.118,96.16 1 1
github.com/comdex-official/comdex/x/vault/keeper/query_server.go:100.2,105.12 3 1
github.com/comdex-official/comdex/x/vault/keeper/query_server.go:109.2,110.12 2 1
github.com/comdex-official/comdex/x/vault/keeper/query_server.go:114.2,115.12 2 0
github.com/comdex-official/comdex/x/vault/keeper/query_server.go:119.2,120.12 2 0
github.com/comdex-official/comdex/x/vault/keeper/query_server.go:124.2,125.16 2 0
github.com/comdex-official/comdex/x/vault/keeper/query_server.go:128.2,137.8 1 0
github.com/comdex-official/comdex/x/vault/keeper/query_server.go:96.16,98.3 1 1
github.com/comdex-official/comdex/x/vault/keeper/query_server.go:105.12,107.3 1 1
github.com/comdex-official/comdex/x/vault/keeper/query_server.go:110.12,112.3 1 1
github.com/comdex-official/comdex/x/vault/keeper/query_server.go:115.12,117.3 1 0
github.com/comdex-official/comdex/x/vault/keeper/query_server.go:120.12,122.3 1 0
github.com/comdex-official/comdex/x/vault/keeper/query_server.go:125.16,127.3 1 0
github.com/comdex-official/comdex/x/vault/keeper/vault.go:11.52,23.2 2 1
github.com/comdex-official/comdex/x/vault/keeper/vault.go:25.48,32.18 2 1
github.com/comdex-official/comdex/x/vault/keeper/vault.go:36.2,39.22 3 1
github.com/comdex-official/comdex/x/vault/keeper/vault.go:32.18,34.3 1 0
github.com/comdex-official/comdex/x/vault/keeper/vault.go:42.63,50.2 2 1
github.com/comdex-official/comdex/x/vault/keeper/vault.go:52.87,59.18 2 1
github.com/comdex-official/comdex/x/vault/keeper/vault.go:63.2,64.20 2 1
github.com/comdex-official/comdex/x/vault/keeper/vault.go:59.18,61.3 1 1
github.com/comdex-official/comdex/x/vault/keeper/vault.go:67.58,74.2 2 1
github.com/comdex-official/comdex/x/vault/keeper/vault.go:76.68,84.34 3 1
github.com/comdex-official/comdex/x/vault/keeper/vault.go:90.2,90.15 1 1
github.com/comdex-official/comdex/x/vault/keeper/vault.go:84.34,88.3 3 0
github.com/comdex-official/comdex/x/vault/keeper/vault.go:93.103,105.2 2 1
github.com/comdex-official/comdex/x/vault/keeper/vault.go:107.104,114.2 2 1
github.com/comdex-official/comdex/x/vault/keeper/vault.go:116.102,123.2 2 1
github.com/comdex-official/comdex/x/vault/keeper/vault.go:132.9,135.16 2 1
github.com/comdex-official/comdex/x/vault/keeper/vault.go:139.2,139.48 1 0
github.com/comdex-official/comdex/x/vault/keeper/vault.go:143.2,143.12 1 0
github.com/comdex-official/comdex/x/vault/keeper/vault.go:135.16,137.3 1 1
github.com/comdex-official/comdex/x/vault/keeper/vault.go:139.48,141.3 1 0
github.com/comdex-official/comdex/x/vault/keeper/vault.go:152.20,155.12 2 1
github.com/comdex-official/comdex/x/vault/keeper/vault.go:159.2,160.12 2 0
github.com/comdex-official/comdex/x/vault/keeper/vault.go:164.2,165.22 2 0
github.com/comdex-official/comdex/x/vault/keeper/vault.go:169.2,170.23 2 0
github.com/comdex-official/comdex/x/vault/keeper/vault.go:174.2,174.35 1 0
github.com/comdex-official/comdex/x/vault/keeper/vault.go:155.12,157.3 1 1
github.com/comdex-official/comdex/x/vault/keeper/vault.go:160.12,162.3 1 0
github.com/comdex-official/comdex/x/vault/keeper/vault.go:165.22,167.3 1 0
github.com/comdex-official/comdex/x/vault/keeper/vault.go:170.23,172.3 1 0
